 MPI has been initialized, provided MPI thread support level: MPI_THREAD_MULTIPLE           3
 Running on                            864  PEs
 
 [36m .------. ------. ------.  .-----. ,--.   ,-.  .----.  [0m
 [36m |  .--- ́|  .--- ́/    _ / ´  .-.  `|   `. ́   |\_,-.  | [0m
 [36m |  `--. |  `--. \_..`--. |  | |  ||  |`. ́|  |   . ́ . ́ [0m
 [36m |  .-- ́ |  .-- ́ .-._)   \|  | |  ||  |   |  | . ́  /_  [0m
 [36m |  |    |  `---.\       /`  `- ́   ́|  |   |  ||      | [0m
 [36m `-- ́    `------ ́ `----- ́  `----- ́ `-- ́   `-- ́`------ ́ [0m
                                           _____           
       ___________                     ,-:` \;´,``-,       
      | .-------. |                  .´-;_,;  `:-;_,`.     
      | |       | |                 /;   `/    ,  _`.-\    
      | |       | |                | ´`. (`     /` ` \`|   
      | |__   __| |            ,-C=|:.  `\`-.   \_   / |   
       `---|-|---´          ,-´    |     (   `,  .`\ ;`|   
        [====  O]--,    ,--´        \     | .´     `-´/    
      /:::::::::::\ \_,-             `.   ;/        .´     
     /:::::===:::::\                   ``-._____.-´`       
    ´---------------`                                      
 
 
 FESOM2 git SHA: ec4e797f
 MPI library version: Intel(R) MPI Library 2021.6 for Linux* OS

 [32m____________________________________________________________[0m
 [7;32m --> FESOM BUILDS UP MODEL CONFIGURATION                    [0m
 Restart path configuration:
   Input path:  /albedo/work/projects/p_oceanpeak/Simone/FESOM2.7/GM1000/
   Output path: /albedo/work/projects/p_oceanpeak/Simone/FESOM2.7/GM1000/
   Note: Using same directory for input and output (legacy mode)
 Transient tracers are ON.
 Reading transient input values from file: /albedo/home/silech001/fesom2.7new/fesom2/GM1000/Atmospheric_Tracers__v25.08.txt                                                                                                                                                                                                                            
 Namelist files are read in
 time step size is set to    2400.00000000000      sec
 
 [31m____________________________________________________________[0m
 [5;7;31m --> THIS IS A RESTART RUN !!!                              [0m
     > clock restarted at time:    0.00   1 1958
 
       13140  steps to run for fesom      job submission
           0 rpart is read
 myLists are read
 reading /albedo/work/projects/p_recompdaf/frbunsen/FESOM2/meshes/core2/nod2d.out
 reading /albedo/work/projects/p_recompdaf/frbunsen/FESOM2/meshes/core2/elem2d.out
 elements are read
 communication arrays are read
 =========================
 2D mesh was read in   0.950193857541308       seconds
 2D mesh info : nod2D=      126858  elem2D=      244659 checksum= 
 =========================
 Communication arrays are set
 test_tri finished in   8.620088919997215E-006  seconds
 =========================
 reading /albedo/work/projects/p_recompdaf/frbunsen/FESOM2/meshes/core2/edgenum.out
 2D mesh info : edge2D=      371644
 reading /albedo/work/projects/p_recompdaf/frbunsen/FESOM2/meshes/core2/edges.out
 reading /albedo/work/projects/p_recompdaf/frbunsen/FESOM2/meshes/core2/edge_tri.out
 load_edges finished in   0.495541497832164       seconds
 =========================
 find_neighbors finished in   2.139747771434486E-002  seconds
 =========================
 reading /albedo/work/projects/p_recompdaf/frbunsen/FESOM2/meshes/core2/elvls.out
 reading /albedo/work/projects/p_recompdaf/frbunsen/FESOM2/meshes/core2/nlvls.out
 ____________________________________________________________________
  --> 3D mesh was read in   0.210114602348767       seconds
  --> Min/max depth on mype :            0   1180.00000000000        5400.00000000000     
 ____________________________________________________________________
  --> find min/max level e2n in  2.187130739912391E-004  seconds
 ____________________________________________________________________
  --> mesh statistics:           0
           0 maxArea    9293855608.15890         MinArea    2517260066.06088     
           0 maxScArea    17113834049.5471         MinScArea    4643380667.43227     
           0 Edges:          371644  internal       362333
      > Total ocean surface area is           :    364354316635734.       m^2
      > Total ocean surface area with cavity is:    364354316635734.       m^2
      > mesh_areas finished in   5.977705935947597E-003  seconds
 mesh_auxiliary_arrays finished in   1.062275259755552E-003  seconds
 =========================
 FESOM mesh_setup... complete
 
 *** Transient tracers: Initial atmospheric input values >>>
 Year CE, xCO2, D14C_NH, D14C_TZ, D14C_SH, xCFC-11_NH, xCFC-11_SH, xCFC-12_NH, xCFC-12_SH, xSF6_NH, xSF6_SH
     1    0.00  ******   -3.30   -6.10  ******    0.00    0.00    0.00    0.00    0.00
 
 ***start level area_test***
   364354316635734.        364354316635734.     
   364354316635734.        364354316635734.     
   364354316635734.        364354316635734.     
   364354316635734.        364354316635734.     
   357300317315119.        357300317315119.     
   354113237650775.        354113237650775.     
   351817051983039.        351817051983039.     
   350065333681600.        350065333681600.     
   348637576114935.        348637576114935.     
   347389346086852.        347389346086852.     
   346308199729719.        346308199729719.     
   345140644361352.        345140644361352.     
   343747935112280.        343747935112280.     
   342363896845861.        342363896845861.     
   340772744666857.        340772744666857.     
   338775524312136.        338775524312136.     
   336980984452424.        336980984452424.     
   335064352342050.        335064352342050.     
   333090746166042.        333090746166042.     
   330929778381294.        330929778381294.     
   328629163831422.        328629163831422.     
   326592233920372.        326592233920372.     
   324682485855654.        324682485855654.     
   322811207664366.        322811207664366.     
   320902632281560.        320902632281560.     
   318964714574213.        318964714574213.     
   316759412805279.        316759412805279.     
   314415479883026.        314415479883026.     
   311078606168458.        311078606168458.     
   307180109446522.        307180109446522.     
   302361363952099.        302361363952099.     
   297029016477066.        297029016477066.     
   290635153372101.        290635153372101.     
   282779027925473.        282779027925473.     
   270339151690562.        270339151690562.     
   253778375323382.        253778375323382.     
   233908883135421.        233908883135421.     
   209698317850281.        209698317850281.     
   182770853080492.        182770853080492.     
   154768218654313.        154768218654313.     
   123906855474557.        123906855474557.     
   94313998475014.3        94313998475014.2     
   66563213207699.0        66563213207699.0     
   39329830643744.6        39329830643744.6     
   18995266378258.7        18995266378258.7     
   5037468695982.90        5037468695982.90     
  0.000000000000000E+000  0.000000000000000E+000
  0.000000000000000E+000  0.000000000000000E+000
 ***end level area_test***
      file   : namelist.dyn open ok
      file   : namelist.tra open ok
 number of tracers will be changed from          100  to           33 !
 1 water age tracer will be used in FESOM
 XXX Transient tracers will be used in FESOM
 total number of tracers is:           37
 ____________________________________________________________
  --> initialise ALE arrays + sparse SSH stiff matrix
 
 ____________________________________________________________
  --> initialise ssh operator using unperturbed ocean depth
      > in stiff_mat_ale, reading /albedo/work/projects/p_recompdaf/frbunsen/FESOM2/meshes/core2/dist_864/rpart.out
      took:   3.453860676381737E-002  sec
 
 Arrays are set
 FCT is initialized
          37  tracers will be used in FESOM
 tracer IDs are:            1           2        1001        1002        1003        1004        1005        1006        1007        1008        1009        1010        1011        1012        1013        1014        1015        1016        1017        1018        1019        1020        1021        1022        1023        1024        1025        1026        1027        1028        1029        1030        1037         100           6          11          12
 
 [36m*************************[0m
 [36m --> RECOM ON[0m
 [36m --> CISO OFF[0m
 [36m --> Preindustrial DIC will be used[0m
 [36m --> Alkalinity restoring = .true.[0m
 [36m*************************[0m
 
 read Iron        climatology from:fe_pisces_opa_eq_init_3D_changed_name.nc
 read Oxygen      climatology from:woa18_all_o00_01_mmol_fesom2.nc
 read Silicate    climatology from:woa13_all_i00_01_fesom2.nc
 read Alkalinity  climatology from:GLODAPv2.2016b.TAlk_fesom2_mmol_fix_z_Fillvalue.nc
 read DIC         climatology from:GLODAPv2.2016b.PI_TCO2_fesom2_mmol_fix_z_Fillvalue.nc
 read Nitrate     climatology from:woa13_all_n00_01_fesom2.nc
 read Salt        climatology from:phc3.0_winter.nc
 read Temperature climatology from:phc3.0_winter.nc
 read DIC remineralization    from:dicremin_fromAnnualAOU_WOA2023_noneg.nc
 read radiocarbon climatology from:woa13_all_i00_01_fesom2.nc
 Start: Initial conditions  for tracers
 reading /albedo/work/projects/p_pool_recom/input/recom/corrected_input/fe_pisces_opa_eq_init_3D_changed_name.nc
 variable  : Fe
 The FillValue in /albedo/work/projects/p_pool_recom/input/recom/corrected_input/fe_pisces_opa_eq_init_3D_changed_name.nc is set to   8.013652978148022E-315
 reading /albedo/work/projects/p_pool_recom/input/recom/corrected_input/woa18_all_o00_01_mmol_fesom2.nc
 variable  : oxygen_mmol
 The FillValue in /albedo/work/projects/p_pool_recom/input/recom/corrected_input/woa18_all_o00_01_mmol_fesom2.nc is set to   9.969209968386869E+036
 reading /albedo/work/projects/p_pool_recom/input/recom/corrected_input/woa13_all_i00_01_fesom2.nc
 variable  : i_an
 The FillValue in /albedo/work/projects/p_pool_recom/input/recom/corrected_input/woa13_all_i00_01_fesom2.nc is set to   1.035612691928608E-314
 reading /albedo/work/projects/p_pool_recom/input/recom/corrected_input/GLODAPv2.2016b.TAlk_fesom2_mmol_fix_z_Fillvalue.nc
 variable  : TAlk_mmol
 No _FillValue is set in /albedo/work/projects/p_pool_recom/input/recom/corrected_input/GLODAPv2.2016b.TAlk_fesom2_mmol_fix_z_Fillvalue.nc, trying dummy =   10000000000.0000       0.000000000000000E+000
 reading /albedo/work/projects/p_pool_recom/input/recom/corrected_input/GLODAPv2.2016b.PI_TCO2_fesom2_mmol_fix_z_Fillvalue.nc
 variable  : PI_TCO2_mmol
 No _FillValue is set in /albedo/work/projects/p_pool_recom/input/recom/corrected_input/GLODAPv2.2016b.PI_TCO2_fesom2_mmol_fix_z_Fillvalue.nc, trying dummy =   10000000000.0000       0.000000000000000E+000
 reading /albedo/work/projects/p_pool_recom/input/recom/corrected_input/woa13_all_n00_01_fesom2.nc
 variable  : n_an
 The FillValue in /albedo/work/projects/p_pool_recom/input/recom/corrected_input/woa13_all_n00_01_fesom2.nc is set to   1.035612691928608E-314
 reading /albedo/work/projects/p_pool_recom/input/recom/corrected_input/phc3.0_winter.nc
 variable  : salt
 The FillValue in /albedo/work/projects/p_pool_recom/input/recom/corrected_input/phc3.0_winter.nc is set to   9.969209968386869E+036
 reading /albedo/work/projects/p_pool_recom/input/recom/corrected_input/phc3.0_winter.nc
 variable  : temp
 The FillValue in /albedo/work/projects/p_pool_recom/input/recom/corrected_input/phc3.0_winter.nc is set to   9.969209968386869E+036
 reading /albedo/work/projects/p_pool_recom/input/recom/corrected_input/dicremin_fromAnnualAOU_WOA2023_noneg.nc
 variable  : DICremin
 The FillValue in /albedo/work/projects/p_pool_recom/input/recom/corrected_input/dicremin_fromAnnualAOU_WOA2023_noneg.nc is set to                      NaN
 converting insitu temperature to potential...
 DONE:  Initial conditions for tracers
   |-> gobal max init. temp. =   30.0510326153043     
   |-> gobal min init. temp. =  -2.06008970141432     
   |-> gobal max init. salt. =   41.1176835670450     
   `-> gobal min init. salt. =   5.62836183480000     
 Sanity check for REcoM variables
   |-> gobal max init. DIN. =   53.0303514775767     
   |-> gobal min init. DIN. =  7.812823240199695E-003
   |-> gobal max init. DIC. =   2467.73270205940     
   |-> gobal min init. DIC. =   1082.94938277298     
   |-> gobal max init. Alk. =   2715.00723192219     
   |-> gobal min init. Alk. =   1102.52251499341     
   |-> gobal max init. DSi. =   245.307034948951     
   |-> gobal min init. DSi. =  0.340649448051430     
   |-> gobal max init. DFe. =  4.239583905802221E-002
   `-> gobal min init. DFe. = -6.398613047393471E-012
   |-> gobal max init. O2. =   460.706530579376     
   `-> gobal min init. O2. =   1.77677749550965     
   |-> gobal max init. DICremin. =   221.758143814231     
   |-> gobal min init. DICremin. = -1.376676550535194E-014
 
 [46;1m --> Set surface field for alkalinity restoring[0m
 
 initializing    6th tracer with ID=1004
 initializing    7th tracer with ID=1005
 initializing    8th tracer with ID=1006
 initializing    9th tracer with ID=1007
 initializing   10th tracer with ID=1008
 initializing   11th tracer with ID=1009
 initializing   12th tracer with ID=1010
 initializing   13th tracer with ID=1011
 initializing   14th tracer with ID=1012
 initializing   15th tracer with ID=1013
 initializing   16th tracer with ID=1014
 initializing   17th tracer with ID=1015
 initializing   18th tracer with ID=1016
 initializing   19th tracer with ID=1017
 initializing   22th tracer with ID=1020
 initializing   23th tracer with ID=1021
 initializing   25th tracer with ID=1023
 initializing   26th tracer with ID=1024
 initializing   27th tracer with ID=1025
 initializing   28th tracer with ID=1026
 initializing   29th tracer with ID=1027
 initializing   30th tracer with ID=1028
 initializing   31th tracer with ID=1029
 initializing   32th tracer with ID=1030
 initializing  34th tracer with ID=100
  0.000000000000000E+000
 initializing  35th tracer with ID=  6
  0.000000000000000E+000
 initializing  36th tracer with ID= 11
  0.000000000000000E+000
 initializing  37th tracer with ID= 12
  0.000000000000000E+000
 ____________________________________________________________
  --> call init_thickness_ale
 
 ____________________________________________________________
  --> initialise ALE layerthicknesses, depth levels and middepth levels
 
 Initial state
 Run finished unexpectedly!
 Run finished unexpectedly!
 Run finished unexpectedly!
 Run finished unexpectedly!
 Run finished unexpectedly!
 Run finished unexpectedly!
 Run finished unexpectedly!
 Run finished unexpectedly!
 Run finished unexpectedly!
 Run finished unexpectedly!
 Run finished unexpectedly!
 Run finished unexpectedly!
 Run finished unexpectedly!
 Run finished unexpectedly!
 Run finished unexpectedly!
 Run finished unexpectedly!
 Run finished unexpectedly!
 Run finished unexpectedly!
 Run finished unexpectedly!
 Run finished unexpectedly!
 Run finished unexpectedly!
 Run finished unexpectedly!
 Run finished unexpectedly!
 Run finished unexpectedly!
 Run finished unexpectedly!
 Run finished unexpectedly!
 Run finished unexpectedly!
 Run finished unexpectedly!
 Run finished unexpectedly!
 Run finished unexpectedly!
 Run finished unexpectedly!
 Run finished unexpectedly!
 Run finished unexpectedly!
 Run finished unexpectedly!
 Run finished unexpectedly!
 Run finished unexpectedly!
 Run finished unexpectedly!
 Run finished unexpectedly!
 Run finished unexpectedly!
 Run finished unexpectedly!
 Run finished unexpectedly!
 Run finished unexpectedly!
 Run finished unexpectedly!
 Run finished unexpectedly!
 Run finished unexpectedly!
 Run finished unexpectedly!
 Run finished unexpectedly!
 Run finished unexpectedly!
 Run finished unexpectedly!
 Run finished unexpectedly!
 Run finished unexpectedly!
 Run finished unexpectedly!
 Run finished unexpectedly!
 Run finished unexpectedly!
 Run finished unexpectedly!
 Run finished unexpectedly!
 Run finished unexpectedly!
 Run finished unexpectedly!
 Run finished unexpectedly!
 Run finished unexpectedly!
 Run finished unexpectedly!
 Run finished unexpectedly!
 Run finished unexpectedly!
 Run finished unexpectedly!
 Run finished unexpectedly!
 Run finished unexpectedly!
 Run finished unexpectedly!
 Run finished unexpectedly!
 Run finished unexpectedly!
 Run finished unexpectedly!
 Run finished unexpectedly!
 Run finished unexpectedly!
 Run finished unexpectedly!
 Run finished unexpectedly!
 Run finished unexpectedly!
 Run finished unexpectedly!
 Run finished unexpectedly!
 Run finished unexpectedly!
 Run finished unexpectedly!
 Run finished unexpectedly!
 Run finished unexpectedly!
 Run finished unexpectedly!
 Run finished unexpectedly!
 Run finished unexpectedly!
 Run finished unexpectedly!
 Run finished unexpectedly!
 Run finished unexpectedly!
 Run finished unexpectedly!
 Run finished unexpectedly!
 Run finished unexpectedly!
 Run finished unexpectedly!
 Run finished unexpectedly!
 Run finished unexpectedly!
 Run finished unexpectedly!
 Run finished unexpectedly!
 Run finished unexpectedly!
 Run finished unexpectedly!
 Run finished unexpectedly!
 Run finished unexpectedly!
 Run finished unexpectedly!
 Run finished unexpectedly!
 Run finished unexpectedly!
 Run finished unexpectedly!
 Run finished unexpectedly!
 Run finished unexpectedly!
 Run finished unexpectedly!
 Run finished unexpectedly!
 Run finished unexpectedly!
 Run finished unexpectedly!
 Run finished unexpectedly!
 Run finished unexpectedly!
 Run finished unexpectedly!
 Run finished unexpectedly!
 Run finished unexpectedly!
 Run finished unexpectedly!
 Run finished unexpectedly!
 Run finished unexpectedly!
 Run finished unexpectedly!
 Run finished unexpectedly!
 Run finished unexpectedly!
 Run finished unexpectedly!
 Run finished unexpectedly!
 Run finished unexpectedly!
 Run finished unexpectedly!
 Run finished unexpectedly!
 Run finished unexpectedly!
 Run finished unexpectedly!
 Run finished unexpectedly!
 Run finished unexpectedly!
 Run finished unexpectedly!
 Run finished unexpectedly!
 Run finished unexpectedly!
 Run finished unexpectedly!
 Run finished unexpectedly!
 Run finished unexpectedly!
 Run finished unexpectedly!
 Run finished unexpectedly!
 Run finished unexpectedly!
 Run finished unexpectedly!
 Run finished unexpectedly!
 Run finished unexpectedly!
 Run finished unexpectedly!
 Run finished unexpectedly!
 Run finished unexpectedly!
 Run finished unexpectedly!
 Run finished unexpectedly!
 Run finished unexpectedly!
 Run finished unexpectedly!
 Run finished unexpectedly!
 Run finished unexpectedly!
 Run finished unexpectedly!
 Run finished unexpectedly!
 Run finished unexpectedly!
 Run finished unexpectedly!
 Run finished unexpectedly!
 Run finished unexpectedly!
 Run finished unexpectedly!
 Run finished unexpectedly!
 Run finished unexpectedly!
 Run finished unexpectedly!
 Run finished unexpectedly!
 Run finished unexpectedly!
 Run finished unexpectedly!
 Run finished unexpectedly!
 Run finished unexpectedly!
 Run finished unexpectedly!
 Run finished unexpectedly!
 Run finished unexpectedly!
 Run finished unexpectedly!
 Run finished unexpectedly!
 Run finished unexpectedly!
 Run finished unexpectedly!
 Run finished unexpectedly!
 Run finished unexpectedly!
 Run finished unexpectedly!
 Run finished unexpectedly!
 Run finished unexpectedly!
 Run finished unexpectedly!
 Run finished unexpectedly!
 Run finished unexpectedly!
 Run finished unexpectedly!
 Run finished unexpectedly!
 Run finished unexpectedly!
 Run finished unexpectedly!
 Run finished unexpectedly!
 Run finished unexpectedly!
 Run finished unexpectedly!
 Run finished unexpectedly!
 Run finished unexpectedly!
 Run finished unexpectedly!
 Run finished unexpectedly!
 Run finished unexpectedly!
 Run finished unexpectedly!
 Run finished unexpectedly!
 Run finished unexpectedly!
 Run finished unexpectedly!
 Run finished unexpectedly!
 Run finished unexpectedly!
 Run finished unexpectedly!
 Run finished unexpectedly!
 Run finished unexpectedly!
 Run finished unexpectedly!
 Run finished unexpectedly!
 Run finished unexpectedly!
 Run finished unexpectedly!
 Run finished unexpectedly!
 Run finished unexpectedly!
 Run finished unexpectedly!
 Run finished unexpectedly!
 Run finished unexpectedly!
 
 ==========================================================================
 REcoM SINKING TRACER CONFIGURATION
 ==========================================================================
 Model flags:
  enable_3zoo2det : T
  enable_coccos   : F
  useRivers       : F
 
  Active sinking tracers:  16
 
 ----------------------------------------------------------
   Slot | Tracer ID | Description
 ----------------------------------------------------------
     1   |   1007    | DetN
     2   |   1008    | DetC
     3   |   1017    | DetSi
     4   |   1021    | DetCalc
     5   |   1004    | PhyN
     6   |   1005    | PhyC
     7   |   1020    | PhyCalc
     8   |   1006    | PhyChl
     9   |   1013    | DiaN
    10   |   1014    | DiaC
    11   |   1016    | DiaSi
    12   |   1015    | DiaChl
    13   |   1025    | DetZ2N
    14   |   1026    | DetZ2C
    15   |   1027    | DetZ2Si
    16   |   1028    | DetZ2Calc
 ----------------------------------------------------------
 
 Sinking velocity assignments:
 Run finished unexpectedly!
  VDet  (Det1)  :   20.000 m/day
  VDet_zoo2     :  200.000 m/day
  VPhy          :    0.000 m/day
  VDia          :    0.000 m/day
  allow_var_sinking : T
 
 ==========================================================================
 
 
 ==========================================================================
 REcoM TRACER CONFIGURATION VALIDATION
 ==========================================================================
 Model configuration:
   enable_3zoo2det =  T
   enable_coccos   =  F
   enable_AWICM    =  F
   enable_R2OMIP   =  F
   useRivers       =  F
 
 Tracer counts:
   Physical tracers (T, S, ...)      =            5
   DOC tracers (terrestrial input)   =            0
   Expected BGC tracers              =           32
   Expected TOTAL tracers            =           37
   Actual tracers from namelist      =           37
   Actual BGC tracers from namelist  =           32
 
 ==========================================================================
 Run finished unexpectedly!
 VALIDATION PASSED: Tracer configuration is consistent!
 ==========================================================================
 
 ==========================================================================
 VALIDATING TRACER IDs
 ==========================================================================
 Expected tracer ID sequence:
 
 Physical tracers:
              1           2           0           0           0
 
 Base BGC tracers (1001-1022):
              0           0           0        1001        1002        1003        1004        1005        1006        1007        1008        1009        1010        1011        1012        1013        1014        1015        1016        1017        1018        1019
 
 Extended configuration tracers:
           1023        1024        1025        1026        1027        1028        1029        1030        1037           0           6          11         100
 
 CRITICAL: The tracer IDs in your namelist MUST match this sequence
 Run finished unexpectedly!
           exactly, in the same order!
 
 Common errors to avoid:
   - Using wrong tracer ID numbers (e.g., 1023 instead of 1025)
   - Tracer ID clashes between configurations
   - Incorrect order of tracer IDs in namelist
   - Missing or duplicate tracer IDs
   - Forgetting to add DOCt tracer when enable_R2OMIP is enabled
 
 IMPORTANT for 3ZOO2DET-ONLY configuration:
   - Zoo2 uses:         1023-1024
   - Det2 pool uses:    1025-1028
   - Microzoo uses:     1029-1030 (NOT 1035-1036)
   - DIC remin:         1037     
   - Tracers 1031+ are NOT used in this configuration
 
 
 ==========================================================================
 
 ==========================================================================
 CHECKING FOR TRACER ID CONFLICTS
 ==========================================================================
 3Zoo2Det-only configuration active.
 Microzoo MUST use IDs 1029-1030 (NOT 1035-1036).
 
 Please manually verify your namelist tracer_list against the
 Run finished unexpectedly!
 expected sequence shown above.
 ==========================================================================
 Run finished unexpectedly!
 Run finished unexpectedly!
 Run finished unexpectedly!
 Run finished unexpectedly!
 Run finished unexpectedly!
 Run finished unexpectedly!
 Run finished unexpectedly!
 Run finished unexpectedly!
 Run finished unexpectedly!
 Run finished unexpectedly!
 Run finished unexpectedly!
 Run finished unexpectedly!
 Run finished unexpectedly!
 Run finished unexpectedly!
 Run finished unexpectedly!
 Run finished unexpectedly!
 Run finished unexpectedly!
 Run finished unexpectedly!
 Run finished unexpectedly!
 Run finished unexpectedly!
 Run finished unexpectedly!
 Run finished unexpectedly!
 Run finished unexpectedly!
 Run finished unexpectedly!
 Run finished unexpectedly!
 Run finished unexpectedly!
 Run finished unexpectedly!
 Run finished unexpectedly!
 Run finished unexpectedly!
 Run finished unexpectedly!
 Run finished unexpectedly!
 Run finished unexpectedly!
 Run finished unexpectedly!
 Run finished unexpectedly!
 Run finished unexpectedly!
 Run finished unexpectedly!
 Run finished unexpectedly!
 Run finished unexpectedly!
 Run finished unexpectedly!
 Run finished unexpectedly!
 
 
 ==========================================================================
 VALIDATING TRACER ID SEQUENCE FROM NAMELIST
 ==========================================================================
 ERROR at position           34 :
   Expected tracer ID:            0
   Found tracer ID:             100
 
 ERROR at position           37 :
   Expected tracer ID:          100
   Found tracer ID:              12
 
 ==========================================================================
 TRACER ID VALIDATION FAILED!
 ==========================================================================
 
 Expected tracer ID sequence for current configuration:
           1           2        1001        1002        1003        1004        1005        1006        1007        1008        1009        1010        1011        1012        1013        1014        1015        1016        1017        1018        1019        1020        1021        1022        1023        1024        1025        1026        1027        1028        1029        1030        1037           0           6          11         100
 
 Actual tracer ID sequence from namelist:
           1           2        1001        1002        1003        1004        1005        1006        1007        1008        1009        1010        1011        1012        1013        1014        1015        1016        1017        1018        1019        1020        1021        1022        1023        1024        1025        1026        1027        1028        1029        1030        1037         100           6          11          12
 
 ACTION REQUIRED:
   Correct the tracer IDs in your namelist.config file
   Ensure the sequence matches exactly as expected
 ==========================================================================
 
 ******************************************************************
 ***  FATAL ERROR: INVALID TRACER ID SEQUENCE                   ***
 ***  MODEL EXECUTION STOPPED                                   ***
 ******************************************************************
 
 Run finished unexpectedly!
 Run finished unexpectedly!
 Run finished unexpectedly!
