          13
           2
          12          14
           1          19          56
         761         762         763         764         765         766
         767         768         769         770         771         772
         773         774         775         776         777         778
         779         780         781         782         783         784
         785         786         787         788         789         790
         791         792         793         794         795         796
         797         798         799         800         801         802
         803         804         805         806         807         808
         809         810         811         812         813         814
         815
           2
          12          14
           1          18          56
           1          45          90         135         179         223
         267         310         353         395         436         476
         516         556         595         634         672         672
         673         674         675         676         689         690
         691         692         693         694         695         696
         709         710         711         712         713         714
         715         716         717         718         719         720
         721         722         723         734         735         736
         744         745         746         751         755         758
         760
           2
          12          14
           1          19          55
        1507        1508        1509        1510        1511        1512
        1513        1514        1515        1516        1517        1518
        1519        1520        1521        1522        1523        1524
        1525        1526        1527        1528        1529        1530
        1531        1532        1533        1534        1535        1536
        1537        1538        1539        1540        1541        1542
        1543        1544        1545        1546        1547        1548
        1549        1550        1551        1552        1553        1554
        1555        1556        1557        1558        1559        1560
           2
          12          14
           1          18          55
           4          93         181         272         360         446
         535         619         704         787         870         950
        1028        1109        1185        1262        1337        1265
        1267        1269        1271        1299        1301        1303
        1305        1307        1309        1311        1345        1348
        1350        1352        1354        1356        1358        1360
        1362        1364        1366        1368        1369        1370
        1385        1388        1439        1442        1444        1464
        1467        1469        1483        1492        1499        1504
           2
          12          14
           1          38         110
        1507        1561        1508        1562        1563        1509
        1510        1564        1511        1565        1566        1512
        1513        1567        1568        1514        1569        1515
        1570        1516        1517        1571        1518        1572
        1573        1519        1520        1574        1575        1521
        1576        1522        1577        1523        1578        1524
        1579        1525        1580        1526        1581        1527
        1582        1528        1529        1530        1531        1583
        1532        1584        1533        1585        1534        1586
        1535        1587        1536        1588        1537        1589
        1538        1590        1539        1591        1540        1592
        1541        1593        1542        1594        1543        1595
        1544        1596        1545        1597        1546        1598
        1547        1599        1548        1600        1549        1601
        1602        1603        1604        1550        1605        1551
        1606        1552        1607        1553        1608        1554
        1609        1555        1610        1556        1611        1557
        1612        1558        1613        1559        1614        1560
        1615
           2
          12          14
           1          35         111
           3           4          92          93         181         184
         271         272         359         360         446         449
         534         535         619         622         704         707
         787         790         869         870         949         950
        1028        1031        1108        1109        1185        1188
        1262        1265        1337        1340        1262        1263
        1264        1265        1266        1267        1268        1269
        1270        1271        1273        1296        1297        1298
        1299        1300        1301        1302        1303        1304
        1305        1306        1307        1308        1309        1310
        1311        1313        1345        1347        1348        1349
        1350        1351        1352        1353        1354        1355
        1356        1357        1358        1359        1360        1361
        1362        1363        1364        1365        1366        1367
        1368        1369        1370        1385        1387        1388
        1390        1439        1441        1442        1443        1444
        1446        1464        1466        1467        1468        1469
        1471        1483        1486        1492        1495        1499
        1502        1504
