          19
           3
          16          17          18
           1          37          51          89
         761         762         763         764         765         766
         767         768         769         770         771         772
         773         774         775         776         777         778
         779         780         781         782         783         784
         785         786         787         788         789         790
         791         792         793         794         795         796
         797         798         799         800         801         802
         803         804         805         806         807         808
         809         810         811         812         813         814
         815         816         817         818         819         820
         821         822         823         824         825         826
         827         828         829         830         831         832
         833         834         835         836         837         838
         839         840         841         842         843         844
         845         846         847         848
           3
          16          17          18
           1          37          51          89
           7          15          24          36          50          64
          79          94         109         124         125         141
         157         173         189         205         221         237
         253         269         270         271         272         273
         293         313         333         354         375         397
         420         443         465         487         509         531
           1           2           3           4           5           6
           7           8          16          25          26          27
          37          38          37          51          65          80
          95         110         126         142         158         174
         190         206         222         238         254         274
         294         314         334         355         376         398
         421         444         466         488         510         532
         554         576         597         618         639         660
         681         701         721         741
           3
          16          17          18
           1          37          51          88
        1576        1577        1578        1579        1580        1581
        1582        1583        1584        1585        1586        1587
        1588        1589        1590        1591        1592        1593
        1594        1595        1596        1597        1598        1599
        1600        1601        1602        1603        1604        1605
        1606        1607        1608        1609        1610        1611
        1612        1613        1614        1615        1616        1617
        1618        1619        1620        1621        1622        1623
        1624        1625        1626        1627        1628        1629
        1630        1631        1632        1633        1634        1635
        1636        1637        1638        1639        1640        1641
        1642        1643        1644        1645        1646        1647
        1648        1649        1650        1651        1652        1653
        1654        1655        1656        1657        1658        1659
        1660        1661        1662
           3
          16          17          18
           1          36          49          86
          31          50          75         104         134         165
         197         229         261         294         297         331
         365         399         433         467         501         535
         569         610         612         614         616         619
         661         703         746         790         835         882
         930         975        1023        1069        1115          18
          19          20          22          24          26          28
          36          59          81          82          83         107
         107         139         168         200         232         266
         300         334         368         402         436         470
         504         538         580         622         664         708
         749         795         840         885         933         980
        1026        1072        1119        1163        1205        1250
        1292        1334        1376        1416        1459        1499
        1539
           3
          16          17          18
           1          73         103         177
        1663        1576        1664        1577        1665        1578
        1666        1579        1667        1580        1668        1581
        1669        1582        1670        1583        1671        1584
        1672        1585        1673        1586        1674        1587
        1675        1588        1676        1589        1677        1590
        1678        1591        1679        1592        1680        1593
        1681        1594        1682        1595        1683        1596
        1684        1597        1685        1598        1686        1599
        1687        1600        1688        1601        1689        1602
        1690        1603        1691        1604        1692        1605
        1693        1606        1694        1607        1695        1608
        1696        1697        1609        1610        1698        1611
        1699        1700        1701        1612        1702        1613
        1703        1614        1704        1615        1705        1616
        1706        1617        1618        1707        1619        1708
        1709        1710        1711        1620        1621        1622
        1712        1713        1623        1624        1625        1714
        1715        1626        1627        1716        1717        1628
        1718        1629        1719        1630        1720        1631
        1721        1632        1722        1633        1723        1634
        1724        1635        1725        1636        1726        1637
        1727        1638        1728        1639        1729        1640
        1730        1641        1731        1642        1643        1732
        1733        1644        1645        1734        1646        1735
        1736        1647        1737        1648        1738        1649
        1739        1650        1740        1651        1652        1741
        1653        1742        1743        1654        1655        1744
        1656        1745        1657        1746        1658        1747
        1748        1659        1660        1749        1661        1750
        1662        1751
           3
          16          17          18
           1          72         100         174
          28          31          47          50          72          75
         101         104         131         134         162         165
         194         197         226         229         258         261
         292         294         295         297         328         331
         362         365         396         399         430         433
         464         467         498         501         532         535
         566         569         608         610         611         612
         613         614         615         616         617         619
         658         661         700         703         743         746
         787         790         832         835         879         882
         927         930         975         976        1020        1023
        1066        1069        1112        1115        1158          18
          19          20          21          22          23          24
          25          26          27          28          29          30
          31          35          36          58          59          81
          82          83          84          85          86         107
         108         109         110         107         110         138
         139         168         171         200         203         232
         235         266         269         300         303         334
         337         368         371         402         405         436
         439         470         473         504         507         538
         541         580         583         622         625         664
         667         707         708         749         752         794
         795         839         840         885         888         933
         936         980         983        1026        1029        1072
        1075        1118        1119        1162        1163        1205
        1208        1249        1250        1291        1292        1333
        1334        1375        1376        1416        1419        1458
        1459        1498        1499        1538        1539
