           5
           3
           6           8           9
           1          38          61          78
         760         761         762         763         764         765
         766         767         768         769         770         771
         772         773         774         775         776         777
         778         779         780         781         782         783
         784         785         786         787         788         789
         790         791         792         793         794         795
         796         797         798         799         800         801
         802         803         804         805         806         807
         808         809         810         811         812         813
         814         815         816         817         818         819
         820         821         822         823         824         825
         826         827         828         829         830         831
         832         833         834         835         836
           3
           6           8           9
           1          37          60          77
         619         651         683         684         685         686
         687         714         715         716         717         718
         719         720         721         722         723         724
         725         726         727         740         741         742
         743         744         750         751         752         753
         754         755         756         757         758         759
         147         165         184         204         225         247
         270         294         319         345         372         400
         429         459         490         522         554         586
         618         650         682         713         740           1
           2           3           4           9          15          22
          30          39          49          60          72          85
          99         114         130         147
           3
           6           8           9
           1          37          60          77
        1561        1562        1563        1564        1565        1566
        1567        1568        1569        1570        1571        1572
        1573        1574        1575        1576        1577        1578
        1579        1580        1581        1582        1583        1584
        1585        1586        1587        1588        1589        1590
        1591        1592        1593        1594        1595        1596
        1597        1598        1599        1600        1601        1602
        1603        1604        1605        1606        1607        1608
        1609        1610        1611        1612        1613        1614
        1615        1616        1617        1618        1619        1620
        1621        1622        1623        1624        1625        1626
        1627        1628        1629        1630        1631        1632
        1633        1634        1635        1636
           3
           6           8           9
           1          36          60          77
        1272        1338        1341        1343        1345        1347
        1411        1414        1416        1418        1420        1422
        1424        1426        1428        1430        1432        1434
        1436        1438        1493        1496        1498        1500
        1514        1516        1517        1518        1528        1531
        1533        1535        1537        1538        1539         278
         314         351         390         431         474         519
         566         615         666         719         774         831
         890         951        1014        1076        1140        1204
        1268        1335        1398        1464        1520           8
          10          12          15          26          39          54
          71          90         111         134         159         186
         215         246         279         313
           3
           6           8           9
           1          75         122         156
        1561        1637        1562        1638        1563        1639
        1564        1640        1565        1641        1566        1642
        1567        1643        1568        1644        1569        1645
        1570        1646        1571        1647        1572        1648
        1573        1649        1574        1650        1575        1651
        1576        1652        1577        1653        1578        1654
        1579        1655        1580        1656        1581        1657
        1582        1658        1583        1659        1584        1660
        1585        1661        1586        1587        1588        1589
        1662        1590        1663        1664        1665        1666
        1591        1667        1592        1668        1593        1669
        1594        1670        1595        1671        1596        1672
        1673        1674        1675        1597        1676        1598
        1677        1599        1678        1600        1679        1601
        1680        1602        1681        1603        1682        1604
        1683        1605        1684        1606        1685        1607
        1686        1608        1687        1609        1688        1610
        1689        1611        1690        1691        1612        1692
        1613        1693        1614        1694        1615        1616
        1695        1696        1617        1618        1697        1698
        1619        1699        1620        1700        1621        1701
        1622        1702        1623        1703        1624        1704
        1625        1705        1626        1706        1627        1707
        1628        1708        1629        1709        1630        1710
        1631        1711        1632        1712        1633        1713
        1634        1714        1635        1715        1636
           3
           6           8           9
           1          71         120         154
        1209        1272        1275        1338        1340        1341
        1342        1343        1344        1345        1346        1347
        1349        1411        1413        1414        1415        1416
        1417        1418        1419        1420        1421        1422
        1423        1424        1425        1426        1427        1428
        1429        1430        1431        1432        1433        1434
        1435        1436        1437        1438        1440        1463
        1464        1493        1495        1496        1497        1498
        1499        1500        1502        1511        1512        1513
        1514        1515        1516        1517        1518        1528
        1530        1531        1532        1533        1534        1535
        1536        1537        1538        1539         278         279
         311         314         348         351         387         390
         428         431         471         474         516         519
         563         566         612         615         663         666
         716         719         771         774         828         831
         887         890         948         951        1011        1014
        1076        1077        1140        1141        1204        1205
        1268        1269        1332        1335        1398        1399
        1461        1464        1517        1520        1546           8
           9          10          11          12          13          15
          23          26          36          39          51          54
          68          71          87          90         108         111
         131         134         156         159         183         186
         212         215         243         246         276         279
         311         313         314
