          11
           5
           7           8          10          12          17
           1           9          30          68          87         119
         761         762         763         764         765         766
         767         768         769         770         771         772
         773         774         775         776         777         778
         779         780         781         782         783         784
         785         786         787         788         789         790
         791         792         793         794         795         796
         797         798         799         800         801         802
         803         804         805         806         807         808
         809         810         811         812         813         814
         815         816         817         818         819         820
         821         822         823         824         825         826
         827         828         829         830         831         832
         833         834         835         836         837         838
         839         840         841         842         843         844
         845         846         847         848         849         850
         851         852         853         854         855         856
         857         858         859         860         861         862
         863         864         865         866         867         868
         869         870         871         872         873         874
         875         876         877         878
           5
           7           8          10          12          17
           1           9          29          68          86         118
         669         688         704         719         732         743
         753         758           1          31          70         109
         148         188         227         265         303         341
         378         414         449         483         517         550
         582         613         643         669           1           2
           3           4           5           6           7           8
           9          10          11          12          13          14
          15          16          17          18          19          20
          21          22          23          24          25          26
          27          28          29          30          42          43
          44          45          46          47          48          49
          50          30          69         108         147         187
         226         264         302         340         377         413
         448         482         516         549         581         612
         642         638         639         640         641         642
         661         662         663         664         665         666
         667         668         685         686         687         703
         717         718         730         731         742         748
         749         750         751         752         756         757
         758         759         760
           5
           7           8          10          12          17
           1           9          31          69          88         119
        1637        1638        1639        1640        1641        1642
        1643        1644        1645        1646        1647        1648
        1649        1650        1651        1652        1653        1654
        1655        1656        1657        1658        1659        1660
        1661        1662        1663        1664        1665        1666
        1667        1668        1669        1670        1671        1672
        1673        1674        1675        1676        1677        1678
        1679        1680        1681        1682        1683        1684
        1685        1686        1687        1688        1689        1690
        1691        1692        1693        1694        1695        1696
        1697        1698        1699        1700        1701        1702
        1703        1704        1705        1706        1707        1708
        1709        1710        1711        1712        1713        1714
        1715        1716        1717        1718        1719        1720
        1721        1722        1723        1724        1725        1726
        1727        1728        1729        1730        1731        1732
        1733        1734        1735        1736        1737        1738
        1739        1740        1741        1742        1743        1744
        1745        1746        1747        1748        1749        1750
        1751        1752        1753        1754
           5
           7           8          10          12          17
           1           9          29          67          85         117
        1446        1485        1518        1549        1576        1599
        1620        1631          66         143         225         305
         384         465         546         624         700         777
         852         925         996        1066        1135        1202
        1267        1332        1394        1447          65          67
          69          71          73          75          77          79
          81          83          86         103         104         105
         107         109         111         113         115         117
         119         121         123         125         127         129
         131         133         135         137         165         167
         169         171         173         175         177         179
         140         220         298         381         460         539
         617         695         772         847         920         991
        1063        1130        1197        1262        1325        1390
        1320        1322        1324        1326        1328        1368
        1370        1372        1374        1376        1378        1379
        1380        1426        1427        1428        1476        1513
        1514        1542        1543        1569        1589        1591
        1593        1594        1595        1607        1608        1623
        1624        1625
           5
           7           8          10          12          17
           1          18          64         140         179         243
        1755        1637        1756        1638        1757        1639
        1758        1640        1759        1641        1760        1642
        1761        1643        1762        1644        1763        1764
        1765        1766        1645        1646        1767        1647
        1768        1769        1648        1649        1770        1650
        1771        1772        1651        1773        1652        1653
        1774        1654        1775        1776        1655        1777
        1656        1778        1657        1779        1658        1780
        1659        1781        1660        1782        1661        1783
        1662        1784        1663        1664        1785        1665
        1786        1787        1666        1788        1667        1789
        1668        1790        1669        1791        1670        1792
        1671        1793        1672        1794        1673        1795
        1674        1796        1675        1797        1676        1798
        1799        1800        1801        1677        1802        1678
        1803        1679        1804        1680        1805        1681
        1806        1682        1807        1683        1808        1684
        1809        1685        1810        1686        1811        1687
        1812        1688        1813        1689        1814        1690
        1815        1691        1816        1692        1817        1693
        1818        1694        1819        1695        1696        1820
        1697        1821        1698        1822        1699        1823
        1700        1824        1701        1825        1702        1703
        1704        1826        1705        1827        1706        1828
        1707        1829        1830        1708        1709        1831
        1832        1710        1833        1711        1834        1712
        1835        1713        1836        1714        1837        1715
        1838        1716        1839        1717        1718        1840
        1841        1719        1842        1720        1843        1721
        1844        1722        1845        1723        1724        1725
        1726        1846        1727        1847        1728        1848
        1849        1850        1729        1730        1731        1851
        1732        1852        1733        1853        1734        1854
        1735        1855        1736        1856        1857        1858
        1737        1738        1739        1859        1860        1861
        1862        1740        1741        1742        1863        1864
        1743        1744        1865        1866        1867        1745
        1746        1747        1748        1868        1749        1869
        1750        1870        1871        1872        1751        1752
        1873        1874        1753        1875        1754        1876
        1877        1878
           5
           7           8          10          12          17
           1          18          58         136         172         238
        1394        1446        1449        1485        1488        1518
        1521        1549        1552        1576        1579        1599
        1602        1620        1623        1631        1634          65
          66         143         146         224         225         304
         305         384         387         465         468         545
         546         623         624         700         703         777
         780         852         855         925         928         996
         999        1066        1069        1135        1138        1202
        1205        1267        1270        1331        1332        1393
        1394        1446        1447          65          66          67
          68          69          70          71          72          73
          74          75          76          77          78          79
          80          81          82          83          84          86
         103         104         105         106         107         108
         109         110         111         112         113         114
         115         116         117         118         119         120
         121         122         123         124         125         126
         127         128         129         130         131         132
         133         134         135         136         137         138
         139         140         163         165         166         167
         168         169         170         171         172         173
         174         175         176         177         178         179
         180         181         182         137         140         217
         220         298         299         378         381         460
         461         539         540         617         618         695
         696         772         773         847         848         920
         921         991         992        1060        1063        1130
        1131        1197        1198        1262        1263        1325
        1326        1387        1390        1317        1318        1319
        1320        1321        1322        1323        1324        1325
        1326        1327        1328        1365        1366        1367
        1368        1369        1370        1371        1372        1373
        1374        1375        1376        1377        1378        1379
        1380        1423        1424        1425        1426        1427
        1428        1476        1477        1511        1512        1513
        1514        1540        1541        1542        1543        1569
        1570        1586        1587        1588        1589        1590
        1591        1592        1593        1594        1595        1605
        1606        1607        1608        1620        1621        1622
        1623        1624        1625
