           3
           4
           1           2           4           6
           1          42          50          85          96
         761         762         763         764         765         766
         767         768         769         770         771         772
         773         774         775         776         777         778
         779         780         781         782         783         784
         785         786         787         788         789         790
         791         792         793         794         795         796
         797         798         799         800         801         802
         803         804         805         806         807         808
         809         810         811         812         813         814
         815         816         817         818         819         820
         821         822         823         824         825         826
         827         828         829         830         831         832
         833         834         835         836         837         838
         839         840         841         842         843         844
         845         846         847         848         849         850
         851         852         853         854         855
           4
           1           2           4           6
           1          42          50          86          96
          10          20          30          40          51          61
          72          83          95         108         122         137
         152         168         185         202         219         237
         255         273         292         311         330         349
         369         389         411         433         456         479
         502         527         552         578         604         630
         656         682         708         734         760         553
         579         605         631         657         683         709
         735           1          11          21          31          41
          52          62          73          84          96         109
         123         138         153         169         186         203
         220         238         256         274         293         312
         331         350         370         390         391         412
         434         457         480         503         504         528
         553           1           2           3           4           5
           6           7           8           9          10
           4
           1           2           4           6
           1          41          49          83          95
        1588        1589        1590        1591        1592        1593
        1594        1595        1596        1597        1598        1599
        1600        1601        1602        1603        1604        1605
        1606        1607        1608        1609        1610        1611
        1612        1613        1614        1615        1616        1617
        1618        1619        1620        1621        1622        1623
        1624        1625        1626        1627        1628        1629
        1630        1631        1632        1633        1634        1635
        1636        1637        1638        1639        1640        1641
        1642        1643        1644        1645        1646        1647
        1648        1649        1650        1651        1652        1653
        1654        1655        1656        1657        1658        1659
        1660        1661        1662        1663        1664        1665
        1666        1667        1668        1669        1670        1671
        1672        1673        1674        1675        1676        1677
        1678        1679        1680        1681
           4
           1           2           4           6
           1          41          48          83          93
          40          62          86         109         130         155
         179         204         231         260         291         321
         356         391         425         461         500         536
         574         615         653         693         733         776
         816         863         907         956        1002        1050
        1103        1153        1208        1262        1316        1368
        1424        1478        1530        1586        1211        1265
        1321        1373        1427        1483        1535          25
          47          67          91         112         137         158
         184         209         236         265         296         328
         361         396         432         468         505         543
         581         620         660         700         740         781
         825         867         868         914         961        1009
        1059        1107        1108        1160          24          26
          28          30          32          34          36          38
          40          42
           4
           1           2           4           6
           1          81          97         165         192
        1682        1588        1683        1589        1590        1684
        1591        1685        1686        1592        1593        1687
        1594        1688        1595        1689        1596        1690
        1597        1691        1598        1692        1693        1599
        1600        1694        1601        1695        1696        1602
        1697        1603        1604        1698        1699        1605
        1700        1606        1607        1701        1702        1608
        1703        1609        1704        1610        1611        1705
        1706        1612        1613        1707        1708        1614
        1615        1709        1710        1616        1711        1617
        1618        1712        1713        1619        1620        1714
        1621        1715        1622        1716        1717        1623
        1624        1718        1625        1719        1720        1626
        1627        1721        1628        1722        1723        1629
        1724        1630        1631        1725        1726        1632
        1727        1633        1634        1728        1729        1635
        1636        1730        1637        1731        1732        1638
        1639        1733        1734        1640        1641        1735
        1736        1642        1643        1737        1644        1738
        1645        1739        1646        1740        1647        1741
        1648        1742        1649        1743        1650        1744
        1651        1745        1652        1746        1653        1747
        1654        1748        1655        1749        1656        1750
        1657        1751        1658        1752        1659        1753
        1754        1755        1660        1661        1662        1756
        1663        1757        1664        1758        1665        1759
        1760        1761        1666        1667        1668        1762
        1669        1763        1764        1765        1766        1670
        1767        1671        1768        1672        1769        1673
        1770        1674        1771        1675        1772        1676
        1773        1677        1774        1678        1775        1679
        1776        1680        1777        1681        1778
           4
           1           2           4           6
           1          81          96         168         188
          40          41          62          63          83          86
         106         109         130         131         152         155
         176         179         201         204         228         231
         257         260         288         291         321         322
         353         356         388         391         425         426
         461         462         497         500         536         537
         574         575         612         615         653         654
         693         694         733         734         773         776
         816         817         860         863         907         908
         953         956        1002        1003        1050        1051
        1100        1103        1153        1154        1205        1208
        1259        1262        1313        1316        1368        1369
        1421        1424        1475        1478        1530        1531
        1583        1586        1160        1211        1214        1265
        1268        1320        1321        1373        1376        1427
        1430        1482        1483        1535        1538          24
          25          46          47          67          70          90
          91         112         115         136         137         158
         161         183         184         208         209         235
         236         264         265         295         296         327
         328         360         361         395         396         431
         432         467         468         504         505         542
         543         580         581         619         620         659
         660         699         700         739         740         780
         781         824         825         867         868         869
         870         913         914         960         961        1008
        1009        1058        1059        1107        1108        1109
        1110        1159        1160        1211        1212          24
          25          26          27          28          29          30
          31          32          33          34          35          36
          37          38          39          40          41          42
          43
