           4
           3
           2           3           6
           1          34          70         102
         761         762         763         764         765         766
         767         768         769         770         771         772
         773         774         775         776         777         778
         779         780         781         782         783         784
         785         786         787         788         789         790
         791         792         793         794         795         796
         797         798         799         800         801         802
         803         804         805         806         807         808
         809         810         811         812         813         814
         815         816         817         818         819         820
         821         822         823         824         825         826
         827         828         829         830         831         832
         833         834         835         836         837         838
         839         840         841         842         843         844
         845         846         847         848         849         850
         851         852         853         854         855         856
         857         858         859         860         861
           3
           2           3           6
           1          34          69         101
         301         302         335         336         368         399
         429         430         458         485         511         536
         560         561         562         563         583         602
         620         637         653         668         682         695
         707         718         728         736         743         749
         754         758         760         136         168         200
         233         266         300         334         367         398
         428         457         484         510         535         559
         582         601         619         636         652         667
         681         694         706         717         726         727
         735         742         748         753         756         757
         759         760           1           2           5           9
          14          20          27          35          36          37
          38          39          40          54          69          70
          71          72          73          74          95          96
          97          98          99         100         101         102
         103         104         135         136
           3
           2           3           6
           1          34          69         101
        1603        1604        1605        1606        1607        1608
        1609        1610        1611        1612        1613        1614
        1615        1616        1617        1618        1619        1620
        1621        1622        1623        1624        1625        1626
        1627        1628        1629        1630        1631        1632
        1633        1634        1635        1636        1637        1638
        1639        1640        1641        1642        1643        1644
        1645        1646        1647        1648        1649        1650
        1651        1652        1653        1654        1655        1656
        1657        1658        1659        1660        1661        1662
        1663        1664        1665        1666        1667        1668
        1669        1670        1671        1672        1673        1674
        1675        1676        1677        1678        1679        1680
        1681        1682        1683        1684        1685        1686
        1687        1688        1689        1690        1691        1692
        1693        1694        1695        1696        1697        1698
        1699        1700        1701        1702
           3
           2           3           6
           1          34          68         100
         589         658         661         728         793         856
         859         919         976        1031        1084        1135
        1138        1140        1142        1190        1231        1270
        1307        1342        1375        1406        1435        1462
        1487        1510        1531        1548        1563        1576
        1587        1596        1601         322         386         453
         517         586         652         723         788         851
         912         971        1026        1079        1130        1179
        1226        1265        1302        1337        1370        1401
        1430        1457        1482        1505        1506        1524
        1543        1558        1571        1582        1583        1589
        1596           4           7          14          23          34
          47          62          88          90          92          94
          96          99         128         168         170         172
         174         176         179         239         241         243
         245         247         249         251         253         255
         258         322         324
           3
           2           3           6
           1          67         139         204
        1603        1703        1604        1704        1605        1705
        1606        1706        1607        1707        1608        1708
        1609        1709        1610        1710        1611        1711
        1612        1712        1613        1713        1614        1714
        1615        1715        1616        1716        1617        1717
        1618        1718        1619        1719        1620        1720
        1621        1721        1622        1722        1623        1723
        1624        1724        1625        1725        1626        1726
        1627        1727        1628        1728        1629        1729
        1630        1730        1631        1731        1632        1732
        1633        1733        1634        1734        1635        1735
        1736        1636        1737        1637        1638        1738
        1739        1639        1640        1740        1741        1641
        1642        1742        1743        1643        1744        1644
        1745        1645        1746        1646        1747        1647
        1748        1648        1749        1649        1750        1650
        1751        1651        1752        1652        1753        1653
        1754        1654        1755        1655        1756        1656
        1757        1657        1758        1658        1759        1659
        1760        1660        1761        1661        1662        1663
        1762        1763        1764        1664        1765        1665
        1766        1666        1767        1667        1668        1669
        1768        1769        1770        1670        1771        1772
        1773        1671        1774        1672        1775        1673
        1776        1674        1777        1675        1778        1676
        1779        1677        1780        1678        1781        1679
        1782        1680        1783        1681        1784        1682
        1785        1683        1786        1684        1787        1685
        1788        1686        1789        1687        1790        1688
        1791        1689        1792        1690        1793        1691
        1794        1692        1795        1693        1796        1694
        1797        1695        1798        1696        1799        1697
        1800        1698        1801        1699        1802        1700
        1803        1701        1804        1702        1805
           3
           2           3           6
           1          67         135         199
         588         589         591         658         660         661
         663         728         731         793         796         856
         858         859         861         919         922         976
         979        1031        1034        1084        1087        1135
        1137        1138        1139        1140        1141        1142
        1144        1190        1193        1231        1234        1270
        1273        1307        1310        1342        1345        1375
        1378        1406        1409        1435        1438        1462
        1465        1487        1490        1510        1513        1531
        1534        1548        1551        1563        1566        1576
        1579        1587        1590        1596        1599        1601
         322         323         386         387         450         453
         517         518         583         586         652         653
         720         723         788         789         851         852
         912         913         971         972        1026        1027
        1079        1080        1130        1131        1179        1180
        1226        1227        1265        1266        1302        1303
        1337        1338        1370        1371        1401        1402
        1430        1431        1457        1458        1482        1483
        1503        1504        1505        1506        1524        1525
        1543        1544        1558        1559        1571        1572
        1580        1581        1582        1583        1589        1590
        1596        1597           4           5           7          11
          14          20          23          31          34          44
          47          59          62          86          88          89
          90          91          92          93          94          95
          96          97          99         125         128         166
         168         169         170         171         172         173
         174         175         176         177         179         237
         239         240         241         242         243         244
         245         246         247         248         249         250
         251         252         253         254         255         256
         258         320         322         323         324         325
