           0
           3
           1           7          18
           1          39          54          92
         760         761         762         763         764         765
         766         767         768         769         770         771
         772         773         774         775         776         777
         778         779         780         781         782         783
         784         785         786         787         788         789
         790         791         792         793         794         795
         796         797         798         799         800         801
         802         803         804         805         806         807
         808         809         810         811         812         813
         814         815         816         817         818         819
         820         821         822         823         824         825
         826         827         828         829         830         831
         832         833         834         835         836         837
         838         839         840         841         842         843
         844         845         846         847         848         849
         850
           3
           1           7          18
           1          39          53          91
           1          15          29          44          60          76
          93         109         125         140         154         168
         183         198         214         231         247         264
         282         301         321         342         362         382
         403         425         448         472         497         521
         546         572         599         627         655         682
         708         734           1           2           3           4
           5           6           7           8           9          10
          11          12          13          14          14          28
          43          59          75          92         108         124
         139         153         167         182         197         213
         230         246         263         281         300         320
         341         361         381         402         424         447
         471         496         520         545         571         598
         626         654         681         707         733         759
           3
           1           7          18
           1          38          54          91
        1582        1583        1584        1585        1586        1587
        1588        1589        1590        1591        1592        1593
        1594        1595        1596        1597        1598        1599
        1600        1601        1602        1603        1604        1605
        1606        1607        1608        1609        1610        1611
        1612        1613        1614        1615        1616        1617
        1618        1619        1620        1621        1622        1623
        1624        1625        1626        1627        1628        1629
        1630        1631        1632        1633        1634        1635
        1636        1637        1638        1639        1640        1641
        1642        1643        1644        1645        1646        1647
        1648        1649        1650        1651        1652        1653
        1654        1655        1656        1657        1658        1659
        1660        1661        1662        1663        1664        1665
        1666        1667        1668        1669        1670        1671
           3
           1           7          18
           1          38          52          89
          31          63          94         125         161         194
         231         263         296         327         359         388
         422         455         488         525         560         597
         636         677         718         761         805         848
         893         940         989        1038        1091        1142
        1195        1250        1305        1363        1420        1477
        1531          31          33          35          37          39
          41          43          45          47          49          51
          53          55          57          58          89         122
         156         191         224         258         291         322
         354         385         417         450         485         518
         555         592         631         672         715         756
         800         843         888         935         984        1035
        1084        1137        1190        1245        1302        1360
        1415        1470        1524        1578
           4
           1           7          17          18
           1          75         108         110         184
        1672        1582        1583        1673        1584        1674
        1675        1585        1586        1676        1677        1587
        1588        1678        1679        1589        1680        1590
        1681        1591        1592        1682        1683        1593
        1594        1684        1595        1685        1686        1596
        1597        1687        1598        1688        1599        1689
        1600        1690        1601        1691        1692        1602
        1693        1603        1604        1694        1605        1695
        1606        1696        1607        1697        1608        1698
        1699        1609        1610        1700        1611        1701
        1612        1702        1613        1703        1704        1614
        1705        1615        1706        1616        1617        1707
        1618        1708        1709        1710        1711        1619
        1712        1620        1713        1621        1714        1622
        1715        1623        1716        1624        1717        1625
        1718        1626        1719        1627        1720        1628
        1721        1629        1722        1630        1723        1631
        1724        1632        1633        1725        1634        1726
        1727        1635        1728        1636        1729        1637
        1730        1638        1731        1639        1732        1733
        1640        1734        1641        1735        1642        1736
        1643        1644        1737        1645        1738        1646
        1739        1647        1740        1648        1741        1742
        1649        1650        1743        1651        1744        1652
        1745        1653        1746        1654        1747        1748
        1655        1656        1749        1657        1750        1658
        1751        1659        1752        1660        1753        1661
        1754        1755        1662        1663        1756        1664
        1757        1665        1758        1666        1759        1667
        1760        1761        1668        1762        1669        1763
        1670        1764        1671
           4
           1           7          17          18
           1          75         103         104         178
          31          34          62          63          93          94
         125         128         160         161         194         197
         230         231         263         266         296         299
         327         330         358         359         388         391
         421         422         454         455         488         491
         524         525         559         560         596         597
         635         636         676         677         718         721
         761         764         804         805         847         848
         892         893         939         940         988         989
        1038        1041        1090        1091        1141        1142
        1194        1195        1249        1250        1305        1308
        1363        1366        1420        1423        1476        1477
        1530        1531          31          32          33          34
          35          36          37          38          39          40
          41          42          43          44          45          46
          47          48          49          50          51          52
          53          54          55          56          57          58
          57          55          58          86          89         119
         122         153         156         188         191         224
         225         258         259         291         292         322
         323         351         354         382         385         414
         417         447         450         482         485         518
         519         552         555         589         592         628
         631         669         672         712         715         756
         757         797         800         840         843         885
         888         932         935         981         984        1032
        1035        1084        1085        1134        1137        1187
        1190        1242        1245        1299        1302        1357
        1360        1415        1416        1470        1471        1524
        1525        1578        1579
