           9
           3
           5           8          10
           1          18          56          74
         762         763         764         765         766         767
         768         769         770         771         772         773
         774         775         776         777         778         779
         780         781         782         783         784         785
         786         787         788         789         790         791
         792         793         794         795         796         797
         798         799         800         801         802         803
         804         805         806         807         808         809
         810         811         812         813         814         815
         816         817         818         819         820         821
         822         823         824         825         826         827
         828         829         830         831         832         833
         834
           3
           5           8          10
           1          18          56          74
         353         354         355         356         396         436
         476         516         556         596         636         675
         713         747         754         759         761         709
         710         711         712         720         721         722
         723         724         725         726         727         728
         729         730         731         732         733         734
         735         736         737         738         739         740
         741         742         743         744         745         746
         752         753         756         757         758         760
         761          36          73         111         150         189
         229         269         310         352         395         435
         475         515         555         595         635         674
         712
           3
           5           8          10
           1          18          55          73
        1549        1550        1551        1552        1553        1554
        1555        1556        1557        1558        1559        1560
        1561        1562        1563        1564        1565        1566
        1567        1568        1569        1570        1571        1572
        1573        1574        1575        1576        1577        1578
        1579        1580        1581        1582        1583        1584
        1585        1586        1587        1588        1589        1590
        1591        1592        1593        1594        1595        1596
        1597        1598        1599        1600        1601        1602
        1603        1604        1605        1606        1607        1608
        1609        1610        1611        1612        1613        1614
        1615        1616        1617        1618        1619        1620
           3
           5           8          10
           1          18          56          74
         628         630         632         718         800         882
         964        1046        1128        1210        1291        1370
        1447        1516        1531        1542        1547        1362
        1364        1366        1368        1387        1389        1391
        1393        1395        1397        1399        1401        1403
        1405        1407        1409        1411        1413        1415
        1417        1419        1421        1423        1425        1427
        1429        1431        1433        1435        1436        1437
        1459        1460        1523        1524        1525        1533
        1542          72         147         224         300         381
         459         542         625         710         797         879
         961        1043        1125        1207        1286        1365
        1445
           3
           5           8          10
           1          35         111         147
        1549        1621        1550        1622        1551        1623
        1552        1624        1553        1625        1554        1626
        1555        1627        1556        1628        1557        1629
        1558        1630        1559        1631        1560        1632
        1561        1633        1562        1634        1563        1635
        1564        1636        1565        1637        1566        1567
        1568        1638        1569        1639        1640        1641
        1570        1571        1572        1642        1573        1643
        1574        1644        1575        1645        1576        1646
        1577        1647        1578        1648        1579        1649
        1580        1650        1581        1651        1582        1652
        1583        1653        1584        1654        1585        1655
        1586        1656        1587        1657        1588        1658
        1589        1659        1590        1660        1591        1661
        1592        1662        1593        1663        1594        1664
        1595        1665        1596        1666        1667        1668
        1597        1598        1669        1670        1599        1600
        1601        1671        1672        1673        1674        1602
        1675        1676        1603        1677        1604        1678
        1605        1679        1680        1606        1607        1681
        1682        1608        1609        1683        1610        1684
        1611        1685        1612        1686        1613        1687
        1614        1688        1615        1689        1616        1690
        1617        1691        1692        1618        1693        1619
        1694        1620
           3
           5           8          10
           1          35         113         149
         627         628         629         630         631         632
         634         718         721         800         803         882
         885         964         967        1046        1049        1128
        1131        1210        1213        1291        1294        1370
        1373        1447        1450        1516        1519        1531
        1534        1542        1545        1547        1359        1360
        1361        1362        1363        1364        1365        1366
        1367        1368        1384        1385        1386        1387
        1388        1389        1390        1391        1392        1393
        1394        1395        1396        1397        1398        1399
        1400        1401        1402        1403        1404        1405
        1406        1407        1408        1409        1410        1411
        1412        1413        1414        1415        1416        1417
        1418        1419        1420        1421        1422        1423
        1424        1425        1426        1427        1428        1429
        1430        1431        1432        1433        1434        1435
        1436        1437        1457        1458        1459        1460
        1520        1521        1522        1523        1524        1525
        1533        1534        1542        1543          69          72
         144         147         221         224         300         301
         378         381         459         460         539         542
         622         625         707         710         794         797
         876         879         958         961        1040        1043
        1122        1125        1204        1207        1286        1287
        1365        1366        1442        1445
