          17
           7
           7          11          12          15          16          18
          19
           1          23          55          58          76          84
         103         117
         760         761         762         763         764         765
         766         767         768         769         770         771
         772         773         774         775         776         777
         778         779         780         781         782         783
         784         785         786         787         788         789
         790         791         792         793         794         795
         796         797         798         799         800         801
         802         803         804         805         806         807
         808         809         810         811         812         813
         814         815         816         817         818         819
         820         821         822         823         824         825
         826         827         828         829         830         831
         832         833         834         835         836         837
         838         839         840         841         842         843
         844         845         846         847         848         849
         850         851         852         853         854         855
         856         857         858         859         860         861
         862         863         864         865         866         867
         868         869         870         871         872         873
         874         875
           7
           7          11          12          15          16          18
          19
           1          23          55          58          77          85
         104         118
         160         188         216         244         272         299
         326         353         381         409         438         468
         497         525         554         582         610         639
         669         693         717         740           1           2
           3           4           5           7           8           9
          10          11          12          13          14          21
          22          23          37          53          54          71
          72          91         111         112         113         114
         115         135         136         160         161         162
           5           6          20          20          36          52
          70          90         110         134         159         187
         215         243         271         298         325         352
         380         408         437         467         467         496
         524         553         581         609         638         668
         740         741         742         743         744         745
         746         747         748         749         750         751
         752         753         754         755         756         757
         758         662         663         664         665         666
         667         668         692         716         737         738
         739         758         759
           7
           7          11          12          15          16          18
          19
           1          24          56          59          77          85
         104         117
        1633        1634        1635        1636        1637        1638
        1639        1640        1641        1642        1643        1644
        1645        1646        1647        1648        1649        1650
        1651        1652        1653        1654        1655        1656
        1657        1658        1659        1660        1661        1662
        1663        1664        1665        1666        1667        1668
        1669        1670        1671        1672        1673        1674
        1675        1676        1677        1678        1679        1680
        1681        1682        1683        1684        1685        1686
        1687        1688        1689        1690        1691        1692
        1693        1694        1695        1696        1697        1698
        1699        1700        1701        1702        1703        1704
        1705        1706        1707        1708        1709        1710
        1711        1712        1713        1714        1715        1716
        1717        1718        1719        1720        1721        1722
        1723        1724        1725        1726        1727        1728
        1729        1730        1731        1732        1733        1734
        1735        1736        1737        1738        1739        1740
        1741        1742        1743        1744        1745        1746
        1747        1748
           7
           7          11          12          15          16          18
          19
           1          23          54          57          77          86
         106         120
         393         451         509         565         622         678
         736         793         851         910         969        1030
        1091        1148        1207        1267        1326        1387
        1449        1497        1546        1594          30          31
          32          34          36          49          50          51
          53          55          57          59          61          79
          80          81         116         152         153         191
         192         242         285         286         287         289
         291         339         340         392         394          38
          41          75          40          73         107         146
         187         227         277         329         388         444
         502         560         617         675         731         788
         844         905         966        1027         965        1025
        1084        1145        1202        1262        1321        1382
        1445        1547        1549        1551        1553        1555
        1557        1559        1561        1563        1565        1567
        1569        1571        1573        1575        1577        1579
        1581        1583        1629        1372        1374        1376
        1378        1380        1382        1430        1492        1540
        1541        1542        1584        1585        1627
           8
           0           7          11          12          15          16
          18          19
           1           2          48         114         121         157
         173         211         239
        1749        1633        1750        1634        1751        1635
        1752        1636        1753        1754        1637        1755
        1638        1756        1639        1640        1757        1641
        1758        1642        1759        1643        1760        1761
        1644        1762        1645        1646        1763        1764
        1647        1765        1648        1649        1766        1650
        1767        1651        1768        1652        1769        1770
        1653        1771        1654        1772        1655        1773
        1774        1775        1656        1776        1657        1777
        1658        1778        1659        1779        1660        1780
        1781        1782        1661        1783        1662        1784
        1663        1785        1664        1786        1665        1787
        1666        1667        1668        1788        1789        1790
        1669        1670        1671        1672        1791        1792
        1793        1673        1674        1794        1795        1675
        1676        1677        1796        1797        1798        1799
        1678        1800        1679        1801        1680        1681
        1682        1802        1803        1683        1684        1804
        1805        1806        1685        1686        1687        1807
        1688        1808        1689        1809        1690        1810
        1811        1691        1812        1692        1693        1813
        1694        1814        1815        1695        1816        1696
        1817        1697        1698        1818        1819        1699
        1820        1700        1821        1701        1822        1702
        1703        1823        1704        1824        1705        1825
        1826        1706        1707        1827        1708        1828
        1829        1709        1830        1710        1711        1831
        1832        1712        1713        1833        1714        1834
        1715        1835        1836        1716        1717        1837
        1718        1838        1719        1839        1720        1840
        1721        1841        1722        1842        1723        1843
        1724        1844        1725        1845        1726        1846
        1727        1847        1728        1848        1729        1849
        1730        1850        1731        1851        1732        1852
        1733        1853        1734        1854        1735        1855
        1736        1737        1738        1856        1739        1857
        1740        1858        1741        1859        1742        1860
        1861        1862        1863        1743        1864        1744
        1745        1746        1747        1865        1866        1867
        1748        1868        1869        1870
           8
           0           7          11          12          15          16
          18          19
           1           3          47         111         118         159
         177         218         248
        1547        1594         392         393         450         451
         508         509         565         568         622         625
         678         681         735         736         792         793
         850         851         909         910         969         972
        1030        1033        1090        1091        1148        1151
        1207        1210        1266        1267        1325        1326
        1386        1387        1448        1449        1497        1500
        1546        1549        1593        1594          30          31
          32          33          34          35          36          37
          38          39          49          50          51          52
          53          54          55          56          57          58
          59          60          61          62          63          64
          79          80          81          82          83          84
         115         116         152         153         154         155
         191         192         193         194         241         242
         285         286         287         288         289         290
         291         292         293         294         339         340
         341         342         392         393         394         395
         396         397          36          38          39          41
          73          75          76          40          41          73
          74         107         108         143         146         184
         187         227         228         277         278         329
         330         385         388         444         445         502
         503         560         561         617         618         672
         675         728         731         785         788         844
         845         902         905         963         966        1025
        1027        1028         965         966        1025        1026
        1084        1085        1142        1145        1202        1203
        1259        1262        1318        1321        1379        1382
        1442        1445        1546        1547        1548        1549
        1550        1551        1552        1553        1554        1555
        1556        1557        1558        1559        1560        1561
        1562        1563        1564        1565        1566        1567
        1568        1569        1570        1571        1572        1573
        1574        1575        1576        1577        1578        1579
        1580        1581        1582        1583        1585        1629
        1632        1369        1370        1371        1372        1373
        1374        1375        1376        1377        1378        1379
        1380        1381        1382        1430        1431        1492
        1493        1537        1538        1539        1540        1541
        1542        1582        1583        1584        1585        1627
        1628
