          18
           4
           0           7          17          19
           1          39          40          59          97
         761         762         763         764         765         766
         767         768         769         770         771         772
         773         774         775         776         777         778
         779         780         781         782         783         784
         785         786         787         788         789         790
         791         792         793         794         795         796
         797         798         799         800         801         802
         803         804         805         806         807         808
         809         810         811         812         813         814
         815         816         817         818         819         820
         821         822         823         824         825         826
         827         828         829         830         831         832
         833         834         835         836         837         838
         839         840         841         842         843         844
         845         846         847         848         849         850
         851         852         853         854         855         856
           4
           0           7          17          19
           1          39          40          59          97
           1          20          39          57          75          93
         111         130         150         171         193         215
         237         259         281         303         326         349
         372         394         416         437         458         479
         500         521         542         563         583         603
         623         642         660         677         693         710
         727         744           1           1           2           3
           4           5           6           7           8           9
          10          11          12          13          14          15
          16          17          18          19          19          38
          56          74          92         110         129         149
         170         192         214         236         258         280
         302         325         348         371         393         415
         436         457         478         499         520         541
         562         582         602         622         641         659
         676         692         709         726         743         760
           4
           0           7          17          19
           1          38          39          59          96
        1598        1599        1600        1601        1602        1603
        1604        1605        1606        1607        1608        1609
        1610        1611        1612        1613        1614        1615
        1616        1617        1618        1619        1620        1621
        1622        1623        1624        1625        1626        1627
        1628        1629        1630        1631        1632        1633
        1634        1635        1636        1637        1638        1639
        1640        1641        1642        1643        1644        1645
        1646        1647        1648        1649        1650        1651
        1652        1653        1654        1655        1656        1657
        1658        1659        1660        1661        1662        1663
        1664        1665        1666        1667        1668        1669
        1670        1671        1672        1673        1674        1675
        1676        1677        1678        1679        1680        1681
        1682        1683        1684        1685        1686        1687
        1688        1689        1690        1691        1692
           3
           0          17          19
           1          38          57          94
          41          81         120         158         196         236
         275         316         359         402         448         494
         540         586         634         679         727         775
         822         868         915         957        1001        1045
        1089        1133        1177        1222        1262        1304
        1345        1384        1421        1458        1493        1529
        1565          41          43          45          47          49
          51          53          55          57          59          61
          63          65          67          69          71          73
          75          77          78         115         155         193
         231         270         311         354         399         445
         491         537         583         629         676         724
         772         817         865         908         952         998
        1042        1086        1130        1174        1215        1257
        1301        1340        1379        1416        1451        1488
        1522        1558        1594
           4
           0           7          17          19
           1          75          79         120         194
        1693        1598        1694        1599        1695        1600
        1696        1601        1697        1602        1603        1698
        1604        1699        1605        1700        1606        1701
        1702        1607        1703        1608        1704        1609
        1705        1610        1706        1611        1612        1707
        1708        1613        1709        1614        1710        1615
        1711        1616        1712        1617        1618        1713
        1714        1619        1715        1620        1716        1621
        1717        1622        1718        1623        1719        1624
        1625        1720        1721        1626        1722        1627
        1723        1628        1724        1629        1725        1630
        1631        1726        1632        1727        1633        1728
        1634        1729        1730        1731        1635        1732
        1733        1636        1734        1637        1735        1638
        1736        1639        1737        1640        1738        1641
        1739        1642        1740        1643        1741        1644
        1742        1645        1743        1646        1744        1647
        1745        1648        1746        1649        1747        1650
        1748        1651        1749        1652        1750        1653
        1751        1654        1752        1655        1753        1656
        1754        1755        1657        1658        1756        1659
        1757        1660        1758        1661        1759        1662
        1760        1663        1761        1664        1762        1665
        1763        1666        1764        1667        1765        1668
        1766        1669        1767        1670        1768        1671
        1769        1672        1770        1771        1673        1674
        1772        1773        1675        1774        1676        1677
        1775        1678        1776        1679        1777        1680
        1778        1681        1779        1780        1682        1781
        1683        1684        1782        1783        1685        1784
        1686        1785        1687        1786        1688        1689
        1787        1788        1690        1789        1691        1790
        1692
           4
           0           7          17          19
           1          75          77         115         189
          41          44          81          84         120         123
         158         161         196         199         235         236
         274         275         315         316         358         359
         402         405         448         451         494         497
         540         543         586         589         633         634
         679         682         727         730         775         778
         822         825         868         871         914         915
         957         960        1001        1004        1045        1048
        1089        1092        1133        1136        1177        1180
        1221        1222        1262        1265        1304        1307
        1345        1348        1384        1387        1421        1424
        1457        1458        1492        1493        1528        1529
        1564        1565          41          42          41          42
          43          44          45          46          47          48
          49          50          51          52          53          54
          55          56          57          58          59          60
          61          62          63          64          65          66
          67          68          69          70          71          72
          73          74          75          76          77          78
          75          78         115         116         152         155
         190         193         228         231         267         270
         308         311         351         354         396         399
         442         445         488         491         534         537
         580         583         626         629         673         676
         721         724         769         772         817         818
         862         865         908         909         952         953
         995         998        1039        1042        1083        1086
        1127        1130        1171        1174        1215        1216
        1257        1258        1298        1301        1340        1341
        1379        1380        1416        1417        1451        1452
        1485        1488        1522        1523        1558        1559
        1594        1595
