           6
           6
           1           3           4           5           7           8
           1          12          22          54          90         107
         111
         761         762         763         764         765         766
         767         768         769         770         771         772
         773         774         775         776         777         778
         779         780         781         782         783         784
         785         786         787         788         789         790
         791         792         793         794         795         796
         797         798         799         800         801         802
         803         804         805         806         807         808
         809         810         811         812         813         814
         815         816         817         818         819         820
         821         822         823         824         825         826
         827         828         829         830         831         832
         833         834         835         836         837         838
         839         840         841         842         843         844
         845         846         847         848         849         850
         851         852         853         854         855         856
         857         858         859         860         861         862
         863         864         865         866         867         868
         869         870
           6
           1           3           4           5           7           8
           1          12          23          55          92         109
         113
         750         751         752         753         754         755
         756         757         758         759         760         740
         741         742         743         744         745         746
         747         748         749         750         341         342
         384         426         468         510         552         594
         595         596         597         598         599         636
         672         673         674         675         676         677
         708         709         710         711         712         713
         714         715         716         717         739         740
           1           3           6           7           8           9
          10          18          19          20          21          22
          23          24          25          26          27          28
          29          30          31          32          54          55
          56          57          58          59          60          61
          88          89          90          91          92          93
          94         137         176         216         257         298
         340         383         425         467         509         551
         593         635         671         707         738         760
          32          62          99         137
           6
           1           3           4           5           7           8
           1          11          21          53          88         105
         110
        1616        1617        1618        1619        1620        1621
        1622        1623        1624        1625        1626        1627
        1628        1629        1630        1631        1632        1633
        1634        1635        1636        1637        1638        1639
        1640        1641        1642        1643        1644        1645
        1646        1647        1648        1649        1650        1651
        1652        1653        1654        1655        1656        1657
        1658        1659        1660        1661        1662        1663
        1664        1665        1666        1667        1668        1669
        1670        1671        1672        1673        1674        1675
        1676        1677        1678        1679        1680        1681
        1682        1683        1684        1685        1686        1687
        1688        1689        1690        1691        1692        1693
        1694        1695        1696        1697        1698        1699
        1700        1701        1702        1703        1704        1705
        1706        1707        1708        1709        1710        1711
        1712        1713        1714        1715        1716        1717
        1718        1719        1720        1721        1722        1723
        1724
           6
           1           3           4           5           7           8
           1          12          24          56          92         110
         114
        1551        1553        1555        1557        1559        1561
        1563        1565        1567        1569        1592        1531
        1533        1535        1537        1539        1541        1543
        1545        1547        1549        1572        1594         673
         759         845         931        1017        1103        1189
        1192        1194        1196        1198        1200        1285
        1360        1363        1365        1367        1369        1371
        1444        1447        1449        1451        1453        1455
        1457        1459        1461        1463        1526        1529
        1574           3           8          22          24          26
          28          31          76          78          80          82
          84          86          88          90          92          94
          96          98         100         103         120         164
         166         168         171         184         185         186
         188         245         247         249         251         253
         255         267         345         424         505         585
         670         755         842         928        1014        1100
        1186        1272        1355        1431        1505        1569
        1615         120         193         268         344
           6
           1           3           4           5           7           8
           1          23          43         107         177         212
         222
        1616        1725        1617        1726        1618        1727
        1619        1728        1620        1729        1621        1730
        1622        1731        1623        1732        1624        1733
        1625        1734        1735        1736        1626        1737
        1627        1738        1628        1739        1629        1740
        1630        1741        1631        1742        1632        1743
        1633        1744        1634        1745        1635        1746
        1636        1747        1637        1748        1638        1749
        1639        1750        1640        1751        1641        1752
        1642        1753        1643        1754        1644        1755
        1645        1756        1646        1757        1647        1758
        1648        1759        1649        1760        1650        1761
        1651        1762        1652        1763        1653        1764
        1654        1765        1655        1766        1656        1767
        1657        1768        1658        1769        1659        1770
        1660        1771        1661        1772        1662        1773
        1663        1774        1664        1775        1665        1776
        1666        1777        1667        1778        1779        1668
        1780        1669        1781        1670        1782        1671
        1783        1672        1784        1673        1785        1674
        1786        1675        1787        1676        1788        1677
        1789        1678        1790        1679        1791        1680
        1792        1681        1793        1682        1794        1683
        1795        1684        1796        1685        1797        1686
        1798        1687        1799        1800        1801        1688
        1802        1689        1803        1690        1804        1691
        1805        1806        1807        1808        1692        1809
        1693        1694        1695        1696        1810        1697
        1811        1698        1812        1699        1813        1700
        1701        1702        1814        1703        1815        1704
        1816        1705        1817        1818        1706        1707
        1819        1708        1820        1709        1821        1710
        1822        1711        1823        1712        1824        1713
        1825        1714        1826        1827        1715        1716
        1828        1717        1829        1718        1830        1831
        1719        1832        1720        1833        1721        1834
        1722        1835        1723        1836        1724
           6
           1           3           4           5           7           8
           1          25          52         117         191         227
         235
        1548        1549        1550        1551        1552        1553
        1554        1555        1556        1557        1558        1559
        1560        1561        1562        1563        1564        1565
        1566        1567        1568        1569        1592        1593
        1528        1529        1530        1531        1532        1533
        1534        1535        1536        1537        1538        1539
        1540        1541        1542        1543        1544        1545
        1546        1547        1548        1549        1551        1572
        1573        1594        1597         672         673         675
         759         762         845         848         931         934
        1017        1020        1103        1106        1189        1191
        1192        1193        1194        1195        1196        1197
        1198        1199        1200        1202        1285        1288
        1360        1362        1363        1364        1365        1366
        1367        1368        1369        1370        1371        1373
        1444        1446        1447        1448        1449        1450
        1451        1452        1453        1454        1455        1456
        1457        1458        1459        1460        1461        1462
        1463        1465        1526        1528        1529        1531
        1574        1577           3           5           8          20
          22          23          24          25          26          27
          28          29          31          74          76          77
          78          79          80          81          82          83
          84          85          86          87          88          89
          90          91          92          93          94          95
          96          97          98          99         100         101
         103         119         120         162         164         165
         166         167         168         169         171         184
         185         186         187         188         189         190
         191         243         245         246         247         248
         249         250         251         252         253         254
         255         256         257         258         267         268
         342         345         421         424         502         505
         585         586         667         670         752         755
         839         842         925         928        1011        1014
        1097        1100        1183        1186        1269        1272
        1355        1356        1428        1431        1502        1505
        1566        1569        1612        1615         120         190
         193         265         268         342         344         345
