           8
           6
           5           6           7           9          10          11
           1          24          28          62         100         103
         123
         761         762         763         764         765         766
         767         768         769         770         771         772
         773         774         775         776         777         778
         779         780         781         782         783         784
         785         786         787         788         789         790
         791         792         793         794         795         796
         797         798         799         800         801         802
         803         804         805         806         807         808
         809         810         811         812         813         814
         815         816         817         818         819         820
         821         822         823         824         825         826
         827         828         829         830         831         832
         833         834         835         836         837         838
         839         840         841         842         843         844
         845         846         847         848         849         850
         851         852         853         854         855         856
         857         858         859         860         861         862
         863         864         865         866         867         868
         869         870         871         872         873         874
         875         876         877         878         879         880
         881         882
           6
           5           6           7           9          10          11
           1          24          28          62         100         102
         123
         133         167         200         233         266         298
         329         360         391         422         453         484
         515         546         577         608         638         668
         694         709         724         735         744         744
         751         756         760         663         664         665
         666         667         682         683         684         685
         686         687         688         689         690         691
         692         693         708         720         721         722
         723         732         733         734         742         743
         749         750         755         757         758         759
         760           1           2           3           4           5
           6           7           8           9          10          11
          12          13          14          15          16          17
          18          19          20          21          22          23
          24          25          26          27          28          29
          30          31          35          36          66          67
          68          99         133           4          34          34
          65          98         132         166         199         232
         265         297         328         359         390         421
         452         483         514         545         576         607
         637         667
           6
           5           6           7           9          10          11
           1          25          29          62         100         103
         123
        1641        1642        1643        1644        1645        1646
        1647        1648        1649        1650        1651        1652
        1653        1654        1655        1656        1657        1658
        1659        1660        1661        1662        1663        1664
        1665        1666        1667        1668        1669        1670
        1671        1672        1673        1674        1675        1676
        1677        1678        1679        1680        1681        1682
        1683        1684        1685        1686        1687        1688
        1689        1690        1691        1692        1693        1694
        1695        1696        1697        1698        1699        1700
        1701        1702        1703        1704        1705        1706
        1707        1708        1709        1710        1711        1712
        1713        1714        1715        1716        1717        1718
        1719        1720        1721        1722        1723        1724
        1725        1726        1727        1728        1729        1730
        1731        1732        1733        1734        1735        1736
        1737        1738        1739        1740        1741        1742
        1743        1744        1745        1746        1747        1748
        1749        1750        1751        1752        1753        1754
        1755        1756        1757        1758        1759        1760
        1761        1762
           6
           5           6           7           9          10          11
           1          24          29          63         100         102
         124
         344         413         481         549         616         681
         745         809         873         937        1001        1065
        1129        1193        1257        1322        1384        1446
        1500        1530        1563        1585        1605        1586
        1604        1619        1630        1639        1372        1374
        1376        1378        1380        1412        1414        1416
        1418        1420        1422        1424        1426        1428
        1430        1431        1432        1471        1522        1524
        1525        1526        1549        1550        1551        1576
        1577        1597        1598        1612        1624        1625
        1626        1630          64          65          66          68
          76          77          78          80          82          84
          86          88          90          92          94          96
          98         100         102         104         106         108
         110         112         114         116         118         120
         122         124         126         142         143         206
         207         208         276          68         135          71
         132         200         271         339         408         478
         546         611         676         742         806         870
         934         998        1062        1126        1190        1254
        1315        1377        1442
           6
           5           6           7           9          10          11
           1          50          58         126         204         211
         251
        1641        1763        1764        1642        1765        1643
        1766        1644        1767        1645        1768        1646
        1769        1647        1770        1648        1771        1649
        1772        1650        1773        1651        1774        1652
        1775        1653        1776        1654        1777        1655
        1778        1656        1657        1779        1658        1780
        1659        1781        1660        1782        1783        1661
        1662        1784        1785        1663        1786        1664
        1787        1665        1788        1666        1789        1667
        1790        1668        1791        1669        1670        1671
        1792        1672        1793        1673        1794        1795
        1796        1674        1675        1676        1797        1677
        1798        1678        1799        1679        1800        1680
        1801        1681        1802        1682        1803        1683
        1804        1684        1805        1685        1806        1807
        1808        1809        1686        1687        1688        1689
        1810        1690        1811        1812        1813        1691
        1692        1693        1814        1815        1816        1694
        1695        1817        1818        1696        1697        1819
        1820        1821        1698        1699        1700        1701
        1822        1823        1824        1825        1826        1827
        1828        1829        1702        1830        1703        1831
        1704        1832        1705        1833        1834        1835
        1706        1836        1707        1837        1708        1838
        1709        1839        1710        1840        1711        1841
        1712        1842        1713        1843        1714        1844
        1715        1845        1716        1846        1717        1847
        1718        1848        1719        1849        1720        1850
        1721        1851        1722        1852        1723        1853
        1724        1854        1725        1855        1726        1856
        1727        1857        1728        1858        1729        1859
        1730        1731        1732        1860        1861        1733
        1734        1862        1863        1864        1735        1736
        1737        1738        1865        1739        1866        1867
        1740        1868        1869        1741        1870        1742
        1871        1743        1744        1872        1873        1745
        1874        1746        1747        1875        1748        1876
        1877        1749        1878        1750        1751        1879
        1752        1880        1753        1881        1754        1882
        1755        1883        1756        1884        1757        1885
        1758        1886        1759        1887        1888        1760
        1889        1761        1890        1762
           6
           5           6           7           9          10          11
           1          48          58         128         204         209
         255
         276         344         347         413         416         481
         484         549         552         616         619         681
         684         745         748         809         812         873
         876         937         940        1001        1004        1065
        1068        1129        1132        1193        1196        1257
        1260        1321        1322        1383        1384        1445
        1446        1499        1500        1530        1533        1562
        1563        1585        1588        1604        1605        1585
        1586        1588        1604        1607        1619        1622
        1630        1633        1639        1369        1370        1371
        1372        1373        1374        1375        1376        1377
        1378        1379        1380        1409        1410        1411
        1412        1413        1414        1415        1416        1417
        1418        1419        1420        1421        1422        1423
        1424        1425        1426        1427        1428        1429
        1430        1431        1432        1471        1472        1519
        1520        1521        1522        1523        1524        1525
        1526        1546        1547        1548        1549        1550
        1551        1574        1575        1576        1577        1595
        1596        1597        1598        1612        1613        1621
        1622        1623        1624        1625        1626        1630
        1631          64          65          66          67          68
          69          70          71          76          77          78
          79          80          81          82          83          84
          85          86          87          88          89          90
          91          92          93          94          95          96
          97          98          99         100         101         102
         103         104         105         106         107         108
         109         110         111         112         113         114
         115         116         117         118         119         120
         121         122         123         124         125         126
         127         128         129         142         143         144
         145         206         207         208         209         210
         211         275         276         344         345          68
          69         132         135         202          68          69
          70          71         132         133         200         201
         268         271         339         340         408         409
         475         478         543         546         611         612
         676         677         739         742         803         806
         867         870         931         934         995         998
        1059        1062        1123        1126        1187        1190
        1251        1254        1315        1316        1377        1378
        1439        1442
