          16
           3
          15          17          19
           1          42          50          86
         761         762         763         764         765         766
         767         768         769         770         771         772
         773         774         775         776         777         778
         779         780         781         782         783         784
         785         786         787         788         789         790
         791         792         793         794         795         796
         797         798         799         800         801         802
         803         804         805         806         807         808
         809         810         811         812         813         814
         815         816         817         818         819         820
         821         822         823         824         825         826
         827         828         829         830         831         832
         833         834         835         836         837         838
         839         840         841         842         843         844
         845
           3
          15          17          19
           1          41          49          85
           1           2           3           4           5           6
           7           8           9          10          14          15
          16          17          18          19          20          21
          22          23          24          25          47          48
          49          50          76          77         104         105
         106         107         108         140         172         204
         205         206         240         241           5          26
          51          78         109         141         173         207
         207         242         276         309         341         372
         402         431         459         486         487         512
         536         559         581         602         622         641
         659         676         677         678         679         680
         692         703         713         722         730         737
         743         748         752         755         758         760
           3
          15          17          19
           1          41          50          85
        1573        1574        1575        1576        1577        1578
        1579        1580        1581        1582        1583        1584
        1585        1586        1587        1588        1589        1590
        1591        1592        1593        1594        1595        1596
        1597        1598        1599        1600        1601        1602
        1603        1604        1605        1606        1607        1608
        1609        1610        1611        1612        1613        1614
        1615        1616        1617        1618        1619        1620
        1621        1622        1623        1624        1625        1626
        1627        1628        1629        1630        1631        1632
        1633        1634        1635        1636        1637        1638
        1639        1640        1641        1642        1643        1644
        1645        1646        1647        1648        1649        1650
        1651        1652        1653        1654        1655        1656
           3
          15          17          19
           1          40          48          84
          22          23          24          26          29          55
          57          59          61          63          73          75
          77          79          81          83          85          87
          89          91          93          96         148         150
         152         155         210         213         277         279
         281         283         286         352         418         487
         489         492         562          56         107         160
         226         289         355         425         497         426
         496         565         632         697         760         821
         880         937         992         995        1047        1096
        1143        1188        1231        1272        1311        1348
        1383        1386        1388        1390        1392        1424
        1447        1468        1487        1504        1519        1532
        1543        1552        1561        1565        1570
           3
          15          17          19
           1          83         101         172
        1657        1658        1659        1573        1660        1574
        1661        1575        1662        1576        1663        1664
        1665        1666        1577        1667        1578        1668
        1579        1669        1580        1581        1582        1583
        1670        1584        1671        1585        1672        1586
        1673        1587        1674        1588        1675        1589
        1676        1590        1677        1591        1678        1592
        1679        1593        1680        1594        1681        1595
        1682        1596        1683        1597        1684        1598
        1685        1599        1686        1600        1687        1601
        1688        1602        1689        1603        1690        1604
        1691        1605        1692        1606        1693        1607
        1694        1608        1695        1609        1696        1610
        1697        1611        1698        1612        1613        1699
        1614        1700        1615        1701        1702        1616
        1617        1703        1704        1618        1705        1619
        1706        1620        1707        1621        1708        1622
        1709        1623        1710        1624        1711        1625
        1712        1626        1713        1627        1714        1628
        1715        1629        1716        1630        1717        1631
        1718        1632        1719        1633        1720        1634
        1721        1635        1722        1636        1723        1637
        1724        1638        1725        1639        1726        1640
        1727        1641        1728        1642        1729        1643
        1730        1644        1731        1645        1732        1646
        1733        1647        1734        1648        1735        1649
        1736        1650        1737        1651        1738        1652
        1653        1739        1740        1654        1741        1655
        1742        1656        1743
           3
          15          17          19
           1          79          95         167
          22          23          24          25          26          27
          29          55          56          57          58          59
          60          61          62          63          64          65
          66          71          73          74          75          76
          77          78          79          80          81          82
          83          84          85          86          87          88
          89          90          91          92          93          94
          96         146         148         149         150         151
         152         153         155         208         210         211
         213         275         277         278         279         280
         281         282         283         284         286         349
         352         415         418         485         487         488
         489         490         492         560         562         563
          55          56         106         107         160         163
         225         226         289         292         355         358
         425         428         496         497         425         426
         428         496         499         565         568         632
         635         697         700         760         763         821
         824         880         883         937         940         992
         994         995         997        1047        1050        1096
        1099        1143        1146        1188        1191        1231
        1234        1272        1275        1311        1314        1348
        1351        1383        1385        1386        1387        1388
        1389        1390        1391        1392        1394        1424
        1427        1447        1450        1468        1471        1487
        1490        1504        1507        1519        1522        1532
        1535        1543        1546        1552        1555        1560
        1561        1565        1568        1570
