           7
           7
           0           1           6           8          11          17
          18
           1          15          28          45          79          87
         109         110
         760         761         762         763         764         765
         766         767         768         769         770         771
         772         773         774         775         776         777
         778         779         780         781         782         783
         784         785         786         787         788         789
         790         791         792         793         794         795
         796         797         798         799         800         801
         802         803         804         805         806         807
         808         809         810         811         812         813
         814         815         816         817         818         819
         820         821         822         823         824         825
         826         827         828         829         830         831
         832         833         834         835         836         837
         838         839         840         841         842         843
         844         845         846         847         848         849
         850         851         852         853         854         855
         856         857         858         859         860         861
         862         863         864         865         866         867
         868
           7
           0           1           6           8          11          17
          18
           1          16          29          46          80          88
         110         111
         745         746         747         748         749         750
         751         752         753         754         755         756
         757         758         759         672         673         697
         720         721         722         723         724         725
         726         743         744         745         206         238
         269         300         331         363         394         424
         453         481         509         537         564         591
         619         646         672           1           2           3
           4           5           6           7           8           9
          10          11          12          13          14          15
          16          17          23          41          42          43
          44          63          64          65          88          89
         115         116         144         174         175         176
         206           5          22          40          62          87
         114         143         173         173         205         237
         268         299         330         362         393         423
         452         480         508         536         563         590
         618         645         671         696         719         742
         759         759
           6
           0           1           6           8          11          17
           1          15          28          46          80          88
         110
        1626        1627        1628        1629        1630        1631
        1632        1633        1634        1635        1636        1637
        1638        1639        1640        1641        1642        1643
        1644        1645        1646        1647        1648        1649
        1650        1651        1652        1653        1654        1655
        1656        1657        1658        1659        1660        1661
        1662        1663        1664        1665        1666        1667
        1668        1669        1670        1671        1672        1673
        1674        1675        1676        1677        1678        1679
        1680        1681        1682        1683        1684        1685
        1686        1687        1688        1689        1690        1691
        1692        1693        1694        1695        1696        1697
        1698        1699        1700        1701        1702        1703
        1704        1705        1706        1707        1708        1709
        1710        1711        1712        1713        1714        1715
        1716        1717        1718        1719        1720        1721
        1722        1723        1724        1725        1726        1727
        1728        1729        1730        1731        1732        1733
        1734
           7
           0           1           6           8          11          17
          18
           1          17          31          48          81          89
         112         113
        1563        1565        1567        1569        1571        1573
        1575        1577        1579        1581        1583        1585
        1587        1589        1594        1624        1393        1395
        1447        1496        1499        1501        1503        1505
        1507        1509        1556        1559        1561        1596
         488         553         617         683         746         811
         874         935         994        1052        1110        1167
        1225        1280        1337        1392        1446          36
          37          38          40          42          49          50
          51          53          55          57          59          61
          63          65          67          69          93         135
         136         137         139         184         185         186
         239         240         296         297         362         423
         424         425          45          82         127         178
         233         292         353         419         352         417
         483         548         614         678         743         806
         869         930         989        1049        1107        1162
        1220        1277        1332        1387        1440        1491
        1541        1589        1625        1622
           7
           0           1           6           8          11          17
          18
           1          29          56          92         162         179
         223         225
        1626        1735        1627        1736        1628        1737
        1629        1738        1630        1739        1631        1740
        1632        1741        1633        1742        1634        1743
        1635        1744        1636        1745        1637        1746
        1638        1747        1639        1748        1749        1640
        1750        1641        1751        1642        1752        1643
        1753        1644        1754        1645        1755        1646
        1756        1647        1757        1648        1758        1649
        1759        1650        1760        1651        1761        1652
        1762        1653        1763        1764        1654        1765
        1655        1766        1656        1657        1767        1768
        1658        1769        1659        1770        1660        1771
        1661        1772        1662        1773        1663        1774
        1664        1775        1665        1666        1776        1777
        1667        1778        1668        1779        1669        1780
        1670        1781        1782        1783        1671        1784
        1672        1785        1673        1786        1674        1787
        1675        1788        1789        1790        1676        1791
        1677        1792        1678        1793        1679        1794
        1680        1795        1681        1796        1682        1797
        1683        1798        1684        1799        1685        1686
        1687        1688        1800        1801        1802        1803
        1689        1804        1690        1691        1692        1805
        1806        1807        1693        1694        1695        1808
        1809        1696        1697        1810        1811        1698
        1699        1700        1812        1813        1814        1815
        1701        1702        1703        1704        1816        1817
        1705        1818        1706        1819        1707        1820
        1708        1821        1709        1822        1710        1823
        1711        1824        1712        1825        1826        1713
        1827        1714        1828        1715        1716        1829
        1717        1830        1718        1831        1832        1719
        1833        1720        1834        1721        1835        1722
        1723        1836        1724        1837        1838        1725
        1726        1839        1727        1840        1841        1728
        1842        1729        1843        1730        1844        1731
        1732        1845        1733        1846        1847        1734
        1848        1849
           7
           0           1           6           8          11          17
          18
           1          34          63          98         166         183
         229         233
        1560        1561        1562        1563        1564        1565
        1566        1567        1568        1569        1570        1571
        1572        1573        1574        1575        1576        1577
        1578        1579        1580        1581        1582        1583
        1584        1585        1586        1587        1588        1589
        1594        1595        1624        1392        1393        1394
        1395        1397        1447        1450        1496        1498
        1499        1500        1501        1502        1503        1504
        1505        1506        1507        1508        1509        1511
        1556        1558        1559        1560        1561        1563
        1596        1599         424         488         491         553
         556         617         620         682         683         746
         749         811         814         874         877         935
         938         994         997        1052        1055        1110
        1113        1167        1170        1224        1225        1280
        1283        1337        1340        1392        1395        1445
        1446          36          37          38          39          40
          41          42          43          44          45          49
          50          51          52          53          54          55
          56          57          58          59          60          61
          62          63          64          65          66          67
          68          69          70          71          72          92
          93         135         136         137         138         139
         140         141         142         184         185         186
         187         188         189         239         240         241
         242         296         297         298         299         361
         362         423         424         425         426         427
         428         488         489          42          45          79
          82         124         127         175         178         230
         233         289         292         350         353         417
         419         420         352         353         417         418
         483         484         548         549         611         614
         675         678         740         743         806         807
         869         870         930         931         989         990
        1046        1049        1104        1107        1162        1163
        1217        1220        1274        1277        1332        1333
        1387        1388        1440        1441        1491        1492
        1538        1541        1586        1589        1622        1625
        1588        1589        1622        1623
