          10
           4
           8           9          11          12
           1           3          21          60          80
         760         761         762         763         764         765
         766         767         768         769         770         771
         772         773         774         775         776         777
         778         779         780         781         782         783
         784         785         786         787         788         789
         790         791         792         793         794         795
         796         797         798         799         800         801
         802         803         804         805         806         807
         808         809         810         811         812         813
         814         815         816         817         818         819
         820         821         822         823         824         825
         826         827         828         829         830         831
         832         833         834         835         836         837
         838
           4
           8           9          11          12
           1           4          22          60          80
         641         678         715           1          40          78
         115         152         190         227         265         303
         341         379         417         455         493         531
         568         604         641         715         716         717
         718         719         720         721         722         723
         724         725         733         734         735         736
         737         738         739         740         741         742
         743         744         745         746         747         748
         749         750         751         752         753         754
         755         756         757         758         759          39
          77         114         151         189         226         264
         302         340         378         416         454         492
         530         567         603         640         677         714
         751
           4
           8           9          11          12
           1           3          21          59          79
        1557        1558        1559        1560        1561        1562
        1563        1564        1565        1566        1567        1568
        1569        1570        1571        1572        1573        1574
        1575        1576        1577        1578        1579        1580
        1581        1582        1583        1584        1585        1586
        1587        1588        1589        1590        1591        1592
        1593        1594        1595        1596        1597        1598
        1599        1600        1601        1602        1603        1604
        1605        1606        1607        1608        1609        1610
        1611        1612        1613        1614        1615        1616
        1617        1618        1619        1620        1621        1622
        1623        1624        1625        1626        1627        1628
        1629        1630        1631        1632        1633        1634
           4
           8           9          11          12
           1           4          22          60          80
        1314        1392        1467           2          81         158
         236         311         390         465         543         621
         699         777         855         933        1011        1088
        1165        1240        1315        1392        1394        1396
        1398        1400        1402        1404        1406        1408
        1410        1428        1430        1432        1434        1436
        1438        1440        1442        1444        1446        1448
        1450        1452        1454        1456        1458        1460
        1462        1464        1486        1489        1491        1493
        1495        1497        1499        1500        1501          76
         153         231         308         383         462         540
         618         696         774         852         930        1008
        1083        1158        1235        1309        1387        1461
        1539
           4
           8           9          11          12
           1           6          42         120         160
        1557        1635        1636        1558        1637        1638
        1559        1639        1560        1640        1561        1562
        1641        1642        1563        1564        1643        1644
        1565        1645        1566        1646        1567        1647
        1568        1648        1569        1649        1570        1650
        1571        1651        1572        1652        1573        1574
        1653        1575        1654        1655        1576        1577
        1656        1578        1657        1579        1658        1580
        1659        1581        1660        1582        1661        1583
        1662        1584        1663        1585        1664        1586
        1665        1587        1588        1589        1590        1666
        1591        1667        1592        1668        1593        1669
        1594        1670        1595        1671        1596        1672
        1597        1673        1598        1674        1599        1675
        1600        1676        1601        1677        1602        1678
        1603        1679        1604        1680        1605        1681
        1606        1682        1683        1684        1685        1607
        1686        1608        1687        1609        1688        1610
        1689        1611        1690        1612        1691        1613
        1692        1614        1693        1694        1695        1696
        1615        1697        1616        1617        1698        1618
        1699        1700        1619        1620        1701        1621
        1702        1622        1703        1623        1704        1624
        1705        1625        1706        1626        1707        1627
        1708        1709        1628        1710        1629        1630
        1711        1712        1631        1632        1713        1714
        1633        1715        1634
           4
           8           9          11          12
           1           8          44         120         160
        1240        1314        1317        1391        1392        1466
        1467           2           5          81          84         158
         161         235         236         311         314         389
         390         465         468         543         546         621
         624         699         702         777         780         855
         858         933         936        1011        1014        1088
        1091        1164        1165        1239        1240        1314
        1315        1391        1392        1393        1394        1395
        1396        1397        1398        1399        1400        1401
        1402        1403        1404        1405        1406        1407
        1408        1409        1410        1412        1425        1426
        1427        1428        1429        1430        1431        1432
        1433        1434        1435        1436        1437        1438
        1439        1440        1441        1442        1443        1444
        1445        1446        1447        1448        1449        1450
        1451        1452        1453        1454        1455        1456
        1457        1458        1459        1460        1461        1462
        1463        1464        1486        1488        1489        1490
        1491        1492        1493        1494        1495        1496
        1497        1498        1499        1500        1501          76
          77         153         154         228         231         305
         308         383         384         459         462         537
         540         615         618         693         696         771
         774         849         852         927         930        1005
        1008        1083        1084        1158        1159        1232
        1235        1309        1310        1384        1387        1461
        1462        1536        1539
