           2
           2
           3           4
           1           9          42
         760         761         762         763         764         765
         766         767         768         769         770         771
         772         773         774         775         776         777
         778         779         780         781         782         783
         784         785         786         787         788         789
         790         791         792         793         794         795
         796         797         798         799         800
           2
           3           4
           1           9          42
         508         542         577         612         648         685
         722         759           1           2           5           6
          11          17          24          25          34          44
          55          67          80          81          82          83
         100         118         137         157         178         200
         223         247         272         298         325         353
         382         412         443         475         508
           2
           3           4
           1           8          41
        1488        1489        1490        1491        1492        1493
        1494        1495        1496        1497        1498        1499
        1500        1501        1502        1503        1504        1505
        1506        1507        1508        1509        1510        1511
        1512        1513        1514        1515        1516        1517
        1518        1519        1520        1521        1522        1523
        1524        1525        1526        1527
           2
           3           4
           1           9          42
         987        1055        1124        1192        1265        1338
        1410        1486           4           7          15          18
          29          42          58          61          80         101
         124         149         181         183         185         188
         223         260         299         340         383         428
         475         524         575         628         683         740
         799         860         923         988        1054
           2
           3           4
           1          16          82
        1528        1488        1529        1489        1530        1531
        1490        1491        1532        1492        1533        1534
        1493        1494        1535        1536        1495        1537
        1496        1538        1497        1539        1498        1540
        1499        1541        1500        1542        1501        1543
        1502        1544        1503        1545        1504        1546
        1505        1547        1506        1548        1507        1549
        1508        1550        1509        1551        1510        1552
        1511        1553        1512        1554        1513        1555
        1514        1556        1515        1557        1516        1558
        1517        1559        1518        1560        1519        1561
        1520        1562        1521        1563        1522        1564
        1523        1565        1524        1566        1525        1567
        1526        1568        1527
           2
           3           4
           1          17          83
         987         988        1052        1055        1121        1124
        1192        1193        1262        1265        1335        1338
        1410        1411        1483        1486           4           5
           7          13          15          16          18          26
          29          39          42          56          58          59
          61          77          80          98         101         121
         124         146         149         179         181         182
         183         184         185         186         188         220
         223         257         260         296         299         337
         340         380         383         425         428         472
         475         521         524         572         575         625
         628         680         683         737         740         796
         799         857         860         920         923         985
         988        1052        1054        1055
