           1
           4
           0           3           6           7
           1          39          80          91         104
         760         761         762         763         764         765
         766         767         768         769         770         771
         772         773         774         775         776         777
         778         779         780         781         782         783
         784         785         786         787         788         789
         790         791         792         793         794         795
         796         797         798         799         800         801
         802         803         804         805         806         807
         808         809         810         811         812         813
         814         815         816         817         818         819
         820         821         822         823         824         825
         826         827         828         829         830         831
         832         833         834         835         836         837
         838         839         840         841         842         843
         844         845         846         847         848         849
         850         851         852         853         854         855
         856         857         858         859         860         861
         862
           4
           0           3           6           7
           1          39          80          91         104
          67          89         111         132         153         173
         193         212         231         251         271         290
         310         330         349         369         389         408
         427         446         465         484         504         523
         542         560         578         596         614         632
         649         665         680         696         712         728
         744         759           1          13          26          46
          68          90         112         133         154         174
         194         213         232         252         272         291
         311         331         350         370         390         409
         428         447         466         485         505         524
         543         561         579         597         615         633
         650         666         681         697         713         729
         745           1           2           3           4           5
           6           7           8           9          10          11
          11          12          25          39          40          41
          42          43          44          45          65          66
          67
           4
           0           3           6           7
           1          38          78          89         103
        1605        1606        1607        1608        1609        1610
        1611        1612        1613        1614        1615        1616
        1617        1618        1619        1620        1621        1622
        1623        1624        1625        1626        1627        1628
        1629        1630        1631        1632        1633        1634
        1635        1636        1637        1638        1639        1640
        1641        1642        1643        1644        1645        1646
        1647        1648        1649        1650        1651        1652
        1653        1654        1655        1656        1657        1658
        1659        1660        1661        1662        1663        1664
        1665        1666        1667        1668        1669        1670
        1671        1672        1673        1674        1675        1676
        1677        1678        1679        1680        1681        1682
        1683        1684        1685        1686        1687        1688
        1689        1690        1691        1692        1693        1694
        1695        1696        1697        1698        1699        1700
        1701        1702        1703        1704        1705        1706
           4
           0           3           6           7
           1          38          78          88         101
         184         228         273         319         360         404
         443         485         526         568         607         650
         690         731         774         814         855         895
         935         975        1017        1058        1097        1137
        1176        1214        1252        1292        1328        1365
        1400        1433        1468        1502        1536        1568
        1601          29          56          95         141         189
         233         278         322         365         407         448
         490         529         571         614         655         695
         738         779         819         862         902         942
         980        1022        1061        1104        1142        1183
        1221        1257        1297        1333        1370        1405
        1440        1471        1505        1541        1573          28
          30          32          34          36          38          40
          42          44          46          48          51          80
         121         123         125         127         129         131
         134         179         181         183
           4
           0           3           6           7
           1          75         155         179         208
        1605        1707        1708        1606        1709        1607
        1608        1710        1711        1609        1610        1712
        1713        1611        1612        1714        1613        1715
        1614        1716        1717        1615        1616        1718
        1719        1617        1720        1618        1619        1721
        1722        1620        1723        1621        1724        1622
        1725        1623        1726        1624        1625        1727
        1626        1728        1729        1627        1730        1628
        1731        1629        1732        1630        1733        1631
        1632        1734        1735        1633        1736        1634
        1737        1635        1738        1636        1637        1739
        1638        1740        1639        1741        1742        1640
        1743        1641        1642        1744        1643        1745
        1746        1644        1747        1645        1646        1748
        1749        1647        1750        1648        1751        1649
        1752        1650        1753        1651        1754        1652
        1653        1755        1756        1654        1757        1655
        1656        1758        1657        1759        1760        1658
        1659        1761        1660        1762        1763        1661
        1662        1764        1663        1765        1664        1766
        1767        1665        1666        1768        1769        1667
        1668        1770        1771        1669        1670        1772
        1671        1773        1774        1672        1673        1775
        1776        1674        1777        1675        1778        1676
        1677        1779        1780        1678        1781        1679
        1680        1782        1783        1681        1784        1785
        1786        1682        1787        1683        1788        1684
        1789        1685        1790        1686        1791        1687
        1792        1688        1793        1689        1794        1690
        1795        1691        1692        1796        1797        1693
        1798        1694        1799        1695        1800        1696
        1801        1697        1802        1698        1803        1699
        1804        1700        1805        1701        1806        1702
        1807        1703        1808        1704        1809        1705
        1810        1706        1811
           4
           0           3           6           7
           1          75         155         177         204
         181         184         228         229         273         274
         316         319         360         361         401         404
         443         444         482         485         523         526
         565         568         607         608         647         650
         690         691         731         732         771         774
         814         815         855         856         895         896
         935         936         975         976        1014        1017
        1055        1058        1097        1098        1137        1138
        1176        1177        1214        1215        1252        1253
        1289        1292        1328        1329        1365        1366
        1400        1401        1433        1434        1465        1468
        1499        1502        1533        1536        1568        1569
        1601        1602          28          29          55          56
          95          98         141         144         188         189
         233         236         278         281         322         325
         365         368         407         410         448         451
         489         490         529         532         571         574
         613         614         654         655         695         698
         737         738         778         779         819         822
         861         862         901         902         941         942
         980         983        1021        1022        1061        1064
        1103        1104        1142        1145        1182        1183
        1220        1221        1257        1260        1296        1297
        1333        1336        1370        1373        1405        1408
        1439        1440        1471        1474        1505        1508
        1540        1541        1573        1576          28          29
          30          31          32          33          34          35
          36          37          38          39          40          41
          42          43          44          45          46          47
          48          49          46          48          49          51
          77          80         119         121         122         123
         124         125         126         127         128         129
         130         131         132         134         177         179
         180         181         182         183         184
