          14
           3
          12          13          15
           1          23          61          90
         761         762         763         764         765         766
         767         768         769         770         771         772
         773         774         775         776         777         778
         779         780         781         782         783         784
         785         786         787         788         789         790
         791         792         793         794         795         796
         797         798         799         800         801         802
         803         804         805         806         807         808
         809         810         811         812         813         814
         815         816         817         818         819         820
         821         822         823         824         825         826
         827         828         829         830         831         832
         833         834         835         836         837         838
         839         840         841         842         843         844
         845         846         847         848         849
           3
          12          13          15
           1          23          60          89
           1          12          38          66          96         127
         159         191         224         257         290         323
         356         389         422         454         486         517
         548         578         608         637           1           2
           3           4           5           6           7           8
           9          10          11          16          17          18
          19          20          21          22          23          24
          25          26          27          28          29          36
          37          63          64          65          93          94
          95         126         158         190         223         637
         666         667         668         669         670         671
         672         673         674         675         694         695
         696         697         712         713         714         715
         716         726         735         743         750         756
         757         758         759         760
           3
          12          13          15
           1          24          61          89
        1585        1586        1587        1588        1589        1590
        1591        1592        1593        1594        1595        1596
        1597        1598        1599        1600        1601        1602
        1603        1604        1605        1606        1607        1608
        1609        1610        1611        1612        1613        1614
        1615        1616        1617        1618        1619        1620
        1621        1622        1623        1624        1625        1626
        1627        1628        1629        1630        1631        1632
        1633        1634        1635        1636        1637        1638
        1639        1640        1641        1642        1643        1644
        1645        1646        1647        1648        1649        1650
        1651        1652        1653        1654        1655        1656
        1657        1658        1659        1660        1661        1662
        1663        1664        1665        1666        1667        1668
        1669        1670        1671        1672
           3
          12          13          15
           1          23          59          87
          28          79         137         201         264         327
         395         461         527         593         659         725
         791         855         922         984        1049        1109
        1172        1230        1291        1348          27          29
          31          34          61          62          63          65
          67          69          71          74          87          89
          91          93          95          97          99         101
         103         105         107         109         111         127
         130         187         189         192         254         256
         259         324         390         457        1347        1350
        1352        1354        1356        1358        1360        1362
        1364        1366        1422        1425        1427        1429
        1465        1468        1470        1472        1474        1502
        1521        1538        1553        1566        1569        1571
        1573        1575
           3
          12          13          15
           1          47         123         180
        1585        1673        1586        1674        1675        1587
        1676        1588        1589        1677        1590        1678
        1679        1591        1592        1680        1593        1681
        1594        1682        1595        1683        1596        1684
        1597        1685        1598        1686        1687        1599
        1600        1688        1689        1601        1602        1690
        1691        1603        1604        1692        1693        1605
        1606        1694        1695        1607        1696        1697
        1698        1608        1699        1609        1700        1610
        1701        1611        1702        1703        1704        1705
        1612        1706        1613        1707        1614        1708
        1615        1709        1616        1710        1617        1711
        1618        1712        1619        1713        1620        1714
        1621        1715        1622        1716        1623        1717
        1624        1718        1625        1719        1626        1720
        1627        1721        1628        1722        1629        1723
        1630        1631        1632        1633        1724        1634
        1725        1635        1726        1636        1727        1637
        1728        1638        1729        1639        1730        1640
        1731        1641        1732        1642        1733        1643
        1734        1644        1735        1645        1736        1646
        1737        1647        1738        1648        1739        1649
        1740        1650        1741        1651        1742        1652
        1743        1653        1744        1654        1745        1655
        1746        1656        1747        1657        1748        1658
        1749        1659        1750        1660        1751        1661
        1752        1662        1753        1663        1754        1664
        1755        1665        1756        1666        1757        1667
        1758        1668        1759        1669        1760        1670
        1761        1671        1762        1672        1763
           3
          12          13          15
           1          45         117         173
          27          28          79          82         137         140
         200         201         263         264         327         330
         394         395         460         461         526         527
         592         593         658         659         724         725
         790         791         855         858         921         922
         984         987        1048        1049        1109        1112
        1171        1172        1230        1233        1290        1291
        1347        1348          27          28          29          30
          31          32          34          61          62          63
          64          65          66          67          68          69
          70          71          72          74          85          87
          88          89          90          91          92          93
          94          95          96          97          98          99
         100         101         102         103         104         105
         106         107         108         109         110         111
         112         113         114         125         127         128
         130         185         187         188         189         190
         192         252         254         255         256         257
         259         321         324         387         390         454
         457         522        1291        1347        1349        1350
        1351        1352        1353        1354        1355        1356
        1357        1358        1359        1360        1361        1362
        1363        1364        1365        1366        1368        1422
        1424        1425        1426        1427        1428        1429
        1431        1465        1467        1468        1469        1470
        1471        1472        1473        1474        1476        1502
        1505        1521        1524        1538        1541        1553
        1556        1566        1568        1569        1570        1571
        1572        1573        1574        1575
