          12
           6
          10          11          13          14          15          17
           1          21          39          56          78          97
         100
         760         761         762         763         764         765
         766         767         768         769         770         771
         772         773         774         775         776         777
         778         779         780         781         782         783
         784         785         786         787         788         789
         790         791         792         793         794         795
         796         797         798         799         800         801
         802         803         804         805         806         807
         808         809         810         811         812         813
         814         815         816         817         818         819
         820         821         822         823         824         825
         826         827         828         829         830         831
         832         833         834         835         836         837
         838         839         840         841         842         843
         844         845         846         847         848         849
         850         851         852         853         854         855
         856         857         858
           6
          10          11          13          14          15          17
           1          21          40          58          80          99
         102
           1          23          45          67          89         110
         131         152         172         192         212         232
         251         269         287         305         324         343
         363         382         382         402         422         441
         459         478         496         514         532         550
         568         586         604         623         642         661
         680         700         720          22          44          66
          88         109         130         151         171         191
         211         231         250         268         286         304
         323         342         362         362         381         401
         421         440         458         477         495         513
         531         549         567         585         603         622
         641         660         679         699         719         740
         759         741         742         743         744         745
         746         747         748         749         750         751
         752         753         754         755         756         757
         758         759         720         721         741
           6
          10          11          13          14          15          17
           1          21          39          56          78          96
          99
        1594        1595        1596        1597        1598        1599
        1600        1601        1602        1603        1604        1605
        1606        1607        1608        1609        1610        1611
        1612        1613        1614        1615        1616        1617
        1618        1619        1620        1621        1622        1623
        1624        1625        1626        1627        1628        1629
        1630        1631        1632        1633        1634        1635
        1636        1637        1638        1639        1640        1641
        1642        1643        1644        1645        1646        1647
        1648        1649        1650        1651        1652        1653
        1654        1655        1656        1657        1658        1659
        1660        1661        1662        1663        1664        1665
        1666        1667        1668        1669        1670        1671
        1672        1673        1674        1675        1676        1677
        1678        1679        1680        1681        1682        1683
        1684        1685        1686        1687        1688        1689
        1690        1691
           6
          10          11          13          14          15          17
           1          21          40          58          81         100
         103
           4          50          94         140         187         229
         273         316         358         400         442         483
         522         562         600         637         679         718
         761         801         800         842         883         924
         961        1002        1040        1078        1116        1154
        1192        1230        1269        1307        1349        1389
        1430        1472        1514          43          89         137
         180         224         270         311         355         397
         439         478         517         557         593         634
         674         715         756         714         754         797
         839         878         917         958         995        1033
        1071        1109        1147        1185        1223        1264
        1302        1344        1382        1425        1465        1510
        1551        1593        1518        1520        1522        1524
        1526        1528        1530        1532        1534        1536
        1538        1540        1542        1544        1546        1548
        1550        1552        1554        1472        1515        1556
           6
          10          11          13          14          15          17
           1          41          77         111         155         193
         200
        1594        1692        1595        1693        1694        1596
        1695        1597        1598        1696        1697        1599
        1698        1600        1699        1601        1700        1602
        1701        1603        1702        1604        1703        1605
        1704        1606        1607        1705        1608        1706
        1707        1609        1610        1708        1709        1611
        1612        1710        1711        1613        1712        1614
        1713        1615        1616        1714        1715        1617
        1618        1716        1619        1717        1620        1718
        1621        1719        1622        1720        1623        1721
        1624        1722        1625        1723        1724        1626
        1627        1725        1628        1726        1629        1727
        1630        1728        1729        1631        1730        1632
        1731        1633        1634        1732        1733        1635
        1734        1636        1637        1735        1736        1638
        1639        1737        1640        1738        1641        1739
        1740        1642        1741        1643        1644        1742
        1743        1645        1646        1744        1647        1745
        1648        1746        1747        1649        1650        1748
        1651        1749        1750        1652        1751        1653
        1654        1752        1753        1655        1754        1656
        1755        1657        1756        1658        1757        1659
        1758        1660        1759        1661        1662        1760
        1761        1663        1664        1762        1763        1665
        1666        1764        1765        1667        1668        1766
        1767        1669        1768        1670        1671        1769
        1672        1770        1673        1771        1674        1772
        1675        1773        1676        1774        1677        1775
        1678        1776        1679        1777        1680        1778
        1681        1779        1682        1780        1683        1781
        1684        1782        1685        1783        1686        1784
        1687        1785        1688        1786        1787        1788
        1789        1689        1790        1690        1791        1691
        1792
           6
          10          11          13          14          15          17
           1          41          80         117         163         203
         210
           3           4          49          50          94          97
         140         143         186         187         229         232
         273         276         316         319         358         361
         400         403         442         445         483         486
         522         525         561         562         599         600
         637         640         678         679         718         721
         760         761         800         801         761         800
         803         842         845         883         886         923
         924         961         964        1001        1002        1039
        1040        1077        1078        1115        1116        1153
        1154        1191        1192        1229        1230        1268
        1269        1307        1310        1348        1349        1388
        1389        1429        1430        1471        1472        1513
        1514          43          44          89          90         134
         137         180         181         224         225         267
         270         311         312         352         355         394
         397         436         439         478         479         517
         518         554         557         593         594         631
         634         671         674         712         715         754
         756         757         714         715         754         755
         794         797         836         839         878         879
         917         918         955         958         995         996
        1033        1034        1071        1072        1109        1110
        1147        1148        1185        1186        1223        1224
        1261        1264        1302        1303        1341        1344
        1382        1383        1422        1425        1465        1466
        1507        1510        1551        1552        1590        1593
        1515        1516        1517        1518        1519        1520
        1521        1522        1523        1524        1525        1526
        1527        1528        1529        1530        1531        1532
        1533        1534        1535        1536        1537        1538
        1539        1540        1541        1542        1543        1544
        1545        1546        1547        1548        1549        1550
        1551        1552        1553        1554        1471        1472
        1474        1515        1518        1556        1559
