          15
           4
          12          14          16          17
           1          20          49          89         108
         760         761         762         763         764         765
         766         767         768         769         770         771
         772         773         774         775         776         777
         778         779         780         781         782         783
         784         785         786         787         788         789
         790         791         792         793         794         795
         796         797         798         799         800         801
         802         803         804         805         806         807
         808         809         810         811         812         813
         814         815         816         817         818         819
         820         821         822         823         824         825
         826         827         828         829         830         831
         832         833         834         835         836         837
         838         839         840         841         842         843
         844         845         846         847         848         849
         850         851         852         853         854         855
         856         857         858         859         860         861
         862         863         864         865         866
           4
          12          14          16          17
           1          20          49          90         108
           1           2           3           4           5           6
           7           8           9          10          11          12
          13          14          15          16          17          18
          19          19          39          40          41          42
          43          44          45          46          47          48
          78          79          80          81         114         115
         116         117         118         155         193         232
         272         312         313         314         315         316
         625         626         627         628         629         660
         661         662         663         664         665         666
         667         668         669         670         671         672
         673         674         675         676         677         696
         697         698         699         714         715         728
         729         730         731         732         740         747
         753         754         755         758         759           1
          20          49          82         119         156         194
         233         273         317         361         405         449
         493         536         578         619         660
           4
          12          14          16          17
           1          20          48          87         107
        1607        1608        1609        1610        1611        1612
        1613        1614        1615        1616        1617        1618
        1619        1620        1621        1622        1623        1624
        1625        1626        1627        1628        1629        1630
        1631        1632        1633        1634        1635        1636
        1637        1638        1639        1640        1641        1642
        1643        1644        1645        1646        1647        1648
        1649        1650        1651        1652        1653        1654
        1655        1656        1657        1658        1659        1660
        1661        1662        1663        1664        1665        1666
        1667        1668        1669        1670        1671        1672
        1673        1674        1675        1676        1677        1678
        1679        1680        1681        1682        1683        1684
        1685        1686        1687        1688        1689        1690
        1691        1692        1693        1694        1695        1696
        1697        1698        1699        1700        1701        1702
        1703        1704        1705        1706        1707        1708
        1709        1710        1711        1712
           4
          12          14          16          17
           1          19          47          87         105
          42          44          46          48          50          52
          54          56          58          60          62          64
          66          68          70          72          74          76
          79         139         141         143         145         147
         149         151         153         155         158         225
         227         229         232         307         309         311
         313         316         393         472         553         635
         724         726         728         730        1266        1268
        1270        1272        1337        1339        1341        1343
        1344        1345        1354        1357        1359        1361
        1363        1365        1367        1369        1371        1373
        1375        1377        1450        1453        1455        1457
        1493        1496        1524        1527        1529        1531
        1533        1557        1572        1585        1588        1590
        1600        1603          43         102         167         243
         321         398         477         556         647         735
         823         911         997        1084        1169        1254
        1334        1415
           4
          12          14          16          17
           1          41          97         175         216
        1713        1714        1715        1607        1716        1608
        1717        1609        1718        1610        1719        1611
        1720        1612        1721        1613        1722        1614
        1723        1615        1724        1616        1725        1617
        1726        1618        1727        1619        1728        1620
        1729        1621        1730        1622        1731        1623
        1732        1624        1733        1625        1734        1626
        1735        1627        1736        1628        1737        1629
        1738        1630        1739        1631        1740        1632
        1741        1633        1742        1634        1743        1635
        1744        1636        1745        1637        1746        1638
        1747        1639        1748        1640        1749        1641
        1750        1642        1751        1643        1752        1644
        1753        1645        1754        1646        1755        1647
        1756        1648        1757        1649        1758        1650
        1759        1651        1760        1652        1761        1653
        1654        1655        1656        1762        1657        1763
        1658        1659        1764        1660        1765        1661
        1766        1662        1767        1663        1768        1769
        1770        1771        1664        1772        1665        1773
        1666        1774        1667        1775        1668        1776
        1669        1777        1670        1778        1671        1779
        1672        1780        1673        1781        1674        1782
        1675        1783        1676        1784        1677        1785
        1678        1786        1679        1787        1680        1788
        1681        1789        1682        1790        1683        1791
        1684        1792        1685        1793        1686        1794
        1687        1795        1688        1796        1689        1797
        1690        1798        1691        1799        1692        1800
        1693        1801        1694        1802        1695        1803
        1804        1696        1805        1697        1698        1806
        1699        1807        1700        1808        1809        1701
        1702        1810        1703        1811        1704        1812
        1705        1813        1814        1706        1815        1707
        1816        1708        1709        1817        1818        1710
        1819        1711        1820        1712        1821
           4
          12          14          16          17
           1          39          96         178         214
          42          43          44          45          46          47
          48          49          50          51          52          53
          54          55          56          57          58          59
          60          61          62          63          64          65
          66          67          68          69          70          71
          72          73          74          75          76          77
          78          79          76          79         137         139
         140         141         142         143         144         145
         146         147         148         149         150         151
         152         153         154         155         156         158
         223         225         226         227         228         229
         230         232         305         307         308         309
         310         311         312         313         314         316
         390         393         469         472         550         553
         632         635         722         724         725         726
         727         728         729         730         731        1263
        1264        1265        1266        1267        1268        1269
        1270        1271        1272        1274        1334        1335
        1336        1337        1338        1339        1340        1341
        1342        1343        1344        1345        1354        1356
        1357        1358        1359        1360        1361        1362
        1363        1364        1365        1366        1367        1368
        1369        1370        1371        1372        1373        1374
        1375        1376        1377        1379        1450        1452
        1453        1454        1455        1456        1457        1459
        1493        1495        1496        1498        1524        1526
        1527        1528        1529        1530        1531        1532
        1533        1535        1557        1560        1572        1575
        1585        1587        1588        1589        1590        1592
        1600        1602        1603          42          43         101
         102         167         170         243         246         320
         321         397         398         476         477         556
         559         646         647         734         735         822
         823         910         911         997        1000        1084
        1087        1169        1172        1253        1254        1334
        1337        1415        1418
