          10
         759
          79
          37          38          39          40          41          42
          43          44          45          46          47          48
          49          50          51          52          53          54
          55          56          57          58          59          60
          61          62          63          64          65          66
          67          68          69          70          71          72
          73          74          75         179         180         181
         182         183         184         185         186         187
         188         189         190         191         192         193
         194         195         196         197         198         199
         200         201         202         203         204         205
         206         207         208         209         210         211
         212         213         214         215         216         322
         323         324         325         326         327         328
         329         330         331         332         333         334
         335         336         337         338         339         340
         341         342         343         344         345         346
         347         348         349         350         351         352
         353         354         355         356         357         358
         465         466         467         468         469         470
         471         472         473         474         475         476
         477         478         479         480         481         482
         483         484         485         486         487         488
         489         490         491         492         493         494
         495         496         497         498         499         500
         501         607         608         609         610         611
         612         613         614         615         616         617
         618         619         620         621         622         623
         624         625         626         627         628         629
         630         631         632         633         634         635
         636         637         638         639         640         641
         642         643         644         750         751         752
         753         754         755         756         757         758
         759         760         761         762         763         764
         765         766         767         768         769         770
         771         772         773         774         775         776
         777         778         779         780         781         782
         783         784         785         786         892         893
         894         895         896         897         898         899
         900         901         902         903         904         905
         906         907         908         909         910         911
         912         913         914         915         916         917
         918         919         920         921         922         923
         924         925         926         927         928         929
        1035        1036        1037        1038        1039        1040
        1041        1042        1043        1044        1045        1046
        1047        1048        1049        1050        1051        1052
        1053        1054        1055        1056        1057        1058
        1059        1060        1061        1062        1063        1064
        1065        1066        1067        1068        1069        1070
        1071        1072        1178        1179        1180        1181
        1182        1183        1184        1185        1186        1187
        1188        1189        1190        1191        1192        1193
        1194        1195        1196        1197        1198        1199
        1200        1201        1202        1203        1204        1205
        1206        1207        1208        1209        1210        1211
        1212        1213        1214        1215        1321        1322
        1323        1324        1325        1326        1327        1328
        1329        1330        1331        1332        1333        1334
        1335        1336        1337        1338        1339        1340
        1341        1342        1343        1344        1345        1346
        1347        1348        1349        1350        1351        1352
        1353        1354        1355        1356        1357        1358
        1464        1465        1466        1467        1468        1469
        1470        1471        1472        1473        1474        1475
        1476        1477        1478        1479        1480        1481
        1482        1483        1484        1485        1486        1487
        1488        1489        1490        1491        1492        1493
        1494        1495        1496        1497        1498        1499
        1500        1501        1607        1608        1609        1610
        1611        1612        1613        1614        1615        1616
        1617        1618        1619        1620        1621        1622
        1623        1624        1625        1626        1627        1628
        1629        1630        1631        1632        1633        1634
        1635        1636        1637        1638        1639        1640
        1641        1642        1643        1644        1750        1751
        1752        1753        1754        1755        1756        1757
        1758        1759        1760        1761        1762        1763
        1764        1765        1766        1767        1768        1769
        1770        1771        1772        1773        1774        1775
        1776        1777        1778        1779        1780        1781
        1782        1783        1784        1785        1786        1787
        1893        1894        1895        1896        1897        1898
        1899        1900        1901        1902        1903        1904
        1905        1906        1907        1908        1909        1910
        1911        1912        1913        1914        1915        1916
        1917        1918        1919        1920        1921        1922
        1923        1924        1925        1926        1927        1928
        1929        1930        2036        2037        2038        2039
        2040        2041        2042        2043        2044        2045
        2046        2047        2048        2049        2050        2051
        2052        2053        2054        2055        2056        2057
        2058        2059        2060        2061        2062        2063
        2064        2065        2066        2067        2068        2069
        2070        2071        2072        2179        2180        2181
        2182        2183        2184        2185        2186        2187
        2188        2189        2190        2191        2192        2193
        2194        2195        2196        2197        2198        2199
        2200        2201        2202        2203        2204        2205
        2206        2207        2208        2209        2210        2211
        2212        2213        2214        2321        2322        2323
        2324        2325        2326        2327        2328        2329
        2330        2331        2332        2333        2334        2335
        2336        2337        2338        2339        2340        2341
        2342        2343        2344        2345        2346        2347
        2348        2349        2350        2351        2352        2353
        2354        2355        2356        2357        2463        2464
        2465        2466        2467        2468        2469        2470
        2471        2472        2473        2474        2475        2476
        2477        2478        2479        2480        2481        2482
        2483        2484        2485        2486        2487        2488
        2489        2490        2491        2492        2493        2494
        2495        2496        2497        2498        2499        2606
        2607        2608        2609        2610        2611        2612
        2613        2614        2615        2616        2617        2618
        2619        2620        2621        2622        2623        2624
        2625        2626        2627        2628        2629        2630
        2631        2632        2633        2634        2635        2636
        2637        2638        2639        2640        2641        2642
        2748        2749        2750        2751        2752        2753
        2754        2755        2756        2757        2758        2759
        2760        2761        2762        2763        2764        2765
        2766        2767        2768        2769        2770        2771
        2772        2773        2774        2775        2776        2777
        2778        2779        2780        2781        2782        2783
        2784        2901        2902        2903        2904        2905
        2906        2907        2908        2605        2747          36
         178         321         464         606         749         891
        1034        1177        1320        1463        1606        1749
        1892        2035        2178        2320        2462        2890
        2891        2892        2893        2894        2895        2896
        2897        2898        2899        2900        2909        2910
        2911        2912        2913        2914        2915        2916
        2917        2918        2919        2920        2921        2922
        2923        2924        2925        2926        2927        3043
        3044        3045        3046        3047        3048        3049
        3050        3051          76         217         359         502
         645         787         930        1073        1216        1359
        1502        1645        1788        1931        2073        2215
        2358        2500        2643        2785
        1556
          78
          81
          71          73          74          75          76          77
          78          79          80          81          82          83
          84          85          86          87          88          89
          90          91          92          93          94          95
          96          97          98          99         100         101
         102         103         104         105         106         107
         108         109         110         111         112         113
         114         115         116         117         118         119
         120         121         122         123         124         125
         126         127         128         129         130         131
         132         133         134         135         136         137
         138         139         140         141         142         143
         144         145         146         147         148         149
         150         354         356         357         358         359
         360         361         362         363         364         365
         366         367         368         369         370         371
         372         373         374         375         376         377
         378         379         380         381         382         383
         384         385         386         387         388         389
         390         391         392         393         394         395
         396         397         398         399         400         401
         402         403         404         405         406         407
         408         409         410         411         412         413
         414         415         416         417         418         419
         420         421         422         423         424         425
         426         427         428         429         430         431
         638         640         641         642         643         644
         645         646         647         648         649         650
         651         652         653         654         655         656
         657         658         659         660         661         662
         663         664         665         666         667         668
         669         670         671         672         673         674
         675         676         677         678         679         680
         681         682         683         684         685         686
         687         688         689         690         691         692
         693         694         695         696         697         698
         699         700         701         702         703         704
         705         706         707         708         709         710
         711         712         713         715         922         923
         924         925         926         927         928         929
         930         931         932         933         934         935
         936         937         938         939         940         941
         942         943         944         945         946         947
         948         949         950         951         952         953
         954         955         956         957         958         959
         960         961         962         963         964         965
         966         967         968         969         970         971
         972         973         974         975         976         977
         978         979         980         981         982         983
         984         985         986         987         988         989
         990         991         992         993         994         995
         996         997         999        1204        1206        1207
        1208        1209        1210        1211        1212        1213
        1214        1215        1216        1217        1218        1219
        1220        1221        1222        1223        1224        1225
        1226        1227        1228        1229        1230        1231
        1232        1233        1234        1235        1236        1237
        1238        1239        1240        1241        1242        1243
        1244        1245        1246        1247        1248        1249
        1250        1251        1252        1253        1254        1255
        1256        1257        1258        1259        1260        1261
        1262        1263        1264        1265        1266        1267
        1268        1269        1270        1271        1272        1273
        1274        1275        1276        1277        1278        1279
        1280        1281        1488        1489        1490        1491
        1492        1493        1494        1495        1496        1497
        1498        1499        1500        1501        1502        1503
        1504        1505        1506        1507        1508        1509
        1510        1511        1512        1513        1514        1515
        1516        1517        1518        1519        1520        1521
        1522        1523        1524        1525        1526        1527
        1528        1529        1530        1531        1532        1533
        1534        1535        1536        1537        1538        1539
        1540        1541        1542        1543        1544        1545
        1546        1547        1548        1549        1550        1551
        1552        1553        1554        1555        1556        1557
        1558        1559        1560        1561        1562        1563
        1565        1770        1772        1773        1774        1775
        1776        1777        1778        1779        1780        1781
        1782        1783        1784        1785        1786        1787
        1788        1789        1790        1791        1792        1793
        1794        1795        1796        1797        1798        1799
        1800        1801        1802        1803        1804        1805
        1806        1807        1808        1809        1810        1811
        1812        1813        1814        1815        1816        1817
        1818        1819        1820        1821        1822        1823
        1824        1825        1826        1827        1828        1829
        1830        1831        1832        1833        1834        1835
        1836        1837        1838        1839        1840        1841
        1842        1843        1844        1845        1846        1847
        1849        2054        2056        2057        2058        2059
        2060        2061        2062        2063        2064        2065
        2066        2067        2068        2069        2070        2071
        2072        2073        2074        2075        2076        2077
        2078        2079        2080        2081        2082        2083
        2084        2085        2086        2087        2088        2089
        2090        2091        2092        2093        2094        2095
        2096        2097        2098        2099        2100        2101
        2102        2103        2104        2105        2106        2107
        2108        2109        2110        2111        2112        2113
        2114        2115        2116        2117        2118        2119
        2120        2121        2122        2123        2124        2125
        2126        2127        2128        2129        2130        2131
        2133        2338        2340        2341        2342        2343
        2344        2345        2346        2347        2348        2349
        2350        2351        2352        2353        2354        2355
        2356        2357        2358        2359        2360        2361
        2362        2363        2364        2365        2366        2367
        2368        2369        2370        2371        2372        2373
        2374        2375        2376        2377        2378        2379
        2380        2381        2382        2383        2384        2385
        2386        2387        2388        2389        2390        2391
        2392        2393        2394        2395        2396        2397
        2398        2399        2400        2401        2402        2403
        2404        2405        2406        2407        2408        2409
        2410        2411        2412        2413        2414        2415
        2417        2622        2624        2625        2626        2627
        2628        2629        2630        2631        2632        2633
        2634        2635        2636        2637        2638        2639
        2640        2641        2642        2643        2644        2645
        2646        2647        2648        2649        2650        2651
        2652        2653        2654        2655        2656        2657
        2658        2659        2660        2661        2662        2663
        2664        2665        2666        2667        2668        2669
        2670        2671        2672        2673        2674        2675
        2676        2677        2678        2679        2680        2681
        2682        2683        2684        2685        2686        2687
        2688        2689        2690        2691        2692        2693
        2694        2695        2696        2697        2698        2699
        2701        2906        2908        2909        2910        2911
        2912        2913        2914        2915        2916        2917
        2918        2919        2920        2921        2922        2923
        2924        2925        2926        2927        2928        2929
        2930        2931        2932        2933        2934        2935
        2936        2937        2938        2939        2940        2941
        2942        2943        2944        2945        2946        2947
        2948        2949        2950        2951        2952        2953
        2954        2955        2956        2957        2958        2959
        2960        2961        2962        2963        2964        2965
        2966        2967        2968        2969        2970        2971
        2972        2973        2974        2975        2976        2977
        2978        2979        2980        2981        2982        2983
        2985        3190        3192        3193        3194        3195
        3196        3197        3198        3199        3200        3201
        3202        3203        3204        3205        3206        3207
        3208        3209        3210        3211        3212        3213
        3214        3215        3216        3217        3218        3219
        3220        3221        3222        3223        3224        3225
        3226        3227        3228        3229        3230        3231
        3232        3233        3234        3235        3236        3237
        3238        3239        3240        3241        3242        3243
        3244        3245        3246        3247        3248        3249
        3250        3251        3252        3253        3254        3255
        3256        3257        3258        3259        3260        3261
        3262        3263        3264        3265        3266        3267
        3269        3474        3476        3477        3478        3479
        3480        3481        3482        3483        3484        3485
        3486        3487        3488        3489        3490        3491
        3492        3493        3494        3495        3496        3497
        3498        3499        3500        3501        3502        3503
        3504        3505        3506        3507        3508        3509
        3510        3511        3512        3513        3514        3515
        3516        3517        3518        3519        3520        3521
        3522        3523        3524        3525        3526        3527
        3528        3529        3530        3531        3532        3533
        3534        3535        3536        3537        3538        3539
        3540        3541        3542        3543        3544        3545
        3546        3547        3548        3549        3550        3551
        3553        3758        3760        3761        3762        3763
        3764        3765        3766        3767        3768        3769
        3770        3771        3772        3773        3774        3775
        3776        3777        3778        3779        3780        3781
        3782        3783        3784        3785        3786        3787
        3788        3789        3790        3791        3792        3793
        3794        3795        3796        3797        3798        3799
        3800        3801        3802        3803        3804        3805
        3806        3807        3808        3809        3810        3811
        3812        3813        3814        3815        3816        3817
        3818        3819        3820        3821        3822        3823
        3824        3825        3826        3827        3828        3829
        3830        3831        3832        3833        3834        3835
        4042        4044        4045        4046        4047        4048
        4049        4050        4051        4052        4053        4054
        4055        4056        4057        4058        4059        4060
        4061        4062        4063        4064        4065        4066
        4067        4068        4069        4070        4071        4072
        4073        4074        4075        4076        4077        4078
        4079        4080        4081        4082        4083        4084
        4085        4086        4087        4088        4089        4090
        4091        4092        4093        4094        4095        4096
        4097        4098        4099        4100        4101        4102
        4103        4104        4105        4106        4107        4108
        4109        4110        4111        4112        4113        4114
        4115        4116        4117        4326        4327        4328
        4329        4330        4331        4332        4333        4334
        4335        4336        4337        4338        4339        4340
        4341        4342        4343        4344        4345        4346
        4347        4348        4349        4350        4351        4352
        4353        4354        4355        4356        4357        4358
        4359        4360        4361        4362        4363        4364
        4365        4366        4367        4368        4369        4370
        4371        4372        4373        4374        4375        4376
        4377        4378        4379        4380        4381        4382
        4383        4384        4385        4386        4387        4388
        4389        4390        4391        4392        4393        4394
        4395        4396        4397        4398        4399        4401
        4608        4609        4610        4611        4612        4613
        4614        4615        4616        4617        4618        4619
        4620        4621        4622        4623        4624        4625
        4626        4627        4628        4629        4630        4631
        4632        4633        4634        4635        4636        4637
        4638        4639        4640        4641        4642        4643
        4644        4645        4646        4647        4648        4649
        4650        4651        4652        4653        4654        4655
        4656        4657        4658        4659        4660        4661
        4662        4663        4664        4665        4666        4667
        4668        4669        4670        4671        4672        4673
        4674        4675        4676        4677        4678        4679
        4680        4681        4682        4683        4890        4892
        4893        4894        4895        4896        4897        4898
        4899        4900        4901        4902        4903        4904
        4905        4906        4907        4908        4909        4910
        4911        4912        4913        4914        4915        4916
        4917        4918        4919        4920        4921        4922
        4923        4924        4925        4926        4927        4928
        4929        4930        4931        4932        4933        4934
        4935        4936        4937        4938        4939        4940
        4941        4942        4943        4944        4945        4946
        4947        4948        4949        4950        4951        4952
        4953        4954        4955        4956        4957        4958
        4959        4960        4961        4962        4963        4964
        4965        4967        5174        5175        5176        5177
        5178        5179        5180        5181        5182        5183
        5184        5185        5186        5187        5188        5189
        5190        5191        5192        5193        5194        5195
        5196        5197        5198        5199        5200        5201
        5202        5203        5204        5205        5206        5207
        5208        5209        5210        5211        5212        5213
        5214        5215        5216        5217        5218        5219
        5220        5221        5222        5223        5224        5225
        5226        5227        5228        5229        5230        5231
        5232        5233        5234        5235        5236        5237
        5238        5239        5240        5241        5242        5243
        5244        5245        5246        5247        5248        5249
        5456        5458        5459        5460        5461        5462
        5463        5464        5465        5466        5467        5468
        5469        5470        5471        5472        5473        5474
        5475        5476        5477        5478        5479        5480
        5481        5482        5483        5484        5485        5486
        5487        5488        5489        5490        5491        5492
        5493        5494        5495        5496        5497        5498
        5499        5500        5501        5502        5503        5504
        5505        5506        5507        5508        5509        5510
        5511        5512        5513        5514        5515        5516
        5517        5518        5519        5520        5521        5522
        5523        5524        5525        5526        5527        5528
        5529        5530        5531        5760        5762        5763
        5764        5765        5766        5767        5768        5769
        5770        5771        5772        5773        5774        5775
        5776        5777        5172        5457          72         355
         639         920        1205        1486        1771        2055
        2339        2623        2907        3191        3475        3759
        4043        4324        4606        4891        5740        5742
        5744        5746        5748        5750        5752        5754
        5756        5758        5761        5778        5779        5780
        5782        5784        5786        5788        5790        5792
        5794        5796        5798        5800        5802        5804
        5806        5808        5810        5812        6044        6046
        6048        6050        6052        6054        6056        6058
         152         433         714         998        1283        1564
        1848        2132        2416        2700        2984        3268
        3552        3837        4119        4400        4685        4966
        5251        5533        5173        5454        5738          69
         352         636         921        1202        1487        1768
        2052        2336        2620        2904        3188        3472
        3756        4040        4325        4607        4888        5741
        5743        5745        5747        5749        5751        5753
        5755        5757        5759        5781        5783        5785
        5787        5789        5791        5793        5795        5797
        5799        5801        5803        5805        5807        5809
        5811        5813        5814        5815        6042        6045
        6047        6049        6051        6053        6055        6057
        6059        6060        6061         151         432         717
        1001        1282        1567        1851        2135        2419
        2703        2987        3271        3555        3836        4118
        4403        4684        4969        5250        5532
        2315
          78
          72          73          74          75          76          77
          78          79          80          81          82          83
          84          85          86          87          88          89
          90          91          92          93          94          95
          96          97          98          99         100         101
         102         103         104         105         106         107
         108         109         110         111         112         113
         114         115         116         117         118         119
         120         121         122         123         124         125
         126         127         128         129         130         131
         132         133         134         135         136         137
         138         139         140         141         142         143
         144         145         146         147         148         149
         388         391         392         393         394         395
         396         397         398         399         400         401
         402         403         404         405         406         407
         408         409         410         411         412         413
         414         415         416         417         418         419
         420         421         422         423         424         425
         426         427         428         429         430         431
         432         433         434         435         436         437
         438         439         440         441         442         443
         444         445         446         447         448         449
         450         451         452         453         454         455
         456         457         458         459         460         461
         462         463         464         465         466         467
         468         469         470         471         472         473
         474         475         476         477         478         479
         480         481         482         483         484         485
         486         487         488         489         490         491
         492         493         494         495         496         497
         498         499         500         501         502         503
         504         813         816         817         818         819
         820         821         822         823         824         825
         826         827         828         829         830         831
         832         833         834         835         836         837
         838         839         840         841         842         843
         844         845         846         847         848         849
         850         851         852         853         854         855
         856         857         858         859         860         861
         862         863         864         865         866         867
         868         869         870         871         872         873
         874         875         876         877         878         879
         880         881         882         883         884         885
         886         887         888         889         890         891
         892         893         894         895         896         897
         898         899         900         901         902         903
         904         905         906         907         908         909
         910         911         912         913         914         915
         916         917         918         919         920         921
         922         923         924         925         926         928
        1238        1240        1241        1242        1243        1244
        1245        1246        1247        1248        1249        1250
        1251        1252        1253        1254        1255        1256
        1257        1258        1259        1260        1261        1262
        1263        1264        1265        1266        1267        1268
        1269        1270        1271        1272        1273        1274
        1275        1276        1277        1278        1279        1280
        1281        1282        1283        1284        1285        1286
        1287        1288        1289        1290        1291        1292
        1293        1294        1295        1296        1297        1298
        1299        1300        1301        1302        1303        1304
        1305        1306        1307        1308        1309        1310
        1311        1312        1313        1314        1315        1316
        1317        1318        1319        1320        1321        1322
        1323        1324        1325        1326        1327        1328
        1329        1330        1331        1332        1333        1334
        1335        1336        1337        1338        1339        1340
        1341        1342        1343        1344        1345        1346
        1347        1348        1349        1350        1351        1353
        1660        1663        1664        1665        1666        1667
        1668        1669        1670        1671        1672        1673
        1674        1675        1676        1677        1678        1679
        1680        1681        1682        1683        1684        1685
        1686        1687        1688        1689        1690        1691
        1692        1693        1694        1695        1696        1697
        1698        1699        1700        1701        1702        1703
        1704        1705        1706        1707        1708        1709
        1710        1711        1712        1713        1714        1715
        1716        1717        1718        1719        1720        1721
        1722        1723        1724        1725        1726        1727
        1728        1729        1730        1731        1732        1733
        1734        1735        1736        1737        1738        1739
        1740        1741        1742        1743        1744        1745
        1746        1747        1748        1749        1750        1751
        1752        1753        1754        1755        1756        1757
        1758        1759        1760        1761        1762        1763
        1764        1765        1766        1767        1768        1769
        1770        1771        1772        1773        1774        1775
        1776        2085        2087        2088        2089        2090
        2091        2092        2093        2094        2095        2096
        2097        2098        2099        2100        2101        2102
        2103        2104        2105        2106        2107        2108
        2109        2110        2111        2112        2113        2114
        2115        2116        2117        2118        2119        2120
        2121        2122        2123        2124        2125        2126
        2127        2128        2129        2130        2131        2132
        2133        2134        2135        2136        2137        2138
        2139        2140        2141        2142        2143        2144
        2145        2146        2147        2148        2149        2150
        2151        2152        2153        2154        2155        2156
        2157        2158        2159        2160        2161        2162
        2163        2164        2165        2166        2167        2168
        2169        2170        2171        2172        2173        2174
        2175        2176        2177        2178        2179        2180
        2181        2182        2183        2184        2185        2186
        2187        2188        2189        2190        2191        2192
        2193        2194        2195        2196        2197        2198
        2200        2507        2510        2511        2512        2513
        2514        2515        2516        2517        2518        2519
        2520        2521        2522        2523        2524        2525
        2526        2527        2528        2529        2530        2531
        2532        2533        2534        2535        2536        2537
        2538        2539        2540        2541        2542        2543
        2544        2545        2546        2547        2548        2549
        2550        2551        2552        2553        2554        2555
        2556        2557        2558        2559        2560        2561
        2562        2563        2564        2565        2566        2567
        2568        2569        2570        2571        2572        2573
        2574        2575        2576        2577        2578        2579
        2580        2581        2582        2583        2584        2585
        2586        2587        2588        2589        2590        2591
        2592        2593        2594        2595        2596        2597
        2598        2599        2600        2601        2602        2603
        2604        2605        2606        2607        2608        2609
        2610        2611        2612        2613        2614        2615
        2616        2617        2618        2619        2620        2621
        2622        2623        2625        2932        2935        2936
        2937        2938        2939        2940        2941        2942
        2943        2944        2945        2946        2947        2948
        2949        2950        2951        2952        2953        2954
        2955        2956        2957        2958        2959        2960
        2961        2962        2963        2964        2965        2966
        2967        2968        2969        2970        2971        2972
        2973        2974        2975        2976        2977        2978
        2979        2980        2981        2982        2983        2984
        2985        2986        2987        2988        2989        2990
        2991        2992        2993        2994        2995        2996
        2997        2998        2999        3000        3001        3002
        3003        3004        3005        3006        3007        3008
        3009        3010        3011        3012        3013        3014
        3015        3016        3017        3018        3019        3020
        3021        3022        3023        3024        3025        3026
        3027        3028        3029        3030        3031        3032
        3033        3034        3035        3036        3037        3038
        3039        3040        3041        3042        3043        3044
        3045        3046        3047        3048        3050        3357
        3360        3361        3362        3363        3364        3365
        3366        3367        3368        3369        3370        3371
        3372        3373        3374        3375        3376        3377
        3378        3379        3380        3381        3382        3383
        3384        3385        3386        3387        3388        3389
        3390        3391        3392        3393        3394        3395
        3396        3397        3398        3399        3400        3401
        3402        3403        3404        3405        3406        3407
        3408        3409        3410        3411        3412        3413
        3414        3415        3416        3417        3418        3419
        3420        3421        3422        3423        3424        3425
        3426        3427        3428        3429        3430        3431
        3432        3433        3434        3435        3436        3437
        3438        3439        3440        3441        3442        3443
        3444        3445        3446        3447        3448        3449
        3450        3451        3452        3453        3454        3455
        3456        3457        3458        3459        3460        3461
        3462        3463        3464        3465        3466        3467
        3468        3469        3470        3471        3472        3473
        3475        3782        3785        3786        3787        3788
        3789        3790        3791        3792        3793        3794
        3795        3796        3797        3798        3799        3800
        3801        3802        3803        3804        3805        3806
        3807        3808        3809        3810        3811        3812
        3813        3814        3815        3816        3817        3818
        3819        3820        3821        3822        3823        3824
        3825        3826        3827        3828        3829        3830
        3831        3832        3833        3834        3835        3836
        3837        3838        3839        3840        3841        3842
        3843        3844        3845        3846        3847        3848
        3849        3850        3851        3852        3853        3854
        3855        3856        3857        3858        3859        3860
        3861        3862        3863        3864        3865        3866
        3867        3868        3869        3870        3871        3872
        3873        3874        3875        3876        3877        3878
        3879        3880        3881        3882        3883        3884
        3885        3886        3887        3888        3889        3890
        3891        3892        3893        3894        3895        3896
        3897        3898        3900        4207        4210        4211
        4212        4213        4214        4215        4216        4217
        4218        4219        4220        4221        4222        4223
        4224        4225        4226        4227        4228        4229
        4230        4231        4232        4233        4234        4235
        4236        4237        4238        4239        4240        4241
        4242        4243        4244        4245        4246        4247
        4248        4249        4250        4251        4252        4253
        4254        4255        4256        4257        4258        4259
        4260        4261        4262        4263        4264        4265
        4266        4267        4268        4269        4270        4271
        4272        4273        4274        4275        4276        4277
        4278        4279        4280        4281        4282        4283
        4284        4285        4286        4287        4288        4289
        4290        4291        4292        4293        4294        4295
        4296        4297        4298        4299        4300        4301
        4302        4303        4304        4305        4306        4307
        4308        4309        4310        4311        4312        4313
        4314        4315        4316        4317        4318        4319
        4320        4321        4322        4323        4325        4632
        4635        4636        4637        4638        4639        4640
        4641        4642        4643        4644        4645        4646
        4647        4648        4649        4650        4651        4652
        4653        4654        4655        4656        4657        4658
        4659        4660        4661        4662        4663        4664
        4665        4666        4667        4668        4669        4670
        4671        4672        4673        4674        4675        4676
        4677        4678        4679        4680        4681        4682
        4683        4684        4685        4686        4687        4688
        4689        4690        4691        4692        4693        4694
        4695        4696        4697        4698        4699        4700
        4701        4702        4703        4704        4705        4706
        4707        4708        4709        4710        4711        4712
        4713        4714        4715        4716        4717        4718
        4719        4720        4721        4722        4723        4724
        4725        4726        4727        4728        4729        4730
        4731        4732        4733        4734        4735        4736
        4737        4738        4739        4740        4741        4742
        4743        4744        4745        4746        4747        4748
        4750        5057        5060        5061        5062        5063
        5064        5065        5066        5067        5068        5069
        5070        5071        5072        5073        5074        5075
        5076        5077        5078        5079        5080        5081
        5082        5083        5084        5085        5086        5087
        5088        5089        5090        5091        5092        5093
        5094        5095        5096        5097        5098        5099
        5100        5101        5102        5103        5104        5105
        5106        5107        5108        5109        5110        5111
        5112        5113        5114        5115        5116        5117
        5118        5119        5120        5121        5122        5123
        5124        5125        5126        5127        5128        5129
        5130        5131        5132        5133        5134        5135
        5136        5137        5138        5139        5140        5141
        5142        5143        5144        5145        5146        5147
        5148        5149        5150        5151        5152        5153
        5154        5155        5156        5157        5158        5159
        5160        5161        5162        5163        5164        5165
        5166        5167        5168        5169        5170        5171
        5172        5173        5175        5482        5485        5486
        5487        5488        5489        5490        5491        5492
        5493        5494        5495        5496        5497        5498
        5499        5500        5501        5502        5503        5504
        5505        5506        5507        5508        5509        5510
        5511        5512        5513        5514        5515        5516
        5517        5518        5519        5520        5521        5522
        5523        5524        5525        5526        5527        5528
        5529        5530        5531        5532        5533        5534
        5535        5536        5537        5538        5539        5540
        5541        5542        5543        5544        5545        5546
        5547        5548        5549        5550        5551        5552
        5553        5554        5555        5556        5557        5558
        5559        5560        5561        5562        5563        5564
        5565        5566        5567        5568        5569        5570
        5571        5572        5573        5574        5575        5576
        5577        5578        5579        5580        5581        5582
        5583        5584        5585        5586        5587        5588
        5589        5590        5591        5592        5593        5594
        5595        5596        5597        5598        5907        5910
        5911        5912        5913        5914        5915        5916
        5917        5918        5919        5920        5921        5922
        5923        5924        5925        5926        5927        5928
        5929        5930        5931        5932        5933        5934
        5935        5936        5937        5938        5939        5940
        5941        5942        5943        5944        5945        5946
        5947        5948        5949        5950        5951        5952
        5953        5954        5955        5956        5957        5958
        5959        5960        5961        5962        5963        5964
        5965        5966        5967        5968        5969        5970
        5971        5972        5973        5974        5975        5976
        5977        5978        5979        5980        5981        5982
        5983        5984        5985        5986        5987        5988
        5989        5990        5991        5992        5993        5994
        5995        5996        5997        5998        5999        6000
        6001        6002        6003        6004        6005        6006
        6007        6008        6009        6010        6011        6012
        6013        6014        6015        6016        6017        6018
        6019        6020        6332        6334        6335        6336
        6337        6338        6339        6340        6341        6342
        6343        6344        6345        6346        6347        6348
        6349        6350        6351        6352        6353        6354
        6355        6356        6357        6358        6359        6360
        6361        6362        6363        6364        6365        6366
        6367        6368        6369        6370        6371        6372
        6373        6374        6375        6376        6377        6378
        6379        6380        6381        6382        6383        6384
        6385        6386        6387        6388        6389        6390
        6391        6392        6393        6394        6395        6396
        6397        6398        6399        6400        6401        6402
        6403        6404        6405        6406        6407        6408
        6409        6410        6411        6412        6413        6414
        6415        6416        6417        6418        6419        6420
        6421        6422        6423        6424        6425        6426
        6427        6428        6429        6430        6431        6432
        6433        6434        6435        6436        6437        6438
        6439        6440        6441        6442        6444        6754
        6756        6757        6758        6759        6760        6761
        6762        6763        6764        6765        6766        6767
        6768        6769        6770        6771        6772        6773
        6774        6775        6776        6777        6778        6779
        6780        6781        6782        6783        6784        6785
        6786        6787        6788        6789        6790        6791
        6792        6793        6794        6795        6796        6797
        6798        6799        6800        6801        6802        6803
        6804        6805        6806        6807        6808        6809
        6810        6811        6812        6813        6814        6815
        6816        6817        6818        6819        6820        6821
        6822        6823        6824        6825        6826        6827
        6828        6829        6830        6831        6832        6833
        6834        6835        6836        6837        6838        6839
        6840        6841        6842        6843        6844        6845
        6846        6847        6848        6849        6850        6851
        6852        6853        6854        6855        6856        6857
        6858        6859        6860        6861        6862        6863
        6864        6865        6866        6867        7176        7179
        7180        7181        7182        7183        7184        7185
        7186        7187        7188        7189        7190        7191
        7192        7193        7194        7195        7196        7197
        7198        7199        7200        7201        7202        7203
        7204        7205        7206        7207        7208        7209
        7210        7211        7212        7213        7214        7215
        7216        7217        7218        7219        7220        7221
        7222        7223        7224        7225        7226        7227
        7228        7229        7230        7231        7232        7233
        7234        7235        7236        7237        7238        7239
        7240        7241        7242        7243        7244        7245
        7246        7247        7248        7249        7250        7251
        7252        7253        7254        7255        7256        7257
        7258        7259        7260        7261        7262        7263
        7264        7265        7266        7267        7268        7269
        7270        7271        7272        7273        7274        7275
        7276        7277        7278        7279        7280        7281
        7282        7283        7284        7285        7286        7287
        7288        7289        7291        7601        7603        7604
        7605        7606        7607        7608        7609        7610
        7611        7612        7613        7614        7615        7616
        7617        7618        7619        7620        7621        7622
        7623        7624        7625        7626        7627        7628
        7629        7630        7631        7632        7633        7634
        7635        7636        7637        7638        7639        7640
        7641        7642        7643        7644        7645        7646
        7647        7648        7649        7650        7651        7652
        7653        7654        7655        7656        7657        7658
        7659        7660        7661        7662        7663        7664
        7665        7666        7667        7668        7669        7670
        7671        7672        7673        7674        7675        7676
        7677        7678        7679        7680        7681        7682
        7683        7684        7685        7686        7687        7688
        7689        7690        7691        7692        7693        7694
        7695        7696        7697        7698        7699        7700
        7701        7702        7703        7704        7705        7706
        7707        7708        7709        7710        7711        7712
        7713        7714        8023        8026        8027        8028
        8029        8030        8031        8032        8033        8034
        8035        8036        8037        8038        8039        8040
        8041        8042        8043        8044        8045        8046
        8047        8048        8049        8050        8051        8052
        8053        8054        8055        8056        8057        8058
        8059        8060        8061        8062        8063        8064
        8065        8066        8067        8068        8069        8070
        8071        8072        8073        8074        8075        8076
        8077        8078        8079        8080        8081        8082
        8083        8084        8085        8086        8087        8088
        8089        8090        8091        8092        8093        8094
        8095        8096        8097        8098        8099        8100
        8101        8102        8103        8104        8105        8106
        8107        8108        8109        8110        8111        8112
        8113        8114        8115        8116        8117        8118
        8119        8120        8121        8122        8123        8124
        8125        8126        8127        8128        8129        8130
        8131        8132        8133        8134        8135        8136
        8478        8481        8482        8483        8484        8485
        8486        8487        8488        8489        8490        8491
        8492        8493        8494        8495        8496        8497
        8498        8499        8500        8501        8502        8503
        8504       44626       44627       44628       44629       44630
       44631       44632       44633       44634       44635       44636
       44637       44638       44639       44640       44641       44642
       44643       44644       44645       44646       44647       44648
       44649       44650       44651       44652       44653       44654
       44655       44656       44657       44658       44659       44660
       44661       44662       44663       44664       44665          71
         150         390         506         815         929        1239
        1354        1662        1778        2086        2201        2509
        2626        2934        3051        3359        3476        3784
        3901        4209        4326        4634        4751        5059
        5176        5484        5600        5909        6022        6333
        6445        6755        6869        7178        7292        7602
        7716        8025        8448        8451        8454        8457
        8460        8463        8466        8469        8472        8475
        8505        8508        8511        8514        8517        8520
        8523        8526        8529        8532        8535        8538
        8541        8544        8547        8550        8553        8138
        8556        8480        8903        8906        8909        8912
        8915        8918        8921        8506        8924
