           8
         760
         122
        2602        2603        2604        2605        2718        2719
        2720        2721        2722        2723        2724        2725
        2726        2727        2728        2729        2730        2731
        2732        2733        2734        2735        2736        2737
        2738        2739        2740        2741        2742        2743
        2744        2745        2746        2747        2859        2860
        2861        2862        2863        2864        2865        2866
        2867        2868        2869        2870        2871        2872
        2873        2874        2875        2876        2877        2878
        2879        2880        2881        2882        2883        2884
        2885        2886        2887        2888        2889        2999
        3000        3001        3002        3003        3004        3005
        3006        3007        3008        3009        3010        3011
        3012        3013        3014        3015        3016        3017
        3018        3019        3020        3021        3022        3023
        3024        3025        3026        3027        3028        3029
        3030        3031        3141        3142        3143        3144
        3145        3146        3147        3148        3149        3150
        3151        3152        3153        3154        3155        3156
        3157        3158        3159        3160        3161        3162
        3163        3164        3165        3166        3167        3168
        3169        3170        3171        3172        3173        3174
        3283        3284        3285        3286        3287        3288
        3289        3290        3291        3292        3293        3294
        3295        3296        3297        3298        3299        3300
        3301        3302        3303        3304        3305        3306
        3307        3308        3309        3310        3311        3312
        3313        3314        3315        3316        3426        3427
        3428        3429        3430        3431        3432        3433
        3434        3435        3436        3437        3438        3439
        3440        3441        3442        3443        3444        3445
        3446        3447        3448        3449        3450        3451
        3452        3453        3454        3455        3456        3457
        3458        3569        3570        3571        3572        3573
        3574        3575        3576        3577        3578        3579
        3580        3581        3582        3583        3584        3585
        3586        3587        3588        3589        3590        3591
        3592        3593        3594        3595        3596        3597
        3598        3599        3600        3601        3712        3713
        3714        3715        3716        3717        3718        3719
        3720        3721        3722        3723        3724        3725
        3726        3727        3728        3729        3730        3731
        3732        3733        3734        3735        3736        3737
        3738        3739        3740        3741        3742        3743
        3744        3855        3856        3857        3858        3859
        3860        3861        3862        3863        3864        3865
        3866        3867        3868        3869        3870        3871
        3872        3873        3874        3875        3876        3877
        3878        3879        3880        3881        3882        3883
        3884        3885        3886        3998        3999        4000
        4001        4002        4003        4004        4005        4006
        4007        4008        4009        4010        4011        4012
        4013        4014        4015        4016        4017        4018
        4019        4020        4021        4022        4023        4024
        4025        4026        4027        4028        4141        4142
        4143        4144        4145        4146        4147        4148
        4149        4150        4151        4152        4153        4154
        4155        4156        4157        4158        4159        4160
        4161        4162        4163        4164        4165        4166
        4167        4168        4169        4170        4171        4284
        4285        4286        4287        4288        4289        4290
        4291        4292        4293        4294        4295        4296
        4297        4298        4299        4300        4301        4302
        4303        4304        4305        4306        4307        4308
        4309        4310        4311        4312        4313        4314
        4427        4428        4429        4430        4431        4432
        4433        4434        4435        4436        4437        4438
        4439        4440        4441        4442        4443        4444
        4445        4446        4447        4448        4449        4450
        4451        4452        4453        4454        4455        4456
        4457        4570        4571        4572        4573        4574
        4575        4576        4577        4578        4579        4580
        4581        4582        4583        4584        4585        4586
        4587        4588        4589        4590        4591        4592
        4593        4594        4595        4596        4597        4598
        4599        4600        4713        4714        4715        4716
        4717        4718        4719        4720        4721        4722
        4723        4724        4725        4726        4727        4728
        4729        4730        4731        4732        4733        4734
        4735        4736        4737        4738        4739        4740
        4741        4742        4743        4856        4857        4858
        4859        4860        4861        4862        4863        4864
        4865        4866        4867        4868        4869        4870
        4871        4872        4873        4874        4875        4876
        4877        4878        4879        4880        4881        4882
        4883        4884        4885        4886        4999        5000
        5001        5002        5003        5004        5005        5006
        5007        5008        5009        5010        5011        5012
        5013        5014        5015        5016        5017        5018
        5019        5020        5021        5022        5023        5024
        5025        5026        5027        5028        5029        5142
        5143        5144        5145        5146        5147        5148
        5149        5150        5151        5152        5153        5154
        5155        5156        5157        5158        5159        5160
        5161        5162        5163        5164        5165        5166
        5167        5168        5169        5170        5171        5172
        5285        5286        5287        5288        5289        5290
        5291        5292        5293        5294        5295        5296
        5297        5298        5299        5300        5301        5302
        5303        5304        5305        5306        5307        5308
        5309        5310        5311        5312        5313        5314
        5315        5428        5429        5430        5431        5432
        5433        5434        5435        5436        5437        5438
        5439        5440        5441        5442        5443        5444
        5445        5446        5447        5448        5449        5450
        5451        5452        5453        5454        5455        5456
        5457        5570        5571        5572        5573        5574
        5575        5576        5577        5578        5579        5580
        5581        5582        5583        5584        5585        5586
        5587        5588        5589        5590        5591        5592
        5593        5594        5595        5596        5597        5598
        5599        5712        5713        5714        5715        5716
        5717        5718        5719        5720        5721        5722
        5723        5724        5725        5726        5727        5728
        5729        5730        5731        5732        5733        5734
        5735        5736        5737        5854        5855        5856
        5857        5858        5859        5860        5861        5862
        5863        5864        5865        5866        5867        5868
        5996        5997        5998        5999        6000        6001
        6002        6003        6004        6005        6006        6007
        6008        6009        6010        6139        6140        6141
        6142        6143        6144        6145        6146        6147
        6148        6149        6281        6282        6283        6284
        6285        6286        6287        6288        6289        6424
        6425        6426        6427        6428        6429        6430
        6567        6568        6569        6570        6571        6710
        6711        6712        6713        6853        3282        3425
        3568        3711        3854        3997        4140        4283
        4426        4569        4712        4855        4998        5141
        5284        5427        5569        5711        5853        5995
        6138        6280        6423        6566        6709        6852
        6995        5738        5739        5740        5741        5742
        5869        5870        5871        5872        5873        5874
        5875        5876        5877        5878        5879        5880
        6011        6150        6151        6152        6153        6290
        6291        6292        6431        6432        6572        6573
        6714        6854        6855        6856        6996        2459
        2460        2461        2462        2575        2576        2577
        2578        2579        2580        2581        2582        2583
        2584        2585        2586        2587        2588        2589
        2590        2591        2592        2593        2594        2595
        2596        2597        2598        2599        2600        2601
        2716        2717        2856        2857        2858        2998
        3140        2463        2606        2748        2890        3032
        3175        3317        3459        3602        3745        3887
        4029        4172        4315        4458        4601        4744
        4887        5030        5173        5316        5458        5600
        1640
         122
         128
        4884        4885        4886        4887        4888        4889
        4890        4891        4893        5114        5115        5116
        5117        5118        5119        5120        5121        5122
        5123        5124        5125        5126        5127        5128
        5129        5130        5131        5132        5133        5134
        5135        5136        5137        5138        5139        5140
        5141        5142        5143        5144        5145        5146
        5147        5148        5149        5150        5151        5152
        5153        5154        5155        5156        5157        5158
        5159        5160        5161        5162        5163        5164
        5165        5166        5167        5168        5169        5170
        5171        5172        5173        5174        5175        5394
        5395        5396        5397        5398        5399        5400
        5401        5402        5403        5404        5405        5406
        5407        5408        5409        5410        5411        5412
        5413        5414        5415        5416        5417        5418
        5419        5420        5421        5422        5423        5424
        5425        5426        5427        5428        5429        5430
        5431        5432        5433        5434        5435        5436
        5437        5438        5439        5440        5441        5442
        5443        5444        5445        5446        5447        5448
        5449        5450        5451        5452        5453        5454
        5455        5456        5457        5672        5673        5674
        5675        5676        5677        5678        5679        5680
        5681        5682        5683        5684        5685        5686
        5687        5688        5689        5690        5691        5692
        5693        5694        5695        5696        5697        5698
        5699        5700        5701        5702        5703        5704
        5705        5706        5707        5708        5709        5710
        5711        5712        5713        5714        5715        5716
        5717        5718        5719        5720        5721        5722
        5723        5724        5725        5726        5727        5728
        5729        5730        5731        5732        5733        5734
        5735        5736        5737        5738        5739        5954
        5955        5956        5957        5958        5959        5960
        5961        5962        5963        5964        5965        5966
        5967        5968        5969        5970        5971        5972
        5973        5974        5975        5976        5977        5978
        5979        5980        5981        5982        5983        5984
        5985        5986        5987        5988        5989        5990
        5991        5992        5993        5994        5995        5996
        5997        5998        5999        6000        6001        6002
        6003        6004        6005        6006        6007        6008
        6009        6010        6011        6012        6013        6014
        6015        6016        6017        6018        6019        6020
        6021        6023        6236        6237        6238        6239
        6240        6241        6242        6243        6244        6245
        6246        6247        6248        6249        6250        6251
        6252        6253        6254        6255        6256        6257
        6258        6259        6260        6261        6262        6263
        6264        6265        6266        6267        6268        6269
        6270        6271        6272        6273        6274        6275
        6276        6277        6278        6279        6280        6281
        6282        6283        6284        6285        6286        6287
        6288        6289        6290        6291        6292        6293
        6294        6295        6296        6297        6298        6299
        6300        6301        6302        6303        6304        6305
        6518        6520        6521        6522        6523        6524
        6525        6526        6527        6528        6529        6530
        6531        6532        6533        6534        6535        6536
        6537        6538        6539        6540        6541        6542
        6543        6544        6545        6546        6547        6548
        6549        6550        6551        6552        6553        6554
        6555        6556        6557        6558        6559        6560
        6561        6562        6563        6564        6565        6566
        6567        6568        6569        6570        6571        6572
        6573        6574        6575        6576        6577        6578
        6579        6580        6581        6582        6583        6584
        6585        6586        6587        6802        6804        6805
        6806        6807        6808        6809        6810        6811
        6812        6813        6814        6815        6816        6817
        6818        6819        6820        6821        6822        6823
        6824        6825        6826        6827        6828        6829
        6830        6831        6832        6833        6834        6835
        6836        6837        6838        6839        6840        6841
        6842        6843        6844        6845        6846        6847
        6848        6849        6850        6851        6852        6853
        6854        6855        6856        6857        6858        6859
        6860        6861        6862        6863        6864        6865
        6866        6867        6868        6869        6871        7086
        7088        7089        7090        7091        7092        7093
        7094        7095        7096        7097        7098        7099
        7100        7101        7102        7103        7104        7105
        7106        7107        7108        7109        7110        7111
        7112        7113        7114        7115        7116        7117
        7118        7119        7120        7121        7122        7123
        7124        7125        7126        7127        7128        7129
        7130        7131        7132        7133        7134        7135
        7136        7137        7138        7139        7140        7141
        7142        7143        7144        7145        7146        7147
        7148        7149        7150        7151        7152        7153
        7155        7370        7372        7373        7374        7375
        7376        7377        7378        7379        7380        7381
        7382        7383        7384        7385        7386        7387
        7388        7389        7390        7391        7392        7393
        7394        7395        7396        7397        7398        7399
        7400        7401        7402        7403        7404        7405
        7406        7407        7408        7409        7410        7411
        7412        7413        7414        7415        7416        7417
        7418        7419        7420        7421        7422        7423
        7424        7425        7426        7427        7428        7429
        7430        7431        7432        7433        7434        7435
        7436        7437        7654        7656        7657        7658
        7659        7660        7661        7662        7663        7664
        7665        7666        7667        7668        7669        7670
        7671        7672        7673        7674        7675        7676
        7677        7678        7679        7680        7681        7682
        7683        7684        7685        7686        7687        7688
        7689        7690        7691        7692        7693        7694
        7695        7696        7697        7698        7699        7700
        7701        7702        7703        7704        7705        7706
        7707        7708        7709        7710        7711        7712
        7713        7714        7715        7716        7717        7718
        7719        7938        7940        7941        7942        7943
        7944        7945        7946        7947        7948        7949
        7950        7951        7952        7953        7954        7955
        7956        7957        7958        7959        7960        7961
        7962        7963        7964        7965        7966        7967
        7968        7969        7970        7971        7972        7973
        7974        7975        7976        7977        7978        7979
        7980        7981        7982        7983        7984        7985
        7986        7987        7988        7989        7990        7991
        7992        7993        7994        7995        7996        7997
        7998        7999        8000        8001        8003        8222
        8224        8225        8226        8227        8228        8229
        8230        8231        8232        8233        8234        8235
        8236        8237        8238        8239        8240        8241
        8242        8243        8244        8245        8246        8247
        8248        8249        8250        8251        8252        8253
        8254        8255        8256        8257        8258        8259
        8260        8261        8262        8263        8264        8265
        8266        8267        8268        8269        8270        8271
        8272        8273        8274        8275        8276        8277
        8278        8279        8280        8281        8282        8283
        8284        8285        8287        8506        8508        8509
        8510        8511        8512        8513        8514        8515
        8516        8517        8518        8519        8520        8521
        8522        8523        8524        8525        8526        8527
        8528        8529        8530        8531        8532        8533
        8534        8535        8536        8537        8538        8539
        8540        8541        8542        8543        8544        8545
        8546        8547        8548        8549        8550        8551
        8552        8553        8554        8555        8556        8557
        8558        8559        8560        8561        8562        8563
        8564        8565        8566        8567        8568        8569
        8571        8790        8792        8793        8794        8795
        8796        8797        8798        8799        8800        8801
        8802        8803        8804        8805        8806        8807
        8808        8809        8810        8811        8812        8813
        8814        8815        8816        8817        8818        8819
        8820        8821        8822        8823        8824        8825
        8826        8827        8828        8829        8830        8831
        8832        8833        8834        8835        8836        8837
        8838        8839        8840        8841        8842        8843
        8844        8845        8846        8847        8848        8849
        8850        8851        8852        8853        8855        9074
        9076        9077        9078        9079        9080        9081
        9082        9083        9084        9085        9086        9087
        9088        9089        9090        9091        9092        9093
        9094        9095        9096        9097        9098        9099
        9100        9101        9102        9103        9104        9105
        9106        9107        9108        9109        9110        9111
        9112        9113        9114        9115        9116        9117
        9118        9119        9120        9121        9122        9123
        9124        9125        9126        9127        9128        9129
        9130        9131        9132        9133        9134        9135
        9136        9137        9139        9358        9360        9361
        9362        9363        9364        9365        9366        9367
        9368        9369        9370        9371        9372        9373
        9374        9375        9376        9377        9378        9379
        9380        9381        9382        9383        9384        9385
        9386        9387        9388        9389        9390        9391
        9392        9393        9394        9395        9396        9397
        9398        9399        9400        9401        9402        9403
        9404        9405        9406        9407        9408        9409
        9410        9411        9412        9413        9414        9415
        9416        9417        9418        9419        9420        9421
        9423        9642        9644        9645        9646        9647
        9648        9649        9650        9651        9652        9653
        9654        9655        9656        9657        9658        9659
        9660        9661        9662        9663        9664        9665
        9666        9667        9668        9669        9670        9671
        9672        9673        9674        9675        9676        9677
        9678        9679        9680        9681        9682        9683
        9684        9685        9686        9687        9688        9689
        9690        9691        9692        9693        9694        9695
        9696        9697        9698        9699        9700        9701
        9702        9703        9704        9705        9707        9926
        9928        9929        9930        9931        9932        9933
        9934        9935        9936        9937        9938        9939
        9940        9941        9942        9943        9944        9945
        9946        9947        9948        9949        9950        9951
        9952        9953        9954        9955        9956        9957
        9958        9959        9960        9961        9962        9963
        9964        9965        9966        9967        9968        9969
        9970        9971        9972        9973        9974        9975
        9976        9977        9978        9979        9980        9981
        9982        9983        9984        9985        9986        9987
        9988        9989        9991       10210       10212       10213
       10214       10215       10216       10217       10218       10219
       10220       10221       10222       10223       10224       10225
       10226       10227       10228       10229       10230       10231
       10232       10233       10234       10235       10236       10237
       10238       10239       10240       10241       10242       10243
       10244       10245       10246       10247       10248       10249
       10250       10251       10252       10253       10254       10255
       10256       10257       10258       10259       10260       10261
       10262       10263       10264       10265       10266       10267
       10268       10269       10270       10271       10272       10273
       10275       10494       10496       10497       10498       10499
       10500       10501       10502       10503       10504       10505
       10506       10507       10508       10509       10510       10511
       10512       10513       10514       10515       10516       10517
       10518       10519       10520       10521       10522       10523
       10524       10525       10526       10527       10528       10529
       10530       10531       10532       10533       10534       10535
       10536       10537       10538       10539       10540       10541
       10542       10543       10544       10545       10546       10547
       10548       10549       10550       10551       10552       10553
       10554       10555       10556       10557       10778       10779
       10780       10781       10782       10783       10784       10785
       10786       10787       10788       10789       10790       10791
       10792       10793       10794       10795       10796       10797
       10798       10799       10800       10801       10802       10803
       10804       10805       10806       10807       10808       10809
       10810       10811       10812       10813       10814       10815
       10816       10817       10818       10819       10820       10821
       10822       10823       10824       10825       10826       10827
       10828       10829       10830       10831       10832       10833
       10834       10835       10836       10837       10838       10839
       11060       11061       11062       11063       11064       11065
       11066       11067       11068       11069       11070       11071
       11072       11073       11074       11075       11076       11077
       11078       11079       11080       11081       11082       11083
       11084       11085       11086       11087       11088       11089
       11090       11091       11092       11093       11094       11095
       11096       11097       11098       11099       11100       11101
       11102       11103       11104       11105       11106       11107
       11108       11109       11110       11111       11112       11113
       11114       11115       11116       11117       11118       11119
       11120       11121       11342       11343       11344       11345
       11346       11347       11348       11349       11350       11351
       11352       11353       11354       11355       11356       11357
       11358       11359       11360       11361       11362       11363
       11364       11365       11366       11367       11368       11369
       11370       11371       11372       11373       11374       11375
       11376       11377       11378       11379       11380       11381
       11382       11383       11384       11385       11386       11387
       11388       11389       11390       11391       11392       11393
       11394       11395       11624       11625       11626       11627
       11628       11629       11630       11631       11632       11633
       11634       11635       11636       11637       11638       11639
       11640       11641       11642       11643       11644       11645
       11646       11647       11648       11649       11650       11651
       11652       11653       11654       11655       11906       11908
       11909       11910       11911       11912       11913       11914
       11915       11916       11917       11918       11919       11920
       11921       11922       11923       11924       11925       11926
       11927       11928       11929       11930       11931       11932
       11933       11934       11935       11936       11937       12190
       12191       12192       12193       12194       12195       12196
       12197       12198       12199       12200       12201       12202
       12203       12204       12205       12206       12207       12208
       12209       12210       12211       12212       12213       12472
       12474       12475       12476       12477       12478       12479
       12480       12481       12482       12483       12484       12485
       12486       12487       12488       12489       12490       12491
       12756       12758       12759       12760       12761       12762
       12763       12764       12765       12766       12767       12768
       12769       12770       12771       13040       13042       13043
       13044       13045       13046       13047       13048       13049
       13050       13051       13324       13326       13327       13328
       13329       13330       13331       13332       13333       13608
       13610       13611        6234        6519        6803        7087
        7371        7655        7939        8223        8507        8791
        9075        9359        9643        9927       10211       10495
       10776       11058       11340       11622       11907       12188
       12473       12757       13041       13325       13609       13892
       11396       11397       11398       11400       11402       11656
       11657       11658       11660       11662       11664       11666
       11668       11670       11672       11674       11676       11939
       12214       12215       12216       12218       12492       12493
       12494       12772       12773       13052       13053       13335
       13612       13613       13614        4603        4605        4607
        4609        4833        4835        4837        4839        4841
        4843        4845        4847        4849        4851        4853
        4855        4857        4859        4861        4863        4865
        4867        4869        4871        4873        4875        4877
        4879        4881        4882        4883        5112        5113
        5391        5392        5393        5670        5952        4892
        5177        5459        5741        6022        6307        6589
        6870        7154        7439        7721        8002        8286
        8570        8854        9138        9422        9706        9990
       10274       10559       10841       11123        6235        6516
        6800        7084        7368        7652        7936        8220
        8504        8788        9072        9356        9640        9924
       10208       10492       10777       11059       11341       11623
       11904       12189       12470       12754       13038       13322
       13606       13890       13893       11399       11401       11403
       11404       11405       11659       11661       11663       11665
       11667       11669       11671       11673       11675       11677
       11678       11679       11938       12217       12219       12220
       12221       12495       12496       12497       12774       12775
       13054       13055       13334       13615       13616       13617
       13894       13895        4600        4601        4602        4604
        4606        4608        4830        4831        4832        4834
        4836        4838        4840        4842        4844        4846
        4848        4850        4852        4854        4856        4858
        4860        4862        4864        4866        4868        4870
        4872        4874        4876        4878        4880        5110
        5111        5388        5389        5390        5671        5953
        4611        4895        5176        5458        5740        6025
        6306        6588        6873        7157        7438        7720
        8005        8289        8573        8857        9141        9425
        9709        9993       10277       10558       10840       11122
        2399
         122
        7169        7171        7172        7174        7175        7177
        7178        7180        7513        7515        7516        7518
        7519        7521        7522        7524        7525        7527
        7528        7530        7531        7533        7534        7536
        7537        7539        7540        7542        7543        7545
        7546        7548        7549        7551        7552        7554
        7555        7557        7558        7560        7561        7563
        7564        7566        7567        7569        7570        7572
        7573        7575        7576        7578        7579        7581
        7582        7584        7585        7587        7588        7589
        7590        7591        7592        7593        7594        7595
        7596        7597        7598        7599        7600        7601
        7602        7603        7932        7933        7934        7935
        7936        7937        7938        7939        7940        7941
        7942        7943        7944        7945        7946        7947
        7948        7949        7950        7951        7952        7953
        7954        7955        7956        7957        7958        7959
        7960        7961        7962        7963        7964        7965
        7966        7967        7968        7969        7970        7971
        7972        7973        7974        7975        7976        7977
        7978        7979        7980        7981        7982        7983
        7984        7985        7986        7987        7988        7989
        7990        7991        7992        7993        7994        7995
        7996        7997        7998        7999        8000        8001
        8002        8003        8004        8005        8006        8007
        8008        8009        8010        8011        8012        8013
        8014        8015        8016        8017        8018        8019
        8020        8021        8022        8023        8024        8025
        8348        8350        8351        8352        8353        8354
        8355        8356        8357        8358        8359        8360
        8361        8362        8363        8364        8365        8366
        8367        8368        8369        8370        8371        8372
        8373        8374        8375        8376        8377        8378
        8379        8380        8381        8382        8383        8384
        8385        8386        8387        8388        8389        8390
        8391        8392        8393        8394        8395        8396
        8397        8398        8399        8400        8401        8402
        8403        8404        8405        8406        8407        8408
        8409        8410        8411        8412        8413        8414
        8415        8416        8417        8418        8419        8420
        8421        8422        8423        8424        8425        8426
        8427        8428        8429        8430        8431        8432
        8433        8434        8435        8436        8437        8438
        8439        8440        8441        8442        8443        8444
        8445        8446        8447        8768        8770        8771
        8772        8773        8774        8775        8776        8777
        8778        8779        8780        8781        8782        8783
        8784        8785        8786        8787        8788        8789
        8790        8791        8792        8793        8794        8795
        8796        8797        8798        8799        8800        8801
        8802        8803        8804        8805        8806        8807
        8808        8809        8810        8811        8812        8813
        8814        8815        8816        8817        8818        8819
        8820        8821        8822        8823        8824        8825
        8826        8827        8828        8829        8830        8831
        8832        8833        8834        8835        8836        8837
        8838        8839        8840        8841        8842        8843
        8844        8845        8846        8847        8848        8849
        8850        8851        8852        8853        8854        8855
        8856        8857        8858        8859        8860        8861
        8862        8863        8864        8865        8866        8867
        8868        8869        8871        9190        9192        9193
        9194        9195        9196        9197        9198        9199
        9200        9201        9202        9203        9204        9205
        9206        9207        9208        9209        9210        9211
        9212        9213        9214        9215        9216        9217
        9218        9219        9220        9221        9222        9223
        9224        9225        9226        9227        9228        9229
        9230        9231        9232        9233        9234        9235
        9236        9237        9238        9239        9240        9241
        9242        9243        9244        9245        9246        9247
        9248        9249        9250        9251        9252        9253
        9254        9255        9256        9257        9258        9259
        9260        9261        9262        9263        9264        9265
        9266        9267        9268        9269        9270        9271
        9272        9273        9274        9275        9276        9277
        9278        9279        9280        9281        9282        9283
        9284        9285        9286        9287        9288        9289
        9290        9291        9292        9293        9294        9612
        9615        9616        9617        9618        9619        9620
        9621        9622        9623        9624        9625        9626
        9627        9628        9629        9630        9631        9632
        9633        9634        9635        9636        9637        9638
        9639        9640        9641        9642        9643        9644
        9645        9646        9647        9648        9649        9650
        9651        9652        9653        9654        9655        9656
        9657        9658        9659        9660        9661        9662
        9663        9664        9665        9666        9667        9668
        9669        9670        9671        9672        9673        9674
        9675        9676        9677        9678        9679        9680
        9681        9682        9683        9684        9685        9686
        9687        9688        9689        9690        9691        9692
        9693        9694        9695        9696        9697        9698
        9699        9700        9701        9702        9703        9704
        9705        9706        9707        9708        9709        9710
        9711        9712        9713        9714        9715        9716
       10037       10040       10041       10042       10043       10044
       10045       10046       10047       10048       10049       10050
       10051       10052       10053       10054       10055       10056
       10057       10058       10059       10060       10061       10062
       10063       10064       10065       10066       10067       10068
       10069       10070       10071       10072       10073       10074
       10075       10076       10077       10078       10079       10080
       10081       10082       10083       10084       10085       10086
       10087       10088       10089       10090       10091       10092
       10093       10094       10095       10096       10097       10098
       10099       10100       10101       10102       10103       10104
       10105       10106       10107       10108       10109       10110
       10111       10112       10113       10114       10115       10116
       10117       10118       10119       10120       10121       10122
       10123       10124       10125       10126       10127       10128
       10129       10130       10131       10132       10133       10134
       10135       10136       10137       10138       10140       10462
       10465       10466       10467       10468       10469       10470
       10471       10472       10473       10474       10475       10476
       10477       10478       10479       10480       10481       10482
       10483       10484       10485       10486       10487       10488
       10489       10490       10491       10492       10493       10494
       10495       10496       10497       10498       10499       10500
       10501       10502       10503       10504       10505       10506
       10507       10508       10509       10510       10511       10512
       10513       10514       10515       10516       10517       10518
       10519       10520       10521       10522       10523       10524
       10525       10526       10527       10528       10529       10530
       10531       10532       10533       10534       10535       10536
       10537       10538       10539       10540       10541       10542
       10543       10544       10545       10546       10547       10548
       10549       10550       10551       10552       10553       10554
       10555       10556       10557       10558       10559       10560
       10561       10562       10563       10565       10887       10890
       10891       10892       10893       10894       10895       10896
       10897       10898       10899       10900       10901       10902
       10903       10904       10905       10906       10907       10908
       10909       10910       10911       10912       10913       10914
       10915       10916       10917       10918       10919       10920
       10921       10922       10923       10924       10925       10926
       10927       10928       10929       10930       10931       10932
       10933       10934       10935       10936       10937       10938
       10939       10940       10941       10942       10943       10944
       10945       10946       10947       10948       10949       10950
       10951       10952       10953       10954       10955       10956
       10957       10958       10959       10960       10961       10962
       10963       10964       10965       10966       10967       10968
       10969       10970       10971       10972       10973       10974
       10975       10976       10977       10978       10979       10980
       10981       10982       10983       10984       10985       10986
       10987       10988       11312       11315       11316       11317
       11318       11319       11320       11321       11322       11323
       11324       11325       11326       11327       11328       11329
       11330       11331       11332       11333       11334       11335
       11336       11337       11338       11339       11340       11341
       11342       11343       11344       11345       11346       11347
       11348       11349       11350       11351       11352       11353
       11354       11355       11356       11357       11358       11359
       11360       11361       11362       11363       11364       11365
       11366       11367       11368       11369       11370       11371
       11372       11373       11374       11375       11376       11377
       11378       11379       11380       11381       11382       11383
       11384       11385       11386       11387       11388       11389
       11390       11391       11392       11393       11394       11395
       11396       11397       11398       11399       11400       11401
       11402       11403       11404       11405       11406       11407
       11408       11409       11410       11737       11740       11741
       11742       11743       11744       11745       11746       11747
       11748       11749       11750       11751       11752       11753
       11754       11755       11756       11757       11758       11759
       11760       11761       11762       11763       11764       11765
       11766       11767       11768       11769       11770       11771
       11772       11773       11774       11775       11776       11777
       11778       11779       11780       11781       11782       11783
       11784       11785       11786       11787       11788       11789
       11790       11791       11792       11793       11794       11795
       11796       11797       11798       11799       11800       11801
       11802       11803       11804       11805       11806       11807
       11808       11809       11810       11811       11812       11813
       11814       11815       11816       11817       11818       11819
       11820       11821       11822       11823       11824       11825
       11826       11827       11828       11829       11830       11831
       11832       11834       12162       12165       12166       12167
       12168       12169       12170       12171       12172       12173
       12174       12175       12176       12177       12178       12179
       12180       12181       12182       12183       12184       12185
       12186       12187       12188       12189       12190       12191
       12192       12193       12194       12195       12196       12197
       12198       12199       12200       12201       12202       12203
       12204       12205       12206       12207       12208       12209
       12210       12211       12212       12213       12214       12215
       12216       12217       12218       12219       12220       12221
       12222       12223       12224       12225       12226       12227
       12228       12229       12230       12231       12232       12233
       12234       12235       12236       12237       12238       12239
       12240       12241       12242       12243       12244       12245
       12246       12247       12248       12249       12250       12251
       12252       12253       12254       12255       12256       12257
       12259       12587       12590       12591       12592       12593
       12594       12595       12596       12597       12598       12599
       12600       12601       12602       12603       12604       12605
       12606       12607       12608       12609       12610       12611
       12612       12613       12614       12615       12616       12617
       12618       12619       12620       12621       12622       12623
       12624       12625       12626       12627       12628       12629
       12630       12631       12632       12633       12634       12635
       12636       12637       12638       12639       12640       12641
       12642       12643       12644       12645       12646       12647
       12648       12649       12650       12651       12652       12653
       12654       12655       12656       12657       12658       12659
       12660       12661       12662       12663       12664       12665
       12666       12667       12668       12669       12670       12671
       12672       12673       12674       12675       12676       12677
       12678       12679       12680       12681       12682       12684
       13012       13015       13016       13017       13018       13019
       13020       13021       13022       13023       13024       13025
       13026       13027       13028       13029       13030       13031
       13032       13033       13034       13035       13036       13037
       13038       13039       13040       13041       13042       13043
       13044       13045       13046       13047       13048       13049
       13050       13051       13052       13053       13054       13055
       13056       13057       13058       13059       13060       13061
       13062       13063       13064       13065       13066       13067
       13068       13069       13070       13071       13072       13073
       13074       13075       13076       13077       13078       13079
       13080       13081       13082       13083       13084       13085
       13086       13087       13088       13089       13090       13091
       13092       13093       13094       13095       13096       13097
       13098       13099       13100       13101       13102       13103
       13104       13105       13106       13107       13109       13437
       13440       13441       13442       13443       13444       13445
       13446       13447       13448       13449       13450       13451
       13452       13453       13454       13455       13456       13457
       13458       13459       13460       13461       13462       13463
       13464       13465       13466       13467       13468       13469
       13470       13471       13472       13473       13474       13475
       13476       13477       13478       13479       13480       13481
       13482       13483       13484       13485       13486       13487
       13488       13489       13490       13491       13492       13493
       13494       13495       13496       13497       13498       13499
       13500       13501       13502       13503       13504       13505
       13506       13507       13508       13509       13510       13511
       13512       13513       13514       13515       13516       13517
       13518       13519       13520       13521       13522       13523
       13524       13525       13526       13527       13528       13529
       13530       13531       13532       13534       13862       13865
       13866       13867       13868       13869       13870       13871
       13872       13873       13874       13875       13876       13877
       13878       13879       13880       13881       13882       13883
       13884       13885       13886       13887       13888       13889
       13890       13891       13892       13893       13894       13895
       13896       13897       13898       13899       13900       13901
       13902       13903       13904       13905       13906       13907
       13908       13909       13910       13911       13912       13913
       13914       13915       13916       13917       13918       13919
       13920       13921       13922       13923       13924       13925
       13926       13927       13928       13929       13930       13931
       13932       13933       13934       13935       13936       13937
       13938       13939       13940       13941       13942       13943
       13944       13945       13946       13947       13948       13949
       13950       13951       13952       13953       13954       13955
       13956       13957       13959       14287       14290       14291
       14292       14293       14294       14295       14296       14297
       14298       14299       14300       14301       14302       14303
       14304       14305       14306       14307       14308       14309
       14310       14311       14312       14313       14314       14315
       14316       14317       14318       14319       14320       14321
       14322       14323       14324       14325       14326       14327
       14328       14329       14330       14331       14332       14333
       14334       14335       14336       14337       14338       14339
       14340       14341       14342       14343       14344       14345
       14346       14347       14348       14349       14350       14351
       14352       14353       14354       14355       14356       14357
       14358       14359       14360       14361       14362       14363
       14364       14365       14366       14367       14368       14369
       14370       14371       14372       14373       14374       14375
       14376       14377       14378       14379       14380       14381
       14382       14384       14712       14715       14716       14717
       14718       14719       14720       14721       14722       14723
       14724       14725       14726       14727       14728       14729
       14730       14731       14732       14733       14734       14735
       14736       14737       14738       14739       14740       14741
       14742       14743       14744       14745       14746       14747
       14748       14749       14750       14751       14752       14753
       14754       14755       14756       14757       14758       14759
       14760       14761       14762       14763       14764       14765
       14766       14767       14768       14769       14770       14771
       14772       14773       14774       14775       14776       14777
       14778       14779       14780       14781       14782       14783
       14784       14785       14786       14787       14788       14789
       14790       14791       14792       14793       14794       14795
       14796       14797       14798       14799       14800       14801
       14802       14803       14804       14805       14806       14807
       14809       15137       15140       15141       15142       15143
       15144       15145       15146       15147       15148       15149
       15150       15151       15152       15153       15154       15155
       15156       15157       15158       15159       15160       15161
       15162       15163       15164       15165       15166       15167
       15168       15169       15170       15171       15172       15173
       15174       15175       15176       15177       15178       15179
       15180       15181       15182       15183       15184       15185
       15186       15187       15188       15189       15190       15191
       15192       15193       15194       15195       15196       15197
       15198       15199       15200       15201       15202       15203
       15204       15205       15206       15207       15208       15209
       15210       15211       15212       15213       15214       15215
       15216       15217       15218       15219       15220       15221
       15222       15223       15224       15225       15226       15227
       15228       15229       15230       15231       15232       15234
       15562       15565       15566       15567       15568       15569
       15570       15571       15572       15573       15574       15575
       15576       15577       15578       15579       15580       15581
       15582       15583       15584       15585       15586       15587
       15588       15589       15590       15591       15592       15593
       15594       15595       15596       15597       15598       15599
       15600       15601       15602       15603       15604       15605
       15606       15607       15608       15609       15610       15611
       15612       15613       15614       15615       15616       15617
       15618       15619       15620       15621       15622       15623
       15624       15625       15626       15627       15628       15629
       15630       15631       15632       15633       15634       15635
       15636       15637       15638       15639       15640       15641
       15642       15643       15644       15645       15646       15647
       15648       15649       15650       15651       15652       15653
       15654       15655       15656       15657       15987       15989
       15990       15991       15992       15993       15994       15995
       15996       15997       15998       15999       16000       16001
       16002       16003       16004       16005       16006       16007
       16008       16009       16010       16011       16012       16013
       16014       16015       16016       16017       16018       16019
       16020       16021       16022       16023       16024       16025
       16026       16027       16028       16029       16030       16031
       16032       16033       16034       16035       16036       16037
       16038       16039       16040       16041       16042       16043
       16044       16045       16046       16047       16048       16049
       16050       16051       16052       16053       16054       16055
       16056       16057       16058       16059       16060       16061
       16062       16063       16064       16065       16066       16067
       16068       16069       16070       16071       16072       16073
       16074       16075       16076       16077       16078       16079
       16409       16411       16412       16413       16414       16415
       16416       16417       16418       16419       16420       16421
       16422       16423       16424       16425       16426       16427
       16428       16429       16430       16431       16432       16433
       16434       16435       16436       16437       16438       16439
       16440       16441       16442       16443       16444       16445
       16446       16447       16448       16449       16450       16451
       16452       16453       16454       16455       16456       16457
       16458       16459       16460       16461       16462       16463
       16464       16465       16466       16467       16468       16469
       16470       16471       16472       16473       16474       16475
       16476       16477       16478       16479       16480       16481
       16482       16483       16484       16485       16486       16487
       16488       16489       16490       16491       16492       16493
       16494       16495       16496       16497       16498       16499
       16500       16501       16831       16833       16834       16835
       16836       16837       16838       16839       16840       16841
       16842       16843       16844       16845       16846       16847
       16848       16849       16850       16851       16852       16853
       16854       16855       16856       16857       16858       16859
       16860       16861       16862       16863       16864       16865
       16866       16867       16868       16869       16870       16871
       16872       16873       16874       16875       16876       16877
       16878       16879       16880       16881       16882       16883
       16884       16885       16886       16887       16888       16889
       16890       16891       16892       16893       16894       16895
       16896       16897       16898       16899       16900       16901
       16902       16903       16904       16905       16906       16907
       16908       16909       16910       16911       17253       17255
       17256       17257       17258       17259       17260       17261
       17262       17263       17264       17265       17266       17267
       17268       17269       17270       17271       17272       17273
       17274       17275       17276       17277       17278       17279
       17280       17281       17282       17283       17284       17285
       17286       17287       17288       17289       17290       17291
       17292       17293       17294       17295       17296       17297
       17298       17299       17300       17675       17678       17679
       17680       17681       17682       17683       17684       17685
       17686       17687       17688       17689       17690       17691
       17692       17693       17694       17695       17696       17697
       17698       17699       17700       17701       17702       17703
       17704       17705       17706       17707       17708       17709
       17710       17711       17712       17713       17714       17715
       17716       17717       17718       17719       17720       17721
       17722       18100       18102       18103       18104       18105
       18106       18107       18108       18109       18110       18111
       18112       18113       18114       18115       18116       18117
       18118       18119       18120       18121       18122       18123
       18124       18125       18126       18127       18128       18129
       18130       18131       18132       18133       18134       18135
       18522       18525       18526       18527       18528       18529
       18530       18531       18532       18533       18534       18535
       18536       18537       18538       18539       18540       18541
       18542       18543       18544       18545       18546       18547
       18548       18549       18550       18551       18947       18950
       18951       18952       18953       18954       18955       18956
       18957       18958       18959       18960       18961       18962
       18963       18964       18965       18966       18967       18968
       18969       18970       19372       19375       19376       19377
       19378       19379       19380       19381       19382       19383
       19384       19385       19386       19387       19388       19389
       19797       19800       19801       19802       19803       19804
       19805       19806       19807       19808       19809       19810
       19811       20222       20225       20226       20227        7167
        7168        7170        7173        7176        7181        7511
        7512        7514        7517        7520        7523        7526
        7529        7532        7535        7538        7541        7544
        7547        7550        7553        7556        7559        7562
        7565        7568        7571        7574        7577        7580
        7583        7586        7605        7930        7931        8027
        8346        8347        8349        8449        8769        8872
        9191        9296        9614        9718       10039       10141
       10464       10566       10889       10990       11314       11412
       11739       11835       12164       12260       12589       12685
       13014       13110       13439       13535       13864       13960
       14289       14385       14714       14810       15139       15235
       15564       15659       15988       16081       16410       16912
       16915       16918       16503       16921       16832       17301
       17304       17307       17310       17313       17316       17319
       17322       17325       17328       16913       17331       17254
       17302       17677       18136       18139       17724       18142
       18101       18552       18137       18555       18524       18553
       18971       18949       18972       19390       19374       19391
       19799       20228       19813       20231       20224       20229
       20647
