           3
         760
          95
        9404        9405        9406        9407        9408        9409
        9410        9411        9412        9413        9546        9547
        9548        9549        9550        9551        9552        9553
        9554        9555        9688        9689        9690        9691
        9692        9693        9694        9695        9696        9697
        9831        9832        9833        9834        9835        9836
        9837        9838        9839        9840        9973        9974
        9975        9976        9977        9978        9979        9980
        9981        9982        9983       10116       10117       10118
       10119       10120       10121       10122       10123       10124
       10125       10258       10259       10260       10261       10262
       10263       10264       10265       10266       10267       10268
       10401       10402       10403       10404       10405       10406
       10407       10408       10409       10410       10411       10543
       10544       10545       10546       10547       10548       10549
       10550       10551       10552       10553       10554       10685
       10686       10687       10688       10689       10690       10691
       10692       10693       10694       10695       10696       10697
       10827       10828       10829       10830       10831       10832
       10833       10834       10835       10836       10837       10838
       10839       10840       10969       10970       10971       10972
       10973       10974       10975       10976       10977       10978
       10979       10980       10981       10982       10983       11111
       11112       11113       11114       11115       11116       11117
       11118       11119       11120       11121       11122       11123
       11124       11125       11253       11254       11255       11256
       11257       11258       11259       11260       11261       11262
       11263       11264       11265       11266       11267       11268
       11395       11396       11397       11398       11399       11400
       11401       11402       11403       11404       11405       11406
       11407       11408       11409       11410       11411       11537
       11538       11539       11540       11541       11542       11543
       11544       11545       11546       11547       11548       11549
       11550       11551       11552       11553       11679       11680
       11681       11682       11683       11684       11685       11686
       11687       11688       11689       11690       11691       11692
       11693       11694       11695       11821       11822       11823
       11824       11825       11826       11827       11828       11829
       11830       11831       11832       11833       11834       11835
       11836       11837       11838       11963       11964       11965
       11966       11967       11968       11969       11970       11971
       11972       11973       11974       11975       11976       11977
       11978       11979       11980       12105       12106       12107
       12108       12109       12110       12111       12112       12113
       12114       12115       12116       12117       12118       12119
       12120       12121       12122       12247       12248       12249
       12250       12251       12252       12253       12254       12255
       12256       12257       12258       12259       12260       12261
       12262       12263       12264       12265       12389       12390
       12391       12392       12393       12394       12395       12396
       12397       12398       12399       12400       12401       12402
       12403       12404       12405       12406       12407       12531
       12532       12533       12534       12535       12536       12537
       12538       12539       12540       12541       12542       12543
       12544       12545       12546       12547       12548       12549
       12673       12674       12675       12676       12677       12678
       12679       12680       12681       12682       12683       12684
       12685       12686       12687       12688       12689       12690
       12691       12815       12816       12817       12818       12819
       12820       12821       12822       12823       12824       12825
       12826       12827       12828       12829       12830       12831
       12832       12833       12834       12957       12958       12959
       12960       12961       12962       12963       12964       12965
       12966       12967       12968       12969       12970       12971
       12972       12973       12974       12975       12976       13098
       13099       13100       13101       13102       13103       13104
       13105       13106       13107       13108       13109       13110
       13111       13112       13113       13114       13115       13116
       13117       13118       13119       13240       13241       13242
       13243       13244       13245       13246       13247       13248
       13249       13250       13251       13252       13253       13254
       13255       13256       13257       13258       13259       13260
       13261       13382       13383       13384       13385       13386
       13387       13388       13389       13390       13391       13392
       13393       13394       13395       13396       13397       13398
       13399       13400       13401       13402       13403       13404
       13524       13525       13526       13527       13528       13529
       13530       13531       13532       13533       13534       13535
       13536       13537       13538       13539       13540       13541
       13542       13543       13544       13545       13546       13666
       13667       13668       13669       13670       13671       13672
       13673       13674       13675       13676       13677       13678
       13679       13680       13681       13682       13683       13684
       13685       13686       13687       13688       13807       13808
       13809       13810       13811       13812       13813       13814
       13815       13816       13817       13818       13819       13820
       13821       13822       13823       13824       13825       13826
       13827       13828       13829       13830       13831       13949
       13950       13951       13952       13953       13954       13955
       13956       13957       13958       13959       13960       13961
       13962       13963       13964       13965       13966       13967
       13968       13969       13970       13971       13972       13973
       14091       14092       14093       14094       14095       14096
       14097       14098       14099       14100       14101       14102
       14103       14104       14105       14106       14107       14108
       14109       14110       14111       14112       14113       14114
       14115       14116       14234       14235       14236       14237
       14238       14239       14240       14241       14242       14243
       14244       14245       14246       14247       14248       14249
       14250       14251       14252       14253       14254       14255
       14256       14257       14258       14259       14377       14378
       14379       14380       14381       14382       14383       14384
       14385       14386       14387       14388       14389       14390
       14391       14392       14393       14394       14395       14396
       14397       14398       14399       14400       14401       14402
       14519       14520       14521       14522       14523       14524
       14525       14526       14527       14528       14529       14530
       14531       14532       14533       14534       14535       14536
       14537       14538       14539       14540       14541       14542
       14543       14544       14662       14663       14664       14665
       14666       14667       14668       14669       14670       14671
       14672       14673       14674       14675       14676       14677
       14678       14679       14680       14681       14682       14683
       14684       14685       14686       14687       14805       14806
       14807       14808       14809       14810       14811       14812
       14813       14814       14815       14816       14817       14818
       14819       14820       14821       14822       14823       14824
       14825       14826       14827       14828       14829       14830
       14947       14948       14949       14950       14951       14952
       14953       14954       14955       14956       14957       14958
       14959       14960       14961       14962       14963       14964
       14965       14966       14967       14968       14969       14970
       14971       14972       15089       15090       15091       15092
       15093       15094       15095       15096       15097       15098
       15099       15100       15101       15102       15103       15104
       15105       15106       15107       15108       15109       15110
       15111       15112       15113       15114        9414        9556
        9698        9841        9984       10126       10269       10412
       10555       10698       10841       10984       11126       11269
       11412       11554       11696       11839       11981       12123
       12266       12408       12550       12692       12835       12977
       13120       13262       13405       13547       13689       13832
       13974       14117       14260       14403       14545       14688
       14831       14973       15115       14090       14233       14376
       14518       14661       14804       14946       15088        9403
        9545        9687        9830        9972       10115       10257
       10400       10542       10684       10826       10968       11110
       11252       11394       11536       11678       11820       11962
       12104       12246       12388       12530       12672       12814
       12955       12956       13097       13239       13381       13523
       13664       13665       13806       13948        9261        9262
        9263        9264        9265        9266        9267        9268
        9269        9270        9271
        1587
          94
          97
       18392       18393       18394       18395       18396       18397
       18398       18399       18400       18401       18402       18403
       18404       18405       18406       18407       18408       18409
       18410       18411       18413       18674       18675       18676
       18677       18678       18679       18680       18681       18682
       18683       18684       18685       18686       18687       18688
       18689       18690       18691       18692       18693       18694
       18695       18956       18957       18958       18959       18960
       18961       18962       18963       18964       18965       18966
       18967       18968       18969       18970       18971       18972
       18973       18974       18975       18976       18977       19238
       19240       19241       19242       19243       19244       19245
       19246       19247       19248       19249       19250       19251
       19252       19253       19254       19255       19256       19257
       19258       19259       19261       19522       19523       19524
       19525       19526       19527       19528       19529       19530
       19531       19532       19533       19534       19535       19536
       19537       19538       19539       19540       19541       19542
       19543       19545       19804       19806       19807       19808
       19809       19810       19811       19812       19813       19814
       19815       19816       19817       19818       19819       19820
       19821       19822       19823       19824       19825       19826
       19827       20088       20089       20090       20091       20092
       20093       20094       20095       20096       20097       20098
       20099       20100       20101       20102       20103       20104
       20105       20106       20107       20108       20109       20111
       20370       20372       20373       20374       20375       20376
       20377       20378       20379       20380       20381       20382
       20383       20384       20385       20386       20387       20388
       20389       20390       20391       20392       20393       20395
       20654       20655       20656       20657       20658       20659
       20660       20661       20662       20663       20664       20665
       20666       20667       20668       20669       20670       20671
       20672       20673       20674       20675       20676       20677
       20679       20936       20937       20938       20939       20940
       20941       20942       20943       20944       20945       20946
       20947       20948       20949       20950       20951       20952
       20953       20954       20955       20956       20957       20958
       20959       20960       20961       20963       21218       21219
       21220       21221       21222       21223       21224       21225
       21226       21227       21228       21229       21230       21231
       21232       21233       21234       21235       21236       21237
       21238       21239       21240       21241       21242       21243
       21244       21245       21247       21500       21501       21502
       21503       21504       21505       21506       21507       21508
       21509       21510       21511       21512       21513       21514
       21515       21516       21517       21518       21519       21520
       21521       21522       21523       21524       21525       21526
       21527       21528       21529       21531       21782       21783
       21784       21785       21786       21787       21788       21789
       21790       21791       21792       21793       21794       21795
       21796       21797       21798       21799       21800       21801
       21802       21803       21804       21805       21806       21807
       21808       21809       21810       21811       21812       21813
       22064       22065       22066       22067       22068       22069
       22070       22071       22072       22073       22074       22075
       22076       22077       22078       22079       22080       22081
       22082       22083       22084       22085       22086       22087
       22088       22089       22090       22091       22092       22093
       22094       22095       22097       22346       22347       22348
       22349       22350       22351       22352       22353       22354
       22355       22356       22357       22358       22359       22360
       22361       22362       22363       22364       22365       22366
       22367       22368       22369       22370       22371       22372
       22373       22374       22375       22376       22377       22378
       22379       22381       22628       22629       22630       22631
       22632       22633       22634       22635       22636       22637
       22638       22639       22640       22641       22642       22643
       22644       22645       22646       22647       22648       22649
       22650       22651       22652       22653       22654       22655
       22656       22657       22658       22659       22660       22661
       22662       22663       22910       22911       22912       22913
       22914       22915       22916       22917       22918       22919
       22920       22921       22922       22923       22924       22925
       22926       22927       22928       22929       22930       22931
       22932       22933       22934       22935       22936       22937
       22938       22939       22940       22941       22942       22943
       22944       22945       23192       23193       23194       23195
       23196       23197       23198       23199       23200       23201
       23202       23203       23204       23205       23206       23207
       23208       23209       23210       23211       23212       23213
       23214       23215       23216       23217       23218       23219
       23220       23221       23222       23223       23224       23225
       23226       23227       23229       23474       23475       23476
       23477       23478       23479       23480       23481       23482
       23483       23484       23485       23486       23487       23488
       23489       23490       23491       23492       23493       23494
       23495       23496       23497       23498       23499       23500
       23501       23502       23503       23504       23505       23506
       23507       23508       23509       23510       23511       23756
       23757       23758       23759       23760       23761       23762
       23763       23764       23765       23766       23767       23768
       23769       23770       23771       23772       23773       23774
       23775       23776       23777       23778       23779       23780
       23781       23782       23783       23784       23785       23786
       23787       23788       23789       23790       23791       23792
       23793       24038       24039       24040       24041       24042
       24043       24044       24045       24046       24047       24048
       24049       24050       24051       24052       24053       24054
       24055       24056       24057       24058       24059       24060
       24061       24062       24063       24064       24065       24066
       24067       24068       24069       24070       24071       24072
       24073       24074       24075       24077       24320       24321
       24322       24323       24324       24325       24326       24327
       24328       24329       24330       24331       24332       24333
       24334       24335       24336       24337       24338       24339
       24340       24341       24342       24343       24344       24345
       24346       24347       24348       24349       24350       24351
       24352       24353       24354       24355       24356       24357
       24358       24359       24602       24603       24604       24605
       24606       24607       24608       24609       24610       24611
       24612       24613       24614       24615       24616       24617
       24618       24619       24620       24621       24622       24623
       24624       24625       24626       24627       24628       24629
       24630       24631       24632       24633       24634       24635
       24636       24637       24638       24639       24640       24641
       24884       24885       24886       24887       24888       24889
       24890       24891       24892       24893       24894       24895
       24896       24897       24898       24899       24900       24901
       24902       24903       24904       24905       24906       24907
       24908       24909       24910       24911       24912       24913
       24914       24915       24916       24917       24918       24919
       24920       24921       24922       24923       25166       25167
       25168       25169       25170       25171       25172       25173
       25174       25175       25176       25177       25178       25179
       25180       25181       25182       25183       25184       25185
       25186       25187       25188       25189       25190       25191
       25192       25193       25194       25195       25196       25197
       25198       25199       25200       25201       25202       25203
       25204       25205       25207       25448       25449       25450
       25451       25452       25453       25454       25455       25456
       25457       25458       25459       25460       25461       25462
       25463       25464       25465       25466       25467       25468
       25469       25470       25471       25472       25473       25474
       25475       25476       25477       25478       25479       25480
       25481       25482       25483       25484       25485       25486
       25487       25488       25489       25728       25729       25730
       25731       25732       25733       25734       25735       25736
       25737       25738       25739       25740       25741       25742
       25743       25744       25745       25746       25747       25748
       25749       25750       25751       25752       25753       25754
       25755       25756       25757       25758       25759       25760
       25761       25762       25763       25764       25765       25766
       25767       25768       25769       25770       25771       25773
       26010       26011       26012       26013       26014       26015
       26016       26017       26018       26019       26020       26021
       26022       26023       26024       26025       26026       26027
       26028       26029       26030       26031       26032       26033
       26034       26035       26036       26037       26038       26039
       26040       26041       26042       26043       26044       26045
       26046       26047       26048       26049       26050       26051
       26052       26053       26054       26055       26292       26293
       26294       26295       26296       26297       26298       26299
       26300       26301       26302       26303       26304       26305
       26306       26307       26308       26309       26310       26311
       26312       26313       26314       26315       26316       26317
       26318       26319       26320       26321       26322       26323
       26324       26325       26326       26327       26328       26329
       26330       26331       26332       26333       26334       26335
       26336       26337       26339       26574       26575       26576
       26577       26578       26579       26580       26581       26582
       26583       26584       26585       26586       26587       26588
       26589       26590       26591       26592       26593       26594
       26595       26596       26597       26598       26599       26600
       26601       26602       26603       26604       26605       26606
       26607       26608       26609       26610       26611       26612
       26613       26614       26615       26616       26617       26618
       26619       26620       26621       26856       26857       26858
       26859       26860       26861       26862       26863       26864
       26865       26866       26867       26868       26869       26870
       26871       26872       26873       26874       26875       26876
       26877       26878       26879       26880       26881       26882
       26883       26884       26885       26886       26887       26888
       26889       26890       26891       26892       26893       26894
       26895       26896       26897       26898       26899       26900
       26901       26902       26903       27136       27137       27138
       27139       27140       27141       27142       27143       27144
       27145       27146       27147       27148       27149       27150
       27151       27152       27153       27154       27155       27156
       27157       27158       27159       27160       27161       27162
       27163       27164       27165       27166       27167       27168
       27169       27170       27171       27172       27173       27174
       27175       27176       27177       27178       27179       27180
       27181       27182       27183       27184       27185       27187
       27418       27419       27420       27421       27422       27423
       27424       27425       27426       27427       27428       27429
       27430       27431       27432       27433       27434       27435
       27436       27437       27438       27439       27440       27441
       27442       27443       27444       27445       27446       27447
       27448       27449       27450       27451       27452       27453
       27454       27455       27456       27457       27458       27459
       27460       27461       27462       27463       27464       27465
       27466       27467       27468       27469       27700       27701
       27702       27703       27704       27705       27706       27707
       27708       27709       27710       27711       27712       27713
       27714       27715       27716       27717       27718       27719
       27720       27721       27722       27723       27724       27725
       27726       27727       27728       27729       27730       27731
       27732       27733       27734       27735       27736       27737
       27738       27739       27740       27741       27742       27743
       27744       27745       27746       27747       27748       27749
       27750       27751       27753       27982       27984       27985
       27986       27987       27988       27989       27990       27991
       27992       27993       27994       27995       27996       27997
       27998       27999       28000       28001       28002       28003
       28004       28005       28006       28007       28008       28009
       28010       28011       28012       28013       28014       28015
       28016       28017       28018       28019       28020       28021
       28022       28023       28024       28025       28026       28027
       28028       28029       28030       28031       28032       28033
       28034       28035       28037       28266       28268       28269
       28270       28271       28272       28273       28274       28275
       28276       28277       28278       28279       28280       28281
       28282       28283       28284       28285       28286       28287
       28288       28289       28290       28291       28292       28293
       28294       28295       28296       28297       28298       28299
       28300       28301       28302       28303       28304       28305
       28306       28307       28308       28309       28310       28311
       28312       28313       28314       28315       28316       28317
       28318       28319       28321       28550       28551       28552
       28553       28554       28555       28556       28557       28558
       28559       28560       28561       28562       28563       28564
       28565       28566       28567       28568       28569       28570
       28571       28572       28573       28574       28575       28576
       28577       28578       28579       28580       28581       28582
       28583       28584       28585       28586       28587       28588
       28589       28590       28591       28592       28593       28594
       28595       28596       28597       28598       28599       28600
       28601       28602       28603       28832       28834       28835
       28836       28837       28838       28839       28840       28841
       28842       28843       28844       28845       28846       28847
       28848       28849       28850       28851       28852       28853
       28854       28855       28856       28857       28858       28859
       28860       28861       28862       28863       28864       28865
       28866       28867       28868       28869       28870       28871
       28872       28873       28874       28875       28876       28877
       28878       28879       28880       28881       28882       28883
       28884       28885       28887       29116       29118       29119
       29120       29121       29122       29123       29124       29125
       29126       29127       29128       29129       29130       29131
       29132       29133       29134       29135       29136       29137
       29138       29139       29140       29141       29142       29143
       29144       29145       29146       29147       29148       29149
       29150       29151       29152       29153       29154       29155
       29156       29157       29158       29159       29160       29161
       29162       29163       29164       29165       29166       29167
       29168       29169       29171       29400       29401       29402
       29403       29404       29405       29406       29407       29408
       29409       29410       29411       29412       29413       29414
       29415       29416       29417       29418       29419       29420
       29421       29422       29423       29424       29425       29426
       29427       29428       29429       29430       29431       29432
       29433       29434       29435       29436       29437       29438
       29439       29440       29441       29442       29443       29444
       29445       29446       29447       29448       29449       29450
       29451       29452       29453       29681       29683       29684
       29685       29686       29687       29688       29689       29690
       29691       29692       29693       29694       29695       29696
       29697       29698       29699       29700       29701       29702
       29703       29704       29705       29706       29707       29708
       29709       29710       29711       29712       29713       29714
       29715       29716       29717       29718       29719       29720
       29721       29722       29723       29724       29725       29726
       29727       29728       29729       29730       29731       29732
       29733       29734       29736       18697       18979       19260
       19544       19829       20110       20394       20678       20962
       21246       21530       21815       22096       22380       22665
       22947       23228       23513       23795       24076       24361
       24643       24925       25206       25491       25772       26057
       26338       26623       26905       27186       27471       27752
       28036       28320       28605       28886       29170       29455
       29735       27698       27983       28267       28548       28833
       29117       29398       29682       18672       18954       19239
       19520       19805       20086       20371       20652       20934
       21216       21498       21780       22062       22344       22626
       22908       23190       23472       23754       24036       24318
       24600       24882       25164       25446       25447       25726
       26008       26290       26572       26854       26855       27134
       27416       18111       18113       18115       18117       18119
       18121       18123       18125       18127       18129       18390
       18412       18696       18978       19263       19547       19828
       20113       20397       20681       20965       21249       21533
       21814       22099       22383       22664       22946       23231
       23512       23794       24079       24360       24642       24924
       25209       25490       25775       26056       26341       26622
       26904       27189       27470       27755       28039       28323
       28604       28889       29173       29454       29738       27699
       27980       28264       28549       28830       29114       29399
       29679       18673       18955       19236       19521       19802
       20087       20368       20653       20935       21217       21499
       21781       22063       22345       22627       22909       23191
       23473       23755       24037       24319       24601       24883
       25165       25444       25445       25727       26009       26291
       26573       26852       26853       27135       27417       18108
       18109       18110       18112       18114       18116       18118
       18120       18122       18124       18126       18128       18131
       18391       18415
        2347
          94
       27383       27385       27386       27388       27389       27391
       27392       27394       27395       27397       27398       27400
       27401       27403       27404       27406       27407       27409
       27410       27412       27803       27805       27806       27807
       27808       27809       27810       27811       27812       27813
       27814       27815       27816       27817       27818       27819
       27820       27821       27822       27823       27824       27825
       27826       27827       27828       27829       27830       27831
       27832       27833       27834       27835       28225       28227
       28228       28229       28230       28231       28232       28233
       28234       28235       28236       28237       28238       28239
       28240       28241       28242       28243       28244       28245
       28246       28247       28248       28249       28250       28251
       28252       28253       28254       28255       28256       28257
       28647       28650       28651       28652       28653       28654
       28655       28656       28657       28658       28659       28660
       28661       28662       28663       28664       28665       28666
       28667       28668       28669       28670       28671       28672
       28673       28674       28675       28676       28677       28678
       28679       28681       29072       29074       29075       29076
       29077       29078       29079       29080       29081       29082
       29083       29084       29085       29086       29087       29088
       29089       29090       29091       29092       29093       29094
       29095       29096       29097       29098       29099       29100
       29101       29102       29103       29104       29106       29494
       29497       29498       29499       29500       29501       29502
       29503       29504       29505       29506       29507       29508
       29509       29510       29511       29512       29513       29514
       29515       29516       29517       29518       29519       29520
       29521       29522       29523       29524       29525       29526
       29527       29528       29529       29919       29921       29922
       29923       29924       29925       29926       29927       29928
       29929       29930       29931       29932       29933       29934
       29935       29936       29937       29938       29939       29940
       29941       29942       29943       29944       29945       29946
       29947       29948       29949       29950       29951       29953
       30341       30344       30345       30346       30347       30348
       30349       30350       30351       30352       30353       30354
       30355       30356       30357       30358       30359       30360
       30361       30362       30363       30364       30365       30366
       30367       30368       30369       30370       30371       30372
       30373       30374       30375       30376       30378       30766
       30768       30769       30770       30771       30772       30773
       30774       30775       30776       30777       30778       30779
       30780       30781       30782       30783       30784       30785
       30786       30787       30788       30789       30790       30791
       30792       30793       30794       30795       30796       30797
       30798       30799       30800       30801       30803       31188
       31190       31191       31192       31193       31194       31195
       31196       31197       31198       31199       31200       31201
       31202       31203       31204       31205       31206       31207
       31208       31209       31210       31211       31212       31213
       31214       31215       31216       31217       31218       31219
       31220       31221       31222       31223       31224       31225
       31226       31228       31610       31612       31613       31614
       31615       31616       31617       31618       31619       31620
       31621       31622       31623       31624       31625       31626
       31627       31628       31629       31630       31631       31632
       31633       31634       31635       31636       31637       31638
       31639       31640       31641       31642       31643       31644
       31645       31646       31647       31648       31649       31650
       31651       31653       32032       32034       32035       32036
       32037       32038       32039       32040       32041       32042
       32043       32044       32045       32046       32047       32048
       32049       32050       32051       32052       32053       32054
       32055       32056       32057       32058       32059       32060
       32061       32062       32063       32064       32065       32066
       32067       32068       32069       32070       32071       32072
       32073       32074       32075       32076       32078       32454
       32456       32457       32458       32459       32460       32461
       32462       32463       32464       32465       32466       32467
       32468       32469       32470       32471       32472       32473
       32474       32475       32476       32477       32478       32479
       32480       32481       32482       32483       32484       32485
       32486       32487       32488       32489       32490       32491
       32492       32493       32494       32495       32496       32497
       32498       32499       32500       32501       32876       32878
       32879       32880       32881       32882       32883       32884
       32885       32886       32887       32888       32889       32890
       32891       32892       32893       32894       32895       32896
       32897       32898       32899       32900       32901       32902
       32903       32904       32905       32906       32907       32908
       32909       32910       32911       32912       32913       32914
       32915       32916       32917       32918       32919       32920
       32921       32922       32923       32925       33298       33300
       33301       33302       33303       33304       33305       33306
       33307       33308       33309       33310       33311       33312
       33313       33314       33315       33316       33317       33318
       33319       33320       33321       33322       33323       33324
       33325       33326       33327       33328       33329       33330
       33331       33332       33333       33334       33335       33336
       33337       33338       33339       33340       33341       33342
       33343       33344       33345       33346       33347       33348
       33350       33720       33722       33723       33724       33725
       33726       33727       33728       33729       33730       33731
       33732       33733       33734       33735       33736       33737
       33738       33739       33740       33741       33742       33743
       33744       33745       33746       33747       33748       33749
       33750       33751       33752       33753       33754       33755
       33756       33757       33758       33759       33760       33761
       33762       33763       33764       33765       33766       33767
       33768       33769       33770       33771       33772       33773
       34142       34144       34145       34146       34147       34148
       34149       34150       34151       34152       34153       34154
       34155       34156       34157       34158       34159       34160
       34161       34162       34163       34164       34165       34166
       34167       34168       34169       34170       34171       34172
       34173       34174       34175       34176       34177       34178
       34179       34180       34181       34182       34183       34184
       34185       34186       34187       34188       34189       34190
       34191       34192       34193       34194       34195       34564
       34566       34567       34568       34569       34570       34571
       34572       34573       34574       34575       34576       34577
       34578       34579       34580       34581       34582       34583
       34584       34585       34586       34587       34588       34589
       34590       34591       34592       34593       34594       34595
       34596       34597       34598       34599       34600       34601
       34602       34603       34604       34605       34606       34607
       34608       34609       34610       34611       34612       34613
       34614       34615       34616       34617       34619       34986
       34988       34989       34990       34991       34992       34993
       34994       34995       34996       34997       34998       34999
       35000       35001       35002       35003       35004       35005
       35006       35007       35008       35009       35010       35011
       35012       35013       35014       35015       35016       35017
       35018       35019       35020       35021       35022       35023
       35024       35025       35026       35027       35028       35029
       35030       35031       35032       35033       35034       35035
       35036       35037       35038       35039       35040       35041
       35042       35408       35410       35411       35412       35413
       35414       35415       35416       35417       35418       35419
       35420       35421       35422       35423       35424       35425
       35426       35427       35428       35429       35430       35431
       35432       35433       35434       35435       35436       35437
       35438       35439       35440       35441       35442       35443
       35444       35445       35446       35447       35448       35449
       35450       35451       35452       35453       35454       35455
       35456       35457       35458       35459       35460       35461
       35462       35463       35464       35830       35832       35833
       35834       35835       35836       35837       35838       35839
       35840       35841       35842       35843       35844       35845
       35846       35847       35848       35849       35850       35851
       35852       35853       35854       35855       35856       35857
       35858       35859       35860       35861       35862       35863
       35864       35865       35866       35867       35868       35869
       35870       35871       35872       35873       35874       35875
       35876       35877       35878       35879       35880       35881
       35882       35883       35884       35885       35886       35888
       36252       36254       36255       36256       36257       36258
       36259       36260       36261       36262       36263       36264
       36265       36266       36267       36268       36269       36270
       36271       36272       36273       36274       36275       36276
       36277       36278       36279       36280       36281       36282
       36283       36284       36285       36286       36287       36288
       36289       36290       36291       36292       36293       36294
       36295       36296       36297       36298       36299       36300
       36301       36302       36303       36304       36305       36306
       36307       36308       36309       36310       36311       36674
       36676       36677       36678       36679       36680       36681
       36682       36683       36684       36685       36686       36687
       36688       36689       36690       36691       36692       36693
       36694       36695       36696       36697       36698       36699
       36700       36701       36702       36703       36704       36705
       36706       36707       36708       36709       36710       36711
       36712       36713       36714       36715       36716       36717
       36718       36719       36720       36721       36722       36723
       36724       36725       36726       36727       36728       36729
       36730       36731       36732       36733       37096       37098
       37099       37100       37101       37102       37103       37104
       37105       37106       37107       37108       37109       37110
       37111       37112       37113       37114       37115       37116
       37117       37118       37119       37120       37121       37122
       37123       37124       37125       37126       37127       37128
       37129       37130       37131       37132       37133       37134
       37135       37136       37137       37138       37139       37140
       37141       37142       37143       37144       37145       37146
       37147       37148       37149       37150       37151       37152
       37153       37154       37155       37518       37520       37521
       37522       37523       37524       37525       37526       37527
       37528       37529       37530       37531       37532       37533
       37534       37535       37536       37537       37538       37539
       37540       37541       37542       37543       37544       37545
       37546       37547       37548       37549       37550       37551
       37552       37553       37554       37555       37556       37557
       37558       37559       37560       37561       37562       37563
       37564       37565       37566       37567       37568       37569
       37570       37571       37572       37573       37574       37575
       37576       37577       37579       37940       37942       37943
       37944       37945       37946       37947       37948       37949
       37950       37951       37952       37953       37954       37955
       37956       37957       37958       37959       37960       37961
       37962       37963       37964       37965       37966       37967
       37968       37969       37970       37971       37972       37973
       37974       37975       37976       37977       37978       37979
       37980       37981       37982       37983       37984       37985
       37986       37987       37988       37989       37990       37991
       37992       37993       37994       37995       37996       37997
       37998       37999       38000       38001       38002       38361
       38362       38363       38364       38365       38366       38367
       38368       38369       38370       38371       38372       38373
       38374       38375       38376       38377       38378       38379
       38380       38381       38382       38383       38384       38385
       38386       38387       38388       38389       38390       38391
       38392       38393       38394       38395       38396       38397
       38398       38399       38400       38401       38402       38403
       38404       38405       38406       38407       38408       38409
       38410       38411       38412       38413       38414       38415
       38416       38417       38418       38419       38420       38421
       38422       38423       38424       38426       38781       38783
       38784       38785       38786       38787       38788       38789
       38790       38791       38792       38793       38794       38795
       38796       38797       38798       38799       38800       38801
       38802       38803       38804       38805       38806       38807
       38808       38809       38810       38811       38812       38813
       38814       38815       38816       38817       38818       38819
       38820       38821       38822       38823       38824       38825
       38826       38827       38828       38829       38830       38831
       38832       38833       38834       38835       38836       38837
       38838       38839       38840       38841       38842       38843
       38844       38845       38846       38847       38848       38849
       39203       39205       39206       39207       39208       39209
       39210       39211       39212       39213       39214       39215
       39216       39217       39218       39219       39220       39221
       39222       39223       39224       39225       39226       39227
       39228       39229       39230       39231       39232       39233
       39234       39235       39236       39237       39238       39239
       39240       39241       39242       39243       39244       39245
       39246       39247       39248       39249       39250       39251
       39252       39253       39254       39255       39256       39257
       39258       39259       39260       39261       39262       39263
       39264       39265       39266       39267       39268       39269
       39270       39271       39273       39625       39627       39628
       39629       39630       39631       39632       39633       39634
       39635       39636       39637       39638       39639       39640
       39641       39642       39643       39644       39645       39646
       39647       39648       39649       39650       39651       39652
       39653       39654       39655       39656       39657       39658
       39659       39660       39661       39662       39663       39664
       39665       39666       39667       39668       39669       39670
       39671       39672       39673       39674       39675       39676
       39677       39678       39679       39680       39681       39682
       39683       39684       39685       39686       39687       39688
       39689       39690       39691       39692       39693       39694
       39695       39696       40047       40049       40050       40051
       40052       40053       40054       40055       40056       40057
       40058       40059       40060       40061       40062       40063
       40064       40065       40066       40067       40068       40069
       40070       40071       40072       40073       40074       40075
       40076       40077       40078       40079       40080       40081
       40082       40083       40084       40085       40086       40087
       40088       40089       40090       40091       40092       40093
       40094       40095       40096       40097       40098       40099
       40100       40101       40102       40103       40104       40105
       40106       40107       40108       40109       40110       40111
       40112       40113       40114       40115       40116       40117
       40118       40468       40469       40470       40471       40472
       40473       40474       40475       40476       40477       40478
       40479       40480       40481       40482       40483       40484
       40485       40486       40487       40488       40489       40490
       40491       40492       40493       40494       40495       40496
       40497       40498       40499       40500       40501       40502
       40503       40504       40505       40506       40507       40508
       40509       40510       40511       40512       40513       40514
       40515       40516       40517       40518       40519       40520
       40521       40522       40523       40524       40525       40526
       40527       40528       40529       40530       40531       40532
       40533       40534       40535       40536       40537       40538
       40539       40540       40542       40888       40890       40891
       40892       40893       40894       40895       40896       40897
       40898       40899       40900       40901       40902       40903
       40904       40905       40906       40907       40908       40909
       40910       40911       40912       40913       40914       40915
       40916       40917       40918       40919       40920       40921
       40922       40923       40924       40925       40926       40927
       40928       40929       40930       40931       40932       40933
       40934       40935       40936       40937       40938       40939
       40940       40941       40942       40943       40944       40945
       40946       40947       40948       40949       40950       40951
       40952       40953       40954       40955       40956       40957
       40958       40959       40960       40961       40962       40963
       40964       40965       41310       41312       41313       41314
       41315       41316       41317       41318       41319       41320
       41321       41322       41323       41324       41325       41326
       41327       41328       41329       41330       41331       41332
       41333       41334       41335       41336       41337       41338
       41339       41340       41341       41342       41343       41344
       41345       41346       41347       41348       41349       41350
       41351       41352       41353       41354       41355       41356
       41357       41358       41359       41360       41361       41362
       41363       41364       41365       41366       41367       41368
       41369       41370       41371       41372       41373       41374
       41375       41376       41377       41378       41379       41380
       41381       41382       41383       41384       41385       41386
       41387       41389       41732       41735       41736       41737
       41738       41739       41740       41741       41742       41743
       41744       41745       41746       41747       41748       41749
       41750       41751       41752       41753       41754       41755
       41756       41757       41758       41759       41760       41761
       41762       41763       41764       41765       41766       41767
       41768       41769       41770       41771       41772       41773
       41774       41775       41776       41777       41778       41779
       41780       41781       41782       41783       41784       41785
       41786       41787       41788       41789       41790       41791
       41792       41793       41794       41795       41796       41797
       41798       41799       41800       41801       41802       41803
       41804       41805       41806       41807       41808       41809
       41810       41811       41812       41814       42157       42160
       42161       42162       42163       42164       42165       42166
       42167       42168       42169       42170       42171       42172
       42173       42174       42175       42176       42177       42178
       42179       42180       42181       42182       42183       42184
       42185       42186       42187       42188       42189       42190
       42191       42192       42193       42194       42195       42196
       42197       42198       42199       42200       42201       42202
       42203       42204       42205       42206       42207       42208
       42209       42210       42211       42212       42213       42214
       42215       42216       42217       42218       42219       42220
       42221       42222       42223       42224       42225       42226
       42227       42228       42229       42230       42231       42232
       42233       42234       42235       42236       42237       42239
       42582       42584       42585       42586       42587       42588
       42589       42590       42591       42592       42593       42594
       42595       42596       42597       42598       42599       42600
       42601       42602       42603       42604       42605       42606
       42607       42608       42609       42610       42611       42612
       42613       42614       42615       42616       42617       42618
       42619       42620       42621       42622       42623       42624
       42625       42626       42627       42628       42629       42630
       42631       42632       42633       42634       42635       42636
       42637       42638       42639       42640       42641       42642
       42643       42644       42645       42646       42647       42648
       42649       42650       42651       42652       42653       42654
       42655       42656       42657       42658       42659       42660
       42661       42662       43004       43007       43008       43009
       43010       43011       43012       43013       43014       43015
       43016       43017       43018       43019       43020       43021
       43022       43023       43024       43025       43026       43027
       43028       43029       43030       43031       43032       43033
       43034       43035       43036       43037       43038       43039
       43040       43041       43042       43043       43044       43045
       43046       43047       43048       43049       43050       43051
       43052       43053       43054       43055       43056       43057
       43058       43059       43060       43061       43062       43063
       43064       43065       43066       43067       43068       43069
       43070       43071       43072       43073       43074       43075
       43076       43077       43078       43079       43080       43081
       43082       43083       43084       43086       43429       43432
       43433       43434       43435       43436       43437       43438
       43439       43440       43441       43442       43443       43444
       43445       43446       43447       43448       43449       43450
       43451       43452       43453       43454       43455       43456
       43457       43458       43459       43460       43461       43462
       43463       43464       43465       43466       43467       43468
       43469       43470       43471       43472       43473       43474
       43475       43476       43477       43478       43479       43480
       43481       43482       43483       43484       43485       43486
       43487       43488       43489       43490       43491       43492
       43493       43494       43495       43496       43497       43498
       43499       43500       43501       43502       43503       43504
       43505       43506       43507       43508       43509       43511
       43854       43856       43857       43858       43859       43860
       43861       43862       43863       43864       43865       43866
       43867       43868       43869       43870       43871       43872
       43873       43874       43875       43876       43877       43878
       43879       43880       43881       43882       43883       43884
       43885       43886       43887       43888       43889       43890
       43891       43892       43893       43894       43895       43896
       43897       43898       43899       43900       43901       43902
       43903       43904       43905       43906       43907       43908
       43909       43910       43911       43912       43913       43914
       43915       43916       43917       43918       43919       43920
       43921       43922       43923       43924       43925       43926
       43927       43928       43929       43930       43931       43932
       43933       43934       44275       44278       44279       44280
       44281       44282       44283       44284       44285       44286
       44287       44288       44289       44290       44291       44292
       44293       44294       44295       44296       44297       44298
       44299       44300       44301       44302       44303       44304
       44305       44306       44307       44308       44309       44310
       44311       44312       44313       44314       44315       44316
       44317       44318       44319       44320       44321       44322
       44323       44324       44325       44326       44327       44328
       44329       44330       44331       44332       44333       44334
       44335       44336       44337       44338       44339       44340
       44341       44342       44343       44344       44345       44346
       44347       44348       44349       44350       44351       44352
       44353       44354       44355       44357       44978       44979
       44980       44981       44982       44983       44984       44985
       44986       44987       44988       44989       44990       44991
       44992       44993       44994       44995       44996       44997
       44998       44999       45000       45001       45002       45003
       45004       27381       27382       27384       27387       27390
       27393       27396       27399       27402       27405       27408
       27413       27804       27837       28226       28259       28649
       28682       29073       29107       29496       29531       29920
       29954       30343       30379       30767       30804       31189
       31229       31611       31654       32033       32079       32455
       32503       32877       32926       33299       33351       33721
       33775       34143       34197       34565       34620       34987
       35044       35409       35466       35831       35889       36253
       36313       36675       36735       37097       37157       37519
       37580       37941       38004       38359       38360       38427
       38782       38851       39204       39274       39626       39698
       40048       40120       40466       40467       40543       40889
       40967       41311       41390       41734       41815       42159
       42240       42583       42664       43006       43087       43431
       43512       43855       43936       44277       44358
