           1
         759
         103
        9414        9415        9416        9417        9418        9419
        9420        9421        9422        9423        9424        9425
        9556        9557        9558        9559        9560        9561
        9562        9563        9564        9565        9566        9567
        9568        9698        9699        9700        9701        9702
        9703        9704        9705        9706        9707        9708
        9709        9710        9711        9712        9713        9714
        9715        9716        9717        9841        9842        9843
        9844        9845        9846        9847        9848        9849
        9850        9851        9852        9853        9854        9855
        9856        9857        9858        9859        9860        9861
        9862        9984        9985        9986        9987        9988
        9989        9990        9991        9992        9993        9994
        9995        9996        9997        9998        9999       10000
       10001       10002       10003       10004       10005       10126
       10127       10128       10129       10130       10131       10132
       10133       10134       10135       10136       10137       10138
       10139       10140       10141       10142       10143       10144
       10145       10146       10147       10269       10270       10271
       10272       10273       10274       10275       10276       10277
       10278       10279       10280       10281       10282       10283
       10284       10285       10286       10287       10288       10289
       10412       10413       10414       10415       10416       10417
       10418       10419       10420       10421       10422       10423
       10424       10425       10426       10427       10428       10429
       10430       10431       10432       10555       10556       10557
       10558       10559       10560       10561       10562       10563
       10564       10565       10566       10567       10568       10569
       10570       10571       10572       10573       10574       10698
       10699       10700       10701       10702       10703       10704
       10705       10706       10707       10708       10709       10710
       10711       10712       10713       10714       10715       10716
       10717       10841       10842       10843       10844       10845
       10846       10847       10848       10849       10850       10851
       10852       10853       10854       10855       10856       10857
       10858       10859       10984       10985       10986       10987
       10988       10989       10990       10991       10992       10993
       10994       10995       10996       10997       10998       10999
       11000       11001       11002       11126       11127       11128
       11129       11130       11131       11132       11133       11134
       11135       11136       11137       11138       11139       11140
       11141       11142       11143       11144       11145       11269
       11270       11271       11272       11273       11274       11275
       11276       11277       11278       11279       11280       11281
       11282       11283       11284       11285       11286       11287
       11288       11412       11413       11414       11415       11416
       11417       11418       11419       11420       11421       11422
       11423       11424       11425       11426       11427       11428
       11429       11430       11554       11555       11556       11557
       11558       11559       11560       11561       11562       11563
       11564       11565       11566       11567       11568       11569
       11570       11571       11572       11573       11696       11697
       11698       11699       11700       11701       11702       11703
       11704       11705       11706       11707       11708       11709
       11710       11711       11712       11713       11714       11715
       11839       11840       11841       11842       11843       11844
       11845       11846       11847       11848       11849       11850
       11851       11852       11853       11854       11855       11856
       11857       11981       11982       11983       11984       11985
       11986       11987       11988       11989       11990       11991
       11992       11993       11994       11995       11996       11997
       11998       11999       12000       12123       12124       12125
       12126       12127       12128       12129       12130       12131
       12132       12133       12134       12135       12136       12137
       12138       12139       12140       12141       12142       12266
       12267       12268       12269       12270       12271       12272
       12273       12274       12275       12276       12277       12278
       12279       12280       12281       12282       12283       12284
       12408       12409       12410       12411       12412       12413
       12414       12415       12416       12417       12418       12419
       12420       12421       12422       12423       12424       12425
       12426       12550       12551       12552       12553       12554
       12555       12556       12557       12558       12559       12560
       12561       12562       12563       12564       12565       12566
       12567       12568       12692       12693       12694       12695
       12696       12697       12698       12699       12700       12701
       12702       12703       12704       12705       12706       12707
       12708       12709       12710       12835       12836       12837
       12838       12839       12840       12841       12842       12843
       12844       12845       12846       12847       12848       12849
       12850       12851       12852       12853       12977       12978
       12979       12980       12981       12982       12983       12984
       12985       12986       12987       12988       12989       12990
       12991       12992       12993       12994       12995       12996
       13120       13121       13122       13123       13124       13125
       13126       13127       13128       13129       13130       13131
       13132       13133       13134       13135       13136       13137
       13138       13262       13263       13264       13265       13266
       13267       13268       13269       13270       13271       13272
       13273       13274       13275       13276       13277       13278
       13279       13280       13405       13406       13407       13408
       13409       13410       13411       13412       13413       13414
       13415       13416       13417       13418       13419       13420
       13421       13422       13547       13548       13549       13550
       13551       13552       13553       13554       13555       13556
       13557       13558       13559       13560       13561       13562
       13563       13564       13689       13690       13691       13692
       13693       13694       13695       13696       13697       13698
       13699       13700       13701       13702       13703       13704
       13705       13706       13832       13833       13834       13835
       13836       13837       13838       13839       13840       13841
       13842       13843       13844       13845       13846       13847
       13848       13849       13974       13975       13976       13977
       13978       13979       13980       13981       13982       13983
       13984       13985       13986       13987       13988       13989
       13990       13991       14117       14118       14119       14120
       14121       14122       14123       14124       14125       14126
       14127       14128       14129       14130       14131       14132
       14133       14260       14261       14262       14263       14264
       14265       14266       14267       14268       14269       14270
       14271       14272       14273       14274       14275       14403
       14404       14405       14406       14407       14408       14409
       14410       14411       14412       14413       14414       14415
       14416       14417       14545       14546       14547       14548
       14549       14550       14551       14552       14553       14554
       14555       14556       14557       14558       14559       14560
       14688       14689       14690       14691       14692       14693
       14694       14695       14696       14697       14698       14699
       14700       14701       14702       14703       14831       14832
       14833       14834       14835       14836       14837       14838
       14839       14840       14841       14842       14843       14844
       14845       14846       14973       14974       14975       14976
       14977       14978       14979       14980       14981       14982
       14983       14984       14985       14986       14987       14988
       15115       15116       15117       15118       15119       15120
       15121       15122       15123       15124       15125       15126
       15127       15128       15129        9863       10006       10148
       10290       10433       10575       10718       10860       11003
       11146       11289       11431       11574       11716       11858
       12001       12143       12285       12427       12569       12711
       12854       12997       13139       13281       13423       13565
       13707       13850       13992       14134       14276       14418
       14561       14704       14847       14989       15130        9413
        9555        9697        9840        9983       10125       10268
       10411       10554       10697       10840       10983       11125
       11268       11411       11553       11695       11838       11980
       12122       12265       12407       12549       12691       12834
       12976       13119       13261       13404       13546       13688
       13831       13973       14116       14259       14402       14544
       14687       14830       14972       15114        9271        9272
        9273        9274        9275        9276        9277        9278
        9279        9280        9281        9282        9283        9426
        9569        9570        9571        9572        9573        9574
        9575        9718        9719        9720
        1604
         102
         105
       18412       18413       18414       18415       18416       18417
       18418       18419       18420       18421       18422       18423
       18424       18425       18426       18427       18428       18429
       18430       18431       18432       18433       18434       18435
       18437       18694       18695       18696       18697       18698
       18699       18700       18701       18702       18703       18704
       18705       18706       18707       18708       18709       18710
       18711       18712       18713       18714       18715       18716
       18717       18718       18719       18721       18976       18977
       18978       18979       18980       18981       18982       18983
       18984       18985       18986       18987       18988       18989
       18990       18991       18992       18993       18994       18995
       18996       18997       18998       18999       19000       19001
       19002       19003       19004       19005       19006       19007
       19008       19009       19010       19011       19012       19013
       19014       19015       19017       19258       19260       19261
       19262       19263       19264       19265       19266       19267
       19268       19269       19270       19271       19272       19273
       19274       19275       19276       19277       19278       19279
       19280       19281       19282       19283       19284       19285
       19286       19287       19288       19289       19290       19291
       19292       19293       19294       19295       19296       19297
       19298       19299       19300       19301       19302       19303
       19305       19542       19544       19545       19546       19547
       19548       19549       19550       19551       19552       19553
       19554       19555       19556       19557       19558       19559
       19560       19561       19562       19563       19564       19565
       19566       19567       19568       19569       19570       19571
       19572       19573       19574       19575       19576       19577
       19578       19579       19580       19581       19582       19583
       19584       19585       19586       19587       19589       19826
       19827       19828       19829       19830       19831       19832
       19833       19834       19835       19836       19837       19838
       19839       19840       19841       19842       19843       19844
       19845       19846       19847       19848       19849       19850
       19851       19852       19853       19854       19855       19856
       19857       19858       19859       19860       19861       19862
       19863       19864       19865       19866       19867       19868
       19869       19870       19871       20108       20110       20111
       20112       20113       20114       20115       20116       20117
       20118       20119       20120       20121       20122       20123
       20124       20125       20126       20127       20128       20129
       20130       20131       20132       20133       20134       20135
       20136       20137       20138       20139       20140       20141
       20142       20143       20144       20145       20146       20147
       20148       20149       20150       20151       20152       20153
       20392       20394       20395       20396       20397       20398
       20399       20400       20401       20402       20403       20404
       20405       20406       20407       20408       20409       20410
       20411       20412       20413       20414       20415       20416
       20417       20418       20419       20420       20421       20422
       20423       20424       20425       20426       20427       20428
       20429       20430       20431       20432       20433       20434
       20435       20437       20676       20678       20679       20680
       20681       20682       20683       20684       20685       20686
       20687       20688       20689       20690       20691       20692
       20693       20694       20695       20696       20697       20698
       20699       20700       20701       20702       20703       20704
       20705       20706       20707       20708       20709       20710
       20711       20712       20713       20714       20715       20716
       20717       20718       20719       20960       20962       20963
       20964       20965       20966       20967       20968       20969
       20970       20971       20972       20973       20974       20975
       20976       20977       20978       20979       20980       20981
       20982       20983       20984       20985       20986       20987
       20988       20989       20990       20991       20992       20993
       20994       20995       20996       20997       20998       20999
       21000       21001       21003       21244       21246       21247
       21248       21249       21250       21251       21252       21253
       21254       21255       21256       21257       21258       21259
       21260       21261       21262       21263       21264       21265
       21266       21267       21268       21269       21270       21271
       21272       21273       21274       21275       21276       21277
       21278       21279       21280       21281       21282       21283
       21284       21285       21528       21530       21531       21532
       21533       21534       21535       21536       21537       21538
       21539       21540       21541       21542       21543       21544
       21545       21546       21547       21548       21549       21550
       21551       21552       21553       21554       21555       21556
       21557       21558       21559       21560       21561       21562
       21563       21564       21565       21566       21567       21569
       21812       21813       21814       21815       21816       21817
       21818       21819       21820       21821       21822       21823
       21824       21825       21826       21827       21828       21829
       21830       21831       21832       21833       21834       21835
       21836       21837       21838       21839       21840       21841
       21842       21843       21844       21845       21846       21847
       21848       21849       21850       21851       21853       22094
       22096       22097       22098       22099       22100       22101
       22102       22103       22104       22105       22106       22107
       22108       22109       22110       22111       22112       22113
       22114       22115       22116       22117       22118       22119
       22120       22121       22122       22123       22124       22125
       22126       22127       22128       22129       22130       22131
       22132       22133       22134       22135       22137       22378
       22380       22381       22382       22383       22384       22385
       22386       22387       22388       22389       22390       22391
       22392       22393       22394       22395       22396       22397
       22398       22399       22400       22401       22402       22403
       22404       22405       22406       22407       22408       22409
       22410       22411       22412       22413       22414       22415
       22416       22417       22418       22419       22662       22663
       22664       22665       22666       22667       22668       22669
       22670       22671       22672       22673       22674       22675
       22676       22677       22678       22679       22680       22681
       22682       22683       22684       22685       22686       22687
       22688       22689       22690       22691       22692       22693
       22694       22695       22696       22697       22698       22699
       22700       22701       22703       22944       22945       22946
       22947       22948       22949       22950       22951       22952
       22953       22954       22955       22956       22957       22958
       22959       22960       22961       22962       22963       22964
       22965       22966       22967       22968       22969       22970
       22971       22972       22973       22974       22975       22976
       22977       22978       22979       22980       22981       22982
       22983       22984       22985       23226       23228       23229
       23230       23231       23232       23233       23234       23235
       23236       23237       23238       23239       23240       23241
       23242       23243       23244       23245       23246       23247
       23248       23249       23250       23251       23252       23253
       23254       23255       23256       23257       23258       23259
       23260       23261       23262       23263       23264       23265
       23266       23267       23510       23511       23512       23513
       23514       23515       23516       23517       23518       23519
       23520       23521       23522       23523       23524       23525
       23526       23527       23528       23529       23530       23531
       23532       23533       23534       23535       23536       23537
       23538       23539       23540       23541       23542       23543
       23544       23545       23546       23547       23548       23549
       23551       23792       23793       23794       23795       23796
       23797       23798       23799       23800       23801       23802
       23803       23804       23805       23806       23807       23808
       23809       23810       23811       23812       23813       23814
       23815       23816       23817       23818       23819       23820
       23821       23822       23823       23824       23825       23826
       23827       23828       23829       23830       23831       23832
       23833       24074       24076       24077       24078       24079
       24080       24081       24082       24083       24084       24085
       24086       24087       24088       24089       24090       24091
       24092       24093       24094       24095       24096       24097
       24098       24099       24100       24101       24102       24103
       24104       24105       24106       24107       24108       24109
       24110       24111       24112       24113       24114       24115
       24358       24359       24360       24361       24362       24363
       24364       24365       24366       24367       24368       24369
       24370       24371       24372       24373       24374       24375
       24376       24377       24378       24379       24380       24381
       24382       24383       24384       24385       24386       24387
       24388       24389       24390       24391       24392       24393
       24394       24395       24396       24397       24640       24641
       24642       24643       24644       24645       24646       24647
       24648       24649       24650       24651       24652       24653
       24654       24655       24656       24657       24658       24659
       24660       24661       24662       24663       24664       24665
       24666       24667       24668       24669       24670       24671
       24672       24673       24674       24675       24676       24677
       24678       24679       24922       24923       24924       24925
       24926       24927       24928       24929       24930       24931
       24932       24933       24934       24935       24936       24937
       24938       24939       24940       24941       24942       24943
       24944       24945       24946       24947       24948       24949
       24950       24951       24952       24953       24954       24955
       24956       24957       24958       24959       24960       24961
       25204       25206       25207       25208       25209       25210
       25211       25212       25213       25214       25215       25216
       25217       25218       25219       25220       25221       25222
       25223       25224       25225       25226       25227       25228
       25229       25230       25231       25232       25233       25234
       25235       25236       25237       25238       25239       25240
       25241       25242       25243       25245       25488       25489
       25490       25491       25492       25493       25494       25495
       25496       25497       25498       25499       25500       25501
       25502       25503       25504       25505       25506       25507
       25508       25509       25510       25511       25512       25513
       25514       25515       25516       25517       25518       25519
       25520       25521       25522       25523       25524       25525
       25526       25527       25529       25770       25772       25773
       25774       25775       25776       25777       25778       25779
       25780       25781       25782       25783       25784       25785
       25786       25787       25788       25789       25790       25791
       25792       25793       25794       25795       25796       25797
       25798       25799       25800       25801       25802       25803
       25804       25805       25806       25807       25808       25809
       25810       25811       26054       26055       26056       26057
       26058       26059       26060       26061       26062       26063
       26064       26065       26066       26067       26068       26069
       26070       26071       26072       26073       26074       26075
       26076       26077       26078       26079       26080       26081
       26082       26083       26084       26085       26086       26087
       26088       26089       26090       26091       26092       26093
       26336       26338       26339       26340       26341       26342
       26343       26344       26345       26346       26347       26348
       26349       26350       26351       26352       26353       26354
       26355       26356       26357       26358       26359       26360
       26361       26362       26363       26364       26365       26366
       26367       26368       26369       26370       26371       26372
       26373       26374       26375       26620       26621       26622
       26623       26624       26625       26626       26627       26628
       26629       26630       26631       26632       26633       26634
       26635       26636       26637       26638       26639       26640
       26641       26642       26643       26644       26645       26646
       26647       26648       26649       26650       26651       26652
       26653       26654       26655       26656       26657       26902
       26903       26904       26905       26906       26907       26908
       26909       26910       26911       26912       26913       26914
       26915       26916       26917       26918       26919       26920
       26921       26922       26923       26924       26925       26926
       26927       26928       26929       26930       26931       26932
       26933       26934       26935       26936       26937       26938
       26939       27184       27186       27187       27188       27189
       27190       27191       27192       27193       27194       27195
       27196       27197       27198       27199       27200       27201
       27202       27203       27204       27205       27206       27207
       27208       27209       27210       27211       27212       27213
       27214       27215       27216       27217       27218       27219
       27220       27221       27223       27468       27469       27470
       27471       27472       27473       27474       27475       27476
       27477       27478       27479       27480       27481       27482
       27483       27484       27485       27486       27487       27488
       27489       27490       27491       27492       27493       27494
       27495       27496       27497       27498       27499       27500
       27501       27502       27503       27504       27505       27750
       27752       27753       27754       27755       27756       27757
       27758       27759       27760       27761       27762       27763
       27764       27765       27766       27767       27768       27769
       27770       27771       27772       27773       27774       27775
       27776       27777       27778       27779       27780       27781
       27782       27783       27784       27785       27786       27787
       28034       28036       28037       28038       28039       28040
       28041       28042       28043       28044       28045       28046
       28047       28048       28049       28050       28051       28052
       28053       28054       28055       28056       28057       28058
       28059       28060       28061       28062       28063       28064
       28065       28066       28067       28068       28069       28318
       28320       28321       28322       28323       28324       28325
       28326       28327       28328       28329       28330       28331
       28332       28333       28334       28335       28336       28337
       28338       28339       28340       28341       28342       28343
       28344       28345       28346       28347       28348       28349
       28350       28351       28602       28603       28604       28605
       28606       28607       28608       28609       28610       28611
       28612       28613       28614       28615       28616       28617
       28618       28619       28620       28621       28622       28623
       28624       28625       28626       28627       28628       28629
       28630       28631       28632       28633       28635       28884
       28886       28887       28888       28889       28890       28891
       28892       28893       28894       28895       28896       28897
       28898       28899       28900       28901       28902       28903
       28904       28905       28906       28907       28908       28909
       28910       28911       28912       28913       28914       28915
       28916       28917       28919       29168       29170       29171
       29172       29173       29174       29175       29176       29177
       29178       29179       29180       29181       29182       29183
       29184       29185       29186       29187       29188       29189
       29190       29191       29192       29193       29194       29195
       29196       29197       29198       29199       29200       29201
       29203       29452       29453       29454       29455       29456
       29457       29458       29459       29460       29461       29462
       29463       29464       29465       29466       29467       29468
       29469       29470       29471       29472       29473       29474
       29475       29476       29477       29478       29479       29480
       29481       29482       29483       29484       29485       29733
       29735       29736       29737       29738       29739       29740
       29741       29742       29743       29744       29745       29746
       29747       29748       29749       29750       29751       29752
       29753       29754       29755       29756       29757       29758
       29759       29760       29761       29762       29763       29764
       29765       29766       19588       19873       20155       20436
       20721       21002       21287       21568       21852       22136
       22421       22702       22987       23269       23550       23835
       24117       24399       24681       24963       25244       25528
       25813       26095       26377       26659       26941       27222
       27507       27789       28071       28353       28634       28918
       29202       29487       29768       18692       18974       19259
       19543       19824       20109       20393       20677       20961
       21245       21529       21810       22095       22379       22660
       22942       23227       23508       23790       24075       24356
       24638       24920       25205       25486       25771       26052
       26337       26618       26900       27185       27466       27751
       28035       28319       28600       28885       29169       29450
       29734       18131       18133       18135       18137       18139
       18141       18143       18145       18147       18149       18410
       18151       18153       18436       18720       18723       18725
       18727       18729       18731       18733       19016       19019
       19021       19304       19591       19872       20154       20439
       20720       21005       21286       21571       21855       22139
       22420       22705       22986       23268       23553       23834
       24116       24398       24680       24962       25247       25531
       25812       26094       26376       26658       26940       27225
       27506       27788       28070       28352       28637       28921
       29205       29486       29767       18693       18975       19256
       19540       19825       20106       20390       20674       20958
       21242       21526       21811       22092       22376       22661
       22943       23224       23509       23791       24072       24357
       24639       24921       25202       25487       25768       26053
       26334       26619       26901       27182       27467       27748
       28032       28316       28601       28882       29166       29451
       29731       18128       18129       18130       18132       18134
       18136       18138       18140       18142       18144       18146
       18148       18411       18150       18152       18155       18439
       18722       18724       18726       18728       18730       18732
       18735       19018       19020       19023       19307
        2363
         102
       27413       27415       27416       27418       27419       27421
       27422       27424       27425       27427       27428       27430
       27431       27433       27434       27436       27437       27439
       27440       27442       27443       27445       27446       27448
       27833       27835       27836       27837       27838       27839
       27840       27841       27842       27843       27844       27845
       27846       27847       27848       27849       27850       27851
       27852       27853       27854       27855       27856       27857
       27858       27859       27860       27861       27862       27863
       27864       27865       27866       27867       27868       27869
       27870       27871       27873       28255       28257       28258
       28259       28260       28261       28262       28263       28264
       28265       28266       28267       28268       28269       28270
       28271       28272       28273       28274       28275       28276
       28277       28278       28279       28280       28281       28282
       28283       28284       28285       28286       28287       28288
       28289       28290       28291       28292       28293       28294
       28295       28296       28298       28299       28301       28302
       28304       28305       28307       28308       28310       28311
       28313       28314       28316       28677       28680       28681
       28682       28683       28684       28685       28686       28687
       28688       28689       28690       28691       28692       28693
       28694       28695       28696       28697       28698       28699
       28700       28701       28702       28703       28704       28705
       28706       28707       28708       28709       28710       28711
       28712       28713       28714       28715       28716       28717
       28718       28719       28720       28721       28722       28723
       28724       28725       28726       28727       28728       28729
       28730       28731       28732       28733       28734       28735
       28736       28737       28738       28739       28741       28742
       28744       28745       28747       29102       29105       29106
       29107       29108       29109       29110       29111       29112
       29113       29114       29115       29116       29117       29118
       29119       29120       29121       29122       29123       29124
       29125       29126       29127       29128       29129       29130
       29131       29132       29133       29134       29135       29136
       29137       29138       29139       29140       29141       29142
       29143       29144       29145       29146       29147       29148
       29149       29150       29151       29152       29153       29154
       29155       29156       29157       29158       29159       29160
       29161       29162       29163       29164       29165       29166
       29167       29168       29169       29170       29172       29527
       29529       29530       29531       29532       29533       29534
       29535       29536       29537       29538       29539       29540
       29541       29542       29543       29544       29545       29546
       29547       29548       29549       29550       29551       29552
       29553       29554       29555       29556       29557       29558
       29559       29560       29561       29562       29563       29564
       29565       29566       29567       29568       29569       29570
       29571       29572       29573       29574       29575       29576
       29577       29578       29579       29580       29581       29582
       29583       29584       29585       29586       29587       29588
       29589       29590       29591       29592       29593       29594
       29595       29949       29952       29953       29954       29955
       29956       29957       29958       29959       29960       29961
       29962       29963       29964       29965       29966       29967
       29968       29969       29970       29971       29972       29973
       29974       29975       29976       29977       29978       29979
       29980       29981       29982       29983       29984       29985
       29986       29987       29988       29989       29990       29991
       29992       29993       29994       29995       29996       29997
       29998       29999       30000       30001       30002       30003
       30004       30005       30006       30007       30008       30009
       30010       30011       30012       30013       30014       30015
       30016       30017       30374       30377       30378       30379
       30380       30381       30382       30383       30384       30385
       30386       30387       30388       30389       30390       30391
       30392       30393       30394       30395       30396       30397
       30398       30399       30400       30401       30402       30403
       30404       30405       30406       30407       30408       30409
       30410       30411       30412       30413       30414       30415
       30416       30417       30418       30419       30420       30421
       30422       30423       30424       30425       30426       30427
       30428       30429       30430       30431       30432       30433
       30434       30435       30436       30437       30438       30439
       30441       30799       30802       30803       30804       30805
       30806       30807       30808       30809       30810       30811
       30812       30813       30814       30815       30816       30817
       30818       30819       30820       30821       30822       30823
       30824       30825       30826       30827       30828       30829
       30830       30831       30832       30833       30834       30835
       30836       30837       30838       30839       30840       30841
       30842       30843       30844       30845       30846       30847
       30848       30849       30850       30851       30852       30853
       30854       30855       30856       30857       30858       30859
       30860       30861       30862       30863       30864       31224
       31227       31228       31229       31230       31231       31232
       31233       31234       31235       31236       31237       31238
       31239       31240       31241       31242       31243       31244
       31245       31246       31247       31248       31249       31250
       31251       31252       31253       31254       31255       31256
       31257       31258       31259       31260       31261       31262
       31263       31264       31265       31266       31267       31268
       31269       31270       31271       31272       31273       31274
       31275       31276       31277       31278       31279       31280
       31281       31282       31283       31284       31285       31286
       31288       31649       31652       31653       31654       31655
       31656       31657       31658       31659       31660       31661
       31662       31663       31664       31665       31666       31667
       31668       31669       31670       31671       31672       31673
       31674       31675       31676       31677       31678       31679
       31680       31681       31682       31683       31684       31685
       31686       31687       31688       31689       31690       31691
       31692       31693       31694       31695       31696       31697
       31698       31699       31700       31701       31702       31703
       31704       31705       31706       31707       31708       31709
       31710       31711       32074       32077       32078       32079
       32080       32081       32082       32083       32084       32085
       32086       32087       32088       32089       32090       32091
       32092       32093       32094       32095       32096       32097
       32098       32099       32100       32101       32102       32103
       32104       32105       32106       32107       32108       32109
       32110       32111       32112       32113       32114       32115
       32116       32117       32118       32119       32120       32121
       32122       32123       32124       32125       32126       32127
       32128       32129       32130       32131       32132       32133
       32135       32499       32501       32502       32503       32504
       32505       32506       32507       32508       32509       32510
       32511       32512       32513       32514       32515       32516
       32517       32518       32519       32520       32521       32522
       32523       32524       32525       32526       32527       32528
       32529       32530       32531       32532       32533       32534
       32535       32536       32537       32538       32539       32540
       32541       32542       32543       32544       32545       32546
       32547       32548       32549       32550       32551       32552
       32553       32554       32555       32556       32557       32558
       32560       32921       32924       32925       32926       32927
       32928       32929       32930       32931       32932       32933
       32934       32935       32936       32937       32938       32939
       32940       32941       32942       32943       32944       32945
       32946       32947       32948       32949       32950       32951
       32952       32953       32954       32955       32956       32957
       32958       32959       32960       32961       32962       32963
       32964       32965       32966       32967       32968       32969
       32970       32971       32972       32973       32974       32975
       32976       32977       32978       32979       32980       32981
       32982       32983       32985       33346       33349       33350
       33351       33352       33353       33354       33355       33356
       33357       33358       33359       33360       33361       33362
       33363       33364       33365       33366       33367       33368
       33369       33370       33371       33372       33373       33374
       33375       33376       33377       33378       33379       33380
       33381       33382       33383       33384       33385       33386
       33387       33388       33389       33390       33391       33392
       33393       33394       33395       33396       33397       33398
       33399       33400       33401       33402       33403       33404
       33405       33406       33407       33408       33771       33773
       33774       33775       33776       33777       33778       33779
       33780       33781       33782       33783       33784       33785
       33786       33787       33788       33789       33790       33791
       33792       33793       33794       33795       33796       33797
       33798       33799       33800       33801       33802       33803
       33804       33805       33806       33807       33808       33809
       33810       33811       33812       33813       33814       33815
       33816       33817       33818       33819       33820       33821
       33822       33823       33824       33825       33826       33827
       33828       33829       33830       33832       34193       34195
       34196       34197       34198       34199       34200       34201
       34202       34203       34204       34205       34206       34207
       34208       34209       34210       34211       34212       34213
       34214       34215       34216       34217       34218       34219
       34220       34221       34222       34223       34224       34225
       34226       34227       34228       34229       34230       34231
       34232       34233       34234       34235       34236       34237
       34238       34239       34240       34241       34242       34243
       34244       34245       34246       34247       34248       34249
       34250       34251       34252       34253       34254       34255
       34615       34618       34619       34620       34621       34622
       34623       34624       34625       34626       34627       34628
       34629       34630       34631       34632       34633       34634
       34635       34636       34637       34638       34639       34640
       34641       34642       34643       34644       34645       34646
       34647       34648       34649       34650       34651       34652
       34653       34654       34655       34656       34657       34658
       34659       34660       34661       34662       34663       34664
       34665       34666       34667       34668       34669       34670
       34671       34672       34673       34674       34675       34676
       34677       35040       35042       35043       35044       35045
       35046       35047       35048       35049       35050       35051
       35052       35053       35054       35055       35056       35057
       35058       35059       35060       35061       35062       35063
       35064       35065       35066       35067       35068       35069
       35070       35071       35072       35073       35074       35075
       35076       35077       35078       35079       35080       35081
       35082       35083       35084       35085       35086       35087
       35088       35089       35090       35091       35092       35093
       35094       35095       35096       35097       35098       35099
       35101       35462       35464       35465       35466       35467
       35468       35469       35470       35471       35472       35473
       35474       35475       35476       35477       35478       35479
       35480       35481       35482       35483       35484       35485
       35486       35487       35488       35489       35490       35491
       35492       35493       35494       35495       35496       35497
       35498       35499       35500       35501       35502       35503
       35504       35505       35506       35507       35508       35509
       35510       35511       35512       35513       35514       35515
       35516       35517       35518       35519       35520       35521
       35522       35523       35524       35884       35887       35888
       35889       35890       35891       35892       35893       35894
       35895       35896       35897       35898       35899       35900
       35901       35902       35903       35904       35905       35906
       35907       35908       35909       35910       35911       35912
       35913       35914       35915       35916       35917       35918
       35919       35920       35921       35922       35923       35924
       35925       35926       35927       35928       35929       35930
       35931       35932       35933       35934       35935       35936
       35937       35938       35939       35940       35941       35942
       35943       35944       35945       35946       36309       36311
       36312       36313       36314       36315       36316       36317
       36318       36319       36320       36321       36322       36323
       36324       36325       36326       36327       36328       36329
       36330       36331       36332       36333       36334       36335
       36336       36337       36338       36339       36340       36341
       36342       36343       36344       36345       36346       36347
       36348       36349       36350       36351       36352       36353
       36354       36355       36356       36357       36358       36359
       36360       36361       36362       36363       36364       36365
       36366       36367       36368       36731       36733       36734
       36735       36736       36737       36738       36739       36740
       36741       36742       36743       36744       36745       36746
       36747       36748       36749       36750       36751       36752
       36753       36754       36755       36756       36757       36758
       36759       36760       36761       36762       36763       36764
       36765       36766       36767       36768       36769       36770
       36771       36772       36773       36774       36775       36776
       36777       36778       36779       36780       36781       36782
       36783       36784       36785       36786       36787       36788
       36789       36790       37153       37155       37156       37157
       37158       37159       37160       37161       37162       37163
       37164       37165       37166       37167       37168       37169
       37170       37171       37172       37173       37174       37175
       37176       37177       37178       37179       37180       37181
       37182       37183       37184       37185       37186       37187
       37188       37189       37190       37191       37192       37193
       37194       37195       37196       37197       37198       37199
       37200       37201       37202       37203       37204       37205
       37206       37207       37208       37209       37210       37211
       37212       37575       37578       37579       37580       37581
       37582       37583       37584       37585       37586       37587
       37588       37589       37590       37591       37592       37593
       37594       37595       37596       37597       37598       37599
       37600       37601       37602       37603       37604       37605
       37606       37607       37608       37609       37610       37611
       37612       37613       37614       37615       37616       37617
       37618       37619       37620       37621       37622       37623
       37624       37625       37626       37627       37628       37629
       37630       37631       37632       37633       37634       37636
       38000       38002       38003       38004       38005       38006
       38007       38008       38009       38010       38011       38012
       38013       38014       38015       38016       38017       38018
       38019       38020       38021       38022       38023       38024
       38025       38026       38027       38028       38029       38030
       38031       38032       38033       38034       38035       38036
       38037       38038       38039       38040       38041       38042
       38043       38044       38045       38046       38047       38048
       38049       38050       38051       38052       38053       38054
       38055       38056       38057       38058       38059       38061
       38422       38425       38426       38427       38428       38429
       38430       38431       38432       38433       38434       38435
       38436       38437       38438       38439       38440       38441
       38442       38443       38444       38445       38446       38447
       38448       38449       38450       38451       38452       38453
       38454       38455       38456       38457       38458       38459
       38460       38461       38462       38463       38464       38465
       38466       38467       38468       38469       38470       38471
       38472       38473       38474       38475       38476       38477
       38478       38479       38480       38481       38482       38483
       38484       38847       38849       38850       38851       38852
       38853       38854       38855       38856       38857       38858
       38859       38860       38861       38862       38863       38864
       38865       38866       38867       38868       38869       38870
       38871       38872       38873       38874       38875       38876
       38877       38878       38879       38880       38881       38882
       38883       38884       38885       38886       38887       38888
       38889       38890       38891       38892       38893       38894
       38895       38896       38897       38898       38899       38900
       38901       38902       38903       38904       38905       38906
       39269       39272       39273       39274       39275       39276
       39277       39278       39279       39280       39281       39282
       39283       39284       39285       39286       39287       39288
       39289       39290       39291       39292       39293       39294
       39295       39296       39297       39298       39299       39300
       39301       39302       39303       39304       39305       39306
       39307       39308       39309       39310       39311       39312
       39313       39314       39315       39316       39317       39318
       39319       39320       39321       39322       39323       39324
       39325       39326       39327       39328       39694       39696
       39697       39698       39699       39700       39701       39702
       39703       39704       39705       39706       39707       39708
       39709       39710       39711       39712       39713       39714
       39715       39716       39717       39718       39719       39720
       39721       39722       39723       39724       39725       39726
       39727       39728       39729       39730       39731       39732
       39733       39734       39735       39736       39737       39738
       39739       39740       39741       39742       39743       39744
       39745       39746       39747       39748       39749       39750
       40116       40118       40119       40120       40121       40122
       40123       40124       40125       40126       40127       40128
       40129       40130       40131       40132       40133       40134
       40135       40136       40137       40138       40139       40140
       40141       40142       40143       40144       40145       40146
       40147       40148       40149       40150       40151       40152
       40153       40154       40155       40156       40157       40158
       40159       40160       40161       40162       40163       40164
       40165       40166       40167       40168       40169       40170
       40171       40172       40538       40541       40542       40543
       40544       40545       40546       40547       40548       40549
       40550       40551       40552       40553       40554       40555
       40556       40557       40558       40559       40560       40561
       40562       40563       40564       40565       40566       40567
       40568       40569       40570       40571       40572       40573
       40574       40575       40576       40577       40578       40579
       40580       40581       40582       40583       40584       40585
       40586       40587       40588       40589       40590       40591
       40592       40593       40594       40596       40963       40965
       40966       40967       40968       40969       40970       40971
       40972       40973       40974       40975       40976       40977
       40978       40979       40980       40981       40982       40983
       40984       40985       40986       40987       40988       40989
       40990       40991       40992       40993       40994       40995
       40996       40997       40998       40999       41000       41001
       41002       41003       41004       41005       41006       41007
       41008       41009       41010       41011       41012       41013
       41014       41015       41016       41017       41018       41019
       41385       41388       41389       41390       41391       41392
       41393       41394       41395       41396       41397       41398
       41399       41400       41401       41402       41403       41404
       41405       41406       41407       41408       41409       41410
       41411       41412       41413       41414       41415       41416
       41417       41418       41419       41420       41421       41422
       41423       41424       41425       41426       41427       41428
       41429       41430       41431       41432       41433       41434
       41435       41436       41437       41438       41439       41440
       41441       41810       41813       41814       41815       41816
       41817       41818       41819       41820       41821       41822
       41823       41824       41825       41826       41827       41828
       41829       41830       41831       41832       41833       41834
       41835       41836       41837       41838       41839       41840
       41841       41842       41843       41844       41845       41846
       41847       41848       41849       41850       41851       41852
       41853       41854       41855       41856       41857       41858
       41859       41860       41861       41862       41863       42235
       42238       42239       42240       42241       42242       42243
       42244       42245       42246       42247       42248       42249
       42250       42251       42252       42253       42254       42255
       42256       42257       42258       42259       42260       42261
       42262       42263       42264       42265       42266       42267
       42268       42269       42270       42271       42272       42273
       42274       42275       42276       42277       42278       42279
       42280       42281       42282       42283       42284       42285
       42660       42662       42663       42664       42665       42666
       42667       42668       42669       42670       42671       42672
       42673       42674       42675       42676       42677       42678
       42679       42680       42681       42682       42683       42684
       42685       42686       42687       42688       42689       42690
       42691       42692       42693       42694       42695       42696
       42697       42698       42699       42700       42701       42702
       42703       42704       42705       42706       42707       42709
       43082       43085       43086       43087       43088       43089
       43090       43091       43092       43093       43094       43095
       43096       43097       43098       43099       43100       43101
       43102       43103       43104       43105       43106       43107
       43108       43109       43110       43111       43112       43113
       43114       43115       43116       43117       43118       43119
       43120       43121       43122       43123       43124       43125
       43126       43127       43128       43129       43130       43131
       43132       43134       43507       43510       43511       43512
       43513       43514       43515       43516       43517       43518
       43519       43520       43521       43522       43523       43524
       43525       43526       43527       43528       43529       43530
       43531       43532       43533       43534       43535       43536
       43537       43538       43539       43540       43541       43542
       43543       43544       43545       43546       43547       43548
       43549       43550       43551       43552       43553       43554
       43555       43556       43557       43559       43932       43934
       43935       43936       43937       43938       43939       43940
       43941       43942       43943       43944       43945       43946
       43947       43948       43949       43950       43951       43952
       43953       43954       43955       43956       43957       43958
       43959       43960       43961       43962       43963       43964
       43965       43966       43967       43968       43969       43970
       43971       43972       43973       43974       43975       43976
       43977       43978       43979       43980       43981       43982
       44353       44356       44357       44358       44359       44360
       44361       44362       44363       44364       44365       44366
       44367       44368       44369       44370       44371       44372
       44373       44374       44375       44376       44377       44378
       44379       44380       44381       44382       44383       44384
       44385       44386       44387       44388       44389       44390
       44391       44392       44393       44394       44395       44396
       44397       44398       44399       44400       44401       44402
       44403       45004       45005       45006       45007       45008
       45009       45010       45011       45012       45013       45014
       45015       45016       45017       45018       45019       27411
       27412       27414       27417       27420       27423       27426
       27429       27432       27435       27438       27441       27444
       27449       27834       27874       28256       28297       28300
       28303       28306       28309       28312       28317       28679
       28740       28743       28748       29104       29173       29528
       29597       29951       30019       30376       30442       30801
       30866       31226       31289       31651       31713       32076
       32136       32500       32561       32923       32986       33348
       33410       33772       33833       34194       34257       34617
       34679       35041       35102       35463       35526       35886
       35948       36310       36370       36732       36792       37154
       37214       37577       37637       38001       38062       38424
       38486       38848       38908       39271       39330       39695
       39752       40117       40174       40540       40597       40964
       41021       41387       41443       41812       41865       42237
       42287       42661       42710       43084       43135       43509
       43560       43933       43984       44355       44405
