          19
         760
          88
        9331        9332        9333        9334        9335        9336
        9337        9473        9474        9475        9476        9477
        9478        9479        9480        9615        9616        9617
        9618        9619        9620        9621        9622        9623
        9755        9756        9757        9758        9759        9760
        9761        9762        9763        9764        9765        9766
        9896        9897        9898        9899        9900        9901
        9902        9903        9904        9905        9906        9907
        9908        9909       10039       10040       10041       10042
       10043       10044       10045       10046       10047       10048
       10049       10050       10051       10052       10181       10182
       10183       10184       10185       10186       10187       10188
       10189       10190       10191       10192       10193       10194
       10195       10324       10325       10326       10327       10328
       10329       10330       10331       10332       10333       10334
       10335       10336       10337       10338       10467       10468
       10469       10470       10471       10472       10473       10474
       10475       10476       10477       10478       10479       10480
       10481       10610       10611       10612       10613       10614
       10615       10616       10617       10618       10619       10620
       10621       10622       10623       10624       10625       10753
       10754       10755       10756       10757       10758       10759
       10760       10761       10762       10763       10764       10765
       10766       10767       10768       10896       10897       10898
       10899       10900       10901       10902       10903       10904
       10905       10906       10907       10908       10909       10910
       10911       11039       11040       11041       11042       11043
       11044       11045       11046       11047       11048       11049
       11050       11051       11052       11053       11054       11182
       11183       11184       11185       11186       11187       11188
       11189       11190       11191       11192       11193       11194
       11195       11196       11197       11325       11326       11327
       11328       11329       11330       11331       11332       11333
       11334       11335       11336       11337       11338       11339
       11340       11468       11469       11470       11471       11472
       11473       11474       11475       11476       11477       11478
       11479       11480       11481       11482       11483       11611
       11612       11613       11614       11615       11616       11617
       11618       11619       11620       11621       11622       11623
       11624       11625       11626       11754       11755       11756
       11757       11758       11759       11760       11761       11762
       11763       11764       11765       11766       11767       11768
       11769       11897       11898       11899       11900       11901
       11902       11903       11904       11905       11906       11907
       11908       11909       11910       11911       11912       11913
       11914       11915       11916       12040       12041       12042
       12043       12044       12045       12046       12047       12048
       12049       12050       12051       12052       12053       12054
       12055       12056       12057       12058       12059       12183
       12184       12185       12186       12187       12188       12189
       12190       12191       12192       12193       12194       12195
       12196       12197       12198       12199       12200       12201
       12202       12326       12327       12328       12329       12330
       12331       12332       12333       12334       12335       12336
       12337       12338       12339       12340       12341       12342
       12343       12344       12345       12468       12469       12470
       12471       12472       12473       12474       12475       12476
       12477       12478       12479       12480       12481       12482
       12483       12484       12485       12486       12487       12488
       12611       12612       12613       12614       12615       12616
       12617       12618       12619       12620       12621       12622
       12623       12624       12625       12626       12627       12628
       12629       12630       12631       12753       12754       12755
       12756       12757       12758       12759       12760       12761
       12762       12763       12764       12765       12766       12767
       12768       12769       12770       12771       12772       12773
       12774       12895       12896       12897       12898       12899
       12900       12901       12902       12903       12904       12905
       12906       12907       12908       12909       12910       12911
       12912       12913       12914       12915       12916       12917
       13038       13039       13040       13041       13042       13043
       13044       13045       13046       13047       13048       13049
       13050       13051       13052       13053       13054       13055
       13056       13057       13058       13059       13060       13181
       13182       13183       13184       13185       13186       13187
       13188       13189       13190       13191       13192       13193
       13194       13195       13196       13197       13198       13199
       13200       13201       13202       13324       13325       13326
       13327       13328       13329       13330       13331       13332
       13333       13334       13335       13336       13337       13338
       13339       13340       13341       13342       13343       13344
       13345       13467       13468       13469       13470       13471
       13472       13473       13474       13475       13476       13477
       13478       13479       13480       13481       13482       13483
       13484       13485       13486       13487       13488       13610
       13611       13612       13613       13614       13615       13616
       13617       13618       13619       13620       13621       13622
       13623       13624       13625       13626       13627       13628
       13629       13630       13631       13752       13753       13754
       13755       13756       13757       13758       13759       13760
       13761       13762       13763       13764       13765       13766
       13767       13768       13769       13770       13771       13772
       13773       13894       13895       13896       13897       13898
       13899       13900       13901       13902       13903       13904
       13905       13906       13907       13908       13909       13910
       13911       13912       13913       13914       13915       14037
       14038       14039       14040       14041       14042       14043
       14044       14045       14046       14047       14048       14049
       14050       14051       14052       14053       14054       14055
       14056       14057       14179       14180       14181       14182
       14183       14184       14185       14186       14187       14188
       14189       14190       14191       14192       14193       14194
       14195       14196       14197       14198       14199       14321
       14322       14323       14324       14325       14326       14327
       14328       14329       14330       14331       14332       14333
       14334       14335       14336       14337       14338       14339
       14340       14341       14463       14464       14465       14466
       14467       14468       14469       14470       14471       14472
       14473       14474       14475       14476       14477       14478
       14479       14480       14481       14482       14483       14605
       14606       14607       14608       14609       14610       14611
       14612       14613       14614       14615       14616       14617
       14618       14619       14620       14621       14622       14623
       14624       14625       14748       14749       14750       14751
       14752       14753       14754       14755       14756       14757
       14758       14759       14760       14761       14762       14763
       14764       14765       14766       14767       14890       14891
       14892       14893       14894       14895       14896       14897
       14898       14899       14900       14901       14902       14903
       14904       14905       14906       14907       14908       14909
       15032       15033       15034       15035       15036       15037
       15038       15039       15040       15041       15042       15043
       15044       15045       15046       15047       15048       15049
       15050       15051       15173       15174       15175       15176
       15177       15178       15179       15180       15181       15182
       15183       15184       15185       15186       15187       15188
       15189       15190       15191       15192        9195        9338
        9481        9624        9767        9910       10053       10196
       10339       10482       10483       10626       10769       10912
       11055       11198       11341       11484       11627       11770
       11771       11772       11773       11774       11917       12060
       12203       12346       12489       12632       12775       12918
       13061       13203       13346       13489        9188        9189
        9190        9191        9192        9193        9194        9330
        9472        9612        9613        9614        9753        9754
        9895       10038       10180       10323       10466       10609
       10752       10895       11038       11181       11324       11467
       11610       11753       11896       12039       12182       12325
       12467       12610       12752       12894       13037       13180
       13323       13466       13609       13751       13893       14036
       14178       14320       14462       14604       14747       14889
       15031       15172
        1575
          87
          89
       18248       18249       18250       18251       18252       18253
       18254       18255       18256       18257       18258       18259
       18260       18261       18263       18530       18531       18532
       18533       18534       18535       18536       18537       18538
       18539       18540       18541       18542       18543       18544
       18545       18547       18812       18813       18814       18815
       18816       18817       18818       18819       18820       18821
       18822       18823       18824       18825       18826       18827
       18828       18829       18831       19090       19091       19092
       19093       19094       19095       19096       19097       19098
       19099       19100       19101       19102       19103       19104
       19105       19106       19107       19108       19109       19110
       19111       19112       19113       19115       19370       19371
       19372       19373       19374       19375       19376       19377
       19378       19379       19380       19381       19382       19383
       19384       19385       19386       19387       19388       19389
       19390       19391       19392       19393       19394       19395
       19396       19397       19399       19652       19654       19655
       19656       19657       19658       19659       19660       19661
       19662       19663       19664       19665       19666       19667
       19668       19669       19670       19671       19672       19673
       19674       19675       19676       19677       19678       19679
       19680       19681       19683       19936       19937       19938
       19939       19940       19941       19942       19943       19944
       19945       19946       19947       19948       19949       19950
       19951       19952       19953       19954       19955       19956
       19957       19958       19959       19960       19961       19962
       19963       19964       19965       19967       20218       20220
       20221       20222       20223       20224       20225       20226
       20227       20228       20229       20230       20231       20232
       20233       20234       20235       20236       20237       20238
       20239       20240       20241       20242       20243       20244
       20245       20246       20247       20248       20249       20251
       20502       20504       20505       20506       20507       20508
       20509       20510       20511       20512       20513       20514
       20515       20516       20517       20518       20519       20520
       20521       20522       20523       20524       20525       20526
       20527       20528       20529       20530       20531       20532
       20533       20535       20786       20788       20789       20790
       20791       20792       20793       20794       20795       20796
       20797       20798       20799       20800       20801       20802
       20803       20804       20805       20806       20807       20808
       20809       20810       20811       20812       20813       20814
       20815       20816       20817       20818       20819       20821
       21070       21072       21073       21074       21075       21076
       21077       21078       21079       21080       21081       21082
       21083       21084       21085       21086       21087       21088
       21089       21090       21091       21092       21093       21094
       21095       21096       21097       21098       21099       21100
       21101       21102       21103       21105       21354       21356
       21357       21358       21359       21360       21361       21362
       21363       21364       21365       21366       21367       21368
       21369       21370       21371       21372       21373       21374
       21375       21376       21377       21378       21379       21380
       21381       21382       21383       21384       21385       21386
       21387       21389       21638       21640       21641       21642
       21643       21644       21645       21646       21647       21648
       21649       21650       21651       21652       21653       21654
       21655       21656       21657       21658       21659       21660
       21661       21662       21663       21664       21665       21666
       21667       21668       21669       21670       21671       21673
       21922       21924       21925       21926       21927       21928
       21929       21930       21931       21932       21933       21934
       21935       21936       21937       21938       21939       21940
       21941       21942       21943       21944       21945       21946
       21947       21948       21949       21950       21951       21952
       21953       21954       21955       21957       22206       22208
       22209       22210       22211       22212       22213       22214
       22215       22216       22217       22218       22219       22220
       22221       22222       22223       22224       22225       22226
       22227       22228       22229       22230       22231       22232
       22233       22234       22235       22236       22237       22238
       22239       22241       22490       22492       22493       22494
       22495       22496       22497       22498       22499       22500
       22501       22502       22503       22504       22505       22506
       22507       22508       22509       22510       22511       22512
       22513       22514       22515       22516       22517       22518
       22519       22520       22521       22522       22523       22525
       22774       22776       22777       22778       22779       22780
       22781       22782       22783       22784       22785       22786
       22787       22788       22789       22790       22791       22792
       22793       22794       22795       22796       22797       22798
       22799       22800       22801       22802       22803       22804
       22805       22806       22807       22809       23058       23060
       23061       23062       23063       23064       23065       23066
       23067       23068       23069       23070       23071       23072
       23073       23074       23075       23076       23077       23078
       23079       23080       23081       23082       23083       23084
       23085       23086       23087       23088       23089       23090
       23091       23093       23342       23344       23345       23346
       23347       23348       23349       23350       23351       23352
       23353       23354       23355       23356       23357       23358
       23359       23360       23361       23362       23363       23364
       23365       23366       23367       23368       23369       23370
       23371       23372       23373       23374       23375       23376
       23377       23378       23379       23380       23381       23382
       23383       23385       23626       23628       23629       23630
       23631       23632       23633       23634       23635       23636
       23637       23638       23639       23640       23641       23642
       23643       23644       23645       23646       23647       23648
       23649       23650       23651       23652       23653       23654
       23655       23656       23657       23658       23659       23660
       23661       23662       23663       23664       23665       23666
       23667       23669       23910       23912       23913       23914
       23915       23916       23917       23918       23919       23920
       23921       23922       23923       23924       23925       23926
       23927       23928       23929       23930       23931       23932
       23933       23934       23935       23936       23937       23938
       23939       23940       23941       23942       23943       23944
       23945       23946       23947       23948       23949       23950
       23951       23953       24194       24196       24197       24198
       24199       24200       24201       24202       24203       24204
       24205       24206       24207       24208       24209       24210
       24211       24212       24213       24214       24215       24216
       24217       24218       24219       24220       24221       24222
       24223       24224       24225       24226       24227       24228
       24229       24230       24231       24232       24233       24234
       24235       24237       24478       24479       24480       24481
       24482       24483       24484       24485       24486       24487
       24488       24489       24490       24491       24492       24493
       24494       24495       24496       24497       24498       24499
       24500       24501       24502       24503       24504       24505
       24506       24507       24508       24509       24510       24511
       24512       24513       24514       24515       24516       24517
       24518       24519       24521       24760       24762       24763
       24764       24765       24766       24767       24768       24769
       24770       24771       24772       24773       24774       24775
       24776       24777       24778       24779       24780       24781
       24782       24783       24784       24785       24786       24787
       24788       24789       24790       24791       24792       24793
       24794       24795       24796       24797       24798       24799
       24800       24801       24802       24803       24805       25044
       25045       25046       25047       25048       25049       25050
       25051       25052       25053       25054       25055       25056
       25057       25058       25059       25060       25061       25062
       25063       25064       25065       25066       25067       25068
       25069       25070       25071       25072       25073       25074
       25075       25076       25077       25078       25079       25080
       25081       25082       25083       25084       25085       25086
       25087       25089       25326       25327       25328       25329
       25330       25331       25332       25333       25334       25335
       25336       25337       25338       25339       25340       25341
       25342       25343       25344       25345       25346       25347
       25348       25349       25350       25351       25352       25353
       25354       25355       25356       25357       25358       25359
       25360       25361       25362       25363       25364       25365
       25366       25367       25368       25369       25370       25371
       25373       25608       25610       25611       25612       25613
       25614       25615       25616       25617       25618       25619
       25620       25621       25622       25623       25624       25625
       25626       25627       25628       25629       25630       25631
       25632       25633       25634       25635       25636       25637
       25638       25639       25640       25641       25642       25643
       25644       25645       25646       25647       25648       25649
       25650       25651       25652       25653       25654       25655
       25657       25892       25894       25895       25896       25897
       25898       25899       25900       25901       25902       25903
       25904       25905       25906       25907       25908       25909
       25910       25911       25912       25913       25914       25915
       25916       25917       25918       25919       25920       25921
       25922       25923       25924       25925       25926       25927
       25928       25929       25930       25931       25932       25933
       25934       25935       25936       25937       25938       25939
       26176       26178       26179       26180       26181       26182
       26183       26184       26185       26186       26187       26188
       26189       26190       26191       26192       26193       26194
       26195       26196       26197       26198       26199       26200
       26201       26202       26203       26204       26205       26206
       26207       26208       26209       26210       26211       26212
       26213       26214       26215       26216       26217       26218
       26219       26220       26221       26223       26460       26462
       26463       26464       26465       26466       26467       26468
       26469       26470       26471       26472       26473       26474
       26475       26476       26477       26478       26479       26480
       26481       26482       26483       26484       26485       26486
       26487       26488       26489       26490       26491       26492
       26493       26494       26495       26496       26497       26498
       26499       26500       26501       26502       26503       26504
       26505       26507       26744       26746       26747       26748
       26749       26750       26751       26752       26753       26754
       26755       26756       26757       26758       26759       26760
       26761       26762       26763       26764       26765       26766
       26767       26768       26769       26770       26771       26772
       26773       26774       26775       26776       26777       26778
       26779       26780       26781       26782       26783       26784
       26785       26786       26787       26788       26789       27028
       27029       27030       27031       27032       27033       27034
       27035       27036       27037       27038       27039       27040
       27041       27042       27043       27044       27045       27046
       27047       27048       27049       27050       27051       27052
       27053       27054       27055       27056       27057       27058
       27059       27060       27061       27062       27063       27064
       27065       27066       27067       27068       27069       27070
       27071       27310       27311       27312       27313       27314
       27315       27316       27317       27318       27319       27320
       27321       27322       27323       27324       27325       27326
       27327       27328       27329       27330       27331       27332
       27333       27334       27335       27336       27337       27338
       27339       27340       27341       27342       27343       27344
       27345       27346       27347       27348       27349       27350
       27351       27352       27353       27592       27594       27595
       27596       27597       27598       27599       27600       27601
       27602       27603       27604       27605       27606       27607
       27608       27609       27610       27611       27612       27613
       27614       27615       27616       27617       27618       27619
       27620       27621       27622       27623       27624       27625
       27626       27627       27628       27629       27630       27631
       27632       27633       27634       27635       27876       27877
       27878       27879       27880       27881       27882       27883
       27884       27885       27886       27887       27888       27889
       27890       27891       27892       27893       27894       27895
       27896       27897       27898       27899       27900       27901
       27902       27903       27904       27905       27906       27907
       27908       27909       27910       27911       27912       27913
       27914       27915       27916       27917       28158       28159
       28160       28161       28162       28163       28164       28165
       28166       28167       28168       28169       28170       28171
       28172       28173       28174       28175       28176       28177
       28178       28179       28180       28181       28182       28183
       28184       28185       28186       28187       28188       28189
       28190       28191       28192       28193       28194       28195
       28196       28197       28198       28199       28440       28441
       28442       28443       28444       28445       28446       28447
       28448       28449       28450       28451       28452       28453
       28454       28455       28456       28457       28458       28459
       28460       28461       28462       28463       28464       28465
       28466       28467       28468       28469       28470       28471
       28472       28473       28474       28475       28476       28477
       28478       28479       28480       28481       28722       28723
       28724       28725       28726       28727       28728       28729
       28730       28731       28732       28733       28734       28735
       28736       28737       28738       28739       28740       28741
       28742       28743       28744       28745       28746       28747
       28748       28749       28750       28751       28752       28753
       28754       28755       28756       28757       28758       28759
       28760       28761       28762       28763       29004       29006
       29007       29008       29009       29010       29011       29012
       29013       29014       29015       29016       29017       29018
       29019       29020       29021       29022       29023       29024
       29025       29026       29027       29028       29029       29030
       29031       29032       29033       29034       29035       29036
       29037       29038       29039       29040       29041       29042
       29043       29044       29045       29288       29289       29290
       29291       29292       29293       29294       29295       29296
       29297       29298       29299       29300       29301       29302
       29303       29304       29305       29306       29307       29308
       29309       29310       29311       29312       29313       29314
       29315       29316       29317       29318       29319       29320
       29321       29322       29323       29324       29325       29326
       29327       29570       29571       29572       29573       29574
       29575       29576       29577       29578       29579       29580
       29581       29582       29583       29584       29585       29586
       29587       29588       29589       29590       29591       29592
       29593       29594       29595       29596       29597       29598
       29599       29600       29601       29602       29603       29604
       29605       29606       29607       29608       29609       29851
       29852       29853       29854       29855       29856       29857
       29858       29859       29860       29861       29862       29863
       29864       29865       29866       29867       29868       29869
       29870       29871       29872       29873       29874       29875
       29876       29877       29878       29879       29880       29881
       29882       29883       29884       29885       29886       29887
       29888       29889       29890       17979       18262       18546
       18830       19114       19398       19682       19966       20250
       20534       20537       20820       21104       21388       21672
       21956       22240       22524       22808       23092       23095
       23097       23099       23101       23384       23668       23952
       24236       24520       24804       25088       25372       25656
       25941       26222       26506       17967       17969       17971
       17973       17975       17977       18246       18528       18809
       18810       18811       19088       19089       19368       19653
       19934       20219       20503       20787       21071       21355
       21639       21923       22207       22491       22775       23059
       23343       23627       23911       24195       24476       24761
       25042       25324       25609       25893       26177       26461
       26745       27026       27308       27593       27874       28156
       28438       28720       29005       29286       29568       29849
       17978       17981       18265       18549       18833       19117
       19401       19685       19969       20253       20536       20539
       20823       21107       21391       21675       21959       22243
       22527       22811       23094       23096       23098       23100
       23103       23387       23671       23955       24239       24523
       24807       25091       25375       25659       25940       26225
       17964       17965       17966       17968       17970       17972
       17974       17976       18247       18529       18806       18807
       18808       19086       19087       19369       19650       19935
       20216       20500       20784       21068       21352       21636
       21920       22204       22488       22772       23056       23340
       23624       23908       24192       24477       24758       25043
       25325       25606       25890       26174       26458       26742
       27027       27309       27590       27875       28157       28439
       28721       29002       29287       29569       29850
        2335
          87
       27168       27170       27171       27173       27174       27176
       27177       27179       27180       27182       27183       27185
       27186       27188       27588       27590       27591       27592
       27593       27594       27595       27596       27597       27598
       27599       27600       27601       27602       27603       27604
       27605       27606       27607       27608       27609       27610
       27611       27613       28010       28012       28013       28014
       28015       28016       28017       28018       28019       28020
       28021       28022       28023       28024       28025       28026
       28027       28028       28029       28030       28031       28032
       28033       28034       28035       28036       28038       28428
       28430       28431       28432       28433       28434       28435
       28436       28437       28438       28439       28440       28441
       28442       28443       28444       28445       28446       28447
       28448       28449       28450       28451       28452       28453
       28454       28455       28456       28457       28458       28459
       28460       28461       28463       28847       28848       28849
       28850       28851       28852       28853       28854       28855
       28856       28857       28858       28859       28860       28861
       28862       28863       28864       28865       28866       28867
       28868       28869       28870       28871       28872       28873
       28874       28875       28876       28877       28878       28879
       28880       28881       28882       28883       28884       28885
       28886       28888       29267       29270       29271       29272
       29273       29274       29275       29276       29277       29278
       29279       29280       29281       29282       29283       29284
       29285       29286       29287       29288       29289       29290
       29291       29292       29293       29294       29295       29296
       29297       29298       29299       29300       29301       29302
       29303       29304       29305       29306       29307       29308
       29309       29310       29311       29313       29692       29694
       29695       29696       29697       29698       29699       29700
       29701       29702       29703       29704       29705       29706
       29707       29708       29709       29710       29711       29712
       29713       29714       29715       29716       29717       29718
       29719       29720       29721       29722       29723       29724
       29725       29726       29727       29728       29729       29730
       29731       29732       29733       29734       29735       29736
       29738       30114       30117       30118       30119       30120
       30121       30122       30123       30124       30125       30126
       30127       30128       30129       30130       30131       30132
       30133       30134       30135       30136       30137       30138
       30139       30140       30141       30142       30143       30144
       30145       30146       30147       30148       30149       30150
       30151       30152       30153       30154       30155       30156
       30157       30158       30159       30160       30161       30163
       30539       30542       30543       30544       30545       30546
       30547       30548       30549       30550       30551       30552
       30553       30554       30555       30556       30557       30558
       30559       30560       30561       30562       30563       30564
       30565       30566       30567       30568       30569       30570
       30571       30572       30573       30574       30575       30576
       30577       30578       30579       30580       30581       30582
       30583       30584       30585       30586       30588       30964
       30967       30968       30969       30970       30971       30972
       30973       30974       30975       30976       30977       30978
       30979       30980       30981       30982       30983       30984
       30985       30986       30987       30988       30989       30990
       30991       30992       30993       30994       30995       30996
       30997       30998       30999       31000       31001       31002
       31003       31004       31005       31006       31007       31008
       31009       31010       31011       31013       31014       31016
       31389       31392       31393       31394       31395       31396
       31397       31398       31399       31400       31401       31402
       31403       31404       31405       31406       31407       31408
       31409       31410       31411       31412       31413       31414
       31415       31416       31417       31418       31419       31420
       31421       31422       31423       31424       31425       31426
       31427       31428       31429       31430       31431       31432
       31433       31434       31435       31436       31437       31438
       31439       31441       31814       31817       31818       31819
       31820       31821       31822       31823       31824       31825
       31826       31827       31828       31829       31830       31831
       31832       31833       31834       31835       31836       31837
       31838       31839       31840       31841       31842       31843
       31844       31845       31846       31847       31848       31849
       31850       31851       31852       31853       31854       31855
       31856       31857       31858       31859       31860       31861
       31862       31863       31864       31866       32239       32242
       32243       32244       32245       32246       32247       32248
       32249       32250       32251       32252       32253       32254
       32255       32256       32257       32258       32259       32260
       32261       32262       32263       32264       32265       32266
       32267       32268       32269       32270       32271       32272
       32273       32274       32275       32276       32277       32278
       32279       32280       32281       32282       32283       32284
       32285       32286       32287       32288       32289       32291
       32664       32667       32668       32669       32670       32671
       32672       32673       32674       32675       32676       32677
       32678       32679       32680       32681       32682       32683
       32684       32685       32686       32687       32688       32689
       32690       32691       32692       32693       32694       32695
       32696       32697       32698       32699       32700       32701
       32702       32703       32704       32705       32706       32707
       32708       32709       32710       32711       32712       32713
       32714       32716       33089       33092       33093       33094
       33095       33096       33097       33098       33099       33100
       33101       33102       33103       33104       33105       33106
       33107       33108       33109       33110       33111       33112
       33113       33114       33115       33116       33117       33118
       33119       33120       33121       33122       33123       33124
       33125       33126       33127       33128       33129       33130
       33131       33132       33133       33134       33135       33136
       33137       33138       33139       33141       33514       33517
       33518       33519       33520       33521       33522       33523
       33524       33525       33526       33527       33528       33529
       33530       33531       33532       33533       33534       33535
       33536       33537       33538       33539       33540       33541
       33542       33543       33544       33545       33546       33547
       33548       33549       33550       33551       33552       33553
       33554       33555       33556       33557       33558       33559
       33560       33561       33562       33563       33564       33566
       33939       33942       33943       33944       33945       33946
       33947       33948       33949       33950       33951       33952
       33953       33954       33955       33956       33957       33958
       33959       33960       33961       33962       33963       33964
       33965       33966       33967       33968       33969       33970
       33971       33972       33973       33974       33975       33976
       33977       33978       33979       33980       33981       33982
       33983       33984       33985       33986       33987       33988
       33989       33991       34364       34367       34368       34369
       34370       34371       34372       34373       34374       34375
       34376       34377       34378       34379       34380       34381
       34382       34383       34384       34385       34386       34387
       34388       34389       34390       34391       34392       34393
       34394       34395       34396       34397       34398       34399
       34400       34401       34402       34403       34404       34405
       34406       34407       34408       34409       34410       34411
       34412       34413       34414       34416       34789       34792
       34793       34794       34795       34796       34797       34798
       34799       34800       34801       34802       34803       34804
       34805       34806       34807       34808       34809       34810
       34811       34812       34813       34814       34815       34816
       34817       34818       34819       34820       34821       34822
       34823       34824       34825       34826       34827       34828
       34829       34830       34831       34832       34833       34834
       34835       34836       34837       34838       34839       34841
       34842       34844       34845       34847       34848       34850
       34851       34853       35214       35217       35218       35219
       35220       35221       35222       35223       35224       35225
       35226       35227       35228       35229       35230       35231
       35232       35233       35234       35235       35236       35237
       35238       35239       35240       35241       35242       35243
       35244       35245       35246       35247       35248       35249
       35250       35251       35252       35253       35254       35255
       35256       35257       35258       35259       35260       35261
       35262       35263       35264       35265       35266       35267
       35268       35269       35270       35271       35272       35273
       35274       35275       35276       35278       35639       35642
       35643       35644       35645       35646       35647       35648
       35649       35650       35651       35652       35653       35654
       35655       35656       35657       35658       35659       35660
       35661       35662       35663       35664       35665       35666
       35667       35668       35669       35670       35671       35672
       35673       35674       35675       35676       35677       35678
       35679       35680       35681       35682       35683       35684
       35685       35686       35687       35688       35689       35690
       35691       35692       35693       35694       35695       35696
       35697       35698       35699       35700       35701       35703
       36064       36067       36068       36069       36070       36071
       36072       36073       36074       36075       36076       36077
       36078       36079       36080       36081       36082       36083
       36084       36085       36086       36087       36088       36089
       36090       36091       36092       36093       36094       36095
       36096       36097       36098       36099       36100       36101
       36102       36103       36104       36105       36106       36107
       36108       36109       36110       36111       36112       36113
       36114       36115       36116       36117       36118       36119
       36120       36121       36122       36123       36124       36125
       36126       36128       36489       36491       36492       36493
       36494       36495       36496       36497       36498       36499
       36500       36501       36502       36503       36504       36505
       36506       36507       36508       36509       36510       36511
       36512       36513       36514       36515       36516       36517
       36518       36519       36520       36521       36522       36523
       36524       36525       36526       36527       36528       36529
       36530       36531       36532       36533       36534       36535
       36536       36537       36538       36539       36540       36541
       36542       36543       36544       36545       36546       36547
       36548       36549       36550       36551       36553       36911
       36914       36915       36916       36917       36918       36919
       36920       36921       36922       36923       36924       36925
       36926       36927       36928       36929       36930       36931
       36932       36933       36934       36935       36936       36937
       36938       36939       36940       36941       36942       36943
       36944       36945       36946       36947       36948       36949
       36950       36951       36952       36953       36954       36955
       36956       36957       36958       36959       36960       36961
       36962       36963       36964       36965       36966       36967
       36968       36969       36970       36971       36972       36973
       36974       36975       36976       36978       37336       37338
       37339       37340       37341       37342       37343       37344
       37345       37346       37347       37348       37349       37350
       37351       37352       37353       37354       37355       37356
       37357       37358       37359       37360       37361       37362
       37363       37364       37365       37366       37367       37368
       37369       37370       37371       37372       37373       37374
       37375       37376       37377       37378       37379       37380
       37381       37382       37383       37384       37385       37386
       37387       37388       37389       37390       37391       37392
       37393       37394       37395       37396       37397       37398
       37399       37400       37401       37403       37758       37760
       37761       37762       37763       37764       37765       37766
       37767       37768       37769       37770       37771       37772
       37773       37774       37775       37776       37777       37778
       37779       37780       37781       37782       37783       37784
       37785       37786       37787       37788       37789       37790
       37791       37792       37793       37794       37795       37796
       37797       37798       37799       37800       37801       37802
       37803       37804       37805       37806       37807       37808
       37809       37810       37811       37812       37813       37814
       37815       37816       37817       37818       37819       37820
       37821       37822       37823       37824       37825       37826
       37828       38180       38183       38184       38185       38186
       38187       38188       38189       38190       38191       38192
       38193       38194       38195       38196       38197       38198
       38199       38200       38201       38202       38203       38204
       38205       38206       38207       38208       38209       38210
       38211       38212       38213       38214       38215       38216
       38217       38218       38219       38220       38221       38222
       38223       38224       38225       38226       38227       38228
       38229       38230       38231       38232       38233       38234
       38235       38236       38237       38238       38239       38240
       38241       38242       38243       38244       38245       38246
       38247       38248       38249       38250       38251       38253
       38605       38608       38609       38610       38611       38612
       38613       38614       38615       38616       38617       38618
       38619       38620       38621       38622       38623       38624
       38625       38626       38627       38628       38629       38630
       38631       38632       38633       38634       38635       38636
       38637       38638       38639       38640       38641       38642
       38643       38644       38645       38646       38647       38648
       38649       38650       38651       38652       38653       38654
       38655       38656       38657       38658       38659       38660
       38661       38662       38663       38664       38665       38666
       38667       38668       38669       38670       38671       38672
       38673       38674       38675       38676       39030       39033
       39034       39035       39036       39037       39038       39039
       39040       39041       39042       39043       39044       39045
       39046       39047       39048       39049       39050       39051
       39052       39053       39054       39055       39056       39057
       39058       39059       39060       39061       39062       39063
       39064       39065       39066       39067       39068       39069
       39070       39071       39072       39073       39074       39075
       39076       39077       39078       39079       39080       39081
       39082       39083       39084       39085       39086       39087
       39088       39089       39090       39091       39092       39093
       39094       39095       39096       39097       39098       39100
       39455       39458       39459       39460       39461       39462
       39463       39464       39465       39466       39467       39468
       39469       39470       39471       39472       39473       39474
       39475       39476       39477       39478       39479       39480
       39481       39482       39483       39484       39485       39486
       39487       39488       39489       39490       39491       39492
       39493       39494       39495       39496       39497       39498
       39499       39500       39501       39502       39503       39504
       39505       39506       39507       39508       39509       39510
       39511       39512       39513       39514       39515       39516
       39517       39518       39519       39520       39521       39522
       39523       39525       39880       39883       39884       39885
       39886       39887       39888       39889       39890       39891
       39892       39893       39894       39895       39896       39897
       39898       39899       39900       39901       39902       39903
       39904       39905       39906       39907       39908       39909
       39910       39911       39912       39913       39914       39915
       39916       39917       39918       39919       39920       39921
       39922       39923       39924       39925       39926       39927
       39928       39929       39930       39931       39932       39933
       39934       39935       39936       39937       39938       39939
       39940       39941       39942       39943       39944       39945
       39946       39947       39948       40305       40307       40308
       40309       40310       40311       40312       40313       40314
       40315       40316       40317       40318       40319       40320
       40321       40322       40323       40324       40325       40326
       40327       40328       40329       40330       40331       40332
       40333       40334       40335       40336       40337       40338
       40339       40340       40341       40342       40343       40344
       40345       40346       40347       40348       40349       40350
       40351       40352       40353       40354       40355       40356
       40357       40358       40359       40360       40361       40362
       40363       40364       40365       40366       40367       40368
       40369       40370       40727       40729       40730       40731
       40732       40733       40734       40735       40736       40737
       40738       40739       40740       40741       40742       40743
       40744       40745       40746       40747       40748       40749
       40750       40751       40752       40753       40754       40755
       40756       40757       40758       40759       40760       40761
       40762       40763       40764       40765       40766       40767
       40768       40769       40770       40771       40772       40773
       40774       40775       40776       40777       40778       40779
       40780       40781       40782       40783       40784       40785
       40786       40787       40788       40789       40790       40791
       40792       41149       41152       41153       41154       41155
       41156       41157       41158       41159       41160       41161
       41162       41163       41164       41165       41166       41167
       41168       41169       41170       41171       41172       41173
       41174       41175       41176       41177       41178       41179
       41180       41181       41182       41183       41184       41185
       41186       41187       41188       41189       41190       41191
       41192       41193       41194       41195       41196       41197
       41198       41199       41200       41201       41202       41203
       41204       41205       41206       41207       41208       41209
       41210       41211       41212       41213       41214       41574
       41576       41577       41578       41579       41580       41581
       41582       41583       41584       41585       41586       41587
       41588       41589       41590       41591       41592       41593
       41594       41595       41596       41597       41598       41599
       41600       41601       41602       41603       41604       41605
       41606       41607       41608       41609       41610       41611
       41612       41613       41614       41615       41616       41617
       41618       41619       41620       41621       41622       41623
       41624       41625       41626       41627       41628       41629
       41630       41631       41632       41633       41634       41635
       41636       41996       41998       41999       42000       42001
       42002       42003       42004       42005       42006       42007
       42008       42009       42010       42011       42012       42013
       42014       42015       42016       42017       42018       42019
       42020       42021       42022       42023       42024       42025
       42026       42027       42028       42029       42030       42031
       42032       42033       42034       42035       42036       42037
       42038       42039       42040       42041       42042       42043
       42044       42045       42046       42047       42048       42049
       42050       42051       42052       42053       42054       42055
       42056       42057       42058       42418       42420       42421
       42422       42423       42424       42425       42426       42427
       42428       42429       42430       42431       42432       42433
       42434       42435       42436       42437       42438       42439
       42440       42441       42442       42443       42444       42445
       42446       42447       42448       42449       42450       42451
       42452       42453       42454       42455       42456       42457
       42458       42459       42460       42461       42462       42463
       42464       42465       42466       42467       42468       42469
       42470       42471       42472       42473       42474       42475
       42476       42477       42478       42479       42480       42840
       42842       42843       42844       42845       42846       42847
       42848       42849       42850       42851       42852       42853
       42854       42855       42856       42857       42858       42859
       42860       42861       42862       42863       42864       42865
       42866       42867       42868       42869       42870       42871
       42872       42873       42874       42875       42876       42877
       42878       42879       42880       42881       42882       42883
       42884       42885       42886       42887       42888       42889
       42890       42891       42892       42893       42894       42895
       42896       42897       42898       42899       42900       42901
       42902       43262       43265       43266       43267       43268
       43269       43270       43271       43272       43273       43274
       43275       43276       43277       43278       43279       43280
       43281       43282       43283       43284       43285       43286
       43287       43288       43289       43290       43291       43292
       43293       43294       43295       43296       43297       43298
       43299       43300       43301       43302       43303       43304
       43305       43306       43307       43308       43309       43310
       43311       43312       43313       43314       43315       43316
       43317       43318       43319       43320       43321       43322
       43323       43324       43687       43689       43690       43691
       43692       43693       43694       43695       43696       43697
       43698       43699       43700       43701       43702       43703
       43704       43705       43706       43707       43708       43709
       43710       43711       43712       43713       43714       43715
       43716       43717       43718       43719       43720       43721
       43722       43723       43724       43725       43726       43727
       43728       43729       43730       43731       43732       43733
       43734       43735       43736       43737       43738       43739
       43740       43741       43742       43743       43744       43745
       43746       44109       44111       44112       44113       44114
       44115       44116       44117       44118       44119       44120
       44121       44122       44123       44124       44125       44126
       44127       44128       44129       44130       44131       44132
       44133       44134       44135       44136       44137       44138
       44139       44140       44141       44142       44143       44144
       44145       44146       44147       44148       44149       44150
       44151       44152       44153       44154       44155       44156
       44157       44158       44159       44160       44161       44162
       44163       44164       44165       44166       44167       44168
       44530       44532       44533       44534       44535       44536
       44537       44538       44539       44540       44541       44542
       44543       44544       44545       44546       44547       44548
       44549       44550       44551       44552       44553       44554
       44555       44556       44557       44558       44559       44560
       44561       44562       44563       44564       44565       44566
       44567       44568       44569       44570       44571       44572
       44573       44574       44575       44576       44577       44578
       44579       44580       44581       44582       44583       44584
       44585       44586       44587       44588       44589       44919
       44921       44923       44925       44927       44929       44931
       44933       44935       44937       44939       44941       45062
       45063       45064       45065       45066       45067       45068
       45069       45070       45071       45072       45073       45074
       45075       45076       45077       45078       45079       45080
       45081       27166       27167       27169       27172       27175
       27178       27181       27184       27189       27589       27614
       28011       28039       28426       28427       28429       28464
       28845       28846       28889       29269       29314       29693
       29739       30116       30164       30541       30589       30966
       31012       31017       31391       31442       31816       31867
       32241       32292       32666       32717       33091       33142
       33516       33567       33941       33992       34366       34417
       34791       34840       34843       34846       34849       34854
       35216       35279       35641       35704       36066       36129
       36490       36554       36913       36979       37337       37404
       37759       37829       38182       38254       38607       38678
       39032       39101       39457       39526       39882       40306
       40728       41151       41575       41997       42419       42841
       43264       43688       44110       44531
