          11
         760
         118
        2890        2891        2892        2893        2894        2895
        2896        2897        2898        2899        2900        2909
        2910        2911        2912        2913        2914        2915
        2916        2917        2918        2919        2920        2921
        2922        2923        2924        2925        2926        2927
        3032        3033        3034        3035        3036        3037
        3038        3039        3040        3041        3042        3043
        3044        3045        3046        3047        3048        3049
        3050        3051        3052        3053        3054        3055
        3056        3057        3058        3059        3060        3061
        3062        3063        3064        3065        3066        3067
        3068        3069        3070        3175        3176        3177
        3178        3179        3180        3181        3182        3183
        3184        3185        3186        3187        3188        3189
        3190        3191        3192        3193        3194        3195
        3196        3197        3198        3199        3200        3201
        3202        3203        3204        3205        3206        3207
        3208        3209        3210        3211        3212        3213
        3317        3318        3319        3320        3321        3322
        3323        3324        3325        3326        3327        3328
        3329        3330        3331        3332        3333        3334
        3335        3336        3337        3338        3339        3340
        3341        3342        3343        3344        3345        3346
        3347        3348        3349        3350        3351        3352
        3353        3354        3355        3459        3460        3461
        3462        3463        3464        3465        3466        3467
        3468        3469        3470        3471        3472        3473
        3474        3475        3476        3477        3478        3479
        3480        3481        3482        3483        3484        3485
        3486        3487        3488        3489        3490        3491
        3492        3493        3494        3495        3496        3497
        3498        3602        3603        3604        3605        3606
        3607        3608        3609        3610        3611        3612
        3613        3614        3615        3616        3617        3618
        3619        3620        3621        3622        3623        3624
        3625        3626        3627        3628        3629        3630
        3631        3632        3633        3634        3635        3636
        3637        3638        3639        3640        3745        3746
        3747        3748        3749        3750        3751        3752
        3753        3754        3755        3756        3757        3758
        3759        3760        3761        3762        3763        3764
        3765        3766        3767        3768        3769        3770
        3771        3772        3773        3774        3775        3776
        3777        3778        3779        3780        3781        3782
        3887        3888        3889        3890        3891        3892
        3893        3894        3895        3896        3897        3898
        3899        3900        3901        3902        3903        3904
        3905        3906        3907        3908        3909        3910
        3911        3912        3913        3914        3915        3916
        3917        3918        3919        3920        3921        3922
        3923        3924        4029        4030        4031        4032
        4033        4034        4035        4036        4037        4038
        4039        4040        4041        4042        4043        4044
        4045        4046        4047        4048        4049        4050
        4051        4052        4053        4054        4055        4056
        4057        4058        4059        4060        4061        4062
        4063        4064        4065        4066        4172        4173
        4174        4175        4176        4177        4178        4179
        4180        4181        4182        4183        4184        4185
        4186        4187        4188        4189        4190        4191
        4192        4193        4194        4195        4196        4197
        4198        4199        4200        4201        4202        4203
        4204        4205        4206        4207        4208        4315
        4316        4317        4318        4319        4320        4321
        4322        4323        4324        4325        4326        4327
        4328        4329        4330        4331        4332        4333
        4334        4335        4336        4337        4338        4339
        4340        4341        4342        4343        4344        4345
        4346        4347        4348        4349        4350        4458
        4459        4460        4461        4462        4463        4464
        4465        4466        4467        4468        4469        4470
        4471        4472        4473        4474        4475        4476
        4477        4478        4479        4480        4481        4482
        4483        4484        4485        4486        4487        4488
        4489        4490        4491        4492        4601        4602
        4603        4604        4605        4606        4607        4608
        4609        4610        4611        4612        4613        4614
        4615        4616        4617        4618        4619        4620
        4621        4622        4623        4624        4625        4626
        4627        4628        4629        4630        4631        4632
        4633        4634        4744        4745        4746        4747
        4748        4749        4750        4751        4752        4753
        4754        4755        4756        4757        4758        4759
        4760        4761        4762        4763        4764        4765
        4766        4767        4768        4769        4770        4771
        4772        4773        4774        4775        4776        4777
        4887        4888        4889        4890        4891        4892
        4893        4894        4895        4896        4897        4898
        4899        4900        4901        4902        4903        4904
        4905        4906        4907        4908        4909        4910
        4911        4912        4913        4914        4915        4916
        4917        4918        4919        5030        5031        5032
        5033        5034        5035        5036        5037        5038
        5039        5040        5041        5042        5043        5044
        5045        5046        5047        5048        5049        5050
        5051        5052        5053        5054        5055        5056
        5057        5058        5059        5060        5061        5173
        5174        5175        5176        5177        5178        5179
        5180        5181        5182        5183        5184        5185
        5186        5187        5188        5189        5190        5191
        5192        5193        5194        5195        5196        5197
        5198        5199        5200        5201        5202        5203
        5316        5317        5318        5319        5320        5321
        5322        5323        5324        5325        5326        5327
        5328        5329        5330        5331        5332        5333
        5334        5335        5336        5337        5338        5339
        5340        5341        5342        5343        5344        5345
        5458        5459        5460        5461        5462        5463
        5464        5465        5466        5467        5468        5469
        5470        5471        5472        5473        5474        5475
        5476        5477        5478        5479        5480        5481
        5482        5483        5600        5601        5602        5603
        5604        5605        5606        5607        5608        5609
        5610        5611        5612        5613        5614        5615
        5616        5617        5618        5743        5744        5745
        5746        5747        5748        5749        5750        5751
        5752        5753        5754        5755        5756        5757
        5758        5886        5887        5888        5889        5890
        5891        5892        5893        5894        5895        5896
        5897        5898        5899        5900        6029        6030
        6031        6032        6033        6034        6035        6036
        6037        6038        6039        6040        6041        6172
        6173        6174        6175        6176        6177        6178
        6179        6180        6181        6182        6315        6316
        6317        6318        6319        6320        6321        6322
        6323        6324        6458        6459        6460        6461
        6462        6601        6602        6603        5742        5885
        6028        6171        6314        6457        6600        6743
        2747        2889        3031        3174        3316        3458
        3601        3744        3886        4028        4171        4314
        4457        4600        4743        4886        5029        5172
        5315        5457        5599        2748        2749        2750
        2751        2752        2753        2754        2755        2756
        2757        2758        2766        2767        2768        2769
        2770        2771        2772        2773        2774        2775
        2776        2777        2778        2779        2780        2781
        2782        2783        2784        2901        2902        2903
        2904        2905        2906        2907        2908        2785
        2928        3071        3214        3356        3499        3641
        3783        3925        4067        4209        4351        4493
        4635        4778        4920        5062        5204        5346
        5484        5485        5486        5487        5488        5619
        5620        5621        5622        5623        5624        5625
        5626        5759        5760        5761        5901        6042
        6043        6183        6184        6325        6463        6464
        6465        6466        6467        6604        6605        6744
        6745        6746
        1636
         118
         124
        5456        5457        5458        5459        5460        5461
        5462        5463        5464        5465        5466        5467
        5468        5469        5470        5471        5472        5473
        5474        5475        5476        5477        5479        5494
        5495        5496        5497        5498        5499        5500
        5501        5502        5503        5504        5505        5506
        5507        5508        5509        5510        5511        5512
        5513        5514        5515        5516        5517        5518
        5519        5520        5521        5522        5523        5524
        5525        5526        5527        5528        5529        5530
        5531        5533        5738        5739        5740        5741
        5742        5743        5744        5745        5746        5747
        5748        5749        5750        5751        5752        5753
        5754        5755        5756        5757        5758        5759
        5760        5761        5762        5763        5764        5765
        5766        5767        5768        5769        5770        5771
        5772        5773        5774        5775        5776        5777
        5778        5779        5780        5781        5782        5783
        5784        5785        5786        5787        5788        5789
        5790        5791        5792        5793        5794        5795
        5796        5797        5798        5799        5800        5801
        5802        5803        5804        5805        5806        5807
        5808        5809        5810        5811        5812        5813
        5814        5815        5817        6020        6022        6023
        6024        6025        6026        6027        6028        6029
        6030        6031        6032        6033        6034        6035
        6036        6037        6038        6039        6040        6041
        6042        6043        6044        6045        6046        6047
        6048        6049        6050        6051        6052        6053
        6054        6055        6056        6057        6058        6059
        6060        6061        6062        6063        6064        6065
        6066        6067        6068        6069        6070        6071
        6072        6073        6074        6075        6076        6077
        6078        6079        6080        6081        6082        6083
        6084        6085        6086        6087        6088        6089
        6090        6091        6092        6093        6094        6095
        6096        6097        6098        6099        6101        6304
        6305        6306        6307        6308        6309        6310
        6311        6312        6313        6314        6315        6316
        6317        6318        6319        6320        6321        6322
        6323        6324        6325        6326        6327        6328
        6329        6330        6331        6332        6333        6334
        6335        6336        6337        6338        6339        6340
        6341        6342        6343        6344        6345        6346
        6347        6348        6349        6350        6351        6352
        6353        6354        6355        6356        6357        6358
        6359        6360        6361        6362        6363        6364
        6365        6366        6367        6368        6369        6370
        6371        6372        6373        6374        6375        6376
        6377        6378        6379        6380        6381        6382
        6383        6586        6587        6588        6589        6590
        6591        6592        6593        6594        6595        6596
        6597        6598        6599        6600        6601        6602
        6603        6604        6605        6606        6607        6608
        6609        6610        6611        6612        6613        6614
        6615        6616        6617        6618        6619        6620
        6621        6622        6623        6624        6625        6626
        6627        6628        6629        6630        6631        6632
        6633        6634        6635        6636        6637        6638
        6639        6640        6641        6642        6643        6644
        6645        6646        6647        6648        6649        6650
        6651        6652        6653        6654        6655        6656
        6657        6658        6659        6660        6661        6662
        6663        6664        6665        6667        6868        6870
        6871        6872        6873        6874        6875        6876
        6877        6878        6879        6880        6881        6882
        6883        6884        6885        6886        6887        6888
        6889        6890        6891        6892        6893        6894
        6895        6896        6897        6898        6899        6900
        6901        6902        6903        6904        6905        6906
        6907        6908        6909        6910        6911        6912
        6913        6914        6915        6916        6917        6918
        6919        6920        6921        6922        6923        6924
        6925        6926        6927        6928        6929        6930
        6931        6932        6933        6934        6935        6936
        6937        6938        6939        6940        6941        6942
        6943        6944        6945        6946        6947        6948
        6949        7152        7154        7155        7156        7157
        7158        7159        7160        7161        7162        7163
        7164        7165        7166        7167        7168        7169
        7170        7171        7172        7173        7174        7175
        7176        7177        7178        7179        7180        7181
        7182        7183        7184        7185        7186        7187
        7188        7189        7190        7191        7192        7193
        7194        7195        7196        7197        7198        7199
        7200        7201        7202        7203        7204        7205
        7206        7207        7208        7209        7210        7211
        7212        7213        7214        7215        7216        7217
        7218        7219        7220        7221        7222        7223
        7224        7225        7226        7227        7228        7229
        7230        7231        7436        7437        7438        7439
        7440        7441        7442        7443        7444        7445
        7446        7447        7448        7449        7450        7451
        7452        7453        7454        7455        7456        7457
        7458        7459        7460        7461        7462        7463
        7464        7465        7466        7467        7468        7469
        7470        7471        7472        7473        7474        7475
        7476        7477        7478        7479        7480        7481
        7482        7483        7484        7485        7486        7487
        7488        7489        7490        7491        7492        7493
        7494        7495        7496        7497        7498        7499
        7500        7501        7502        7503        7504        7505
        7506        7507        7508        7509        7510        7511
        7512        7513        7718        7719        7720        7721
        7722        7723        7724        7725        7726        7727
        7728        7729        7730        7731        7732        7733
        7734        7735        7736        7737        7738        7739
        7740        7741        7742        7743        7744        7745
        7746        7747        7748        7749        7750        7751
        7752        7753        7754        7755        7756        7757
        7758        7759        7760        7761        7762        7763
        7764        7765        7766        7767        7768        7769
        7770        7771        7772        7773        7774        7775
        7776        7777        7778        7779        7780        7781
        7782        7783        7784        7785        7786        7787
        7788        7789        7790        7791        7792        7793
        7794        7795        8000        8002        8003        8004
        8005        8006        8007        8008        8009        8010
        8011        8012        8013        8014        8015        8016
        8017        8018        8019        8020        8021        8022
        8023        8024        8025        8026        8027        8028
        8029        8030        8031        8032        8033        8034
        8035        8036        8037        8038        8039        8040
        8041        8042        8043        8044        8045        8046
        8047        8048        8049        8050        8051        8052
        8053        8054        8055        8056        8057        8058
        8059        8060        8061        8062        8063        8064
        8065        8066        8067        8068        8069        8070
        8071        8072        8073        8074        8075        8076
        8077        8284        8286        8287        8288        8289
        8290        8291        8292        8293        8294        8295
        8296        8297        8298        8299        8300        8301
        8302        8303        8304        8305        8306        8307
        8308        8309        8310        8311        8312        8313
        8314        8315        8316        8317        8318        8319
        8320        8321        8322        8323        8324        8325
        8326        8327        8328        8329        8330        8331
        8332        8333        8334        8335        8336        8337
        8338        8339        8340        8341        8342        8343
        8344        8345        8346        8347        8348        8349
        8350        8351        8352        8353        8354        8355
        8356        8357        8358        8359        8568        8570
        8571        8572        8573        8574        8575        8576
        8577        8578        8579        8580        8581        8582
        8583        8584        8585        8586        8587        8588
        8589        8590        8591        8592        8593        8594
        8595        8596        8597        8598        8599        8600
        8601        8602        8603        8604        8605        8606
        8607        8608        8609        8610        8611        8612
        8613        8614        8615        8616        8617        8618
        8619        8620        8621        8622        8623        8624
        8625        8626        8627        8628        8629        8630
        8631        8632        8633        8634        8635        8636
        8637        8638        8639        8640        8641        8852
        8854        8855        8856        8857        8858        8859
        8860        8861        8862        8863        8864        8865
        8866        8867        8868        8869        8870        8871
        8872        8873        8874        8875        8876        8877
        8878        8879        8880        8881        8882        8883
        8884        8885        8886        8887        8888        8889
        8890        8891        8892        8893        8894        8895
        8896        8897        8898        8899        8900        8901
        8902        8903        8904        8905        8906        8907
        8908        8909        8910        8911        8912        8913
        8914        8915        8916        8917        8918        8919
        8920        8921        8922        8923        9136        9138
        9139        9140        9141        9142        9143        9144
        9145        9146        9147        9148        9149        9150
        9151        9152        9153        9154        9155        9156
        9157        9158        9159        9160        9161        9162
        9163        9164        9165        9166        9167        9168
        9169        9170        9171        9172        9173        9174
        9175        9176        9177        9178        9179        9180
        9181        9182        9183        9184        9185        9186
        9187        9188        9189        9190        9191        9192
        9193        9194        9195        9196        9197        9198
        9199        9200        9201        9202        9203        9204
        9205        9207        9420        9422        9423        9424
        9425        9426        9427        9428        9429        9430
        9431        9432        9433        9434        9435        9436
        9437        9438        9439        9440        9441        9442
        9443        9444        9445        9446        9447        9448
        9449        9450        9451        9452        9453        9454
        9455        9456        9457        9458        9459        9460
        9461        9462        9463        9464        9465        9466
        9467        9468        9469        9470        9471        9472
        9473        9474        9475        9476        9477        9478
        9479        9480        9481        9482        9483        9484
        9485        9486        9487        9488        9489        9704
        9706        9707        9708        9709        9710        9711
        9712        9713        9714        9715        9716        9717
        9718        9719        9720        9721        9722        9723
        9724        9725        9726        9727        9728        9729
        9730        9731        9732        9733        9734        9735
        9736        9737        9738        9739        9740        9741
        9742        9743        9744        9745        9746        9747
        9748        9749        9750        9751        9752        9753
        9754        9755        9756        9757        9758        9759
        9760        9761        9762        9763        9764        9765
        9766        9767        9768        9769        9770        9771
        9988        9990        9991        9992        9993        9994
        9995        9996        9997        9998        9999       10000
       10001       10002       10003       10004       10005       10006
       10007       10008       10009       10010       10011       10012
       10013       10014       10015       10016       10017       10018
       10019       10020       10021       10022       10023       10024
       10025       10026       10027       10028       10029       10030
       10031       10032       10033       10034       10035       10036
       10037       10038       10039       10040       10041       10042
       10043       10044       10045       10046       10047       10048
       10049       10050       10051       10052       10053       10272
       10274       10275       10276       10277       10278       10279
       10280       10281       10282       10283       10284       10285
       10286       10287       10288       10289       10290       10291
       10292       10293       10294       10295       10296       10297
       10298       10299       10300       10301       10302       10303
       10304       10305       10306       10307       10308       10309
       10310       10311       10312       10313       10314       10315
       10316       10317       10318       10319       10320       10321
       10322       10323       10324       10325       10326       10327
       10328       10329       10330       10331       10332       10333
       10334       10335       10556       10557       10558       10559
       10560       10561       10562       10563       10564       10565
       10566       10567       10568       10569       10570       10571
       10572       10573       10574       10575       10576       10577
       10578       10579       10580       10581       10582       10583
       10584       10585       10586       10587       10588       10589
       10590       10591       10592       10593       10594       10595
       10596       10597       10598       10599       10600       10601
       10602       10603       10604       10605       10606       10607
       10608       10609       10610       10611       10612       10613
       10614       10615       10616       10617       10838       10839
       10840       10841       10842       10843       10844       10845
       10846       10847       10848       10849       10850       10851
       10852       10853       10854       10855       10856       10857
       10858       10859       10860       10861       10862       10863
       10864       10865       10866       10867       10868       10869
       10870       10871       10872       10873       10874       10875
       10876       10877       10878       10879       10880       10881
       10882       10883       10884       10885       10886       10887
       10888       10889       10890       10891       11120       11122
       11123       11124       11125       11126       11127       11128
       11129       11130       11131       11132       11133       11134
       11135       11136       11137       11138       11139       11140
       11141       11142       11143       11144       11145       11146
       11147       11148       11149       11150       11151       11152
       11153       11154       11155       11156       11157       11158
       11159       11404       11406       11407       11408       11409
       11410       11411       11412       11413       11414       11415
       11416       11417       11418       11419       11420       11421
       11422       11423       11424       11425       11426       11427
       11428       11429       11430       11431       11432       11433
       11434       11435       11436       11437       11688       11690
       11691       11692       11693       11694       11695       11696
       11697       11698       11699       11700       11701       11702
       11703       11704       11705       11706       11707       11708
       11709       11710       11711       11712       11713       11714
       11715       11716       11717       11718       11719       11972
       11974       11975       11976       11977       11978       11979
       11980       11981       11982       11983       11984       11985
       11986       11987       11988       11989       11990       11991
       11992       11993       11994       11995       11996       11997
       11998       11999       12256       12258       12259       12260
       12261       12262       12263       12264       12265       12266
       12267       12268       12269       12270       12271       12272
       12273       12274       12275       12276       12277       12278
       12279       12540       12542       12543       12544       12545
       12546       12547       12548       12549       12550       12551
       12552       12553       12554       12555       12556       12557
       12558       12559       12560       12561       12824       12826
       12827       12828       12829       12830       12831       12832
       12833       12834       12835       13108       13110       13111
       13112       13113       13114       13115       11405       11689
       11973       12257       12541       12825       13109       13392
        5175        5454        5736        6021        6302        6584
        6869        7153        7434        7716        8001        8285
        8569        8853        9137        9421        9705        9989
       10273       10554       10836       11121        5177        5179
        5181        5183        5185        5187        5189        5191
        5193        5195        5213        5215        5217        5219
        5221        5223        5225        5227        5229        5231
        5233        5235        5237        5239        5241        5243
        5245        5247        5249        5478        5481        5483
        5485        5487        5489        5491        5492        5493
        5532        5816        6100        6385        6666        6951
        7233        7515        7797        8079        8361        8643
        8925        9206        9491        9773       10055       10337
       10619       10892       10893       10894       10896       10898
       11160       11161       11162       11164       11166       11168
       11170       11172       11438       11439       11440       11721
       12000       12001       12280       12281       12563       12836
       12837       12838       12840       12842       13116       13117
       13394       13396       11402       11686       11970       12254
       12538       12822       13106       13390       13393        5172
        5173        5174        5455        5737        6018        6303
        6585        6866        7150        7435        7717        7998
        8282        8566        8850        9134        9418        9702
        9986       10270       10555       10837       11118        5176
        5178        5180        5182        5184        5186        5188
        5190        5192        5194        5197        5210        5211
        5212        5214        5216        5218        5220        5222
        5224        5226        5228        5230        5232        5234
        5236        5238        5240        5242        5244        5246
        5248        5480        5482        5484        5486        5488
        5490        5251        5535        5819        6103        6384
        6669        6950        7232        7514        7796        8078
        8360        8642        8924        9209        9490        9772
       10054       10336       10618       10895       10897       10899
       10900       10901       11163       11165       11167       11169
       11171       11173       11174       11175       11441       11442
       11443       11720       12002       12003       12282       12283
       12562       12839       12841       12843       12844       12845
       13118       13119       13395       13397       13398       13399
        2395
         118
        8025        8027        8028        8030        8031        8033
        8034        8036        8037        8039        8040        8042
        8043        8045        8046        8048        8049        8051
        8052        8054        8055        8057        8082        8084
        8085        8087        8088        8090        8091        8093
        8094        8096        8097        8099        8100        8102
        8103        8105        8106        8108        8109        8111
        8112        8114        8115        8117        8118        8120
        8121        8123        8124        8126        8127        8129
        8130        8132        8133        8135        8136        8138
        8445        8447        8448        8449        8450        8451
        8452        8453        8454        8455        8456        8457
        8458        8459        8460        8461        8462        8463
        8464        8465        8466        8467        8468        8469
        8470        8471        8472        8473        8474        8475
        8476        8477        8478        8479        8480        8482
        8483        8485        8486        8488        8489        8491
        8492        8494        8495        8497        8498        8500
        8501        8502        8503        8504        8505        8506
        8507        8508        8509        8510        8511        8512
        8513        8514        8515        8516        8517        8518
        8519        8520        8521        8522        8523        8524
        8525        8526        8527        8528        8529        8530
        8531        8532        8533        8534        8535        8536
        8537        8538        8539        8540        8541        8542
        8543        8544        8545        8546        8547        8548
        8549        8550        8551        8552        8553        8554
        8555        8556        8557        8558        8559        8560
        8561        8563        8867        8870        8871        8872
        8873        8874        8875        8876        8877        8878
        8879        8880        8881        8882        8883        8884
        8885        8886        8887        8888        8889        8890
        8891        8892        8893        8894        8895        8896
        8897        8898        8899        8900        8901        8902
        8903        8904        8905        8906        8907        8908
        8909        8910        8911        8912        8913        8914
        8915        8916        8917        8918        8919        8920
        8921        8922        8923        8924        8925        8926
        8927        8928        8929        8930        8931        8932
        8933        8934        8935        8936        8937        8938
        8939        8940        8941        8942        8943        8944
        8945        8946        8947        8948        8949        8950
        8951        8952        8953        8954        8955        8956
        8957        8958        8959        8960        8961        8962
        8963        8964        8965        8966        8967        8968
        8969        8970        8971        8972        8973        8974
        8975        8976        8977        8978        8979        8980
        8981        8982        8983        8984        8985        8986
        8988        9292        9294        9295        9296        9297
        9298        9299        9300        9301        9302        9303
        9304        9305        9306        9307        9308        9309
        9310        9311        9312        9313        9314        9315
        9316        9317        9318        9319        9320        9321
        9322        9323        9324        9325        9326        9327
        9328        9329        9330        9331        9332        9333
        9334        9335        9336        9337        9338        9339
        9340        9341        9342        9343        9344        9345
        9346        9347        9348        9349        9350        9351
        9352        9353        9354        9355        9356        9357
        9358        9359        9360        9361        9362        9363
        9364        9365        9366        9367        9368        9369
        9370        9371        9372        9373        9374        9375
        9376        9377        9378        9379        9380        9381
        9382        9383        9384        9385        9386        9387
        9388        9389        9390        9391        9392        9393
        9394        9395        9396        9397        9398        9399
        9400        9401        9402        9403        9404        9405
        9406        9407        9408        9409        9410        9411
        9714        9716        9717        9718        9719        9720
        9721        9722        9723        9724        9725        9726
        9727        9728        9729        9730        9731        9732
        9733        9734        9735        9736        9737        9738
        9739        9740        9741        9742        9743        9744
        9745        9746        9747        9748        9749        9750
        9751        9752        9753        9754        9755        9756
        9757        9758        9759        9760        9761        9762
        9763        9764        9765        9766        9767        9768
        9769        9770        9771        9772        9773        9774
        9775        9776        9777        9778        9779        9780
        9781        9782        9783        9784        9785        9786
        9787        9788        9789        9790        9791        9792
        9793        9794        9795        9796        9797        9798
        9799        9800        9801        9802        9803        9804
        9805        9806        9807        9808        9809        9810
        9811        9812        9813        9814        9815        9816
        9817        9818        9819        9820        9821        9822
        9823        9824        9825        9826        9827        9828
        9829        9830        9831        9832        9833        9835
       10136       10139       10140       10141       10142       10143
       10144       10145       10146       10147       10148       10149
       10150       10151       10152       10153       10154       10155
       10156       10157       10158       10159       10160       10161
       10162       10163       10164       10165       10166       10167
       10168       10169       10170       10171       10172       10173
       10174       10175       10176       10177       10178       10179
       10180       10181       10182       10183       10184       10185
       10186       10187       10188       10189       10190       10191
       10192       10193       10194       10195       10196       10197
       10198       10199       10200       10201       10202       10203
       10204       10205       10206       10207       10208       10209
       10210       10211       10212       10213       10214       10215
       10216       10217       10218       10219       10220       10221
       10222       10223       10224       10225       10226       10227
       10228       10229       10230       10231       10232       10233
       10234       10235       10236       10237       10238       10239
       10240       10241       10242       10243       10244       10245
       10246       10247       10248       10249       10250       10251
       10252       10253       10254       10255       10256       10257
       10258       10561       10564       10565       10566       10567
       10568       10569       10570       10571       10572       10573
       10574       10575       10576       10577       10578       10579
       10580       10581       10582       10583       10584       10585
       10586       10587       10588       10589       10590       10591
       10592       10593       10594       10595       10596       10597
       10598       10599       10600       10601       10602       10603
       10604       10605       10606       10607       10608       10609
       10610       10611       10612       10613       10614       10615
       10616       10617       10618       10619       10620       10621
       10622       10623       10624       10625       10626       10627
       10628       10629       10630       10631       10632       10633
       10634       10635       10636       10637       10638       10639
       10640       10641       10642       10643       10644       10645
       10646       10647       10648       10649       10650       10651
       10652       10653       10654       10655       10656       10657
       10658       10659       10660       10661       10662       10663
       10664       10665       10666       10667       10668       10669
       10670       10671       10672       10673       10674       10675
       10676       10677       10678       10679       10680       10986
       10988       10989       10990       10991       10992       10993
       10994       10995       10996       10997       10998       10999
       11000       11001       11002       11003       11004       11005
       11006       11007       11008       11009       11010       11011
       11012       11013       11014       11015       11016       11017
       11018       11019       11020       11021       11022       11023
       11024       11025       11026       11027       11028       11029
       11030       11031       11032       11033       11034       11035
       11036       11037       11038       11039       11040       11041
       11042       11043       11044       11045       11046       11047
       11048       11049       11050       11051       11052       11053
       11054       11055       11056       11057       11058       11059
       11060       11061       11062       11063       11064       11065
       11066       11067       11068       11069       11070       11071
       11072       11073       11074       11075       11076       11077
       11078       11079       11080       11081       11082       11083
       11084       11085       11086       11087       11088       11089
       11090       11091       11092       11093       11094       11095
       11096       11097       11098       11099       11100       11101
       11102       11408       11410       11411       11412       11413
       11414       11415       11416       11417       11418       11419
       11420       11421       11422       11423       11424       11425
       11426       11427       11428       11429       11430       11431
       11432       11433       11434       11435       11436       11437
       11438       11439       11440       11441       11442       11443
       11444       11445       11446       11447       11448       11449
       11450       11451       11452       11453       11454       11455
       11456       11457       11458       11459       11460       11461
       11462       11463       11464       11465       11466       11467
       11468       11469       11470       11471       11472       11473
       11474       11475       11476       11477       11478       11479
       11480       11481       11482       11483       11484       11485
       11486       11487       11488       11489       11490       11491
       11492       11493       11494       11495       11496       11497
       11498       11499       11500       11501       11502       11503
       11504       11505       11506       11507       11508       11509
       11510       11511       11512       11513       11514       11515
       11516       11517       11518       11519       11520       11521
       11522       11523       11524       11830       11833       11834
       11835       11836       11837       11838       11839       11840
       11841       11842       11843       11844       11845       11846
       11847       11848       11849       11850       11851       11852
       11853       11854       11855       11856       11857       11858
       11859       11860       11861       11862       11863       11864
       11865       11866       11867       11868       11869       11870
       11871       11872       11873       11874       11875       11876
       11877       11878       11879       11880       11881       11882
       11883       11884       11885       11886       11887       11888
       11889       11890       11891       11892       11893       11894
       11895       11896       11897       11898       11899       11900
       11901       11902       11903       11904       11905       11906
       11907       11908       11909       11910       11911       11912
       11913       11914       11915       11916       11917       11918
       11919       11920       11921       11922       11923       11924
       11925       11926       11927       11928       11929       11930
       11931       11932       11933       11934       11935       11936
       11937       11938       11939       11940       11941       11942
       11943       11944       11945       11946       12255       12258
       12259       12260       12261       12262       12263       12264
       12265       12266       12267       12268       12269       12270
       12271       12272       12273       12274       12275       12276
       12277       12278       12279       12280       12281       12282
       12283       12284       12285       12286       12287       12288
       12289       12290       12291       12292       12293       12294
       12295       12296       12297       12298       12299       12300
       12301       12302       12303       12304       12305       12306
       12307       12308       12309       12310       12311       12312
       12313       12314       12315       12316       12317       12318
       12319       12320       12321       12322       12323       12324
       12325       12326       12327       12328       12329       12330
       12331       12332       12333       12334       12335       12336
       12337       12338       12339       12340       12341       12342
       12343       12344       12345       12346       12347       12348
       12349       12350       12351       12352       12353       12354
       12355       12356       12357       12358       12359       12360
       12361       12362       12363       12364       12365       12366
       12367       12368       12680       12683       12684       12685
       12686       12687       12688       12689       12690       12691
       12692       12693       12694       12695       12696       12697
       12698       12699       12700       12701       12702       12703
       12704       12705       12706       12707       12708       12709
       12710       12711       12712       12713       12714       12715
       12716       12717       12718       12719       12720       12721
       12722       12723       12724       12725       12726       12727
       12728       12729       12730       12731       12732       12733
       12734       12735       12736       12737       12738       12739
       12740       12741       12742       12743       12744       12745
       12746       12747       12748       12749       12750       12751
       12752       12753       12754       12755       12756       12757
       12758       12759       12760       12761       12762       12763
       12764       12765       12766       12767       12768       12769
       12770       12771       12772       12773       12774       12775
       12776       12777       12778       12779       12780       12781
       12782       12783       12784       12785       12786       12787
       12788       12789       12790       13105       13108       13109
       13110       13111       13112       13113       13114       13115
       13116       13117       13118       13119       13120       13121
       13122       13123       13124       13125       13126       13127
       13128       13129       13130       13131       13132       13133
       13134       13135       13136       13137       13138       13139
       13140       13141       13142       13143       13144       13145
       13146       13147       13148       13149       13150       13151
       13152       13153       13154       13155       13156       13157
       13158       13159       13160       13161       13162       13163
       13164       13165       13166       13167       13168       13169
       13170       13171       13172       13173       13174       13175
       13176       13177       13178       13179       13180       13181
       13182       13183       13184       13185       13186       13187
       13188       13189       13190       13191       13192       13193
       13194       13195       13196       13197       13198       13199
       13200       13201       13202       13203       13204       13205
       13206       13207       13208       13209       13210       13211
       13212       13530       13533       13534       13535       13536
       13537       13538       13539       13540       13541       13542
       13543       13544       13545       13546       13547       13548
       13549       13550       13551       13552       13553       13554
       13555       13556       13557       13558       13559       13560
       13561       13562       13563       13564       13565       13566
       13567       13568       13569       13570       13571       13572
       13573       13574       13575       13576       13577       13578
       13579       13580       13581       13582       13583       13584
       13585       13586       13587       13588       13589       13590
       13591       13592       13593       13594       13595       13596
       13597       13598       13599       13600       13601       13602
       13603       13604       13605       13606       13607       13608
       13609       13610       13611       13612       13613       13614
       13615       13616       13617       13618       13619       13620
       13621       13622       13623       13624       13625       13626
       13627       13628       13629       13630       13631       13632
       13633       13634       13636       13955       13958       13959
       13960       13961       13962       13963       13964       13965
       13966       13967       13968       13969       13970       13971
       13972       13973       13974       13975       13976       13977
       13978       13979       13980       13981       13982       13983
       13984       13985       13986       13987       13988       13989
       13990       13991       13992       13993       13994       13995
       13996       13997       13998       13999       14000       14001
       14002       14003       14004       14005       14006       14007
       14008       14009       14010       14011       14012       14013
       14014       14015       14016       14017       14018       14019
       14020       14021       14022       14023       14024       14025
       14026       14027       14028       14029       14030       14031
       14032       14033       14034       14035       14036       14037
       14038       14039       14040       14041       14042       14043
       14044       14045       14046       14047       14048       14049
       14050       14051       14052       14053       14054       14055
       14056       14057       14058       14059       14380       14383
       14384       14385       14386       14387       14388       14389
       14390       14391       14392       14393       14394       14395
       14396       14397       14398       14399       14400       14401
       14402       14403       14404       14405       14406       14407
       14408       14409       14410       14411       14412       14413
       14414       14415       14416       14417       14418       14419
       14420       14421       14422       14423       14424       14425
       14426       14427       14428       14429       14430       14431
       14432       14433       14434       14435       14436       14437
       14438       14439       14440       14441       14442       14443
       14444       14445       14446       14447       14448       14449
       14450       14451       14452       14453       14454       14455
       14456       14457       14458       14459       14460       14461
       14462       14463       14464       14465       14466       14467
       14468       14469       14470       14471       14472       14473
       14474       14475       14476       14477       14478       14479
       14480       14481       14805       14808       14809       14810
       14811       14812       14813       14814       14815       14816
       14817       14818       14819       14820       14821       14822
       14823       14824       14825       14826       14827       14828
       14829       14830       14831       14832       14833       14834
       14835       14836       14837       14838       14839       14840
       14841       14842       14843       14844       14845       14846
       14847       14848       14849       14850       14851       14852
       14853       14854       14855       14856       14857       14858
       14859       14860       14861       14862       14863       14864
       14865       14866       14867       14868       14869       14870
       14871       14872       14873       14874       14875       14876
       14877       14878       14879       14880       14881       14882
       14883       14884       14885       14886       14887       14888
       14889       14890       14891       14892       14893       14894
       14895       14896       14897       14898       14899       14900
       14901       14902       14903       15230       15233       15234
       15235       15236       15237       15238       15239       15240
       15241       15242       15243       15244       15245       15246
       15247       15248       15249       15250       15251       15252
       15253       15254       15255       15256       15257       15258
       15259       15260       15261       15262       15263       15264
       15265       15266       15267       15268       15269       15270
       15271       15272       15273       15274       15275       15276
       15277       15278       15279       15280       15281       15282
       15283       15284       15285       15286       15287       15288
       15289       15290       15291       15292       15293       15294
       15295       15296       15297       15298       15299       15300
       15301       15302       15303       15304       15305       15306
       15307       15308       15309       15310       15311       15312
       15313       15314       15315       15316       15317       15318
       15319       15320       15321       15322       15323       15324
       15325       15655       15657       15658       15659       15660
       15661       15662       15663       15664       15665       15666
       15667       15668       15669       15670       15671       15672
       15673       15674       15675       15676       15677       15678
       15679       15680       15681       15682       15683       15684
       15685       15686       15687       15688       15689       15690
       15691       15692       15693       15694       15695       15696
       15697       15698       15699       15700       15701       15702
       15703       15704       15705       15706       15707       15708
       15709       15710       15711       15712       15713       15714
       15715       15716       15717       15718       15719       15720
       15721       15722       15723       15724       15725       15726
       15727       15728       15729       15730       15731       15732
       15733       15734       15735       15736       15737       15738
       15739       15740       15741       15742       15743       15744
       15745       15746       15747       16077       16079       16080
       16081       16082       16083       16084       16085       16086
       16087       16088       16089       16090       16091       16092
       16093       16094       16095       16096       16097       16098
       16099       16100       16101       16102       16103       16104
       16105       16106       16107       16108       16109       16110
       16111       16112       16113       16114       16115       16116
       16117       16118       16119       16120       16121       16122
       16123       16124       16125       16126       16127       16128
       16129       16130       16131       16132       16133       16134
       16135       16136       16137       16138       16139       16140
       16141       16142       16143       16144       16145       16146
       16147       16148       16149       16150       16151       16152
       16153       16154       16155       16156       16157       16499
       16502       16503       16504       16505       16506       16507
       16508       16509       16510       16511       16512       16513
       16514       16515       16516       16517       16518       16519
       16520       16521       16522       16523       16524       16525
       16526       16527       16528       16529       16530       16531
       16532       16533       16534       16535       16536       16537
       16538       16539       16540       16541       16542       16543
       16544       16545       16546       16547       16548       16549
       16550       16551       16552       16553       16554       16555
       16556       16557       16558       16924       16927       16928
       16929       16930       16931       16932       16933       16934
       16935       16936       16937       16938       16939       16940
       16941       16942       16943       16944       16945       16946
       16947       16948       16949       16950       16951       16952
       16953       16954       16955       16956       16957       16958
       16959       16960       16961       16962       16963       16964
       16965       16966       16967       16968       16969       16970
       16971       16972       16973       16974       17349       17352
       17353       17354       17355       17356       17357       17358
       17359       17360       17361       17362       17363       17364
       17365       17366       17367       17368       17369       17370
       17371       17372       17373       17374       17375       17376
       17377       17378       17379       17380       17381       17382
       17383       17384       17385       17386       17387       17388
       17389       17390       17391       17392       17393       17394
       17395       17396       17774       17777       17778       17779
       17780       17781       17782       17783       17784       17785
       17786       17787       17788       17789       17790       17791
       17792       17793       17794       17795       17796       17797
       17798       17799       17800       17801       17802       17803
       17804       17805       17806       17807       17808       17809
       17810       17811       17812       17813       17814       17815
       18199       18202       18203       18204       18205       18206
       18207       18208       18209       18210       18211       18212
       18213       18214       18215       18216       18217       18218
       18219       18220       18221       18222       18223       18224
       18225       18226       18227       18228       18229       18230
       18231       18232       18233       18234       18624       18627
       18628       18629       18630       18631       18632       18633
       18634       18635       18636       18637       18638       18639
       18640       18641       18642       18643       18644       18645
       18646       18647       18648       18649       18650       18651
       18652       18653       18654       18655       18656       19049
       19052       19053       19054       19055       19056       19057
       19058       19059       19060       19061       19062       19063
       19064       19065       19066       19474       19477       19478
       19479       19480       19481       19482       19483       19484
       19485        8023        8024        8026        8029        8032
        8035        8038        8041        8044        8047        8050
        8053        8058        8080        8081        8083        8086
        8089        8092        8095        8098        8101        8104
        8107        8110        8113        8116        8119        8122
        8125        8128        8131        8134        8139        8446
        8481        8484        8487        8490        8493        8496
        8499        8564        8869        8989        9293        9413
        9715        9836       10138       10260       10563       10682
       10987       11104       11409       11526       11832       11948
       12257       12370       12682       12792       13107       13214
       13532       13637       13957       14061       14382       14483
       14807       14905       15232       15327       15656       16158
       16161       16164       15749       16167       16078       16559
       16562       16565       16568       16571       16574       16159
       16577       16501       16975       16560       16978       16926
       16976       17351       17398       17816       17776       17817
       18235       18201       18236       18626       19067       19070
       19073       18658       19076       19051       19068       19486
       19476       19899       19902       19487       19905
