           4
         760
         101
        7952        7953        8094        8095        8096        8236
        8237        8238        8239        8378        8379        8380
        8381        8382        8520        8521        8522        8523
        8524        8525        8662        8663        8664        8665
        8666        8667        8668        8804        8805        8806
        8807        8808        8809        8810        8811        8812
        8813        8814        8815        8816        8946        8947
        8948        8949        8950        8951        8952        8953
        8954        8955        8956        8957        8958        8959
        9088        9089        9090        9091        9092        9093
        9094        9095        9096        9097        9098        9099
        9100        9101        9102        9103        9104        9105
        9106        9107        9230        9231        9232        9233
        9234        9235        9236        9237        9238        9239
        9240        9241        9242        9243        9244        9245
        9246        9247        9248        9249        9250        9251
        9252        9253        9254        9255        9256        9257
        9258        9259        9372        9373        9374        9375
        9376        9377        9378        9379        9380        9381
        9382        9383        9384        9385        9386        9387
        9388        9389        9390        9391        9392        9393
        9394        9395        9396        9397        9398        9399
        9400        9401        9402        9403        9514        9515
        9516        9517        9518        9519        9520        9521
        9522        9523        9524        9525        9526        9527
        9528        9529        9530        9531        9532        9533
        9534        9535        9536        9537        9538        9539
        9540        9541        9542        9543        9544        9545
        9656        9657        9658        9659        9660        9661
        9662        9663        9664        9665        9666        9667
        9668        9669        9670        9671        9672        9673
        9674        9675        9676        9677        9678        9679
        9680        9681        9682        9683        9684        9685
        9686        9687        9798        9799        9800        9801
        9802        9803        9804        9805        9806        9807
        9808        9809        9810        9811        9812        9813
        9814        9815        9816        9817        9818        9819
        9820        9821        9822        9823        9824        9825
        9826        9827        9828        9829        9830        9940
        9941        9942        9943        9944        9945        9946
        9947        9948        9949        9950        9951        9952
        9953        9954        9955        9956        9957        9958
        9959        9960        9961        9962        9963        9964
        9965        9966        9967        9968        9969        9970
        9971        9972       10082       10083       10084       10085
       10086       10087       10088       10089       10090       10091
       10092       10093       10094       10095       10096       10097
       10098       10099       10100       10101       10102       10103
       10104       10105       10106       10107       10108       10109
       10110       10111       10112       10113       10114       10115
       10224       10225       10226       10227       10228       10229
       10230       10231       10232       10233       10234       10235
       10236       10237       10238       10239       10240       10241
       10242       10243       10244       10245       10246       10247
       10248       10249       10250       10251       10252       10253
       10254       10255       10256       10257       10368       10369
       10370       10371       10372       10373       10374       10375
       10376       10377       10378       10379       10380       10381
       10382       10383       10384       10385       10386       10387
       10388       10389       10390       10391       10392       10393
       10394       10395       10396       10397       10398       10399
       10400       10512       10513       10514       10515       10516
       10517       10518       10519       10520       10521       10522
       10523       10524       10525       10526       10527       10528
       10529       10530       10531       10532       10533       10534
       10535       10536       10537       10538       10539       10540
       10541       10542       10655       10656       10657       10658
       10659       10660       10661       10662       10663       10664
       10665       10666       10667       10668       10669       10670
       10671       10672       10673       10674       10675       10676
       10677       10678       10679       10680       10681       10682
       10683       10684       10798       10799       10800       10801
       10802       10803       10804       10805       10806       10807
       10808       10809       10810       10811       10812       10813
       10814       10815       10816       10817       10818       10819
       10820       10821       10822       10823       10824       10825
       10826       10942       10943       10944       10945       10946
       10947       10948       10949       10950       10951       10952
       10953       10954       10955       10956       10957       10958
       10959       10960       10961       10962       10963       10964
       10965       10966       10967       10968       11085       11086
       11087       11088       11089       11090       11091       11092
       11093       11094       11095       11096       11097       11098
       11099       11100       11101       11102       11103       11104
       11105       11106       11107       11108       11109       11110
       11228       11229       11230       11231       11232       11233
       11234       11235       11236       11237       11238       11239
       11240       11241       11242       11243       11244       11245
       11246       11247       11248       11249       11250       11251
       11252       11371       11372       11373       11374       11375
       11376       11377       11378       11379       11380       11381
       11382       11383       11384       11385       11386       11387
       11388       11389       11390       11391       11392       11393
       11394       11514       11515       11516       11517       11518
       11519       11520       11521       11522       11523       11524
       11525       11526       11527       11528       11529       11530
       11531       11532       11533       11534       11535       11536
       11660       11661       11662       11663       11664       11665
       11666       11667       11668       11669       11670       11671
       11672       11673       11674       11675       11676       11677
       11678       11803       11804       11805       11806       11807
       11808       11809       11810       11811       11812       11813
       11814       11815       11816       11817       11818       11819
       11820       11946       11947       11948       11949       11950
       11951       11952       11953       11954       11955       11956
       11957       11958       11959       11960       11961       11962
       12089       12090       12091       12092       12093       12094
       12095       12096       12097       12098       12099       12100
       12101       12102       12103       12104       12232       12233
       12234       12235       12236       12237       12238       12239
       12240       12241       12242       12243       12244       12245
       12246       12375       12376       12377       12378       12379
       12380       12381       12382       12383       12384       12385
       12386       12387       12388       12518       12519       12520
       12521       12522       12523       12524       12525       12526
       12527       12528       12529       12530       12661       12662
       12663       12664       12665       12666       12667       12668
       12669       12670       12671       12672       12804       12805
       12806       12807       12808       12809       12810       12811
       12812       12813       12814       12947       12948       12949
       12950       12951       12952       12953       12954       12955
       12956       13090       13091       13092       13093       13094
       13095       13096       13097       13233       13234       13235
       13236       13237       13238       13239       13376       13377
       13378       13379       13380       13381       13519       13520
       13521       13522       13523       13662       13663       13664
       13665       13805       13806       13948       10366       10367
       10510       10511       10654       10797       10940       10941
       11084       11227       11370       11513       11656       11657
       11658       11659       11802       11945       12088       12231
       12374       12517       12660       12803       12946       13089
       13232       13375       13518       13661       13804       13947
       14090        9404        9546        9688        9831        9973
       10116       10258       10401       10543       10685       10827
       10969       11111       11253       11395       11537       11679
       11821       11963       12105       12247       12389       12531
       12673       12815       12957       13098       13099       13240
       13382       13524       13666       13807       13808       13949
       14091        7810        7811        7954        8097        8240
        8383        8526        8669        8670        8671        8672
        8673        8674        8817        8960        8961        8962
        8963        8964        8965        9108        9109        9110
        9111        9112        9113        9114        9115        9116
        9117        9260        9261
        1602
         100
         103
       15510       15511       15513       15792       15793       15794
       15795       15797       16074       16075       16076       16077
       16078       16079       16081       16356       16357       16358
       16359       16360       16361       16362       16363       16365
       16638       16639       16640       16641       16642       16643
       16644       16645       16646       16647       16649       16920
       16921       16922       16923       16924       16925       16926
       16927       16928       16929       16930       16931       16933
       17202       17203       17204       17205       17206       17207
       17208       17209       17210       17211       17212       17213
       17214       17215       17216       17217       17218       17219
       17220       17221       17222       17223       17224       17225
       17227       17484       17485       17486       17487       17488
       17489       17490       17491       17492       17493       17494
       17495       17496       17497       17498       17499       17500
       17501       17502       17503       17504       17505       17506
       17507       17508       17509       17511       17766       17767
       17768       17769       17770       17771       17772       17773
       17774       17775       17776       17777       17778       17779
       17780       17781       17782       17783       17784       17785
       17786       17787       17788       17789       17790       17791
       17792       17793       17794       17795       17796       17797
       17798       17799       17800       17801       17802       17803
       17805       18048       18049       18050       18051       18052
       18053       18054       18055       18056       18057       18058
       18059       18060       18061       18062       18063       18064
       18065       18066       18067       18068       18069       18070
       18071       18072       18073       18074       18075       18076
       18077       18078       18079       18080       18081       18082
       18083       18084       18085       18086       18087       18088
       18089       18090       18091       18092       18093       18094
       18095       18096       18097       18098       18099       18100
       18101       18102       18103       18104       18105       18107
       18330       18331       18332       18333       18334       18335
       18336       18337       18338       18339       18340       18341
       18342       18343       18344       18345       18346       18347
       18348       18349       18350       18351       18352       18353
       18354       18355       18356       18357       18358       18359
       18360       18361       18362       18363       18364       18365
       18366       18367       18368       18369       18370       18371
       18372       18373       18374       18375       18376       18377
       18378       18379       18380       18381       18382       18383
       18384       18385       18386       18387       18388       18389
       18390       18391       18393       18612       18613       18614
       18615       18616       18617       18618       18619       18620
       18621       18622       18623       18624       18625       18626
       18627       18628       18629       18630       18631       18632
       18633       18634       18635       18636       18637       18638
       18639       18640       18641       18642       18643       18644
       18645       18646       18647       18648       18649       18650
       18651       18652       18653       18654       18655       18656
       18657       18658       18659       18660       18661       18662
       18663       18664       18665       18666       18667       18668
       18669       18670       18671       18672       18673       18674
       18675       18894       18895       18896       18897       18898
       18899       18900       18901       18902       18903       18904
       18905       18906       18907       18908       18909       18910
       18911       18912       18913       18914       18915       18916
       18917       18918       18919       18920       18921       18922
       18923       18924       18925       18926       18927       18928
       18929       18930       18931       18932       18933       18934
       18935       18936       18937       18938       18939       18940
       18941       18942       18943       18944       18945       18946
       18947       18948       18949       18950       18951       18952
       18953       18954       18955       18956       18957       19176
       19177       19178       19179       19180       19181       19182
       19183       19184       19185       19186       19187       19188
       19189       19190       19191       19192       19193       19194
       19195       19196       19197       19198       19199       19200
       19201       19202       19203       19204       19205       19206
       19207       19208       19209       19210       19211       19212
       19213       19214       19215       19216       19217       19218
       19219       19220       19221       19222       19223       19224
       19225       19226       19227       19228       19229       19230
       19231       19232       19233       19234       19235       19236
       19237       19238       19239       19241       19458       19459
       19460       19461       19462       19463       19464       19465
       19466       19467       19468       19469       19470       19471
       19472       19473       19474       19475       19476       19477
       19478       19479       19480       19481       19482       19483
       19484       19485       19486       19487       19488       19489
       19490       19491       19492       19493       19494       19495
       19496       19497       19498       19499       19500       19501
       19502       19503       19504       19505       19506       19507
       19508       19509       19510       19511       19512       19513
       19514       19515       19516       19517       19518       19519
       19520       19521       19522       19523       19740       19741
       19742       19743       19744       19745       19746       19747
       19748       19749       19750       19751       19752       19753
       19754       19755       19756       19757       19758       19759
       19760       19761       19762       19763       19764       19765
       19766       19767       19768       19769       19770       19771
       19772       19773       19774       19775       19776       19777
       19778       19779       19780       19781       19782       19783
       19784       19785       19786       19787       19788       19789
       19790       19791       19792       19793       19794       19795
       19796       19797       19798       19799       19800       19801
       19802       19803       19804       19805       19807       20022
       20023       20024       20025       20026       20027       20028
       20029       20030       20031       20032       20033       20034
       20035       20036       20037       20038       20039       20040
       20041       20042       20043       20044       20045       20046
       20047       20048       20049       20050       20051       20052
       20053       20054       20055       20056       20057       20058
       20059       20060       20061       20062       20063       20064
       20065       20066       20067       20068       20069       20070
       20071       20072       20073       20074       20075       20076
       20077       20078       20079       20080       20081       20082
       20083       20084       20085       20086       20087       20088
       20089       20304       20305       20306       20307       20308
       20309       20310       20311       20312       20313       20314
       20315       20316       20317       20318       20319       20320
       20321       20322       20323       20324       20325       20326
       20327       20328       20329       20330       20331       20332
       20333       20334       20335       20336       20337       20338
       20339       20340       20341       20342       20343       20344
       20345       20346       20347       20348       20349       20350
       20351       20352       20353       20354       20355       20356
       20357       20358       20359       20360       20361       20362
       20363       20364       20365       20366       20367       20368
       20369       20370       20371       20373       20588       20590
       20591       20592       20593       20594       20595       20596
       20597       20598       20599       20600       20601       20602
       20603       20604       20605       20606       20607       20608
       20609       20610       20611       20612       20613       20614
       20615       20616       20617       20618       20619       20620
       20621       20622       20623       20624       20625       20626
       20627       20628       20629       20630       20631       20632
       20633       20634       20635       20636       20637       20638
       20639       20640       20641       20642       20643       20644
       20645       20646       20647       20648       20649       20650
       20651       20652       20653       20654       20655       20874
       20876       20877       20878       20879       20880       20881
       20882       20883       20884       20885       20886       20887
       20888       20889       20890       20891       20892       20893
       20894       20895       20896       20897       20898       20899
       20900       20901       20902       20903       20904       20905
       20906       20907       20908       20909       20910       20911
       20912       20913       20914       20915       20916       20917
       20918       20919       20920       20921       20922       20923
       20924       20925       20926       20927       20928       20929
       20930       20931       20932       20933       20934       20935
       20936       20937       21158       21160       21161       21162
       21163       21164       21165       21166       21167       21168
       21169       21170       21171       21172       21173       21174
       21175       21176       21177       21178       21179       21180
       21181       21182       21183       21184       21185       21186
       21187       21188       21189       21190       21191       21192
       21193       21194       21195       21196       21197       21198
       21199       21200       21201       21202       21203       21204
       21205       21206       21207       21208       21209       21210
       21211       21212       21213       21214       21215       21216
       21217       21218       21219       21442       21444       21445
       21446       21447       21448       21449       21450       21451
       21452       21453       21454       21455       21456       21457
       21458       21459       21460       21461       21462       21463
       21464       21465       21466       21467       21468       21469
       21470       21471       21472       21473       21474       21475
       21476       21477       21478       21479       21480       21481
       21482       21483       21484       21485       21486       21487
       21488       21489       21490       21491       21492       21493
       21494       21495       21496       21497       21498       21499
       21500       21501       21728       21730       21731       21732
       21733       21734       21735       21736       21737       21738
       21739       21740       21741       21742       21743       21744
       21745       21746       21747       21748       21749       21750
       21751       21752       21753       21754       21755       21756
       21757       21758       21759       21760       21761       21762
       21763       21764       21765       21766       21767       21768
       21769       21770       21771       21772       21773       21774
       21775       21776       21777       21778       21779       21780
       21781       21782       21783       22012       22014       22015
       22016       22017       22018       22019       22020       22021
       22022       22023       22024       22025       22026       22027
       22028       22029       22030       22031       22032       22033
       22034       22035       22036       22037       22038       22039
       22040       22041       22042       22043       22044       22045
       22046       22047       22048       22049       22050       22051
       22052       22053       22054       22055       22056       22057
       22058       22059       22060       22061       22062       22063
       22064       22065       22296       22298       22299       22300
       22301       22302       22303       22304       22305       22306
       22307       22308       22309       22310       22311       22312
       22313       22314       22315       22316       22317       22318
       22319       22320       22321       22322       22323       22324
       22325       22326       22327       22328       22329       22330
       22331       22332       22333       22334       22335       22336
       22337       22338       22339       22340       22341       22342
       22343       22344       22345       22346       22347       22580
       22582       22583       22584       22585       22586       22587
       22588       22589       22590       22591       22592       22593
       22594       22595       22596       22597       22598       22599
       22600       22601       22602       22603       22604       22605
       22606       22607       22608       22609       22610       22611
       22612       22613       22614       22615       22616       22617
       22618       22619       22620       22621       22622       22623
       22624       22625       22626       22627       22628       22629
       22864       22866       22867       22868       22869       22870
       22871       22872       22873       22874       22875       22876
       22877       22878       22879       22880       22881       22882
       22883       22884       22885       22886       22887       22888
       22889       22890       22891       22892       22893       22894
       22895       22896       22897       22898       22899       22900
       22901       22902       22903       22904       22905       22906
       22907       22908       22909       22910       22911       23154
       23156       23157       23158       23159       23160       23161
       23162       23163       23164       23165       23166       23167
       23168       23169       23170       23171       23172       23173
       23174       23175       23176       23177       23178       23179
       23180       23181       23182       23183       23184       23185
       23186       23187       23188       23189       23190       23191
       23192       23193       23438       23440       23441       23442
       23443       23444       23445       23446       23447       23448
       23449       23450       23451       23452       23453       23454
       23455       23456       23457       23458       23459       23460
       23461       23462       23463       23464       23465       23466
       23467       23468       23469       23470       23471       23472
       23473       23474       23475       23722       23724       23725
       23726       23727       23728       23729       23730       23731
       23732       23733       23734       23735       23736       23737
       23738       23739       23740       23741       23742       23743
       23744       23745       23746       23747       23748       23749
       23750       23751       23752       23753       23754       23755
       23756       23757       24006       24008       24009       24010
       24011       24012       24013       24014       24015       24016
       24017       24018       24019       24020       24021       24022
       24023       24024       24025       24026       24027       24028
       24029       24030       24031       24032       24033       24034
       24035       24036       24037       24038       24039       24290
       24292       24293       24294       24295       24296       24297
       24298       24299       24300       24301       24302       24303
       24304       24305       24306       24307       24308       24309
       24310       24311       24312       24313       24314       24315
       24316       24317       24318       24319       24320       24321
       24574       24576       24577       24578       24579       24580
       24581       24582       24583       24584       24585       24586
       24587       24588       24589       24590       24591       24592
       24593       24594       24595       24596       24597       24598
       24599       24600       24601       24602       24603       24858
       24860       24861       24862       24863       24864       24865
       24866       24867       24868       24869       24870       24871
       24872       24873       24874       24875       24876       24877
       24878       24879       24880       24881       24882       24883
       24884       24885       25142       25144       25145       25146
       25147       25148       25149       25150       25151       25152
       25153       25154       25155       25156       25157       25158
       25159       25160       25161       25162       25163       25164
       25165       25166       25167       25426       25428       25429
       25430       25431       25432       25433       25434       25435
       25436       25437       25438       25439       25440       25441
       25442       25443       25444       25445       25446       25447
       25448       25449       25710       25712       25713       25714
       25715       25716       25717       25718       25719       25720
       25721       25722       25723       25724       25725       25726
       25727       25728       25729       25730       25731       25994
       25996       25997       25998       25999       26000       26001
       26002       26003       26004       26005       26006       26007
       26008       26009       26010       26011       26278       26280
       26281       26282       26283       26284       26285       26286
       26287       26288       26289       26290       26291       26292
       26293       26562       26564       26565       26566       26567
       26568       26569       26570       26571       26572       26573
       26574       26575       26846       26848       26849       26850
       26851       26852       26853       26854       26855       26856
       26857       27130       27132       27133       27134       27135
       27136       27137       27138       27139       27414       27416
       27417       27418       27419       27698       27700       27701
       20586       20589       20872       20875       21159       21443
       21726       21729       22013       22297       22581       22865
       23148       23150       23152       23155       23439       23723
       24007       24291       24575       24859       25143       25427
       25711       25995       26279       26563       26847       27131
       27415       27699       27982       18677       18959       19240
       19525       19806       20091       20372       20657       20939
       21221       21503       21785       22067       22349       22631
       22913       23195       23477       23759       24041       24323
       24605       24887       25169       25451       25733       26012
       26013       26295       26577       26859       27141       27420
       27421       27703       15229       15512       15796       16080
       16364       16648       16932       16935       16937       16939
       16941       16943       17226       17510       17513       17515
       17517       17519       17521       17804       17807       17809
       17811       17813       17815       17817       17819       17821
       17823       18106       18109       18392       20587       20870
       20873       21156       21440       21724       21727       22010
       22294       22578       22862       23146       23149       23151
       23153       23436       23720       24004       24288       24572
       24856       25140       25424       25708       25992       26276
       26560       26844       27128       27412       27696       27980
       27983       18676       18958       19243       19524       19809
       20090       20375       20656       20938       21220       21502
       21784       22066       22348       22630       22912       23194
       23476       23758       24040       24322       24604       24886
       25168       25450       25732       26014       26015       26294
       26576       26858       27140       27422       27423       27702
       27984       27985       15228       15231       15515       15799
       16083       16367       16651       16934       16936       16938
       16940       16942       16945       17229       17512       17514
       17516       17518       17520       17523       17806       17808
       17810       17812       17814       17816       17818       17820
       17822       17825       18108       18111       18395
        2362
         100
       23070       23072       23491       23492       23493       23494
       23495       23497       23913       23914       23915       23916
       23917       23918       23919       23920       23922       24335
       24336       24337       24338       24339       24340       24341
       24342       24343       24344       24345       24347       24757
       24758       24759       24760       24761       24762       24763
       24764       24765       24766       24767       24768       24769
       24770       24772       25179       25180       25181       25182
       25183       25184       25185       25186       25187       25188
       25189       25190       25191       25192       25193       25194
       25195       25197       25601       25602       25603       25604
       25605       25606       25607       25608       25609       25610
       25611       25612       25613       25614       25615       25616
       25617       25618       25619       25620       25622       25623
       25625       25626       25628       25629       25631       25632
       25634       25635       25637       26023       26024       26025
       26026       26027       26028       26029       26030       26031
       26032       26033       26034       26035       26036       26037
       26038       26039       26040       26041       26042       26043
       26044       26045       26046       26047       26048       26049
       26050       26051       26052       26053       26054       26055
       26056       26057       26058       26059       26060       26062
       26445       26446       26447       26448       26449       26450
       26451       26452       26453       26454       26455       26456
       26457       26458       26459       26460       26461       26462
       26463       26464       26465       26466       26467       26468
       26469       26470       26471       26472       26473       26474
       26475       26476       26477       26478       26479       26480
       26481       26482       26483       26484       26485       26487
       26488       26490       26491       26493       26494       26496
       26497       26499       26500       26502       26867       26868
       26869       26870       26871       26872       26873       26874
       26875       26876       26877       26878       26879       26880
       26881       26882       26883       26884       26885       26886
       26887       26888       26889       26890       26891       26892
       26893       26894       26895       26896       26897       26898
       26899       26900       26901       26902       26903       26904
       26905       26906       26907       26908       26909       26910
       26911       26912       26913       26914       26915       26916
       26917       26918       26919       26920       26921       26922
       26923       26924       26925       26927       26928       26930
       26931       26933       26934       26936       26937       26939
       26940       26942       26943       26945       26946       26948
       26949       26951       26952       26954       27289       27290
       27291       27292       27293       27294       27295       27296
       27297       27298       27299       27300       27301       27302
       27303       27304       27305       27306       27307       27308
       27309       27310       27311       27312       27313       27314
       27315       27316       27317       27318       27319       27320
       27321       27322       27323       27324       27325       27326
       27327       27328       27329       27330       27331       27332
       27333       27334       27335       27336       27337       27338
       27339       27340       27341       27342       27343       27344
       27345       27346       27347       27348       27349       27350
       27351       27352       27353       27354       27355       27356
       27357       27358       27359       27360       27361       27362
       27363       27364       27365       27366       27367       27368
       27369       27370       27371       27372       27373       27374
       27375       27376       27377       27379       27380       27382
       27711       27712       27713       27714       27715       27716
       27717       27718       27719       27720       27721       27722
       27723       27724       27725       27726       27727       27728
       27729       27730       27731       27732       27733       27734
       27735       27736       27737       27738       27739       27740
       27741       27742       27743       27744       27745       27746
       27747       27748       27749       27750       27751       27752
       27753       27754       27755       27756       27757       27758
       27759       27760       27761       27762       27763       27764
       27765       27766       27767       27768       27769       27770
       27771       27772       27773       27774       27775       27776
       27777       27778       27779       27780       27781       27782
       27783       27784       27785       27786       27787       27788
       27789       27790       27791       27792       27793       27794
       27795       27796       27797       27798       27799       27800
       27801       27802       27803       27804       27805       28133
       28134       28135       28136       28137       28138       28139
       28140       28141       28142       28143       28144       28145
       28146       28147       28148       28149       28150       28151
       28152       28153       28154       28155       28156       28157
       28158       28159       28160       28161       28162       28163
       28164       28165       28166       28167       28168       28169
       28170       28171       28172       28173       28174       28175
       28176       28177       28178       28179       28180       28181
       28182       28183       28184       28185       28186       28187
       28188       28189       28190       28191       28192       28193
       28194       28195       28196       28197       28198       28199
       28200       28201       28202       28203       28204       28205
       28206       28207       28208       28209       28210       28211
       28212       28213       28214       28215       28216       28217
       28218       28219       28220       28221       28222       28223
       28224       28225       28226       28227       28555       28556
       28557       28558       28559       28560       28561       28562
       28563       28564       28565       28566       28567       28568
       28569       28570       28571       28572       28573       28574
       28575       28576       28577       28578       28579       28580
       28581       28582       28583       28584       28585       28586
       28587       28588       28589       28590       28591       28592
       28593       28594       28595       28596       28597       28598
       28599       28600       28601       28602       28603       28604
       28605       28606       28607       28608       28609       28610
       28611       28612       28613       28614       28615       28616
       28617       28618       28619       28620       28621       28622
       28623       28624       28625       28626       28627       28628
       28629       28630       28631       28632       28633       28634
       28635       28636       28637       28638       28639       28640
       28641       28642       28643       28644       28645       28646
       28647       28648       28649       28651       28977       28978
       28979       28980       28981       28982       28983       28984
       28985       28986       28987       28988       28989       28990
       28991       28992       28993       28994       28995       28996
       28997       28998       28999       29000       29001       29002
       29003       29004       29005       29006       29007       29008
       29009       29010       29011       29012       29013       29014
       29015       29016       29017       29018       29019       29020
       29021       29022       29023       29024       29025       29026
       29027       29028       29029       29030       29031       29032
       29033       29034       29035       29036       29037       29038
       29039       29040       29041       29042       29043       29044
       29045       29046       29047       29048       29049       29050
       29051       29052       29053       29054       29055       29056
       29057       29058       29059       29060       29061       29062
       29063       29064       29065       29066       29067       29068
       29069       29070       29071       29072       29073       29074
       29399       29400       29401       29402       29403       29404
       29405       29406       29407       29408       29409       29410
       29411       29412       29413       29414       29415       29416
       29417       29418       29419       29420       29421       29422
       29423       29424       29425       29426       29427       29428
       29429       29430       29431       29432       29433       29434
       29435       29436       29437       29438       29439       29440
       29441       29442       29443       29444       29445       29446
       29447       29448       29449       29450       29451       29452
       29453       29454       29455       29456       29457       29458
       29459       29460       29461       29462       29463       29464
       29465       29466       29467       29468       29469       29470
       29471       29472       29473       29474       29475       29476
       29477       29478       29479       29480       29481       29482
       29483       29484       29485       29486       29487       29488
       29489       29490       29491       29492       29493       29494
       29495       29496       29498       29821       29822       29823
       29824       29825       29826       29827       29828       29829
       29830       29831       29832       29833       29834       29835
       29836       29837       29838       29839       29840       29841
       29842       29843       29844       29845       29846       29847
       29848       29849       29850       29851       29852       29853
       29854       29855       29856       29857       29858       29859
       29860       29861       29862       29863       29864       29865
       29866       29867       29868       29869       29870       29871
       29872       29873       29874       29875       29876       29877
       29878       29879       29880       29881       29882       29883
       29884       29885       29886       29887       29888       29889
       29890       29891       29892       29893       29894       29895
       29896       29897       29898       29899       29900       29901
       29902       29903       29904       29905       29906       29907
       29908       29909       29910       29911       29912       29913
       29914       29915       29916       29917       29918       29919
       29920       29921       30243       30244       30245       30246
       30247       30248       30249       30250       30251       30252
       30253       30254       30255       30256       30257       30258
       30259       30260       30261       30262       30263       30264
       30265       30266       30267       30268       30269       30270
       30271       30272       30273       30274       30275       30276
       30277       30278       30279       30280       30281       30282
       30283       30284       30285       30286       30287       30288
       30289       30290       30291       30292       30293       30294
       30295       30296       30297       30298       30299       30300
       30301       30302       30303       30304       30305       30306
       30307       30308       30309       30310       30311       30312
       30313       30314       30315       30316       30317       30318
       30319       30320       30321       30322       30323       30324
       30325       30326       30327       30328       30329       30330
       30331       30332       30333       30334       30335       30336
       30337       30338       30339       30340       30341       30342
       30343       30345       30667       30670       30671       30672
       30673       30674       30675       30676       30677       30678
       30679       30680       30681       30682       30683       30684
       30685       30686       30687       30688       30689       30690
       30691       30692       30693       30694       30695       30696
       30697       30698       30699       30700       30701       30702
       30703       30704       30705       30706       30707       30708
       30709       30710       30711       30712       30713       30714
       30715       30716       30717       30718       30719       30720
       30721       30722       30723       30724       30725       30726
       30727       30728       30729       30730       30731       30732
       30733       30734       30735       30736       30737       30738
       30739       30740       30741       30742       30743       30744
       30745       30746       30747       30748       30749       30750
       30751       30752       30753       30754       30755       30756
       30757       30758       30759       30760       30761       30762
       30763       30764       30765       30766       30767       30768
       31095       31098       31099       31100       31101       31102
       31103       31104       31105       31106       31107       31108
       31109       31110       31111       31112       31113       31114
       31115       31116       31117       31118       31119       31120
       31121       31122       31123       31124       31125       31126
       31127       31128       31129       31130       31131       31132
       31133       31134       31135       31136       31137       31138
       31139       31140       31141       31142       31143       31144
       31145       31146       31147       31148       31149       31150
       31151       31152       31153       31154       31155       31156
       31157       31158       31159       31160       31161       31162
       31163       31164       31165       31166       31167       31168
       31169       31170       31171       31172       31173       31174
       31175       31176       31177       31178       31179       31180
       31181       31182       31183       31184       31185       31186
       31187       31188       31189       31190       31520       31523
       31524       31525       31526       31527       31528       31529
       31530       31531       31532       31533       31534       31535
       31536       31537       31538       31539       31540       31541
       31542       31543       31544       31545       31546       31547
       31548       31549       31550       31551       31552       31553
       31554       31555       31556       31557       31558       31559
       31560       31561       31562       31563       31564       31565
       31566       31567       31568       31569       31570       31571
       31572       31573       31574       31575       31576       31577
       31578       31579       31580       31581       31582       31583
       31584       31585       31586       31587       31588       31589
       31590       31591       31592       31593       31594       31595
       31596       31597       31598       31599       31600       31601
       31602       31603       31604       31605       31606       31607
       31608       31609       31610       31611       31612       31945
       31948       31949       31950       31951       31952       31953
       31954       31955       31956       31957       31958       31959
       31960       31961       31962       31963       31964       31965
       31966       31967       31968       31969       31970       31971
       31972       31973       31974       31975       31976       31977
       31978       31979       31980       31981       31982       31983
       31984       31985       31986       31987       31988       31989
       31990       31991       31992       31993       31994       31995
       31996       31997       31998       31999       32000       32001
       32002       32003       32004       32005       32006       32007
       32008       32009       32010       32011       32012       32013
       32014       32015       32016       32017       32018       32019
       32020       32021       32022       32023       32024       32025
       32026       32027       32028       32029       32030       32031
       32032       32033       32034       32373       32376       32377
       32378       32379       32380       32381       32382       32383
       32384       32385       32386       32387       32388       32389
       32390       32391       32392       32393       32394       32395
       32396       32397       32398       32399       32400       32401
       32402       32403       32404       32405       32406       32407
       32408       32409       32410       32411       32412       32413
       32414       32415       32416       32417       32418       32419
       32420       32421       32422       32423       32424       32425
       32426       32427       32428       32429       32430       32431
       32432       32433       32434       32435       32436       32437
       32438       32439       32440       32441       32442       32443
       32444       32445       32446       32447       32448       32449
       32450       32451       32452       32453       32454       32455
       32456       32798       32801       32802       32803       32804
       32805       32806       32807       32808       32809       32810
       32811       32812       32813       32814       32815       32816
       32817       32818       32819       32820       32821       32822
       32823       32824       32825       32826       32827       32828
       32829       32830       32831       32832       32833       32834
       32835       32836       32837       32838       32839       32840
       32841       32842       32843       32844       32845       32846
       32847       32848       32849       32850       32851       32852
       32853       32854       32855       32856       32857       32858
       32859       32860       32861       32862       32863       32864
       32865       32866       32867       32868       32869       32870
       32871       32872       32873       32874       32875       32876
       32877       32878       33223       33226       33227       33228
       33229       33230       33231       33232       33233       33234
       33235       33236       33237       33238       33239       33240
       33241       33242       33243       33244       33245       33246
       33247       33248       33249       33250       33251       33252
       33253       33254       33255       33256       33257       33258
       33259       33260       33261       33262       33263       33264
       33265       33266       33267       33268       33269       33270
       33271       33272       33273       33274       33275       33276
       33277       33278       33279       33280       33281       33282
       33283       33284       33285       33286       33287       33288
       33289       33290       33291       33292       33293       33294
       33295       33296       33297       33298       33299       33300
       33648       33651       33652       33653       33654       33655
       33656       33657       33658       33659       33660       33661
       33662       33663       33664       33665       33666       33667
       33668       33669       33670       33671       33672       33673
       33674       33675       33676       33677       33678       33679
       33680       33681       33682       33683       33684       33685
       33686       33687       33688       33689       33690       33691
       33692       33693       33694       33695       33696       33697
       33698       33699       33700       33701       33702       33703
       33704       33705       33706       33707       33708       33709
       33710       33711       33712       33713       33714       33715
       33716       33717       33718       33719       33720       33721
       33722       34073       34076       34077       34078       34079
       34080       34081       34082       34083       34084       34085
       34086       34087       34088       34089       34090       34091
       34092       34093       34094       34095       34096       34097
       34098       34099       34100       34101       34102       34103
       34104       34105       34106       34107       34108       34109
       34110       34111       34112       34113       34114       34115
       34116       34117       34118       34119       34120       34121
       34122       34123       34124       34125       34126       34127
       34128       34129       34130       34131       34132       34133
       34134       34135       34136       34137       34138       34139
       34140       34141       34142       34143       34144       34507
       34510       34511       34512       34513       34514       34515
       34516       34517       34518       34519       34520       34521
       34522       34523       34524       34525       34526       34527
       34528       34529       34530       34531       34532       34533
       34534       34535       34536       34537       34538       34539
       34540       34541       34542       34543       34544       34545
       34546       34547       34548       34549       34550       34551
       34552       34553       34554       34555       34556       34557
       34558       34559       34560       34561       34562       34563
       34564       34565       34566       34932       34935       34936
       34937       34938       34939       34940       34941       34942
       34943       34944       34945       34946       34947       34948
       34949       34950       34951       34952       34953       34954
       34955       34956       34957       34958       34959       34960
       34961       34962       34963       34964       34965       34966
       34967       34968       34969       34970       34971       34972
       34973       34974       34975       34976       34977       34978
       34979       34980       34981       34982       34983       34984
       34985       34986       34987       34988       35357       35360
       35361       35362       35363       35364       35365       35366
       35367       35368       35369       35370       35371       35372
       35373       35374       35375       35376       35377       35378
       35379       35380       35381       35382       35383       35384
       35385       35386       35387       35388       35389       35390
       35391       35392       35393       35394       35395       35396
       35397       35398       35399       35400       35401       35402
       35403       35404       35405       35406       35407       35408
       35409       35410       35782       35785       35786       35787
       35788       35789       35790       35791       35792       35793
       35794       35795       35796       35797       35798       35799
       35800       35801       35802       35803       35804       35805
       35806       35807       35808       35809       35810       35811
       35812       35813       35814       35815       35816       35817
       35818       35819       35820       35821       35822       35823
       35824       35825       35826       35827       35828       35829
       35830       35831       35832       36207       36210       36211
       36212       36213       36214       36215       36216       36217
       36218       36219       36220       36221       36222       36223
       36224       36225       36226       36227       36228       36229
       36230       36231       36232       36233       36234       36235
       36236       36237       36238       36239       36240       36241
       36242       36243       36244       36245       36246       36247
       36248       36249       36250       36251       36252       36253
       36254       36632       36635       36636       36637       36638
       36639       36640       36641       36642       36643       36644
       36645       36646       36647       36648       36649       36650
       36651       36652       36653       36654       36655       36656
       36657       36658       36659       36660       36661       36662
       36663       36664       36665       36666       36667       36668
       36669       36670       36671       36672       36673       36674
       36675       36676       37057       37060       37061       37062
       37063       37064       37065       37066       37067       37068
       37069       37070       37071       37072       37073       37074
       37075       37076       37077       37078       37079       37080
       37081       37082       37083       37084       37085       37086
       37087       37088       37089       37090       37091       37092
       37093       37094       37095       37096       37097       37098
       37482       37485       37486       37487       37488       37489
       37490       37491       37492       37493       37494       37495
       37496       37497       37498       37499       37500       37501
       37502       37503       37504       37505       37506       37507
       37508       37509       37510       37511       37512       37513
       37514       37515       37516       37517       37518       37519
       37520       37907       37910       37911       37912       37913
       37914       37915       37916       37917       37918       37919
       37920       37921       37922       37923       37924       37925
       37926       37927       37928       37929       37930       37931
       37932       37933       37934       37935       37936       37937
       37938       37939       37940       37941       37942       38332
       38335       38336       38337       38338       38339       38340
       38341       38342       38343       38344       38345       38346
       38347       38348       38349       38350       38351       38352
       38353       38354       38355       38356       38357       38358
       38359       38360       38361       38362       38363       38364
       38757       38760       38761       38762       38763       38764
       38765       38766       38767       38768       38769       38770
       38771       38772       38773       38774       38775       38776
       38777       38778       38779       38780       38781       38782
       38783       39182       39185       39186       39187       39188
       39189       39190       39191       39192       39193       39194
       39195       39196       39197       39198       39199       39200
       39201       39202       39203       39204       39205       39607
       39610       39611       39612       39613       39614       39615
       39616       39617       39618       39619       39620       39621
       39622       39623       39624       39625       39626       39627
       40032       40035       40036       40037       40038       40039
       40040       40041       40042       40043       40044       40045
       40046       40047       40048       40049       40457       40460
       40461       40462       40463       40464       40465       40466
       40467       40468       40469       40470       40471       40882
       40885       40886       40887       40888       40889       40890
       41307       41310       41311       41312       44840       44842
       44844       44846       44848       44850       44852       44854
       44856       44858       44860       44862       44864       44866
       44868       44870       44872       44874       23069       23073
       23498       23923       24348       24773       25198       25621
       25624       25627       25630       25633       25638       26063
       26486       26489       26492       26495       26498       26503
       26926       26929       26932       26935       26938       26941
       26944       26947       26950       26955       27378       27383
       27807       28229       28652       29076       29499       29923
       30665       30346       30669       31092       30770       31097
       31192       31522       31614       31947       32370       32036
       32375       32458       32800       32880       33225       33302
       33650       33724       34075       34498       34501       34504
       34146       34509       34568       34934       34990       35359
       35412       35784       35834       36209       36256       36634
       36678       37059       37100       37484       37522       37909
       37944       38334       38366       38784       38759       38785
       39184       39207       39609       39629       40034       40051
       40459       40473       40891       40884       40892       41309
       41314       41732
