           2
         759
          41
       10366       10367       10508       10509       10510       10511
       10650       10651       10652       10653       10654       10792
       10793       10794       10795       10796       10797       10934
       10935       10936       10937       10938       10939       10940
       10941       11076       11077       11078       11079       11080
       11081       11082       11083       11084       11218       11219
       11220       11221       11222       11223       11224       11225
       11226       11227       11360       11361       11362       11363
       11364       11365       11366       11367       11368       11369
       11370       11502       11503       11504       11505       11506
       11507       11508       11509       11510       11511       11512
       11513       11644       11645       11646       11647       11648
       11649       11650       11651       11652       11653       11654
       11655       11656       11657       11658       11659       11786
       11787       11788       11789       11790       11791       11792
       11793       11794       11795       11796       11797       11798
       11799       11800       11801       11802       11928       11929
       11930       11931       11932       11933       11934       11935
       11936       11937       11938       11939       11940       11941
       11942       11943       11944       11945       12070       12071
       12072       12073       12074       12075       12076       12077
       12078       12079       12080       12081       12082       12083
       12084       12085       12086       12087       12088       12212
       12213       12214       12215       12216       12217       12218
       12219       12220       12221       12222       12223       12224
       12225       12226       12227       12228       12229       12230
       12231       12354       12355       12356       12357       12358
       12359       12360       12361       12362       12363       12364
       12365       12366       12367       12368       12369       12370
       12371       12372       12373       12374       12496       12497
       12498       12499       12500       12501       12502       12503
       12504       12505       12506       12507       12508       12509
       12510       12511       12512       12513       12514       12515
       12516       12517       12638       12639       12640       12641
       12642       12643       12644       12645       12646       12647
       12648       12649       12650       12651       12652       12653
       12654       12655       12656       12657       12658       12659
       12660       12780       12781       12782       12783       12784
       12785       12786       12787       12788       12789       12790
       12791       12792       12793       12794       12795       12796
       12797       12798       12799       12800       12801       12802
       12803       12922       12923       12924       12925       12926
       12927       12928       12929       12930       12931       12932
       12933       12934       12935       12936       12937       12938
       12939       12940       12941       12942       12943       12944
       12945       12946       13064       13065       13066       13067
       13068       13069       13070       13071       13072       13073
       13074       13075       13076       13077       13078       13079
       13080       13081       13082       13083       13084       13085
       13086       13087       13088       13089       13206       13207
       13208       13209       13210       13211       13212       13213
       13214       13215       13216       13217       13218       13219
       13220       13221       13222       13223       13224       13225
       13226       13227       13228       13229       13230       13231
       13232       13348       13349       13350       13351       13352
       13353       13354       13355       13356       13357       13358
       13359       13360       13361       13362       13363       13364
       13365       13366       13367       13368       13369       13370
       13371       13372       13373       13374       13375       13490
       13491       13492       13493       13494       13495       13496
       13497       13498       13499       13500       13501       13502
       13503       13504       13505       13506       13507       13508
       13509       13510       13511       13512       13513       13514
       13515       13516       13517       13518       13632       13633
       13634       13635       13636       13637       13638       13639
       13640       13641       13642       13643       13644       13645
       13646       13647       13648       13649       13650       13651
       13652       13653       13654       13655       13656       13657
       13658       13659       13660       13661       13774       13775
       13776       13777       13778       13779       13780       13781
       13782       13783       13784       13785       13786       13787
       13788       13789       13790       13791       13792       13793
       13794       13795       13796       13797       13798       13799
       13800       13801       13802       13803       13804       13916
       13917       13918       13919       13920       13921       13922
       13923       13924       13925       13926       13927       13928
       13929       13930       13931       13932       13933       13934
       13935       13936       13937       13938       13939       13940
       13941       13942       13943       13944       13945       13946
       13947       14058       14059       14060       14061       14062
       14063       14064       14065       14066       14067       14068
       14069       14070       14071       14072       14073       14074
       14075       14076       14077       14078       14079       14080
       14081       14082       14083       14084       14085       14086
       14087       14088       14089       14090       14200       14201
       14202       14203       14204       14205       14206       14207
       14208       14209       14210       14211       14212       14213
       14214       14215       14216       14217       14218       14219
       14220       14221       14222       14223       14224       14225
       14226       14227       14228       14229       14230       14231
       14232       14233       14342       14343       14344       14345
       14346       14347       14348       14349       14350       14351
       14352       14353       14354       14355       14356       14357
       14358       14359       14360       14361       14362       14363
       14364       14365       14366       14367       14368       14369
       14370       14371       14372       14373       14374       14375
       14376       14484       14485       14486       14487       14488
       14489       14490       14491       14492       14493       14494
       14495       14496       14497       14498       14499       14500
       14501       14502       14503       14504       14505       14506
       14507       14508       14509       14510       14511       14512
       14513       14514       14515       14516       14517       14518
       14626       14627       14628       14629       14630       14631
       14632       14633       14634       14635       14636       14637
       14638       14639       14640       14641       14642       14643
       14644       14645       14646       14647       14648       14649
       14650       14651       14652       14653       14654       14655
       14656       14657       14658       14659       14660       14661
       14768       14769       14770       14771       14772       14773
       14774       14775       14776       14777       14778       14779
       14780       14781       14782       14783       14784       14785
       14786       14787       14788       14789       14790       14791
       14792       14793       14794       14795       14796       14797
       14798       14799       14800       14801       14802       14803
       14804       14910       14911       14912       14913       14914
       14915       14916       14917       14918       14919       14920
       14921       14922       14923       14924       14925       14926
       14927       14928       14929       14930       14931       14932
       14933       14934       14935       14936       14937       14938
       14939       14940       14941       14942       14943       14944
       14945       14946       15052       15053       15054       15055
       15056       15057       15058       15059       15060       15061
       15062       15063       15064       15065       15066       15067
       15068       15069       15070       15071       15072       15073
       15074       15075       15076       15077       15078       15079
       15080       15081       15082       15083       15084       15085
       15086       15087       15088       14091       14234       14377
       14519       14662       14805       14947       15089       10224
       10225       10368       10369       10512       10655       10798
       10799       10942       11085       11228       11371       11514
       11515       11516       11517       11660       11803       11946
       12089       12232       12375       12518       12661       12804
       12947       13090       13233       13376       13519       13662
       13805       13948
        1487
          40
          41
       20304       20305       20307       20586       20587       20588
       20589       20590       20591       20593       20868       20869
       20870       20871       20872       20873       20874       20875
       20877       21150       21151       21152       21153       21154
       21155       21156       21157       21158       21159       21161
       21432       21433       21434       21435       21436       21437
       21438       21439       21440       21441       21442       21443
       21444       21445       21447       21714       21715       21716
       21717       21718       21719       21720       21721       21722
       21723       21724       21725       21726       21727       21728
       21729       21731       21996       21997       21998       21999
       22000       22001       22002       22003       22004       22005
       22006       22007       22008       22009       22010       22011
       22012       22013       22015       22278       22279       22280
       22281       22282       22283       22284       22285       22286
       22287       22288       22289       22290       22291       22292
       22293       22294       22295       22296       22297       22299
       22560       22561       22562       22563       22564       22565
       22566       22567       22568       22569       22570       22571
       22572       22573       22574       22575       22576       22577
       22578       22579       22580       22581       22583       22842
       22843       22844       22845       22846       22847       22848
       22849       22850       22851       22852       22853       22854
       22855       22856       22857       22858       22859       22860
       22861       22862       22863       22864       22865       22866
       22867       22868       22869       22870       22871       22873
       23124       23125       23126       23127       23128       23129
       23130       23131       23132       23133       23134       23135
       23136       23137       23138       23139       23140       23141
       23142       23143       23144       23145       23146       23147
       23148       23149       23150       23151       23152       23153
       23154       23155       23157       23406       23407       23408
       23409       23410       23411       23412       23413       23414
       23415       23416       23417       23418       23419       23420
       23421       23422       23423       23424       23425       23426
       23427       23428       23429       23430       23431       23432
       23433       23434       23435       23436       23437       23438
       23439       23441       23688       23689       23690       23691
       23692       23693       23694       23695       23696       23697
       23698       23699       23700       23701       23702       23703
       23704       23705       23706       23707       23708       23709
       23710       23711       23712       23713       23714       23715
       23716       23717       23718       23719       23720       23721
       23722       23723       23725       23970       23971       23972
       23973       23974       23975       23976       23977       23978
       23979       23980       23981       23982       23983       23984
       23985       23986       23987       23988       23989       23990
       23991       23992       23993       23994       23995       23996
       23997       23998       23999       24000       24001       24002
       24003       24004       24005       24006       24007       24009
       24252       24253       24254       24255       24256       24257
       24258       24259       24260       24261       24262       24263
       24264       24265       24266       24267       24268       24269
       24270       24271       24272       24273       24274       24275
       24276       24277       24278       24279       24280       24281
       24282       24283       24284       24285       24286       24287
       24288       24289       24290       24291       24293       24534
       24535       24536       24537       24538       24539       24540
       24541       24542       24543       24544       24545       24546
       24547       24548       24549       24550       24551       24552
       24553       24554       24555       24556       24557       24558
       24559       24560       24561       24562       24563       24564
       24565       24566       24567       24568       24569       24570
       24571       24572       24573       24574       24575       24577
       24816       24817       24818       24819       24820       24821
       24822       24823       24824       24825       24826       24827
       24828       24829       24830       24831       24832       24833
       24834       24835       24836       24837       24838       24839
       24840       24841       24842       24843       24844       24845
       24846       24847       24848       24849       24850       24851
       24852       24853       24854       24855       24856       24857
       24858       24859       24861       25098       25099       25100
       25101       25102       25103       25104       25105       25106
       25107       25108       25109       25110       25111       25112
       25113       25114       25115       25116       25117       25118
       25119       25120       25121       25122       25123       25124
       25125       25126       25127       25128       25129       25130
       25131       25132       25133       25134       25135       25136
       25137       25138       25139       25140       25141       25142
       25143       25145       25380       25381       25382       25383
       25384       25385       25386       25387       25388       25389
       25390       25391       25392       25393       25394       25395
       25396       25397       25398       25399       25400       25401
       25402       25403       25404       25405       25406       25407
       25408       25409       25410       25411       25412       25413
       25414       25415       25416       25417       25418       25419
       25420       25421       25422       25423       25424       25425
       25426       25427       25429       25662       25663       25664
       25665       25666       25667       25668       25669       25670
       25671       25672       25673       25674       25675       25676
       25677       25678       25679       25680       25681       25682
       25683       25684       25685       25686       25687       25688
       25689       25690       25691       25692       25693       25694
       25695       25696       25697       25698       25699       25700
       25701       25702       25703       25704       25705       25706
       25707       25708       25709       25710       25711       25713
       25944       25945       25946       25947       25948       25949
       25950       25951       25952       25953       25954       25955
       25956       25957       25958       25959       25960       25961
       25962       25963       25964       25965       25966       25967
       25968       25969       25970       25971       25972       25973
       25974       25975       25976       25977       25978       25979
       25980       25981       25982       25983       25984       25985
       25986       25987       25988       25989       25990       25991
       25992       25993       25994       25995       25997       26226
       26227       26228       26229       26230       26231       26232
       26233       26234       26235       26236       26237       26238
       26239       26240       26241       26242       26243       26244
       26245       26246       26247       26248       26249       26250
       26251       26252       26253       26254       26255       26256
       26257       26258       26259       26260       26261       26262
       26263       26264       26265       26266       26267       26268
       26269       26270       26271       26272       26273       26274
       26275       26276       26277       26278       26279       26281
       26508       26509       26510       26511       26512       26513
       26514       26515       26516       26517       26518       26519
       26520       26521       26522       26523       26524       26525
       26526       26527       26528       26529       26530       26531
       26532       26533       26534       26535       26536       26537
       26538       26539       26540       26541       26542       26543
       26544       26545       26546       26547       26548       26549
       26550       26551       26552       26553       26554       26555
       26556       26557       26558       26559       26560       26561
       26562       26563       26565       26790       26791       26792
       26793       26794       26795       26796       26797       26798
       26799       26800       26801       26802       26803       26804
       26805       26806       26807       26808       26809       26810
       26811       26812       26813       26814       26815       26816
       26817       26818       26819       26820       26821       26822
       26823       26824       26825       26826       26827       26828
       26829       26830       26831       26832       26833       26834
       26835       26836       26837       26838       26839       26840
       26841       26842       26843       26844       26845       26846
       26847       26849       27072       27073       27074       27075
       27076       27077       27078       27079       27080       27081
       27082       27083       27084       27085       27086       27087
       27088       27089       27090       27091       27092       27093
       27094       27095       27096       27097       27098       27099
       27100       27101       27102       27103       27104       27105
       27106       27107       27108       27109       27110       27111
       27112       27113       27114       27115       27116       27117
       27118       27119       27120       27121       27122       27123
       27124       27125       27126       27127       27128       27129
       27130       27131       27133       27354       27355       27356
       27357       27358       27359       27360       27361       27362
       27363       27364       27365       27366       27367       27368
       27369       27370       27371       27372       27373       27374
       27375       27376       27377       27378       27379       27380
       27381       27382       27383       27384       27385       27386
       27387       27388       27389       27390       27391       27392
       27393       27394       27395       27396       27397       27398
       27399       27400       27401       27402       27403       27404
       27405       27406       27407       27408       27409       27410
       27411       27412       27413       27414       27415       27417
       27636       27637       27638       27639       27640       27641
       27642       27643       27644       27645       27646       27647
       27648       27649       27650       27651       27652       27653
       27654       27655       27656       27657       27658       27659
       27660       27661       27662       27663       27664       27665
       27666       27667       27668       27669       27670       27671
       27672       27673       27674       27675       27676       27677
       27678       27679       27680       27681       27682       27683
       27684       27685       27686       27687       27688       27689
       27690       27691       27692       27693       27694       27695
       27696       27697       27698       27699       27701       27918
       27919       27920       27921       27922       27923       27924
       27925       27926       27927       27928       27929       27930
       27931       27932       27933       27934       27935       27936
       27937       27938       27939       27940       27941       27942
       27943       27944       27945       27946       27947       27948
       27949       27950       27951       27952       27953       27954
       27955       27956       27957       27958       27959       27960
       27961       27962       27963       27964       27965       27966
       27967       27968       27969       27970       27971       27972
       27973       27974       27975       27976       27977       27978
       27979       27980       27981       27982       27983       27985
       28200       28201       28202       28203       28204       28205
       28206       28207       28208       28209       28210       28211
       28212       28213       28214       28215       28216       28217
       28218       28219       28220       28221       28222       28223
       28224       28225       28226       28227       28228       28229
       28230       28231       28232       28233       28234       28235
       28236       28237       28238       28239       28240       28241
       28242       28243       28244       28245       28246       28247
       28248       28249       28250       28251       28252       28253
       28254       28255       28256       28257       28258       28259
       28260       28261       28262       28263       28264       28265
       28266       28267       28269       28482       28483       28484
       28485       28486       28487       28488       28489       28490
       28491       28492       28493       28494       28495       28496
       28497       28498       28499       28500       28501       28502
       28503       28504       28505       28506       28507       28508
       28509       28510       28511       28512       28513       28514
       28515       28516       28517       28518       28519       28520
       28521       28522       28523       28524       28525       28526
       28527       28528       28529       28530       28531       28532
       28533       28534       28535       28536       28537       28538
       28539       28540       28541       28542       28543       28544
       28545       28546       28547       28548       28549       28550
       28551       28764       28765       28766       28767       28768
       28769       28770       28771       28772       28773       28774
       28775       28776       28777       28778       28779       28780
       28781       28782       28783       28784       28785       28786
       28787       28788       28789       28790       28791       28792
       28793       28794       28795       28796       28797       28798
       28799       28800       28801       28802       28803       28804
       28805       28806       28807       28808       28809       28810
       28811       28812       28813       28814       28815       28816
       28817       28818       28819       28820       28821       28822
       28823       28824       28825       28826       28827       28828
       28829       28830       28831       28832       28833       28835
       29046       29047       29048       29049       29050       29051
       29052       29053       29054       29055       29056       29057
       29058       29059       29060       29061       29062       29063
       29064       29065       29066       29067       29068       29069
       29070       29071       29072       29073       29074       29075
       29076       29077       29078       29079       29080       29081
       29082       29083       29084       29085       29086       29087
       29088       29089       29090       29091       29092       29093
       29094       29095       29096       29097       29098       29099
       29100       29101       29102       29103       29104       29105
       29106       29107       29108       29109       29110       29111
       29112       29113       29114       29115       29116       29117
       29119       29328       29329       29330       29331       29332
       29333       29334       29335       29336       29337       29338
       29339       29340       29341       29342       29343       29344
       29345       29346       29347       29348       29349       29350
       29351       29352       29353       29354       29355       29356
       29357       29358       29359       29360       29361       29362
       29363       29364       29365       29366       29367       29368
       29369       29370       29371       29372       29373       29374
       29375       29376       29377       29378       29379       29380
       29381       29382       29383       29384       29385       29386
       29387       29388       29389       29390       29391       29392
       29393       29394       29395       29396       29397       29398
       29399       29400       29401       29610       29611       29612
       29613       29614       29615       29616       29617       29618
       29619       29620       29621       29622       29623       29624
       29625       29626       29627       29628       29629       29630
       29631       29632       29633       29634       29635       29636
       29637       29638       29639       29640       29641       29642
       29643       29644       29645       29646       29647       29648
       29649       29650       29651       29652       29653       29654
       29655       29656       29657       29658       29659       29660
       29661       29662       29663       29664       29665       29666
       29667       29668       29669       29670       29671       29672
       29673       29674       29675       29676       29677       29678
       29679       29680       29681       29682       29684       27984
       28268       28553       28834       29118       29403       29683
       20023       20306       20309       20592       20876       21160
       21163       21446       21730       22014       22298       22582
       22585       22587       22589       22872       23156       23440
       23724       24008       24292       24576       24860       25144
       25428       25712       25996       26280       26564       26848
       27132       27416       27700       27703       27987       28271
       28552       28837       29121       29402       29686       20022
       20025       20308       20311       20595       20879       21162
       21165       21449       21733       22017       22301       22584
       22586       22588       22591       22875       23159       23443
       23727       24011       24295       24579       24863       25147
       25431       25715       25999       26283       26567       26851
       27135       27419
        2246
          40
       30244       30246       30665       30666       30667       30668
       30669       30671       30672       30674       31087       31088
       31089       31090       31091       31092       31093       31094
       31095       31096       31097       31099       31509       31510
       31511       31512       31513       31514       31515       31516
       31517       31518       31519       31520       31521       31522
       31524       31931       31932       31933       31934       31935
       31936       31937       31938       31939       31940       31941
       31942       31943       31944       31945       31946       31947
       31949       31950       31952       32353       32354       32355
       32356       32357       32358       32359       32360       32361
       32362       32363       32364       32365       32366       32367
       32368       32369       32370       32371       32372       32373
       32374       32375       32377       32775       32776       32777
       32778       32779       32780       32781       32782       32783
       32784       32785       32786       32787       32788       32789
       32790       32791       32792       32793       32794       32795
       32796       32797       32798       32799       32800       32802
       33197       33198       33199       33200       33201       33202
       33203       33204       33205       33206       33207       33208
       33209       33210       33211       33212       33213       33214
       33215       33216       33217       33218       33219       33220
       33221       33222       33223       33224       33225       33227
       33619       33620       33621       33622       33623       33624
       33625       33626       33627       33628       33629       33630
       33631       33632       33633       33634       33635       33636
       33637       33638       33639       33640       33641       33642
       33643       33644       33645       33646       33647       33648
       33649       33650       33652       34041       34042       34043
       34044       34045       34046       34047       34048       34049
       34050       34051       34052       34053       34054       34055
       34056       34057       34058       34059       34060       34061
       34062       34063       34064       34065       34066       34067
       34068       34069       34070       34071       34072       34073
       34074       34075       34077       34078       34080       34081
       34083       34084       34086       34463       34464       34465
       34466       34467       34468       34469       34470       34471
       34472       34473       34474       34475       34476       34477
       34478       34479       34480       34481       34482       34483
       34484       34485       34486       34487       34488       34489
       34490       34491       34492       34493       34494       34495
       34496       34497       34498       34499       34500       34501
       34502       34503       34504       34505       34506       34507
       34508       34509       34511       34885       34886       34887
       34888       34889       34890       34891       34892       34893
       34894       34895       34896       34897       34898       34899
       34900       34901       34902       34903       34904       34905
       34906       34907       34908       34909       34910       34911
       34912       34913       34914       34915       34916       34917
       34918       34919       34920       34921       34922       34923
       34924       34925       34926       34927       34928       34929
       34930       34931       34932       34933       34934       34936
       35307       35308       35309       35310       35311       35312
       35313       35314       35315       35316       35317       35318
       35319       35320       35321       35322       35323       35324
       35325       35326       35327       35328       35329       35330
       35331       35332       35333       35334       35335       35336
       35337       35338       35339       35340       35341       35342
       35343       35344       35345       35346       35347       35348
       35349       35350       35351       35352       35353       35354
       35355       35356       35357       35358       35359       35361
       35729       35730       35731       35732       35733       35734
       35735       35736       35737       35738       35739       35740
       35741       35742       35743       35744       35745       35746
       35747       35748       35749       35750       35751       35752
       35753       35754       35755       35756       35757       35758
       35759       35760       35761       35762       35763       35764
       35765       35766       35767       35768       35769       35770
       35771       35772       35773       35774       35775       35776
       35777       35778       35779       35780       35781       35782
       35783       35784       35786       36151       36152       36153
       36154       36155       36156       36157       36158       36159
       36160       36161       36162       36163       36164       36165
       36166       36167       36168       36169       36170       36171
       36172       36173       36174       36175       36176       36177
       36178       36179       36180       36181       36182       36183
       36184       36185       36186       36187       36188       36189
       36190       36191       36192       36193       36194       36195
       36196       36197       36198       36199       36200       36201
       36202       36203       36204       36205       36206       36207
       36208       36209       36211       36573       36574       36575
       36576       36577       36578       36579       36580       36581
       36582       36583       36584       36585       36586       36587
       36588       36589       36590       36591       36592       36593
       36594       36595       36596       36597       36598       36599
       36600       36601       36602       36603       36604       36605
       36606       36607       36608       36609       36610       36611
       36612       36613       36614       36615       36616       36617
       36618       36619       36620       36621       36622       36623
       36624       36625       36626       36627       36628       36629
       36630       36631       36632       36633       36634       36636
       36995       36996       36997       36998       36999       37000
       37001       37002       37003       37004       37005       37006
       37007       37008       37009       37010       37011       37012
       37013       37014       37015       37016       37017       37018
       37019       37020       37021       37022       37023       37024
       37025       37026       37027       37028       37029       37030
       37031       37032       37033       37034       37035       37036
       37037       37038       37039       37040       37041       37042
       37043       37044       37045       37046       37047       37048
       37049       37050       37051       37052       37053       37054
       37055       37056       37057       37058       37059       37061
       37417       37418       37419       37420       37421       37422
       37423       37424       37425       37426       37427       37428
       37429       37430       37431       37432       37433       37434
       37435       37436       37437       37438       37439       37440
       37441       37442       37443       37444       37445       37446
       37447       37448       37449       37450       37451       37452
       37453       37454       37455       37456       37457       37458
       37459       37460       37461       37462       37463       37464
       37465       37466       37467       37468       37469       37470
       37471       37472       37473       37474       37475       37476
       37477       37478       37479       37480       37481       37482
       37483       37484       37486       37839       37840       37841
       37842       37843       37844       37845       37846       37847
       37848       37849       37850       37851       37852       37853
       37854       37855       37856       37857       37858       37859
       37860       37861       37862       37863       37864       37865
       37866       37867       37868       37869       37870       37871
       37872       37873       37874       37875       37876       37877
       37878       37879       37880       37881       37882       37883
       37884       37885       37886       37887       37888       37889
       37890       37891       37892       37893       37894       37895
       37896       37897       37898       37899       37900       37901
       37902       37903       37904       37905       37906       37907
       37908       37909       37911       38261       38262       38263
       38264       38265       38266       38267       38268       38269
       38270       38271       38272       38273       38274       38275
       38276       38277       38278       38279       38280       38281
       38282       38283       38284       38285       38286       38287
       38288       38289       38290       38291       38292       38293
       38294       38295       38296       38297       38298       38299
       38300       38301       38302       38303       38304       38305
       38306       38307       38308       38309       38310       38311
       38312       38313       38314       38315       38316       38317
       38318       38319       38320       38321       38322       38323
       38324       38325       38326       38327       38328       38329
       38330       38331       38332       38333       38334       38336
       38683       38684       38685       38686       38687       38688
       38689       38690       38691       38692       38693       38694
       38695       38696       38697       38698       38699       38700
       38701       38702       38703       38704       38705       38706
       38707       38708       38709       38710       38711       38712
       38713       38714       38715       38716       38717       38718
       38719       38720       38721       38722       38723       38724
       38725       38726       38727       38728       38729       38730
       38731       38732       38733       38734       38735       38736
       38737       38738       38739       38740       38741       38742
       38743       38744       38745       38746       38747       38748
       38749       38750       38751       38752       38753       38754
       38755       38756       38757       38758       38759       38761
       39105       39106       39107       39108       39109       39110
       39111       39112       39113       39114       39115       39116
       39117       39118       39119       39120       39121       39122
       39123       39124       39125       39126       39127       39128
       39129       39130       39131       39132       39133       39134
       39135       39136       39137       39138       39139       39140
       39141       39142       39143       39144       39145       39146
       39147       39148       39149       39150       39151       39152
       39153       39154       39155       39156       39157       39158
       39159       39160       39161       39162       39163       39164
       39165       39166       39167       39168       39169       39170
       39171       39172       39173       39174       39175       39176
       39177       39178       39179       39180       39181       39182
       39183       39184       39186       39527       39528       39529
       39530       39531       39532       39533       39534       39535
       39536       39537       39538       39539       39540       39541
       39542       39543       39544       39545       39546       39547
       39548       39549       39550       39551       39552       39553
       39554       39555       39556       39557       39558       39559
       39560       39561       39562       39563       39564       39565
       39566       39567       39568       39569       39570       39571
       39572       39573       39574       39575       39576       39577
       39578       39579       39580       39581       39582       39583
       39584       39585       39586       39587       39588       39589
       39590       39591       39592       39593       39594       39595
       39596       39597       39598       39599       39600       39601
       39602       39603       39604       39605       39606       39607
       39608       39609       39611       39949       39950       39951
       39952       39953       39954       39955       39956       39957
       39958       39959       39960       39961       39962       39963
       39964       39965       39966       39967       39968       39969
       39970       39971       39972       39973       39974       39975
       39976       39977       39978       39979       39980       39981
       39982       39983       39984       39985       39986       39987
       39988       39989       39990       39991       39992       39993
       39994       39995       39996       39997       39998       39999
       40000       40001       40002       40003       40004       40005
       40006       40007       40008       40009       40010       40011
       40012       40013       40014       40015       40016       40017
       40018       40019       40020       40021       40022       40023
       40024       40025       40026       40027       40028       40029
       40030       40031       40032       40033       40034       40036
       40371       40372       40373       40374       40375       40376
       40377       40378       40379       40380       40381       40382
       40383       40384       40385       40386       40387       40388
       40389       40390       40391       40392       40393       40394
       40395       40396       40397       40398       40399       40400
       40401       40402       40403       40404       40405       40406
       40407       40408       40409       40410       40411       40412
       40413       40414       40415       40416       40417       40418
       40419       40420       40421       40422       40423       40424
       40425       40426       40427       40428       40429       40430
       40431       40432       40433       40434       40435       40436
       40437       40438       40439       40440       40441       40442
       40443       40444       40445       40446       40447       40448
       40449       40450       40451       40452       40453       40454
       40455       40456       40457       40458       40459       40461
       40793       40794       40795       40796       40797       40798
       40799       40800       40801       40802       40803       40804
       40805       40806       40807       40808       40809       40810
       40811       40812       40813       40814       40815       40816
       40817       40818       40819       40820       40821       40822
       40823       40824       40825       40826       40827       40828
       40829       40830       40831       40832       40833       40834
       40835       40836       40837       40838       40839       40840
       40841       40842       40843       40844       40845       40846
       40847       40848       40849       40850       40851       40852
       40853       40854       40855       40856       40857       40858
       40859       40860       40861       40862       40863       40864
       40865       40866       40867       40868       40869       40870
       40871       40872       40873       40874       40875       40876
       40877       40878       40879       40880       40881       40882
       40883       40884       40886       41215       41216       41217
       41218       41219       41220       41221       41222       41223
       41224       41225       41226       41227       41228       41229
       41230       41231       41232       41233       41234       41235
       41236       41237       41238       41239       41240       41241
       41242       41243       41244       41245       41246       41247
       41248       41249       41250       41251       41252       41253
       41254       41255       41256       41257       41258       41259
       41260       41261       41262       41263       41264       41265
       41266       41267       41268       41269       41270       41271
       41272       41273       41274       41275       41276       41277
       41278       41279       41280       41281       41282       41283
       41284       41285       41286       41287       41288       41289
       41290       41291       41292       41293       41294       41295
       41296       41297       41298       41299       41300       41301
       41302       41303       41304       41305       41306       41307
       41308       41309       41311       41637       41638       41639
       41640       41641       41642       41643       41644       41645
       41646       41647       41648       41649       41650       41651
       41652       41653       41654       41655       41656       41657
       41658       41659       41660       41661       41662       41663
       41664       41665       41666       41667       41668       41669
       41670       41671       41672       41673       41674       41675
       41676       41677       41678       41679       41680       41681
       41682       41683       41684       41685       41686       41687
       41688       41689       41690       41691       41692       41693
       41694       41695       41696       41697       41698       41699
       41700       41701       41702       41703       41704       41705
       41706       41707       41708       41709       41710       41711
       41712       41713       41714       41715       41716       41717
       41718       41719       41720       41721       41722       41723
       41724       41725       41726       41727       41728       41729
       41730       41731       41732       41733       41734       41736
       42059       42060       42061       42062       42063       42064
       42065       42066       42067       42068       42069       42070
       42071       42072       42073       42074       42075       42076
       42077       42078       42079       42080       42081       42082
       42083       42084       42085       42086       42087       42088
       42089       42090       42091       42092       42093       42094
       42095       42096       42097       42098       42099       42100
       42101       42102       42103       42104       42105       42106
       42107       42108       42109       42110       42111       42112
       42113       42114       42115       42116       42117       42118
       42119       42120       42121       42122       42123       42124
       42125       42126       42127       42128       42129       42130
       42131       42132       42133       42134       42135       42136
       42137       42138       42139       42140       42141       42142
       42143       42144       42145       42146       42147       42148
       42149       42150       42151       42152       42153       42154
       42155       42156       42157       42158       42159       42161
       42481       42482       42483       42484       42485       42486
       42487       42488       42489       42490       42491       42492
       42493       42494       42495       42496       42497       42498
       42499       42500       42501       42502       42503       42504
       42505       42506       42507       42508       42509       42510
       42511       42512       42513       42514       42515       42516
       42517       42518       42519       42520       42521       42522
       42523       42524       42525       42526       42527       42528
       42529       42530       42531       42532       42533       42534
       42535       42536       42537       42538       42539       42540
       42541       42542       42543       42544       42545       42546
       42547       42548       42549       42550       42551       42552
       42553       42554       42555       42556       42557       42558
       42559       42560       42561       42562       42563       42564
       42565       42566       42567       42568       42569       42570
       42571       42572       42573       42574       42575       42576
       42577       42578       42579       42580       42581       42582
       42583       42584       42903       42904       42905       42906
       42907       42908       42909       42910       42911       42912
       42913       42914       42915       42916       42917       42918
       42919       42920       42921       42922       42923       42924
       42925       42926       42927       42928       42929       42930
       42931       42932       42933       42934       42935       42936
       42937       42938       42939       42940       42941       42942
       42943       42944       42945       42946       42947       42948
       42949       42950       42951       42952       42953       42954
       42955       42956       42957       42958       42959       42960
       42961       42962       42963       42964       42965       42966
       42967       42968       42969       42970       42971       42972
       42973       42974       42975       42976       42977       42978
       42979       42980       42981       42982       42983       42984
       42985       42986       42987       42988       42989       42990
       42991       42992       42993       42994       42995       42996
       42997       42998       42999       43000       43001       43002
       43003       43004       43005       43006       43008       43325
       43326       43327       43328       43329       43330       43331
       43332       43333       43334       43335       43336       43337
       43338       43339       43340       43341       43342       43343
       43344       43345       43346       43347       43348       43349
       43350       43351       43352       43353       43354       43355
       43356       43357       43358       43359       43360       43361
       43362       43363       43364       43365       43366       43367
       43368       43369       43370       43371       43372       43373
       43374       43375       43376       43377       43378       43379
       43380       43381       43382       43383       43384       43385
       43386       43387       43388       43389       43390       43391
       43392       43393       43394       43395       43396       43397
       43398       43399       43400       43401       43402       43403
       43404       43405       43406       43407       43408       43409
       43410       43411       43412       43413       43414       43415
       43416       43417       43418       43419       43420       43421
       43422       43423       43424       43425       43426       43427
       43428       43429       43430       43431       43433       43747
       43748       43749       43750       43751       43752       43753
       43754       43755       43756       43757       43758       43759
       43760       43761       43762       43763       43764       43765
       43766       43767       43768       43769       43770       43771
       43772       43773       43774       43775       43776       43777
       43778       43779       43780       43781       43782       43783
       43784       43785       43786       43787       43788       43789
       43790       43791       43792       43793       43794       43795
       43796       43797       43798       43799       43800       43801
       43802       43803       43804       43805       43806       43807
       43808       43809       43810       43811       43812       43813
       43814       43815       43816       43817       43818       43819
       43820       43821       43822       43823       43824       43825
       43826       43827       43828       43829       43830       43831
       43832       43833       43834       43835       43836       43837
       43838       43839       43840       43841       43842       43843
       43844       43845       43846       43847       43848       43849
       43850       43851       43852       43853       43854       43855
       43856       44169       44170       44171       44172       44173
       44174       44175       44176       44177       44178       44179
       44180       44181       44182       44183       44184       44185
       44186       44187       44188       44189       44190       44191
       44192       44193       44194       44195       44196       44197
       44198       44199       44200       44201       44202       44203
       44204       44205       44206       44207       44208       44209
       44210       44211       44212       44213       44214       44215
       44216       44217       44218       44219       44220       44221
       44222       44223       44224       44225       44226       44227
       44228       44229       44230       44231       44232       44233
       44234       44235       44236       44237       44238       44239
       44240       44241       44242       44243       44244       44245
       44246       44247       44248       44249       44250       44251
       44252       44253       44254       44255       44256       44257
       44258       44259       44260       44261       44262       44263
       44264       44265       44266       44267       44268       44269
       44270       44271       44272       44273       44274       44275
       44276       44277       44279       44874       44876       44878
       44880       44882       44884       44886       44888       44890
       44892       44894       44896       44898       44900       44902
       44904       44906       44908       44910       44912       44914
       44916       44918       44920       44922       44924       44926
       44928       44930       44932       44934       44936       44938
       44940       44942       44943       44944       44945       44946
       44947       44948       44949       44950       44951       44952
       44953       44954       44955       44956       44957       44958
       44959       44960       44961       44962       44963       44964
       44965       44966       44967       44968       44969       44970
       44971       44972       44973       44974       44975       44976
       44977       44978       30243       30247       30670       30675
       31100       31525       31948       31953       32378       32803
       33228       33653       34076       34079       34082       34087
       34512       34937       35362       35787       36212       36637
       37062       37487       37912       38337       38762       39187
       39612       40037       40462       40887       41312       41737
       42162       42586       43009       43434       43858       44280
