           9
         761
          73
           1           2           3           4           5           6
           7           8           9          10          11          12
          13          14          15          16          17          18
          19          20          21          22          23          24
          25          26          27          28          29          30
          31          32          33          34          35          36
         142         143         144         145         146         147
         148         149         150         151         152         153
         154         155         156         157         158         159
         160         161         162         163         164         165
         166         167         168         169         170         171
         172         173         174         175         176         177
         178         284         285         286         287         288
         289         290         291         292         293         294
         295         296         297         298         299         300
         301         302         303         304         305         306
         307         308         309         310         311         312
         313         314         315         316         317         318
         319         320         321         426         427         428
         429         430         431         432         433         434
         435         436         437         438         439         440
         441         442         443         444         445         446
         447         448         449         450         451         452
         453         454         455         456         457         458
         459         460         461         462         463         464
         568         569         570         571         572         573
         574         575         576         577         578         579
         580         581         582         583         584         585
         586         587         588         589         590         591
         592         593         594         595         596         597
         598         599         600         601         602         603
         604         605         606         710         711         712
         713         714         715         716         717         718
         719         720         721         722         723         724
         725         726         727         728         729         730
         731         732         733         734         735         736
         737         738         739         740         741         742
         743         744         745         746         747         748
         749         852         853         854         855         856
         857         858         859         860         861         862
         863         864         865         866         867         868
         869         870         871         872         873         874
         875         876         877         878         879         880
         881         882         883         884         885         886
         887         888         889         890         891         994
         995         996         997         998         999        1000
        1001        1002        1003        1004        1005        1006
        1007        1008        1009        1010        1011        1012
        1013        1014        1015        1016        1017        1018
        1019        1020        1021        1022        1023        1024
        1025        1026        1027        1028        1029        1030
        1031        1032        1033        1034        1136        1137
        1138        1139        1140        1141        1142        1143
        1144        1145        1146        1147        1148        1149
        1150        1151        1152        1153        1154        1155
        1156        1157        1158        1159        1160        1161
        1162        1163        1164        1165        1166        1167
        1168        1169        1170        1171        1172        1173
        1174        1175        1176        1177        1278        1279
        1280        1281        1282        1283        1284        1285
        1286        1287        1288        1289        1290        1291
        1292        1293        1294        1295        1296        1297
        1298        1299        1300        1301        1302        1303
        1304        1305        1306        1307        1308        1309
        1310        1311        1312        1313        1314        1315
        1316        1317        1318        1319        1320        1424
        1425        1426        1427        1428        1429        1430
        1431        1432        1433        1434        1435        1436
        1437        1438        1439        1440        1441        1442
        1443        1444        1445        1446        1447        1448
        1449        1450        1451        1452        1453        1454
        1455        1456        1457        1458        1459        1460
        1461        1462        1463        1567        1568        1569
        1570        1571        1572        1573        1574        1575
        1576        1577        1578        1579        1580        1581
        1582        1583        1584        1585        1586        1587
        1588        1589        1590        1591        1592        1593
        1594        1595        1596        1597        1598        1599
        1600        1601        1602        1603        1604        1605
        1606        1710        1711        1712        1713        1714
        1715        1716        1717        1718        1719        1720
        1721        1722        1723        1724        1725        1726
        1727        1728        1729        1730        1731        1732
        1733        1734        1735        1736        1737        1738
        1739        1740        1741        1742        1743        1744
        1745        1746        1747        1748        1749        1853
        1854        1855        1856        1857        1858        1859
        1860        1861        1862        1863        1864        1865
        1866        1867        1868        1869        1870        1871
        1872        1873        1874        1875        1876        1877
        1878        1879        1880        1881        1882        1883
        1884        1885        1886        1887        1888        1889
        1890        1891        1892        1996        1997        1998
        1999        2000        2001        2002        2003        2004
        2005        2006        2007        2008        2009        2010
        2011        2012        2013        2014        2015        2016
        2017        2018        2019        2020        2021        2022
        2023        2024        2025        2026        2027        2028
        2029        2030        2031        2032        2033        2034
        2035        2139        2140        2141        2142        2143
        2144        2145        2146        2147        2148        2149
        2150        2151        2152        2153        2154        2155
        2156        2157        2158        2159        2160        2161
        2162        2163        2164        2165        2166        2167
        2168        2169        2170        2171        2172        2173
        2174        2175        2176        2177        2178        2282
        2283        2284        2285        2286        2287        2288
        2289        2290        2291        2292        2293        2294
        2295        2296        2297        2298        2299        2300
        2301        2302        2303        2304        2305        2306
        2307        2308        2309        2310        2311        2312
        2313        2314        2315        2316        2317        2318
        2319        2320        2425        2426        2427        2428
        2429        2430        2431        2432        2433        2434
        2435        2436        2437        2438        2439        2440
        2441        2442        2443        2444        2445        2446
        2447        2448        2449        2450        2451        2452
        2453        2454        2455        2456        2457        2458
        2459        2460        2461        2462        2568        2569
        2570        2571        2572        2573        2574        2575
        2576        2577        2578        2579        2580        2581
        2582        2583        2584        2585        2586        2587
        2588        2589        2590        2591        2592        2593
        2594        2595        2596        2597        2598        2599
        2600        2601        2711        2712        2713        2714
        2715        2716        2717        2854        2855        2856
        2857        2858        2997        2998        3140        1420
        1421        1422        1423        1566        1709        1852
        1995        2138        2281        2424        2567        2710
        2853        2996        3139        3282        2602        2603
        2604        2605        2718        2719        2720        2721
        2722        2723        2724        2725        2726        2727
        2728        2729        2730        2731        2732        2733
        2734        2735        2736        2737        2738        2739
        2740        2741        2742        2743        2744        2859
        2860        2999        3000        3001        3141        3283
          37         179         322         465         607         750
         892        1035        1178        1321        1464        1607
        1750        1893        2036        2179        2321        2463
        1548
          72
          74
           1           2           3           4           5           6
           7           8           9          10          11          12
          13          14          15          16          17          18
          19          20          21          22          23          24
          25          26          27          28          29          30
          31          32          33          34          35          36
          37          38          39          40          41          42
          43          44          45          46          47          48
          49          50          51          52          53          54
          55          56          57          58          59          60
          61          62          63          64          65          66
          67          68          69          70          71          72
          74         282         283         284         285         286
         287         288         289         290         291         292
         293         294         295         296         297         298
         299         300         301         302         303         304
         305         306         307         308         309         310
         311         312         313         314         315         316
         317         318         319         320         321         322
         323         324         325         326         327         328
         329         330         331         332         333         334
         335         336         337         338         339         340
         341         342         343         344         345         346
         347         348         349         350         351         352
         353         354         355         357         564         565
         566         567         568         569         570         571
         572         573         574         575         576         577
         578         579         580         581         582         583
         584         585         586         587         588         589
         590         591         592         593         594         595
         596         597         598         599         600         601
         602         603         604         605         606         607
         608         609         610         611         612         613
         614         615         616         617         618         619
         620         621         622         623         624         625
         626         627         628         629         630         631
         632         633         634         635         636         637
         638         639         641         846         847         848
         849         850         851         852         853         854
         855         856         857         858         859         860
         861         862         863         864         865         866
         867         868         869         870         871         872
         873         874         875         876         877         878
         879         880         881         882         883         884
         885         886         887         888         889         890
         891         892         893         894         895         896
         897         898         899         900         901         902
         903         904         905         906         907         908
         909         910         911         912         913         914
         915         916         917         918         919         920
         921         922         923        1128        1129        1130
        1131        1132        1133        1134        1135        1136
        1137        1138        1139        1140        1141        1142
        1143        1144        1145        1146        1147        1148
        1149        1150        1151        1152        1153        1154
        1155        1156        1157        1158        1159        1160
        1161        1162        1163        1164        1165        1166
        1167        1168        1169        1170        1171        1172
        1173        1174        1175        1176        1177        1178
        1179        1180        1181        1182        1183        1184
        1185        1186        1187        1188        1189        1190
        1191        1192        1193        1194        1195        1196
        1197        1198        1199        1200        1201        1202
        1203        1204        1205        1207        1410        1411
        1412        1413        1414        1415        1416        1417
        1418        1419        1420        1421        1422        1423
        1424        1425        1426        1427        1428        1429
        1430        1431        1432        1433        1434        1435
        1436        1437        1438        1439        1440        1441
        1442        1443        1444        1445        1446        1447
        1448        1449        1450        1451        1452        1453
        1454        1455        1456        1457        1458        1459
        1460        1461        1462        1463        1464        1465
        1466        1467        1468        1469        1470        1471
        1472        1473        1474        1475        1476        1477
        1478        1479        1480        1481        1482        1483
        1484        1485        1486        1487        1488        1489
        1692        1693        1694        1695        1696        1697
        1698        1699        1700        1701        1702        1703
        1704        1705        1706        1707        1708        1709
        1710        1711        1712        1713        1714        1715
        1716        1717        1718        1719        1720        1721
        1722        1723        1724        1725        1726        1727
        1728        1729        1730        1731        1732        1733
        1734        1735        1736        1737        1738        1739
        1740        1741        1742        1743        1744        1745
        1746        1747        1748        1749        1750        1751
        1752        1753        1754        1755        1756        1757
        1758        1759        1760        1761        1762        1763
        1764        1765        1766        1767        1768        1769
        1770        1771        1773        1974        1975        1976
        1977        1978        1979        1980        1981        1982
        1983        1984        1985        1986        1987        1988
        1989        1990        1991        1992        1993        1994
        1995        1996        1997        1998        1999        2000
        2001        2002        2003        2004        2005        2006
        2007        2008        2009        2010        2011        2012
        2013        2014        2015        2016        2017        2018
        2019        2020        2021        2022        2023        2024
        2025        2026        2027        2028        2029        2030
        2031        2032        2033        2034        2035        2036
        2037        2038        2039        2040        2041        2042
        2043        2044        2045        2046        2047        2048
        2049        2050        2051        2052        2053        2054
        2055        2057        2256        2257        2258        2259
        2260        2261        2262        2263        2264        2265
        2266        2267        2268        2269        2270        2271
        2272        2273        2274        2275        2276        2277
        2278        2279        2280        2281        2282        2283
        2284        2285        2286        2287        2288        2289
        2290        2291        2292        2293        2294        2295
        2296        2297        2298        2299        2300        2301
        2302        2303        2304        2305        2306        2307
        2308        2309        2310        2311        2312        2313
        2314        2315        2316        2317        2318        2319
        2320        2321        2322        2323        2324        2325
        2326        2327        2328        2329        2330        2331
        2332        2333        2334        2335        2336        2337
        2338        2339        2341        2538        2539        2540
        2541        2542        2543        2544        2545        2546
        2547        2548        2549        2550        2551        2552
        2553        2554        2555        2556        2557        2558
        2559        2560        2561        2562        2563        2564
        2565        2566        2567        2568        2569        2570
        2571        2572        2573        2574        2575        2576
        2577        2578        2579        2580        2581        2582
        2583        2584        2585        2586        2587        2588
        2589        2590        2591        2592        2593        2594
        2595        2596        2597        2598        2599        2600
        2601        2602        2603        2604        2605        2606
        2607        2608        2609        2610        2611        2612
        2613        2614        2615        2616        2617        2618
        2619        2620        2621        2622        2623        2625
        2826        2828        2829        2830        2831        2832
        2833        2834        2835        2836        2837        2838
        2839        2840        2841        2842        2843        2844
        2845        2846        2847        2848        2849        2850
        2851        2852        2853        2854        2855        2856
        2857        2858        2859        2860        2861        2862
        2863        2864        2865        2866        2867        2868
        2869        2870        2871        2872        2873        2874
        2875        2876        2877        2878        2879        2880
        2881        2882        2883        2884        2885        2886
        2887        2888        2889        2890        2891        2892
        2893        2894        2895        2896        2897        2898
        2899        2900        2901        2902        2903        2904
        2905        2906        2907        2909        3110        3112
        3113        3114        3115        3116        3117        3118
        3119        3120        3121        3122        3123        3124
        3125        3126        3127        3128        3129        3130
        3131        3132        3133        3134        3135        3136
        3137        3138        3139        3140        3141        3142
        3143        3144        3145        3146        3147        3148
        3149        3150        3151        3152        3153        3154
        3155        3156        3157        3158        3159        3160
        3161        3162        3163        3164        3165        3166
        3167        3168        3169        3170        3171        3172
        3173        3174        3175        3176        3177        3178
        3179        3180        3181        3182        3183        3184
        3185        3186        3187        3188        3189        3190
        3191        3193        3394        3396        3397        3398
        3399        3400        3401        3402        3403        3404
        3405        3406        3407        3408        3409        3410
        3411        3412        3413        3414        3415        3416
        3417        3418        3419        3420        3421        3422
        3423        3424        3425        3426        3427        3428
        3429        3430        3431        3432        3433        3434
        3435        3436        3437        3438        3439        3440
        3441        3442        3443        3444        3445        3446
        3447        3448        3449        3450        3451        3452
        3453        3454        3455        3456        3457        3458
        3459        3460        3461        3462        3463        3464
        3465        3466        3467        3468        3469        3470
        3471        3472        3473        3474        3475        3477
        3678        3680        3681        3682        3683        3684
        3685        3686        3687        3688        3689        3690
        3691        3692        3693        3694        3695        3696
        3697        3698        3699        3700        3701        3702
        3703        3704        3705        3706        3707        3708
        3709        3710        3711        3712        3713        3714
        3715        3716        3717        3718        3719        3720
        3721        3722        3723        3724        3725        3726
        3727        3728        3729        3730        3731        3732
        3733        3734        3735        3736        3737        3738
        3739        3740        3741        3742        3743        3744
        3745        3746        3747        3748        3749        3750
        3751        3752        3753        3754        3755        3756
        3757        3758        3759        3761        3962        3964
        3965        3966        3967        3968        3969        3970
        3971        3972        3973        3974        3975        3976
        3977        3978        3979        3980        3981        3982
        3983        3984        3985        3986        3987        3988
        3989        3990        3991        3992        3993        3994
        3995        3996        3997        3998        3999        4000
        4001        4002        4003        4004        4005        4006
        4007        4008        4009        4010        4011        4012
        4013        4014        4015        4016        4017        4018
        4019        4020        4021        4022        4023        4024
        4025        4026        4027        4028        4029        4030
        4031        4032        4033        4034        4035        4036
        4037        4038        4039        4040        4041        4042
        4043        4045        4246        4248        4249        4250
        4251        4252        4253        4254        4255        4256
        4257        4258        4259        4260        4261        4262
        4263        4264        4265        4266        4267        4268
        4269        4270        4271        4272        4273        4274
        4275        4276        4277        4278        4279        4280
        4281        4282        4283        4284        4285        4286
        4287        4288        4289        4290        4291        4292
        4293        4294        4295        4296        4297        4298
        4299        4300        4301        4302        4303        4304
        4305        4306        4307        4308        4309        4310
        4311        4312        4313        4314        4315        4316
        4317        4318        4319        4320        4321        4322
        4323        4324        4325        4326        4327        4530
        4532        4533        4534        4535        4536        4537
        4538        4539        4540        4541        4542        4543
        4544        4545        4546        4547        4548        4549
        4550        4551        4552        4553        4554        4555
        4556        4557        4558        4559        4560        4561
        4562        4563        4564        4565        4566        4567
        4568        4569        4570        4571        4572        4573
        4574        4575        4576        4577        4578        4579
        4580        4581        4582        4583        4584        4585
        4586        4587        4588        4589        4590        4591
        4592        4593        4594        4595        4596        4597
        4598        4599        4600        4601        4602        4603
        4604        4605        4606        4607        4608        4609
        4814        4816        4817        4818        4819        4820
        4821        4822        4823        4824        4825        4826
        4827        4828        4829        4830        4831        4832
        4833        4834        4835        4836        4837        4838
        4839        4840        4841        4842        4843        4844
        4845        4846        4847        4848        4849        4850
        4851        4852        4853        4854        4855        4856
        4857        4858        4859        4860        4861        4862
        4863        4864        4865        4866        4867        4868
        4869        4870        4871        4872        4873        4874
        4875        4876        4877        4878        4879        4880
        4881        4882        4883        4884        4885        4886
        4887        4888        4889        4890        4891        5098
        5100        5101        5102        5103        5104        5105
        5106        5107        5108        5109        5110        5111
        5112        5113        5114        5115        5116        5117
        5118        5119        5120        5121        5122        5123
        5124        5125        5126        5127        5128        5129
        5130        5131        5132        5133        5134        5135
        5136        5137        5138        5139        5140        5141
        5142        5143        5144        5145        5146        5147
        5148        5149        5150        5151        5152        5153
        5154        5155        5156        5157        5158        5159
        5160        5161        5162        5163        5164        5165
        5166        5167        5382        5384        5385        5386
        5387        5388        5389        5390        5391        5392
        5393        5394        5395        5396        5397        5666
        5668        5669        5670        5671        5672        5673
        5674        5675        5676        5677        5950        5952
        5953        5954        5955        6234        6236        6237
        2820        2822        2824        2827        3111        3395
        3679        3963        4247        4531        4815        5099
        5383        5667        5951        6235        6518        5168
        5169        5170        5172        5398        5399        5400
        5402        5404        5406        5408        5410        5412
        5414        5416        5418        5420        5422        5424
        5426        5428        5430        5432        5434        5436
        5438        5440        5442        5444        5446        5448
        5678        5679        5956        5957        5958        6239
          73         356         640         925        1206        1491
        1772        2056        2340        2624        2908        3192
        3476        3760        4044        4329        4611        4893
        2821        2823        2825        3108        3392        3676
        3960        4244        4528        4812        5096        5380
        5664        5948        6232        6516        6519        5171
        5173        5174        5175        5401        5403        5405
        5407        5409        5411        5413        5415        5417
        5419        5421        5423        5425        5427        5429
        5431        5433        5435        5437        5439        5441
        5443        5445        5447        5449        5450        5451
        5680        5681        5959        5960        5961        6238
        6520        6521          76         359         643         924
        1209        1490        1775        2059        2343        2627
        2911        3195        3479        3763        4047        4328
        4610        4892
        2309
          72
           1           2           3           4           5           6
           7           8           9          10          11          12
          13          14          15          16          17          18
          19          20          21          22          23          24
          25          26          27          28          29          30
          31          32          33          34          35          36
          37          38          39          40          41          42
          43          44          45          46          47          48
          49          50          51          52          53          54
          55          56          57          58          59          60
          61          62          63          64          65          66
          67          68          69          70          71          72
         281         282         283         284         285         286
         287         288         289         290         291         292
         293         294         295         296         297         298
         299         300         301         302         303         304
         305         306         307         308         309         310
         311         312         313         314         315         316
         317         318         319         320         321         322
         323         324         325         326         327         328
         329         330         331         332         333         334
         335         336         337         338         339         340
         341         342         343         344         345         346
         347         348         349         350         351         352
         353         354         355         356         357         358
         359         360         361         362         363         364
         365         366         367         368         369         370
         371         372         373         374         375         376
         377         378         379         380         381         382
         383         384         385         386         387         388
         389         390         392         703         704         705
         706         707         708         709         710         711
         712         713         714         715         716         717
         718         719         720         721         722         723
         724         725         726         727         728         729
         730         731         732         733         734         735
         736         737         738         739         740         741
         742         743         744         745         746         747
         748         749         750         751         752         753
         754         755         756         757         758         759
         760         761         762         763         764         765
         766         767         768         769         770         771
         772         773         774         775         776         777
         778         779         780         781         782         783
         784         785         786         787         788         789
         790         791         792         793         794         795
         796         797         798         799         800         801
         802         803         804         805         806         807
         808         809         810         811         812         813
         814         815         817        1125        1126        1127
        1128        1129        1130        1131        1132        1133
        1134        1135        1136        1137        1138        1139
        1140        1141        1142        1143        1144        1145
        1146        1147        1148        1149        1150        1151
        1152        1153        1154        1155        1156        1157
        1158        1159        1160        1161        1162        1163
        1164        1165        1166        1167        1168        1169
        1170        1171        1172        1173        1174        1175
        1176        1177        1178        1179        1180        1181
        1182        1183        1184        1185        1186        1187
        1188        1189        1190        1191        1192        1193
        1194        1195        1196        1197        1198        1199
        1200        1201        1202        1203        1204        1205
        1206        1207        1208        1209        1210        1211
        1212        1213        1214        1215        1216        1217
        1218        1219        1220        1221        1222        1223
        1224        1225        1226        1227        1228        1229
        1230        1231        1232        1233        1234        1235
        1236        1237        1238        1239        1240        1547
        1548        1549        1550        1551        1552        1553
        1554        1555        1556        1557        1558        1559
        1560        1561        1562        1563        1564        1565
        1566        1567        1568        1569        1570        1571
        1572        1573        1574        1575        1576        1577
        1578        1579        1580        1581        1582        1583
        1584        1585        1586        1587        1588        1589
        1590        1591        1592        1593        1594        1595
        1596        1597        1598        1599        1600        1601
        1602        1603        1604        1605        1606        1607
        1608        1609        1610        1611        1612        1613
        1614        1615        1616        1617        1618        1619
        1620        1621        1622        1623        1624        1625
        1626        1627        1628        1629        1630        1631
        1632        1633        1634        1635        1636        1637
        1638        1639        1640        1641        1642        1643
        1644        1645        1646        1647        1648        1649
        1650        1651        1652        1653        1654        1655
        1656        1657        1658        1659        1660        1661
        1662        1664        1969        1970        1971        1972
        1973        1974        1975        1976        1977        1978
        1979        1980        1981        1982        1983        1984
        1985        1986        1987        1988        1989        1990
        1991        1992        1993        1994        1995        1996
        1997        1998        1999        2000        2001        2002
        2003        2004        2005        2006        2007        2008
        2009        2010        2011        2012        2013        2014
        2015        2016        2017        2018        2019        2020
        2021        2022        2023        2024        2025        2026
        2027        2028        2029        2030        2031        2032
        2033        2034        2035        2036        2037        2038
        2039        2040        2041        2042        2043        2044
        2045        2046        2047        2048        2049        2050
        2051        2052        2053        2054        2055        2056
        2057        2058        2059        2060        2061        2062
        2063        2064        2065        2066        2067        2068
        2069        2070        2071        2072        2073        2074
        2075        2076        2077        2078        2079        2080
        2081        2082        2083        2084        2085        2086
        2087        2391        2392        2393        2394        2395
        2396        2397        2398        2399        2400        2401
        2402        2403        2404        2405        2406        2407
        2408        2409        2410        2411        2412        2413
        2414        2415        2416        2417        2418        2419
        2420        2421        2422        2423        2424        2425
        2426        2427        2428        2429        2430        2431
        2432        2433        2434        2435        2436        2437
        2438        2439        2440        2441        2442        2443
        2444        2445        2446        2447        2448        2449
        2450        2451        2452        2453        2454        2455
        2456        2457        2458        2459        2460        2461
        2462        2463        2464        2465        2466        2467
        2468        2469        2470        2471        2472        2473
        2474        2475        2476        2477        2478        2479
        2480        2481        2482        2483        2484        2485
        2486        2487        2488        2489        2490        2491
        2492        2493        2494        2495        2496        2497
        2498        2499        2500        2501        2502        2503
        2504        2505        2506        2507        2508        2509
        2511        2813        2814        2815        2816        2817
        2818        2819        2820        2821        2822        2823
        2824        2825        2826        2827        2828        2829
        2830        2831        2832        2833        2834        2835
        2836        2837        2838        2839        2840        2841
        2842        2843        2844        2845        2846        2847
        2848        2849        2850        2851        2852        2853
        2854        2855        2856        2857        2858        2859
        2860        2861        2862        2863        2864        2865
        2866        2867        2868        2869        2870        2871
        2872        2873        2874        2875        2876        2877
        2878        2879        2880        2881        2882        2883
        2884        2885        2886        2887        2888        2889
        2890        2891        2892        2893        2894        2895
        2896        2897        2898        2899        2900        2901
        2902        2903        2904        2905        2906        2907
        2908        2909        2910        2911        2912        2913
        2914        2915        2916        2917        2918        2919
        2920        2921        2922        2923        2924        2925
        2926        2927        2928        2929        2930        2931
        2932        2933        2934        2936        3235        3236
        3237        3238        3239        3240        3241        3242
        3243        3244        3245        3246        3247        3248
        3249        3250        3251        3252        3253        3254
        3255        3256        3257        3258        3259        3260
        3261        3262        3263        3264        3265        3266
        3267        3268        3269        3270        3271        3272
        3273        3274        3275        3276        3277        3278
        3279        3280        3281        3282        3283        3284
        3285        3286        3287        3288        3289        3290
        3291        3292        3293        3294        3295        3296
        3297        3298        3299        3300        3301        3302
        3303        3304        3305        3306        3307        3308
        3309        3310        3311        3312        3313        3314
        3315        3316        3317        3318        3319        3320
        3321        3322        3323        3324        3325        3326
        3327        3328        3329        3330        3331        3332
        3333        3334        3335        3336        3337        3338
        3339        3340        3341        3342        3343        3344
        3345        3346        3347        3348        3349        3350
        3351        3352        3353        3354        3355        3356
        3357        3358        3359        3361        3657        3658
        3659        3660        3661        3662        3663        3664
        3665        3666        3667        3668        3669        3670
        3671        3672        3673        3674        3675        3676
        3677        3678        3679        3680        3681        3682
        3683        3684        3685        3686        3687        3688
        3689        3690        3691        3692        3693        3694
        3695        3696        3697        3698        3699        3700
        3701        3702        3703        3704        3705        3706
        3707        3708        3709        3710        3711        3712
        3713        3714        3715        3716        3717        3718
        3719        3720        3721        3722        3723        3724
        3725        3726        3727        3728        3729        3730
        3731        3732        3733        3734        3735        3736
        3737        3738        3739        3740        3741        3742
        3743        3744        3745        3746        3747        3748
        3749        3750        3751        3752        3753        3754
        3755        3756        3757        3758        3759        3760
        3761        3762        3763        3764        3765        3766
        3767        3768        3769        3770        3771        3772
        3773        3774        3775        3776        3777        3778
        3779        3780        3781        3782        3783        3784
        3786        4087        4090        4091        4092        4093
        4094        4095        4096        4097        4098        4099
        4100        4101        4102        4103        4104        4105
        4106        4107        4108        4109        4110        4111
        4112        4113        4114        4115        4116        4117
        4118        4119        4120        4121        4122        4123
        4124        4125        4126        4127        4128        4129
        4130        4131        4132        4133        4134        4135
        4136        4137        4138        4139        4140        4141
        4142        4143        4144        4145        4146        4147
        4148        4149        4150        4151        4152        4153
        4154        4155        4156        4157        4158        4159
        4160        4161        4162        4163        4164        4165
        4166        4167        4168        4169        4170        4171
        4172        4173        4174        4175        4176        4177
        4178        4179        4180        4181        4182        4183
        4184        4185        4186        4187        4188        4189
        4190        4191        4192        4193        4194        4195
        4196        4197        4198        4199        4200        4201
        4202        4203        4204        4205        4206        4207
        4208        4209        4211        4512        4515        4516
        4517        4518        4519        4520        4521        4522
        4523        4524        4525        4526        4527        4528
        4529        4530        4531        4532        4533        4534
        4535        4536        4537        4538        4539        4540
        4541        4542        4543        4544        4545        4546
        4547        4548        4549        4550        4551        4552
        4553        4554        4555        4556        4557        4558
        4559        4560        4561        4562        4563        4564
        4565        4566        4567        4568        4569        4570
        4571        4572        4573        4574        4575        4576
        4577        4578        4579        4580        4581        4582
        4583        4584        4585        4586        4587        4588
        4589        4590        4591        4592        4593        4594
        4595        4596        4597        4598        4599        4600
        4601        4602        4603        4604        4605        4606
        4607        4608        4609        4610        4611        4612
        4613        4614        4615        4616        4617        4618
        4619        4620        4621        4622        4623        4624
        4625        4626        4627        4628        4629        4630
        4631        4632        4633        4634        4636        4937
        4940        4941        4942        4943        4944        4945
        4946        4947        4948        4949        4950        4951
        4952        4953        4954        4955        4956        4957
        4958        4959        4960        4961        4962        4963
        4964        4965        4966        4967        4968        4969
        4970        4971        4972        4973        4974        4975
        4976        4977        4978        4979        4980        4981
        4982        4983        4984        4985        4986        4987
        4988        4989        4990        4991        4992        4993
        4994        4995        4996        4997        4998        4999
        5000        5001        5002        5003        5004        5005
        5006        5007        5008        5009        5010        5011
        5012        5013        5014        5015        5016        5017
        5018        5019        5020        5021        5022        5023
        5024        5025        5026        5027        5028        5029
        5030        5031        5032        5033        5034        5035
        5036        5037        5038        5039        5040        5041
        5042        5043        5044        5045        5046        5047
        5048        5049        5050        5051        5052        5053
        5054        5055        5056        5057        5058        5059
        5061        5362        5365        5366        5367        5368
        5369        5370        5371        5372        5373        5374
        5375        5376        5377        5378        5379        5380
        5381        5382        5383        5384        5385        5386
        5387        5388        5389        5390        5391        5392
        5393        5394        5395        5396        5397        5398
        5399        5400        5401        5402        5403        5404
        5405        5406        5407        5408        5409        5410
        5411        5412        5413        5414        5415        5416
        5417        5418        5419        5420        5421        5422
        5423        5424        5425        5426        5427        5428
        5429        5430        5431        5432        5433        5434
        5435        5436        5437        5438        5439        5440
        5441        5442        5443        5444        5445        5446
        5447        5448        5449        5450        5451        5452
        5453        5454        5455        5456        5457        5458
        5459        5460        5461        5462        5463        5464
        5465        5466        5467        5468        5469        5470
        5471        5472        5473        5474        5475        5476
        5477        5478        5479        5480        5481        5482
        5483        5484        5486        5787        5790        5791
        5792        5793        5794        5795        5796        5797
        5798        5799        5800        5801        5802        5803
        5804        5805        5806        5807        5808        5809
        5810        5811        5812        5813        5814        5815
        5816        5817        5818        5819        5820        5821
        5822        5823        5824        5825        5826        5827
        5828        5829        5830        5831        5832        5833
        5834        5835        5836        5837        5838        5839
        5840        5841        5842        5843        5844        5845
        5846        5847        5848        5849        5850        5851
        5852        5853        5854        5855        5856        5857
        5858        5859        5860        5861        5862        5863
        5864        5865        5866        5867        5868        5869
        5870        5871        5872        5873        5874        5875
        5876        5877        5878        5879        5880        5881
        5882        5883        5884        5885        5886        5887
        5888        5889        5890        5891        5892        5893
        5894        5895        5896        5897        5898        5899
        5900        5901        5902        5903        5904        5905
        5906        5907        5908        5909        5911        6212
        6215        6216        6217        6218        6219        6220
        6221        6222        6223        6224        6225        6226
        6227        6228        6229        6230        6231        6232
        6233        6234        6235        6236        6237        6238
        6239        6240        6241        6242        6243        6244
        6245        6246        6247        6248        6249        6250
        6251        6252        6253        6254        6255        6256
        6257        6258        6259        6260        6261        6262
        6263        6264        6265        6266        6267        6268
        6269        6270        6271        6272        6273        6274
        6275        6276        6277        6278        6279        6280
        6281        6282        6283        6284        6285        6286
        6287        6288        6289        6290        6291        6292
        6293        6294        6295        6296        6297        6298
        6299        6300        6301        6302        6303        6304
        6305        6306        6307        6308        6309        6310
        6311        6312        6313        6314        6315        6316
        6317        6318        6319        6320        6321        6322
        6323        6324        6325        6326        6327        6328
        6329        6330        6331        6332        6333        6334
        6637        6640        6641        6642        6643        6644
        6645        6646        6647        6648        6649        6650
        6651        6652        6653        6654        6655        6656
        6657        6658        6659        6660        6661        6662
        6663        6664        6665        6666        6667        6668
        6669        6670        6671        6672        6673        6674
        6675        6676        6677        6678        6679        6680
        6681        6682        6683        6684        6685        6686
        6687        6688        6689        6690        6691        6692
        6693        6694        6695        6696        6697        6698
        6699        6700        6701        6702        6703        6704
        6705        6706        6707        6708        6709        6710
        6711        6712        6713        6714        6715        6716
        6717        6718        6719        6720        6721        6722
        6723        6724        6725        6726        6727        6728
        6729        6730        6731        6732        6733        6734
        6735        6736        6737        6738        6739        6740
        6741        6742        6743        6744        6745        6746
        6747        6748        6749        6750        6751        6752
        6753        6754        6755        6756        7062        7065
        7066        7067        7068        7069        7070        7071
        7072        7073        7074        7075        7076        7077
        7078        7079        7080        7081        7082        7083
        7084        7085        7086        7087        7088        7089
        7090        7091        7092        7093        7094        7095
        7096        7097        7098        7099        7100        7101
        7102        7103        7104        7105        7106        7107
        7108        7109        7110        7111        7112        7113
        7114        7115        7116        7117        7118        7119
        7120        7121        7122        7123        7124        7125
        7126        7127        7128        7129        7130        7131
        7132        7133        7134        7135        7136        7137
        7138        7139        7140        7141        7142        7143
        7144        7145        7146        7147        7148        7149
        7150        7151        7152        7153        7154        7155
        7156        7157        7158        7159        7160        7161
        7162        7163        7164        7165        7166        7167
        7168        7169        7170        7171        7172        7173
        7174        7175        7176        7177        7178        7487
        7490        7491        7492        7493        7494        7495
        7496        7497        7498        7499        7500        7501
        7502        7503        7504        7505        7506        7507
        7508        7509        7510        7511        7512        7513
        7514        7515        7516        7517        7518        7519
        7520        7521        7522        7523        7524        7525
        7526        7527        7528        7529        7530        7531
        7532        7533        7534        7535        7536        7537
        7538        7539        7540        7541        7542        7543
        7544        7545        7546        7547        7548        7549
        7550        7551        7552        7553        7554        7555
        7556        7557        7558        7559        7560        7561
        7562        7563        7564        7565        7566        7567
        7568        7569        7570        7571        7572        7573
        7574        7575        7576        7577        7578        7579
        7580        7581        7582        7583        7584        7585
        7586        7587        7588        7589        7590        7591
        7912        7915        7916        7917        7918        7919
        7920        7921        7922        7923        7924        7925
        7926        7927        7928        7929        7930        7931
        7932        7933        7934        7935        8337        8340
        8341        8342        8343        8344        8345        8346
        8347        8348        8349        8350        8351        8352
        8353        8354        8762        8765        8766        8767
        8768        8769        8770        9187        9190        9191
        9192       44590       44591       44592       44593       44594
       44595       44596       44597       44598       44599       44600
       44601       44602       44603       44604       44605       44606
       44607       44608       44609       44610       44611       44612
       44613       44614       44615       44616       44617       44618
       44619       44620       44621       44622       44623       44624
       44625       44626       44732       44734       44736       44738
       44740       44742       44744       44746       44748          73
         393         818        1242        1665        2089        2512
        2937        3362        4079        4081        4084        3787
        4089        4212        4514        4637        4939        5062
        5364        5487        5789        5912        6214        6336
        6639        6758        7064        7592        7595        7180
        7598        7489        7936        7939        7942        7945
        7948        7951        7954        7957        7960        7963
        7966        7969        7972        7975        7978        7981
        7984        7987        7990        7993        7996        7999
        8002        8005        8008        7593        8011        7914
        7937        8355        8339        8771        8356        8774
        8764        8772        9189        9194        9612
