           6
         760
         110
        6106        6248        6249        6390        6391        6392
        6393        6394        6395        6396        6532        6533
        6534        6535        6536        6537        6538        6539
        6540        6541        6542        6543        6544        6545
        6546        6547        6548        6549        6550        6551
        6552        6566        6674        6675        6676        6677
        6678        6679        6680        6681        6682        6683
        6684        6685        6686        6687        6688        6689
        6690        6691        6692        6693        6694        6695
        6696        6697        6698        6705        6706        6707
        6708        6709        6816        6817        6818        6819
        6820        6821        6822        6823        6824        6825
        6826        6827        6828        6829        6830        6831
        6832        6833        6834        6835        6836        6837
        6838        6839        6840        6841        6842        6843
        6844        6845        6846        6847        6848        6849
        6850        6851        6852        6958        6959        6960
        6961        6962        6963        6964        6965        6966
        6967        6968        6969        6970        6971        6972
        6973        6974        6975        6976        6977        6978
        6979        6980        6981        6982        6983        6984
        6985        6986        6987        6988        6989        6990
        6991        6992        6993        6994        6995        7100
        7101        7102        7103        7104        7105        7106
        7107        7108        7109        7110        7111        7112
        7113        7114        7115        7116        7117        7118
        7119        7120        7121        7122        7123        7124
        7125        7126        7127        7128        7129        7130
        7131        7132        7133        7134        7135        7136
        7137        7138        7242        7243        7244        7245
        7246        7247        7248        7249        7250        7251
        7252        7253        7254        7255        7256        7257
        7258        7259        7260        7261        7262        7263
        7264        7265        7266        7267        7268        7269
        7270        7271        7272        7273        7274        7275
        7276        7277        7278        7279        7280        7281
        7384        7385        7386        7387        7388        7389
        7390        7391        7392        7393        7394        7395
        7396        7397        7398        7399        7400        7401
        7402        7403        7404        7405        7406        7407
        7408        7409        7410        7411        7412        7413
        7414        7415        7416        7417        7418        7419
        7420        7421        7422        7423        7424        7526
        7527        7528        7529        7530        7531        7532
        7533        7534        7535        7536        7537        7538
        7539        7540        7541        7542        7543        7544
        7545        7546        7547        7548        7549        7550
        7551        7552        7553        7554        7555        7556
        7557        7558        7559        7560        7561        7562
        7563        7564        7565        7566        7668        7669
        7670        7671        7672        7673        7674        7675
        7676        7677        7678        7679        7680        7681
        7682        7683        7684        7685        7686        7687
        7688        7689        7690        7691        7692        7693
        7694        7695        7696        7697        7698        7699
        7700        7701        7702        7703        7704        7705
        7706        7707        7708        7709        7810        7811
        7812        7813        7814        7815        7816        7817
        7818        7819        7820        7821        7822        7823
        7824        7825        7826        7827        7828        7829
        7830        7831        7832        7833        7834        7835
        7836        7837        7838        7839        7840        7841
        7842        7843        7844        7845        7846        7847
        7848        7849        7850        7851        7852        7954
        7955        7956        7957        7958        7959        7960
        7961        7962        7963        7964        7965        7966
        7967        7968        7969        7970        7971        7972
        7973        7974        7975        7976        7977        7978
        7979        7980        7981        7982        7983        7984
        7985        7986        7987        7988        7989        7990
        7991        7992        7993        7994        7995        8097
        8098        8099        8100        8101        8102        8103
        8104        8105        8106        8107        8108        8109
        8110        8111        8112        8113        8114        8115
        8116        8117        8118        8119        8120        8121
        8122        8123        8124        8125        8126        8127
        8128        8129        8130        8131        8132        8133
        8134        8135        8136        8137        8138        8240
        8241        8242        8243        8244        8245        8246
        8247        8248        8249        8250        8251        8252
        8253        8254        8255        8256        8257        8258
        8259        8260        8261        8262        8263        8264
        8265        8266        8267        8268        8269        8270
        8271        8272        8273        8274        8275        8276
        8277        8278        8279        8280        8281        8383
        8384        8385        8386        8387        8388        8389
        8390        8391        8392        8393        8394        8395
        8396        8397        8398        8399        8400        8401
        8402        8403        8404        8405        8406        8407
        8408        8409        8410        8411        8412        8413
        8414        8415        8416        8417        8418        8419
        8420        8421        8422        8423        8424        8526
        8527        8528        8529        8530        8531        8532
        8533        8534        8535        8536        8537        8538
        8539        8540        8541        8542        8543        8544
        8545        8546        8547        8548        8549        8550
        8551        8552        8553        8554        8555        8556
        8557        8558        8559        8560        8561        8562
        8563        8564        8565        8566        8567        8669
        8670        8671        8672        8673        8674        8675
        8676        8677        8678        8679        8680        8681
        8682        8683        8684        8685        8686        8687
        8688        8689        8690        8691        8692        8693
        8694        8695        8696        8697        8698        8699
        8700        8701        8702        8703        8704        8705
        8706        8707        8708        8709        8710        8817
        8818        8819        8820        8821        8822        8823
        8824        8825        8826        8827        8828        8829
        8830        8831        8832        8833        8834        8835
        8836        8837        8838        8839        8840        8841
        8842        8843        8844        8845        8846        8847
        8848        8849        8850        8851        8852        8960
        8961        8962        8963        8964        8965        8966
        8967        8968        8969        8970        8971        8972
        8973        8974        8975        8976        8977        8978
        8979        8980        8981        8982        8983        8984
        8985        8986        8987        8988        8989        8990
        8991        8992        8993        8994        8995        9108
        9109        9110        9111        9112        9113        9114
        9115        9116        9117        9118        9119        9120
        9121        9122        9123        9124        9125        9126
        9127        9128        9129        9130        9131        9132
        9133        9134        9135        9136        9137        9138
        9260        9261        9262        9263        9264        9265
        9266        9267        9268        9269        9270        9271
        9272        9273        9274        9275        9276        9277
        9278        9279        9280        9281        9414        9415
        9416        9417        9418        9419        9420        9421
        9422        9423        9424        9404        9405        9406
        9407        9408        9409        9410        9411        9412
        9413        7952        7953        8096        8239        8382
        8525        8668        8811        8812        8813        8814
        8815        8816        8959        9102        9103        9104
        9105        9106        9107        9250        9251        9252
        9253        9254        9255        9256        9257        9258
        9259        9402        9403        5964        6107        6250
        6251        6252        6253        6254        6397        6398
        6399        6400        6401        6402        6403        6404
        6405        6406        6407        6408        6409        6410
        6423        6553        6554        6555        6556        6562
        6563        6564        6565        6699        6700        6701
        6702        6703        6704        6996        7139        7282
        7425        7567        7710        7853        7996        8139
        8282        8425        8568        8711        8853        8996
        9139        9282        6424        6567        6710        6853
        1615
         109
         112
       11845       12126       12127       12129       12408       12409
       12410       12411       12412       12413       12414       12415
       12416       12417       12418       12419       12421       12690
       12691       12692       12693       12694       12695       12696
       12697       12698       12699       12700       12701       12702
       12703       12704       12705       12706       12707       12708
       12709       12710       12711       12712       12713       12714
       12715       12716       12717       12718       12719       12720
       12721       12722       12723       12724       12725       12726
       12727       12728       12729       12731       12756       12757
       12759       12972       12973       12974       12975       12976
       12977       12978       12979       12980       12981       12982
       12983       12984       12985       12986       12987       12988
       12989       12990       12991       12992       12993       12994
       12995       12996       12997       12998       12999       13000
       13001       13002       13003       13004       13005       13006
       13007       13008       13009       13010       13011       13012
       13013       13014       13015       13016       13017       13018
       13019       13021       13032       13033       13034       13035
       13036       13037       13038       13039       13040       13041
       13043       13254       13255       13256       13257       13258
       13259       13260       13261       13262       13263       13264
       13265       13266       13267       13268       13269       13270
       13271       13272       13273       13274       13275       13276
       13277       13278       13279       13280       13281       13282
       13283       13284       13285       13286       13287       13288
       13289       13290       13291       13292       13293       13294
       13295       13296       13297       13298       13299       13300
       13301       13302       13303       13304       13305       13306
       13307       13308       13309       13310       13311       13312
       13313       13314       13315       13316       13317       13318
       13319       13320       13321       13322       13323       13324
       13325       13327       13536       13537       13538       13539
       13540       13541       13542       13543       13544       13545
       13546       13547       13548       13549       13550       13551
       13552       13553       13554       13555       13556       13557
       13558       13559       13560       13561       13562       13563
       13564       13565       13566       13567       13568       13569
       13570       13571       13572       13573       13574       13575
       13576       13577       13578       13579       13580       13581
       13582       13583       13584       13585       13586       13587
       13588       13589       13590       13591       13592       13593
       13594       13595       13596       13597       13598       13599
       13600       13601       13602       13603       13604       13605
       13606       13607       13608       13609       13611       13818
       13819       13820       13821       13822       13823       13824
       13825       13826       13827       13828       13829       13830
       13831       13832       13833       13834       13835       13836
       13837       13838       13839       13840       13841       13842
       13843       13844       13845       13846       13847       13848
       13849       13850       13851       13852       13853       13854
       13855       13856       13857       13858       13859       13860
       13861       13862       13863       13864       13865       13866
       13867       13868       13869       13870       13871       13872
       13873       13874       13875       13876       13877       13878
       13879       13880       13881       13882       13883       13884
       13885       13886       13887       13888       13889       13890
       13891       13892       13893       13895       14100       14101
       14102       14103       14104       14105       14106       14107
       14108       14109       14110       14111       14112       14113
       14114       14115       14116       14117       14118       14119
       14120       14121       14122       14123       14124       14125
       14126       14127       14128       14129       14130       14131
       14132       14133       14134       14135       14136       14137
       14138       14139       14140       14141       14142       14143
       14144       14145       14146       14147       14148       14149
       14150       14151       14152       14153       14154       14155
       14156       14157       14158       14159       14160       14161
       14162       14163       14164       14165       14166       14167
       14168       14169       14170       14171       14172       14173
       14174       14175       14176       14177       14179       14382
       14383       14384       14385       14386       14387       14388
       14389       14390       14391       14392       14393       14394
       14395       14396       14397       14398       14399       14400
       14401       14402       14403       14404       14405       14406
       14407       14408       14409       14410       14411       14412
       14413       14414       14415       14416       14417       14418
       14419       14420       14421       14422       14423       14424
       14425       14426       14427       14428       14429       14430
       14431       14432       14433       14434       14435       14436
       14437       14438       14439       14440       14441       14442
       14443       14444       14445       14446       14447       14448
       14449       14450       14451       14452       14453       14454
       14455       14456       14457       14458       14459       14460
       14461       14463       14664       14665       14666       14667
       14668       14669       14670       14671       14672       14673
       14674       14675       14676       14677       14678       14679
       14680       14681       14682       14683       14684       14685
       14686       14687       14688       14689       14690       14691
       14692       14693       14694       14695       14696       14697
       14698       14699       14700       14701       14702       14703
       14704       14705       14706       14707       14708       14709
       14710       14711       14712       14713       14714       14715
       14716       14717       14718       14719       14720       14721
       14722       14723       14724       14725       14726       14727
       14728       14729       14730       14731       14732       14733
       14734       14735       14736       14737       14738       14739
       14740       14741       14742       14743       14744       14745
       14946       14947       14948       14949       14950       14951
       14952       14953       14954       14955       14956       14957
       14958       14959       14960       14961       14962       14963
       14964       14965       14966       14967       14968       14969
       14970       14971       14972       14973       14974       14975
       14976       14977       14978       14979       14980       14981
       14982       14983       14984       14985       14986       14987
       14988       14989       14990       14991       14992       14993
       14994       14995       14996       14997       14998       14999
       15000       15001       15002       15003       15004       15005
       15006       15007       15008       15009       15010       15011
       15012       15013       15014       15015       15016       15017
       15018       15019       15020       15021       15022       15023
       15024       15025       15026       15027       15029       15228
       15229       15230       15231       15232       15233       15234
       15235       15236       15237       15238       15239       15240
       15241       15242       15243       15244       15245       15246
       15247       15248       15249       15250       15251       15252
       15253       15254       15255       15256       15257       15258
       15259       15260       15261       15262       15263       15264
       15265       15266       15267       15268       15269       15270
       15271       15272       15273       15274       15275       15276
       15277       15278       15279       15280       15281       15282
       15283       15284       15285       15286       15287       15288
       15289       15290       15291       15292       15293       15294
       15295       15296       15297       15298       15299       15300
       15301       15302       15303       15304       15305       15306
       15307       15308       15309       15310       15311       15313
       15510       15511       15512       15513       15514       15515
       15516       15517       15518       15519       15520       15521
       15522       15523       15524       15525       15526       15527
       15528       15529       15530       15531       15532       15533
       15534       15535       15536       15537       15538       15539
       15540       15541       15542       15543       15544       15545
       15546       15547       15548       15549       15550       15551
       15552       15553       15554       15555       15556       15557
       15558       15559       15560       15561       15562       15563
       15564       15565       15566       15567       15568       15569
       15570       15571       15572       15573       15574       15575
       15576       15577       15578       15579       15580       15581
       15582       15583       15584       15585       15586       15587
       15588       15589       15590       15591       15592       15593
       15594       15595       15597       15794       15796       15797
       15798       15799       15800       15801       15802       15803
       15804       15805       15806       15807       15808       15809
       15810       15811       15812       15813       15814       15815
       15816       15817       15818       15819       15820       15821
       15822       15823       15824       15825       15826       15827
       15828       15829       15830       15831       15832       15833
       15834       15835       15836       15837       15838       15839
       15840       15841       15842       15843       15844       15845
       15846       15847       15848       15849       15850       15851
       15852       15853       15854       15855       15856       15857
       15858       15859       15860       15861       15862       15863
       15864       15865       15866       15867       15868       15869
       15870       15871       15872       15873       15874       15875
       15876       15877       15878       15879       15881       16078
       16080       16081       16082       16083       16084       16085
       16086       16087       16088       16089       16090       16091
       16092       16093       16094       16095       16096       16097
       16098       16099       16100       16101       16102       16103
       16104       16105       16106       16107       16108       16109
       16110       16111       16112       16113       16114       16115
       16116       16117       16118       16119       16120       16121
       16122       16123       16124       16125       16126       16127
       16128       16129       16130       16131       16132       16133
       16134       16135       16136       16137       16138       16139
       16140       16141       16142       16143       16144       16145
       16146       16147       16148       16149       16150       16151
       16152       16153       16154       16155       16156       16157
       16158       16159       16160       16161       16162       16163
       16165       16362       16364       16365       16366       16367
       16368       16369       16370       16371       16372       16373
       16374       16375       16376       16377       16378       16379
       16380       16381       16382       16383       16384       16385
       16386       16387       16388       16389       16390       16391
       16392       16393       16394       16395       16396       16397
       16398       16399       16400       16401       16402       16403
       16404       16405       16406       16407       16408       16409
       16410       16411       16412       16413       16414       16415
       16416       16417       16418       16419       16420       16421
       16422       16423       16424       16425       16426       16427
       16428       16429       16430       16431       16432       16433
       16434       16435       16436       16437       16438       16439
       16440       16441       16442       16443       16444       16445
       16446       16447       16449       16646       16648       16649
       16650       16651       16652       16653       16654       16655
       16656       16657       16658       16659       16660       16661
       16662       16663       16664       16665       16666       16667
       16668       16669       16670       16671       16672       16673
       16674       16675       16676       16677       16678       16679
       16680       16681       16682       16683       16684       16685
       16686       16687       16688       16689       16690       16691
       16692       16693       16694       16695       16696       16697
       16698       16699       16700       16701       16702       16703
       16704       16705       16706       16707       16708       16709
       16710       16711       16712       16713       16714       16715
       16716       16717       16718       16719       16720       16721
       16722       16723       16724       16725       16726       16727
       16728       16729       16730       16731       16733       16930
       16932       16933       16934       16935       16936       16937
       16938       16939       16940       16941       16942       16943
       16944       16945       16946       16947       16948       16949
       16950       16951       16952       16953       16954       16955
       16956       16957       16958       16959       16960       16961
       16962       16963       16964       16965       16966       16967
       16968       16969       16970       16971       16972       16973
       16974       16975       16976       16977       16978       16979
       16980       16981       16982       16983       16984       16985
       16986       16987       16988       16989       16990       16991
       16992       16993       16994       16995       16996       16997
       16998       16999       17000       17001       17002       17003
       17004       17005       17006       17007       17008       17009
       17010       17011       17012       17013       17014       17015
       17017       17214       17216       17217       17218       17219
       17220       17221       17222       17223       17224       17225
       17226       17227       17228       17229       17230       17231
       17232       17233       17234       17235       17236       17237
       17238       17239       17240       17241       17242       17243
       17244       17245       17246       17247       17248       17249
       17250       17251       17252       17253       17254       17255
       17256       17257       17258       17259       17260       17261
       17262       17263       17264       17265       17266       17267
       17268       17269       17270       17271       17272       17273
       17274       17275       17276       17277       17278       17279
       17280       17281       17282       17283       17284       17285
       17286       17287       17288       17289       17290       17291
       17292       17293       17294       17295       17296       17297
       17298       17299       17508       17510       17511       17512
       17513       17514       17515       17516       17517       17518
       17519       17520       17521       17522       17523       17524
       17525       17526       17527       17528       17529       17530
       17531       17532       17533       17534       17535       17536
       17537       17538       17539       17540       17541       17542
       17543       17544       17545       17546       17547       17548
       17549       17550       17551       17552       17553       17554
       17555       17556       17557       17558       17559       17560
       17561       17562       17563       17564       17565       17566
       17567       17568       17569       17570       17571       17572
       17573       17574       17575       17576       17577       17578
       17579       17580       17581       17583       17792       17794
       17795       17796       17797       17798       17799       17800
       17801       17802       17803       17804       17805       17806
       17807       17808       17809       17810       17811       17812
       17813       17814       17815       17816       17817       17818
       17819       17820       17821       17822       17823       17824
       17825       17826       17827       17828       17829       17830
       17831       17832       17833       17834       17835       17836
       17837       17838       17839       17840       17841       17842
       17843       17844       17845       17846       17847       17848
       17849       17850       17851       17852       17853       17854
       17855       17856       17857       17858       17859       17860
       17861       17862       17863       17864       17865       17867
       18086       18088       18089       18090       18091       18092
       18093       18094       18095       18096       18097       18098
       18099       18100       18101       18102       18103       18104
       18105       18106       18107       18108       18109       18110
       18111       18112       18113       18114       18115       18116
       18117       18118       18119       18120       18121       18122
       18123       18124       18125       18126       18127       18128
       18129       18130       18131       18132       18133       18134
       18135       18136       18137       18138       18139       18140
       18141       18142       18143       18144       18145       18146
       18147       18148       18149       18151       18388       18390
       18391       18392       18393       18394       18395       18396
       18397       18398       18399       18400       18401       18402
       18403       18404       18405       18406       18407       18408
       18409       18410       18411       18412       18413       18414
       18415       18416       18417       18418       18419       18420
       18421       18422       18423       18424       18425       18426
       18427       18428       18429       18430       18431       18432
       18433       18696       18698       18700       18702       18704
       18706       18708       18710       18712       18714       18676
       18678       18680       18682       18684       18686       18688
       18690       18692       18694       15792       15795       16079
       16363       16647       16931       17215       17498       17500
       17502       17504       17506       17509       17793       18076
       18078       18080       18082       18084       18087       18370
       18372       18374       18376       18378       18380       18382
       18384       18386       18389       18672       18674       11844
       12128       12131       12133       12135       12137       12420
       12423       12425       12427       12429       12431       12433
       12435       12437       12439       12441       12443       12445
       12447       12730       12733       12735       12737       12751
       12753       12754       12755       13020       13023       13025
       13027       13029       13030       13031       13894       14178
       14462       14747       15028       15312       15596       15880
       16164       16448       16732       17016       17301       17582
       17866       18150       18435       12475       12758       13042
       13326       13610       18697       18699       18701       18703
       18705       18707       18709       18711       18713       18715
       18716       18717       18677       18679       18681       18683
       18685       18687       18689       18691       18693       18695
       15793       16076       16360       16644       16928       17212
       17496       17499       17501       17503       17505       17507
       17790       18074       18077       18079       18081       18083
       18085       18368       18371       18373       18375       18377
       18379       18381       18383       18385       18387       18670
       18673       18675       11563       11847       12130       12132
       12134       12136       12139       12422       12424       12426
       12428       12430       12432       12434       12436       12438
       12440       12442       12444       12446       12449       12472
       12473       12732       12734       12736       12739       12748
       12749       12750       12752       13022       13024       13026
       13028       13613       13897       14181       14465       14746
       15031       15315       15599       15883       16167       16451
       16735       17019       17300       17585       17869       18153
       18434       12474       12477       12761       13045       13329
        2375
         109
       18005       18006       18008       18427       18428       18429
       18430       18431       18433       18434       18436       18437
       18439       18440       18442       18443       18445       18849
       18850       18851       18852       18853       18854       18855
       18856       18857       18858       18859       18860       18861
       18862       18863       18864       18865       18866       18867
       18868       18870       18871       18873       18874       18876
       18877       18879       18880       18882       18883       18885
       18886       18888       18889       18891       18892       18894
       18895       18897       18898       18900       18901       18903
       18904       18906       18907       18909       18949       18951
       19271       19272       19273       19274       19275       19276
       19277       19278       19279       19280       19281       19282
       19283       19284       19285       19286       19287       19288
       19289       19290       19291       19292       19293       19294
       19295       19296       19297       19298       19299       19300
       19301       19302       19303       19304       19305       19306
       19307       19308       19309       19310       19311       19312
       19313       19314       19315       19316       19317       19318
       19319       19320       19321       19322       19323       19324
       19325       19326       19327       19328       19329       19330
       19331       19332       19334       19335       19337       19338
       19340       19341       19343       19362       19364       19365
       19367       19368       19369       19370       19371       19372
       19373       19374       19376       19693       19694       19695
       19696       19697       19698       19699       19700       19701
       19702       19703       19704       19705       19706       19707
       19708       19709       19710       19711       19712       19713
       19714       19715       19716       19717       19718       19719
       19720       19721       19722       19723       19724       19725
       19726       19727       19728       19729       19730       19731
       19732       19733       19734       19735       19736       19737
       19738       19739       19740       19741       19742       19743
       19744       19745       19746       19747       19748       19749
       19750       19751       19752       19753       19754       19755
       19756       19757       19758       19759       19760       19761
       19762       19763       19764       19765       19766       19768
       19769       19771       19772       19774       19775       19777
       19778       19780       19781       19782       19783       19784
       19785       19786       19787       19788       19789       19790
       19791       19792       19793       19794       19795       19796
       19797       19798       19799       19801       20115       20116
       20117       20118       20119       20120       20121       20122
       20123       20124       20125       20126       20127       20128
       20129       20130       20131       20132       20133       20134
       20135       20136       20137       20138       20139       20140
       20141       20142       20143       20144       20145       20146
       20147       20148       20149       20150       20151       20152
       20153       20154       20155       20156       20157       20158
       20159       20160       20161       20162       20163       20164
       20165       20166       20167       20168       20169       20170
       20171       20172       20173       20174       20175       20176
       20177       20178       20179       20180       20181       20182
       20183       20184       20185       20186       20187       20188
       20189       20190       20191       20192       20193       20194
       20195       20196       20197       20198       20199       20200
       20201       20202       20203       20204       20205       20206
       20207       20208       20209       20210       20211       20212
       20213       20214       20215       20216       20217       20218
       20219       20220       20221       20222       20223       20224
       20226       20537       20538       20539       20540       20541
       20542       20543       20544       20545       20546       20547
       20548       20549       20550       20551       20552       20553
       20554       20555       20556       20557       20558       20559
       20560       20561       20562       20563       20564       20565
       20566       20567       20568       20569       20570       20571
       20572       20573       20574       20575       20576       20577
       20578       20579       20580       20581       20582       20583
       20584       20585       20586       20587       20588       20589
       20590       20591       20592       20593       20594       20595
       20596       20597       20598       20599       20600       20601
       20602       20603       20604       20605       20606       20607
       20608       20609       20610       20611       20612       20613
       20614       20615       20616       20617       20618       20619
       20620       20621       20622       20623       20624       20625
       20626       20627       20628       20629       20630       20631
       20632       20633       20634       20635       20636       20637
       20638       20639       20640       20641       20642       20643
       20644       20645       20646       20647       20648       20649
       20651       20959       20960       20961       20962       20963
       20964       20965       20966       20967       20968       20969
       20970       20971       20972       20973       20974       20975
       20976       20977       20978       20979       20980       20981
       20982       20983       20984       20985       20986       20987
       20988       20989       20990       20991       20992       20993
       20994       20995       20996       20997       20998       20999
       21000       21001       21002       21003       21004       21005
       21006       21007       21008       21009       21010       21011
       21012       21013       21014       21015       21016       21017
       21018       21019       21020       21021       21022       21023
       21024       21025       21026       21027       21028       21029
       21030       21031       21032       21033       21034       21035
       21036       21037       21038       21039       21040       21041
       21042       21043       21044       21045       21046       21047
       21048       21049       21050       21051       21052       21053
       21054       21055       21056       21057       21058       21059
       21060       21061       21062       21063       21064       21065
       21066       21067       21068       21069       21070       21071
       21072       21073       21074       21076       21381       21382
       21383       21384       21385       21386       21387       21388
       21389       21390       21391       21392       21393       21394
       21395       21396       21397       21398       21399       21400
       21401       21402       21403       21404       21405       21406
       21407       21408       21409       21410       21411       21412
       21413       21414       21415       21416       21417       21418
       21419       21420       21421       21422       21423       21424
       21425       21426       21427       21428       21429       21430
       21431       21432       21433       21434       21435       21436
       21437       21438       21439       21440       21441       21442
       21443       21444       21445       21446       21447       21448
       21449       21450       21451       21452       21453       21454
       21455       21456       21457       21458       21459       21460
       21461       21462       21463       21464       21465       21466
       21467       21468       21469       21470       21471       21472
       21473       21474       21475       21476       21477       21478
       21479       21480       21481       21482       21483       21484
       21485       21486       21487       21488       21489       21490
       21491       21492       21493       21494       21495       21496
       21497       21498       21499       21501       21803       21804
       21805       21806       21807       21808       21809       21810
       21811       21812       21813       21814       21815       21816
       21817       21818       21819       21820       21821       21822
       21823       21824       21825       21826       21827       21828
       21829       21830       21831       21832       21833       21834
       21835       21836       21837       21838       21839       21840
       21841       21842       21843       21844       21845       21846
       21847       21848       21849       21850       21851       21852
       21853       21854       21855       21856       21857       21858
       21859       21860       21861       21862       21863       21864
       21865       21866       21867       21868       21869       21870
       21871       21872       21873       21874       21875       21876
       21877       21878       21879       21880       21881       21882
       21883       21884       21885       21886       21887       21888
       21889       21890       21891       21892       21893       21894
       21895       21896       21897       21898       21899       21900
       21901       21902       21903       21904       21905       21906
       21907       21908       21909       21910       21911       21912
       21913       21914       21915       21916       21917       21918
       21919       21920       21921       21922       21923       21924
       22225       22226       22227       22228       22229       22230
       22231       22232       22233       22234       22235       22236
       22237       22238       22239       22240       22241       22242
       22243       22244       22245       22246       22247       22248
       22249       22250       22251       22252       22253       22254
       22255       22256       22257       22258       22259       22260
       22261       22262       22263       22264       22265       22266
       22267       22268       22269       22270       22271       22272
       22273       22274       22275       22276       22277       22278
       22279       22280       22281       22282       22283       22284
       22285       22286       22287       22288       22289       22290
       22291       22292       22293       22294       22295       22296
       22297       22298       22299       22300       22301       22302
       22303       22304       22305       22306       22307       22308
       22309       22310       22311       22312       22313       22314
       22315       22316       22317       22318       22319       22320
       22321       22322       22323       22324       22325       22326
       22327       22328       22329       22330       22331       22332
       22333       22334       22335       22336       22337       22338
       22339       22340       22341       22342       22343       22344
       22345       22346       22348       22647       22648       22649
       22650       22651       22652       22653       22654       22655
       22656       22657       22658       22659       22660       22661
       22662       22663       22664       22665       22666       22667
       22668       22669       22670       22671       22672       22673
       22674       22675       22676       22677       22678       22679
       22680       22681       22682       22683       22684       22685
       22686       22687       22688       22689       22690       22691
       22692       22693       22694       22695       22696       22697
       22698       22699       22700       22701       22702       22703
       22704       22705       22706       22707       22708       22709
       22710       22711       22712       22713       22714       22715
       22716       22717       22718       22719       22720       22721
       22722       22723       22724       22725       22726       22727
       22728       22729       22730       22731       22732       22733
       22734       22735       22736       22737       22738       22739
       22740       22741       22742       22743       22744       22745
       22746       22747       22748       22749       22750       22751
       22752       22753       22754       22755       22756       22757
       22758       22759       22760       22761       22762       22763
       22764       22765       22766       22767       22768       22769
       22770       22771       22773       23069       23070       23071
       23072       23073       23074       23075       23076       23077
       23078       23079       23080       23081       23082       23083
       23084       23085       23086       23087       23088       23089
       23090       23091       23092       23093       23094       23095
       23096       23097       23098       23099       23100       23101
       23102       23103       23104       23105       23106       23107
       23108       23109       23110       23111       23112       23113
       23114       23115       23116       23117       23118       23119
       23120       23121       23122       23123       23124       23125
       23126       23127       23128       23129       23130       23131
       23132       23133       23134       23135       23136       23137
       23138       23139       23140       23141       23142       23143
       23144       23145       23146       23147       23148       23149
       23150       23151       23152       23153       23154       23155
       23156       23157       23158       23159       23160       23161
       23162       23163       23164       23165       23166       23167
       23168       23169       23170       23171       23172       23173
       23174       23175       23176       23177       23178       23179
       23180       23181       23182       23183       23184       23185
       23186       23187       23188       23189       23190       23191
       23192       23193       23194       23195       23196       23198
       23493       23496       23497       23498       23499       23500
       23501       23502       23503       23504       23505       23506
       23507       23508       23509       23510       23511       23512
       23513       23514       23515       23516       23517       23518
       23519       23520       23521       23522       23523       23524
       23525       23526       23527       23528       23529       23530
       23531       23532       23533       23534       23535       23536
       23537       23538       23539       23540       23541       23542
       23543       23544       23545       23546       23547       23548
       23549       23550       23551       23552       23553       23554
       23555       23556       23557       23558       23559       23560
       23561       23562       23563       23564       23565       23566
       23567       23568       23569       23570       23571       23572
       23573       23574       23575       23576       23577       23578
       23579       23580       23581       23582       23583       23584
       23585       23586       23587       23588       23589       23590
       23591       23592       23593       23594       23595       23596
       23597       23598       23599       23600       23601       23602
       23603       23604       23605       23606       23607       23608
       23609       23610       23611       23612       23613       23614
       23615       23616       23617       23618       23619       23620
       23621       23623       23918       23921       23922       23923
       23924       23925       23926       23927       23928       23929
       23930       23931       23932       23933       23934       23935
       23936       23937       23938       23939       23940       23941
       23942       23943       23944       23945       23946       23947
       23948       23949       23950       23951       23952       23953
       23954       23955       23956       23957       23958       23959
       23960       23961       23962       23963       23964       23965
       23966       23967       23968       23969       23970       23971
       23972       23973       23974       23975       23976       23977
       23978       23979       23980       23981       23982       23983
       23984       23985       23986       23987       23988       23989
       23990       23991       23992       23993       23994       23995
       23996       23997       23998       23999       24000       24001
       24002       24003       24004       24005       24006       24007
       24008       24009       24010       24011       24012       24013
       24014       24015       24016       24017       24018       24019
       24020       24021       24022       24023       24024       24025
       24026       24027       24028       24029       24030       24031
       24032       24033       24034       24035       24036       24037
       24038       24039       24040       24041       24042       24043
       24044       24045       24046       24048       24343       24346
       24347       24348       24349       24350       24351       24352
       24353       24354       24355       24356       24357       24358
       24359       24360       24361       24362       24363       24364
       24365       24366       24367       24368       24369       24370
       24371       24372       24373       24374       24375       24376
       24377       24378       24379       24380       24381       24382
       24383       24384       24385       24386       24387       24388
       24389       24390       24391       24392       24393       24394
       24395       24396       24397       24398       24399       24400
       24401       24402       24403       24404       24405       24406
       24407       24408       24409       24410       24411       24412
       24413       24414       24415       24416       24417       24418
       24419       24420       24421       24422       24423       24424
       24425       24426       24427       24428       24429       24430
       24431       24432       24433       24434       24435       24436
       24437       24438       24439       24440       24441       24442
       24443       24444       24445       24446       24447       24448
       24449       24450       24451       24452       24453       24454
       24455       24456       24457       24458       24459       24460
       24461       24462       24463       24464       24465       24466
       24467       24468       24469       24470       24471       24473
       24768       24771       24772       24773       24774       24775
       24776       24777       24778       24779       24780       24781
       24782       24783       24784       24785       24786       24787
       24788       24789       24790       24791       24792       24793
       24794       24795       24796       24797       24798       24799
       24800       24801       24802       24803       24804       24805
       24806       24807       24808       24809       24810       24811
       24812       24813       24814       24815       24816       24817
       24818       24819       24820       24821       24822       24823
       24824       24825       24826       24827       24828       24829
       24830       24831       24832       24833       24834       24835
       24836       24837       24838       24839       24840       24841
       24842       24843       24844       24845       24846       24847
       24848       24849       24850       24851       24852       24853
       24854       24855       24856       24857       24858       24859
       24860       24861       24862       24863       24864       24865
       24866       24867       24868       24869       24870       24871
       24872       24873       24874       24875       24876       24877
       24878       24879       24880       24881       24882       24883
       24884       24885       24886       24887       24888       24889
       24890       24891       24892       24893       24894       24895
       24896       24898       25193       25196       25197       25198
       25199       25200       25201       25202       25203       25204
       25205       25206       25207       25208       25209       25210
       25211       25212       25213       25214       25215       25216
       25217       25218       25219       25220       25221       25222
       25223       25224       25225       25226       25227       25228
       25229       25230       25231       25232       25233       25234
       25235       25236       25237       25238       25239       25240
       25241       25242       25243       25244       25245       25246
       25247       25248       25249       25250       25251       25252
       25253       25254       25255       25256       25257       25258
       25259       25260       25261       25262       25263       25264
       25265       25266       25267       25268       25269       25270
       25271       25272       25273       25274       25275       25276
       25277       25278       25279       25280       25281       25282
       25283       25284       25285       25286       25287       25288
       25289       25290       25291       25292       25293       25294
       25295       25296       25297       25298       25299       25300
       25301       25302       25303       25304       25305       25306
       25307       25308       25309       25310       25311       25312
       25313       25314       25315       25316       25317       25318
       25319       25320       25321       25323       25618       25621
       25622       25623       25624       25625       25626       25627
       25628       25629       25630       25631       25632       25633
       25634       25635       25636       25637       25638       25639
       25640       25641       25642       25643       25644       25645
       25646       25647       25648       25649       25650       25651
       25652       25653       25654       25655       25656       25657
       25658       25659       25660       25661       25662       25663
       25664       25665       25666       25667       25668       25669
       25670       25671       25672       25673       25674       25675
       25676       25677       25678       25679       25680       25681
       25682       25683       25684       25685       25686       25687
       25688       25689       25690       25691       25692       25693
       25694       25695       25696       25697       25698       25699
       25700       25701       25702       25703       25704       25705
       25706       25707       25708       25709       25710       25711
       25712       25713       25714       25715       25716       25717
       25718       25719       25720       25721       25722       25723
       25724       25725       25726       25727       25728       25729
       25730       25731       25732       25733       25734       25735
       25736       25737       25738       25739       25740       25741
       25742       25743       25744       25745       25746       26058
       26061       26062       26063       26064       26065       26066
       26067       26068       26069       26070       26071       26072
       26073       26074       26075       26076       26077       26078
       26079       26080       26081       26082       26083       26084
       26085       26086       26087       26088       26089       26090
       26091       26092       26093       26094       26095       26096
       26097       26098       26099       26100       26101       26102
       26103       26104       26105       26106       26107       26108
       26109       26110       26111       26112       26113       26114
       26115       26116       26117       26118       26119       26120
       26121       26122       26123       26124       26125       26126
       26127       26128       26129       26130       26131       26132
       26133       26134       26135       26136       26137       26138
       26139       26140       26141       26142       26143       26144
       26145       26146       26147       26148       26149       26150
       26151       26152       26153       26154       26155       26156
       26157       26158       26159       26160       26161       26162
       26163       26164       26165       26166       26167       26168
       26170       26483       26486       26487       26488       26489
       26490       26491       26492       26493       26494       26495
       26496       26497       26498       26499       26500       26501
       26502       26503       26504       26505       26506       26507
       26508       26509       26510       26511       26512       26513
       26514       26515       26516       26517       26518       26519
       26520       26521       26522       26523       26524       26525
       26526       26527       26528       26529       26530       26531
       26532       26533       26534       26535       26536       26537
       26538       26539       26540       26541       26542       26543
       26544       26545       26546       26547       26548       26549
       26550       26551       26552       26553       26554       26555
       26556       26557       26558       26559       26560       26561
       26562       26563       26564       26565       26566       26567
       26568       26569       26570       26571       26572       26573
       26574       26575       26576       26577       26578       26579
       26580       26581       26582       26583       26584       26585
       26586       26587       26588       26589       26590       26591
       26592       26593       26595       26923       26926       26927
       26928       26929       26930       26931       26932       26933
       26934       26935       26936       26937       26938       26939
       26940       26941       26942       26943       26944       26945
       26946       26947       26948       26949       26950       26951
       26952       26953       26954       26955       26956       26957
       26958       26959       26960       26961       26962       26963
       26964       26965       26966       26967       26968       26969
       26970       26971       26972       26973       26974       26975
       26976       26977       26978       26979       26980       26981
       26982       26983       26984       26985       26986       26987
       26988       26989       26990       26991       26992       26993
       26994       26995       26996       26997       26998       26999
       27000       27001       27002       27003       27004       27005
       27006       27007       27008       27009       27010       27011
       27012       27013       27014       27015       27016       27017
       27018       27020       27375       27378       27379       27380
       27381       27382       27383       27384       27385       27386
       27387       27388       27389       27390       27391       27392
       27393       27394       27395       27396       27397       27398
       27399       27400       27401       27402       27403       27404
       27405       27406       27407       27408       27409       27410
       27411       27412       27413       27414       27415       27416
       27417       27418       27419       27420       27421       27422
       27423       27424       27425       27426       27427       27428
       27429       27430       27431       27432       27433       27434
       27435       27436       27437       27438       27439       27440
       27441       27442       27443       44814       44816       44818
       44820       44822       44824       44826       44828       44830
       44832       44834       44836       44838       44840       17584
       18009       18432       18435       18438       18441       18446
       18869       18872       18875       18878       18881       18884
       18887       18890       18893       18896       18899       18902
       18905       18910       18947       18948       18952       19333
       19336       19339       19344       19360       19361       19363
       19366       19377       19767       19770       19773       19776
       19779       19802       20227       20652       21077       21502
       21926       22349       22774       23491       23199       23495
       23624       23920       24049       24345       24474       24770
       24899       25195       25324       25620       26043       26046
       26049       26052       26055       25748       26060       26171
       26485       26908       26911       26914       26917       26920
       26596       26925       27348       27351       27354       27357
       27360       27363       27366       27369       27372       27021
       27377       27800       27803       27806       27809       27812
       27815       27818       27821       27824       27827       27830
       27833       27836       27839       27842       27845       27848
       27851       27854       27857       27860       27445       27863
