          13
         760
          55
          98          99         100         101         102         103
         104         105         106         107         108         109
         110         111         112         113         114         115
         116         117         118         119         120         121
         122         123         124         125         126         127
         128         129         130         131         132         133
         134         135         136         137         138         139
         140         141         239         240         241         242
         243         244         245         246         247         248
         249         250         251         252         253         254
         255         256         257         258         259         260
         261         262         263         264         265         266
         267         268         269         270         271         272
         273         274         275         276         277         278
         279         280         281         282         283         381
         382         383         384         385         386         387
         388         389         390         391         392         393
         394         395         396         397         398         399
         400         401         402         403         404         405
         406         407         408         409         410         411
         412         413         414         415         416         417
         418         419         420         421         422         423
         424         425         524         525         526         527
         528         529         530         531         532         533
         534         535         536         537         538         539
         540         541         542         543         544         545
         546         547         548         549         550         551
         552         553         554         555         556         557
         558         559         560         561         562         563
         564         565         566         567         666         667
         668         669         670         671         672         673
         674         675         676         677         678         679
         680         681         682         683         684         685
         686         687         688         689         690         691
         692         693         694         695         696         697
         698         699         700         701         702         703
         704         705         706         707         708         709
         808         809         810         811         812         813
         814         815         816         817         818         819
         820         821         822         823         824         825
         826         827         828         829         830         831
         832         833         834         835         836         837
         838         839         840         841         842         843
         844         845         846         847         848         849
         850         851         951         952         953         954
         955         956         957         958         959         960
         961         962         963         964         965         966
         967         968         969         970         971         972
         973         974         975         976         977         978
         979         980         981         982         983         984
         985         986         987         988         989         990
         991         992         993        1093        1094        1095
        1096        1097        1098        1099        1100        1101
        1102        1103        1104        1105        1106        1107
        1108        1109        1110        1111        1112        1113
        1114        1115        1116        1117        1118        1119
        1120        1121        1122        1123        1124        1125
        1126        1127        1128        1129        1130        1131
        1132        1133        1134        1135        1236        1237
        1238        1239        1240        1241        1242        1243
        1244        1245        1246        1247        1248        1249
        1250        1251        1252        1253        1254        1255
        1256        1257        1258        1259        1260        1261
        1262        1263        1264        1265        1266        1267
        1268        1269        1270        1271        1272        1273
        1274        1275        1276        1277        1379        1380
        1381        1382        1383        1384        1385        1386
        1387        1388        1389        1390        1391        1392
        1393        1394        1395        1396        1397        1398
        1399        1400        1401        1402        1403        1404
        1405        1406        1407        1408        1409        1410
        1411        1412        1413        1414        1415        1416
        1417        1418        1419        1522        1523        1524
        1525        1526        1527        1528        1529        1530
        1531        1532        1533        1534        1535        1536
        1537        1538        1539        1540        1541        1542
        1543        1544        1545        1546        1547        1548
        1549        1550        1551        1552        1553        1554
        1555        1556        1557        1558        1559        1560
        1561        1664        1665        1666        1667        1668
        1669        1670        1671        1672        1673        1674
        1675        1676        1677        1678        1679        1680
        1681        1682        1683        1684        1685        1686
        1687        1688        1689        1690        1691        1692
        1693        1694        1695        1696        1697        1698
        1699        1700        1701        1702        1703        1806
        1807        1808        1809        1810        1811        1812
        1813        1814        1815        1816        1817        1818
        1819        1820        1821        1822        1823        1824
        1825        1826        1827        1828        1829        1830
        1831        1832        1833        1834        1835        1836
        1837        1838        1839        1840        1841        1842
        1843        1844        1845        1949        1950        1951
        1952        1953        1954        1955        1956        1957
        1958        1959        1960        1961        1962        1963
        1964        1965        1966        1967        1968        1969
        1970        1971        1972        1973        1974        1975
        1976        1977        1978        1979        1980        1981
        1982        1983        1984        1985        1986        1987
        2091        2092        2093        2094        2095        2096
        2097        2098        2099        2100        2101        2102
        2103        2104        2105        2106        2107        2108
        2109        2110        2111        2112        2113        2114
        2115        2116        2117        2118        2119        2120
        2121        2122        2123        2124        2125        2126
        2127        2128        2129        2234        2235        2236
        2237        2238        2239        2240        2241        2242
        2243        2244        2245        2246        2247        2248
        2249        2250        2251        2252        2253        2254
        2255        2256        2257        2258        2259        2260
        2261        2262        2263        2264        2265        2266
        2267        2268        2269        2270        2271        2377
        2378        2379        2380        2381        2382        2383
        2384        2385        2386        2387        2388        2389
        2390        2391        2392        2393        2394        2395
        2396        2397        2398        2399        2400        2401
        2402        2403        2404        2405        2406        2407
        2408        2409        2410        2411        2412        2413
        2524        2525        2526        2527        2528        2529
        2530        2531        2532        2533        2534        2535
        2536        2544        2545        2546        2547        2548
        2549        2550        2551        2552        2553        2554
        2555        2688        2689        2690        2691        2692
        2693        2694        2695        2696        2697        2833
        2834        2835        2836        2837        2838        2839
        2978        2979        2980        2981        3121        3122
        3123        3264        3265        3407          97         238
         380         523         665         807         950        1092
        1235        1378        1521        1663        1805        1948
        2090        2233        2376        2519        2520        2521
        2522        2523        2537        2538        2539        2540
        2541        2542        2543        2666        2667        2668
        2669        2670        2671        2672        2673        2674
        2675        2676        2677        2678        2679        2686
        2687        2830        2831        2832        2975        2976
        2977        3120        3263        3406        3549
        1506
          54
          55
         193         194         195         196         197         198
         199         200         201         202         203         204
         205         206         207         208         209         210
         211         212         213         214         215         216
         217         218         219         220         221         222
         223         224         225         226         227         228
         229         230         231         232         233         234
         235         236         237         238         239         240
         241         242         243         244         245         246
         247         248         249         250         251         252
         253         254         255         256         257         258
         259         260         261         262         263         264
         265         266         267         268         269         270
         271         272         273         274         275         276
         277         278         279         280         281         474
         475         476         477         478         479         480
         481         482         483         484         485         486
         487         488         489         490         491         492
         493         494         495         496         497         498
         499         500         501         502         503         504
         505         506         507         508         509         510
         511         512         513         514         515         516
         517         518         519         520         521         522
         523         524         525         526         527         528
         529         530         531         532         533         534
         535         536         537         538         539         540
         541         542         543         544         545         546
         547         548         549         550         551         552
         553         554         555         556         557         558
         559         560         561         562         563         756
         758         759         760         761         762         763
         764         765         766         767         768         769
         770         771         772         773         774         775
         776         777         778         779         780         781
         782         783         784         785         786         787
         788         789         790         791         792         793
         794         795         796         797         798         799
         800         801         802         803         804         805
         806         807         808         809         810         811
         812         813         814         815         816         817
         818         819         820         821         822         823
         824         825         826         827         828         829
         830         831         832         833         834         835
         836         837         838         839         840         841
         842         843         844         845        1040        1041
        1042        1043        1044        1045        1046        1047
        1048        1049        1050        1051        1052        1053
        1054        1055        1056        1057        1058        1059
        1060        1061        1062        1063        1064        1065
        1066        1067        1068        1069        1070        1071
        1072        1073        1074        1075        1076        1077
        1078        1079        1080        1081        1082        1083
        1084        1085        1086        1087        1088        1089
        1090        1091        1092        1093        1094        1095
        1096        1097        1098        1099        1100        1101
        1102        1103        1104        1105        1106        1107
        1108        1109        1110        1111        1112        1113
        1114        1115        1116        1117        1118        1119
        1120        1121        1122        1123        1124        1125
        1126        1127        1322        1323        1324        1325
        1326        1327        1328        1329        1330        1331
        1332        1333        1334        1335        1336        1337
        1338        1339        1340        1341        1342        1343
        1344        1345        1346        1347        1348        1349
        1350        1351        1352        1353        1354        1355
        1356        1357        1358        1359        1360        1361
        1362        1363        1364        1365        1366        1367
        1368        1369        1370        1371        1372        1373
        1374        1375        1376        1377        1378        1379
        1380        1381        1382        1383        1384        1385
        1386        1387        1388        1389        1390        1391
        1392        1393        1394        1395        1396        1397
        1398        1399        1400        1401        1402        1403
        1404        1405        1406        1407        1408        1409
        1604        1606        1607        1608        1609        1610
        1611        1612        1613        1614        1615        1616
        1617        1618        1619        1620        1621        1622
        1623        1624        1625        1626        1627        1628
        1629        1630        1631        1632        1633        1634
        1635        1636        1637        1638        1639        1640
        1641        1642        1643        1644        1645        1646
        1647        1648        1649        1650        1651        1652
        1653        1654        1655        1656        1657        1658
        1659        1660        1661        1662        1663        1664
        1665        1666        1667        1668        1669        1670
        1671        1672        1673        1674        1675        1676
        1677        1678        1679        1680        1681        1682
        1683        1684        1685        1686        1687        1688
        1689        1690        1691        1888        1889        1890
        1891        1892        1893        1894        1895        1896
        1897        1898        1899        1900        1901        1902
        1903        1904        1905        1906        1907        1908
        1909        1910        1911        1912        1913        1914
        1915        1916        1917        1918        1919        1920
        1921        1922        1923        1924        1925        1926
        1927        1928        1929        1930        1931        1932
        1933        1934        1935        1936        1937        1938
        1939        1940        1941        1942        1943        1944
        1945        1946        1947        1948        1949        1950
        1951        1952        1953        1954        1955        1956
        1957        1958        1959        1960        1961        1962
        1963        1964        1965        1966        1967        1968
        1969        1970        1971        1972        1973        2170
        2172        2173        2174        2175        2176        2177
        2178        2179        2180        2181        2182        2183
        2184        2185        2186        2187        2188        2189
        2190        2191        2192        2193        2194        2195
        2196        2197        2198        2199        2200        2201
        2202        2203        2204        2205        2206        2207
        2208        2209        2210        2211        2212        2213
        2214        2215        2216        2217        2218        2219
        2220        2221        2222        2223        2224        2225
        2226        2227        2228        2229        2230        2231
        2232        2233        2234        2235        2236        2237
        2238        2239        2240        2241        2242        2243
        2244        2245        2246        2247        2248        2249
        2250        2251        2252        2253        2254        2255
        2454        2456        2457        2458        2459        2460
        2461        2462        2463        2464        2465        2466
        2467        2468        2469        2470        2471        2472
        2473        2474        2475        2476        2477        2478
        2479        2480        2481        2482        2483        2484
        2485        2486        2487        2488        2489        2490
        2491        2492        2493        2494        2495        2496
        2497        2498        2499        2500        2501        2502
        2503        2504        2505        2506        2507        2508
        2509        2510        2511        2512        2513        2514
        2515        2516        2517        2518        2519        2520
        2521        2522        2523        2524        2525        2526
        2527        2528        2529        2530        2531        2532
        2533        2534        2535        2536        2537        2738
        2740        2741        2742        2743        2744        2745
        2746        2747        2748        2749        2750        2751
        2752        2753        2754        2755        2756        2757
        2758        2759        2760        2761        2762        2763
        2764        2765        2766        2767        2768        2769
        2770        2771        2772        2773        2774        2775
        2776        2777        2778        2779        2780        2781
        2782        2783        2784        2785        2786        2787
        2788        2789        2790        2791        2792        2793
        2794        2795        2796        2797        2798        2799
        2800        2801        2802        2803        2804        2805
        2806        2807        2808        2809        2810        2811
        2812        2813        2814        2815        2816        2817
        2818        2819        3022        3023        3024        3025
        3026        3027        3028        3029        3030        3031
        3032        3033        3034        3035        3036        3037
        3038        3039        3040        3041        3042        3043
        3044        3045        3046        3047        3048        3049
        3050        3051        3052        3053        3054        3055
        3056        3057        3058        3059        3060        3061
        3062        3063        3064        3065        3066        3067
        3068        3069        3070        3071        3072        3073
        3074        3075        3076        3077        3078        3079
        3080        3081        3082        3083        3084        3085
        3086        3087        3088        3089        3090        3091
        3092        3093        3094        3095        3096        3097
        3098        3099        3100        3101        3304        3305
        3306        3307        3308        3309        3310        3311
        3312        3313        3314        3315        3316        3317
        3318        3319        3320        3321        3322        3323
        3324        3325        3326        3327        3328        3329
        3330        3331        3332        3333        3334        3335
        3336        3337        3338        3339        3340        3341
        3342        3343        3344        3345        3346        3347
        3348        3349        3350        3351        3352        3353
        3354        3355        3356        3357        3358        3359
        3360        3361        3362        3363        3364        3365
        3366        3367        3368        3369        3370        3371
        3372        3373        3374        3375        3376        3377
        3378        3379        3380        3381        3382        3383
        3586        3588        3589        3590        3591        3592
        3593        3594        3595        3596        3597        3598
        3599        3600        3601        3602        3603        3604
        3605        3606        3607        3608        3609        3610
        3611        3612        3613        3614        3615        3616
        3617        3618        3619        3620        3621        3622
        3623        3624        3625        3626        3627        3628
        3629        3630        3631        3632        3633        3634
        3635        3636        3637        3638        3639        3640
        3641        3642        3643        3644        3645        3646
        3647        3648        3649        3650        3651        3652
        3653        3654        3655        3656        3657        3658
        3659        3660        3661        3662        3663        3664
        3665        3870        3871        3872        3873        3874
        3875        3876        3877        3878        3879        3880
        3881        3882        3883        3884        3885        3886
        3887        3888        3889        3890        3891        3892
        3893        3894        3895        3896        3897        3898
        3899        3900        3901        3902        3903        3904
        3905        3906        3907        3908        3909        3910
        3911        3912        3913        3914        3915        3916
        3917        3918        3919        3920        3921        3922
        3923        3924        3925        3926        3927        3928
        3929        3930        3931        3932        3933        3934
        3935        3936        3937        3938        3939        3940
        3941        3942        3943        3944        3945        3946
        3947        4152        4154        4155        4156        4157
        4158        4159        4160        4161        4162        4163
        4164        4165        4166        4167        4168        4169
        4170        4171        4172        4173        4174        4175
        4176        4177        4178        4179        4180        4181
        4182        4183        4184        4185        4186        4187
        4188        4189        4190        4191        4192        4193
        4194        4195        4196        4197        4198        4199
        4200        4201        4202        4203        4204        4205
        4206        4207        4208        4209        4210        4211
        4212        4213        4214        4215        4216        4217
        4218        4219        4220        4221        4222        4223
        4224        4225        4226        4227        4228        4229
        4436        4438        4439        4440        4441        4442
        4443        4444        4445        4446        4447        4448
        4449        4450        4451        4452        4453        4454
        4455        4456        4457        4458        4459        4460
        4461        4462        4463        4464        4465        4466
        4467        4468        4469        4470        4471        4472
        4473        4474        4475        4476        4477        4478
        4479        4480        4481        4482        4483        4484
        4485        4486        4487        4488        4489        4490
        4491        4492        4493        4494        4495        4496
        4497        4498        4499        4500        4501        4502
        4503        4504        4505        4506        4507        4508
        4509        4510        4511        4720        4722        4723
        4724        4725        4726        4727        4728        4729
        4730        4731        4732        4733        4734        4735
        4736        4737        4738        4739        4740        4741
        4742        4743        4744        4745        4746        4747
        4748        4749        4750        4751        4752        4753
        4754        4755        4756        4757        4758        4759
        4760        4761        4762        4763        4764        4765
        4766        4767        4768        4769        4770        4771
        4772        4773        4774        4775        4776        4777
        4778        4779        4780        4781        4782        4783
        4784        4785        4786        4787        4788        4789
        4790        4791        4792        4793        5012        5014
        5015        5016        5017        5018        5019        5020
        5021        5022        5023        5024        5025        5026
        5027        5028        5029        5030        5031        5032
        5033        5034        5035        5036        5037        5038
        5039        5052        5054        5055        5056        5057
        5058        5059        5060        5061        5062        5063
        5064        5065        5066        5067        5068        5069
        5070        5071        5072        5073        5074        5075
        5338        5340        5341        5342        5343        5344
        5345        5346        5347        5348        5349        5350
        5351        5352        5353        5354        5355        5356
        5357        5626        5628        5629        5630        5631
        5632        5633        5634        5635        5636        5637
        5638        5639        5914        5916        5917        5918
        5919        5920        5921        6198        6200        6201
        6202        6203        6482        6484        6485        6766
         191         472         757        1038        1320        1605
        1886        2171        2455        2739        3020        3302
        3587        3868        4153        4437        4721        5004
        5006        5008        5010        5013        5040        5041
        5042        5044        5046        5048        5050        5053
        5296        5298        5300        5302        5304        5306
        5308        5310        5312        5314        5316        5318
        5320        5336        5339        5622        5624        5627
        5910        5912        5915        6199        6483        6767
         192         473         754        1039        1321        1602
        1887        2168        2452        2736        3021        3303
        3584        3869        4150        4434        4718        5002
        5005        5007        5009        5011        5043        5045
        5047        5049        5051        5294        5297        5299
        5301        5303        5305        5307        5309        5311
        5313        5315        5317        5319        5321        5322
        5323        5334        5337        5620        5623        5625
        5908        5911        5913        6196        6480        6764
        7048
        2266
          54
         193         194         195         196         197         198
         199         200         201         202         203         204
         205         206         207         208         209         210
         211         212         213         214         215         216
         217         218         219         220         221         222
         223         224         225         226         227         228
         229         230         231         232         233         234
         235         236         237         238         239         240
         241         242         243         244         245         246
         247         248         249         250         251         252
         253         254         255         256         257         258
         259         260         261         262         263         264
         265         266         267         268         269         270
         271         272         273         274         275         276
         277         278         279         280         568         570
         571         572         573         574         575         576
         577         578         579         580         581         582
         583         584         585         586         587         588
         589         590         591         592         593         594
         595         596         597         598         599         600
         601         602         603         604         605         606
         607         608         609         610         611         612
         613         614         615         616         617         618
         619         620         621         622         623         624
         625         626         627         628         629         630
         631         632         633         634         635         636
         637         638         639         640         641         642
         643         644         645         646         647         648
         649         650         651         652         653         654
         655         656         657         658         659         660
         661         662         663         664         665         666
         667         668         669         670         671         672
         673         674         675         676         677         678
         679         680         681         682         683         684
         685         686         687         688         689         690
         691         692         693         694         695         696
         697         698         699         700         701         702
         990         993         994         995         996         997
         998         999        1000        1001        1002        1003
        1004        1005        1006        1007        1008        1009
        1010        1011        1012        1013        1014        1015
        1016        1017        1018        1019        1020        1021
        1022        1023        1024        1025        1026        1027
        1028        1029        1030        1031        1032        1033
        1034        1035        1036        1037        1038        1039
        1040        1041        1042        1043        1044        1045
        1046        1047        1048        1049        1050        1051
        1052        1053        1054        1055        1056        1057
        1058        1059        1060        1061        1062        1063
        1064        1065        1066        1067        1068        1069
        1070        1071        1072        1073        1074        1075
        1076        1077        1078        1079        1080        1081
        1082        1083        1084        1085        1086        1087
        1088        1089        1090        1091        1092        1093
        1094        1095        1096        1097        1098        1099
        1100        1101        1102        1103        1104        1105
        1106        1107        1108        1109        1110        1111
        1112        1113        1114        1115        1116        1117
        1118        1119        1120        1121        1122        1123
        1124        1415        1417        1418        1419        1420
        1421        1422        1423        1424        1425        1426
        1427        1428        1429        1430        1431        1432
        1433        1434        1435        1436        1437        1438
        1439        1440        1441        1442        1443        1444
        1445        1446        1447        1448        1449        1450
        1451        1452        1453        1454        1455        1456
        1457        1458        1459        1460        1461        1462
        1463        1464        1465        1466        1467        1468
        1469        1470        1471        1472        1473        1474
        1475        1476        1477        1478        1479        1480
        1481        1482        1483        1484        1485        1486
        1487        1488        1489        1490        1491        1492
        1493        1494        1495        1496        1497        1498
        1499        1500        1501        1502        1503        1504
        1505        1506        1507        1508        1509        1510
        1511        1512        1513        1514        1515        1516
        1517        1518        1519        1520        1521        1522
        1523        1524        1525        1526        1527        1528
        1529        1530        1531        1532        1533        1534
        1535        1536        1537        1538        1539        1540
        1541        1542        1543        1544        1545        1546
        1837        1839        1840        1841        1842        1843
        1844        1845        1846        1847        1848        1849
        1850        1851        1852        1853        1854        1855
        1856        1857        1858        1859        1860        1861
        1862        1863        1864        1865        1866        1867
        1868        1869        1870        1871        1872        1873
        1874        1875        1876        1877        1878        1879
        1880        1881        1882        1883        1884        1885
        1886        1887        1888        1889        1890        1891
        1892        1893        1894        1895        1896        1897
        1898        1899        1900        1901        1902        1903
        1904        1905        1906        1907        1908        1909
        1910        1911        1912        1913        1914        1915
        1916        1917        1918        1919        1920        1921
        1922        1923        1924        1925        1926        1927
        1928        1929        1930        1931        1932        1933
        1934        1935        1936        1937        1938        1939
        1940        1941        1942        1943        1944        1945
        1946        1947        1948        1949        1950        1951
        1952        1953        1954        1955        1956        1957
        1958        1959        1960        1961        1962        1963
        1964        1965        1966        1967        1968        2259
        2262        2263        2264        2265        2266        2267
        2268        2269        2270        2271        2272        2273
        2274        2275        2276        2277        2278        2279
        2280        2281        2282        2283        2284        2285
        2286        2287        2288        2289        2290        2291
        2292        2293        2294        2295        2296        2297
        2298        2299        2300        2301        2302        2303
        2304        2305        2306        2307        2308        2309
        2310        2311        2312        2313        2314        2315
        2316        2317        2318        2319        2320        2321
        2322        2323        2324        2325        2326        2327
        2328        2329        2330        2331        2332        2333
        2334        2335        2336        2337        2338        2339
        2340        2341        2342        2343        2344        2345
        2346        2347        2348        2349        2350        2351
        2352        2353        2354        2355        2356        2357
        2358        2359        2360        2361        2362        2363
        2364        2365        2366        2367        2368        2369
        2370        2371        2372        2373        2374        2375
        2376        2377        2378        2379        2380        2381
        2382        2383        2384        2385        2386        2387
        2388        2389        2390        2684        2686        2687
        2688        2689        2690        2691        2692        2693
        2694        2695        2696        2697        2698        2699
        2700        2701        2702        2703        2704        2705
        2706        2707        2708        2709        2710        2711
        2712        2713        2714        2715        2716        2717
        2718        2719        2720        2721        2722        2723
        2724        2725        2726        2727        2728        2729
        2730        2731        2732        2733        2734        2735
        2736        2737        2738        2739        2740        2741
        2742        2743        2744        2745        2746        2747
        2748        2749        2750        2751        2752        2753
        2754        2755        2756        2757        2758        2759
        2760        2761        2762        2763        2764        2765
        2766        2767        2768        2769        2770        2771
        2772        2773        2774        2775        2776        2777
        2778        2779        2780        2781        2782        2783
        2784        2785        2786        2787        2788        2789
        2790        2791        2792        2793        2794        2795
        2796        2797        2798        2799        2800        2801
        2802        2803        2804        2805        2806        2807
        2808        2809        2810        2811        2812        3106
        3109        3110        3111        3112        3113        3114
        3115        3116        3117        3118        3119        3120
        3121        3122        3123        3124        3125        3126
        3127        3128        3129        3130        3131        3132
        3133        3134        3135        3136        3137        3138
        3139        3140        3141        3142        3143        3144
        3145        3146        3147        3148        3149        3150
        3151        3152        3153        3154        3155        3156
        3157        3158        3159        3160        3161        3162
        3163        3164        3165        3166        3167        3168
        3169        3170        3171        3172        3173        3174
        3175        3176        3177        3178        3179        3180
        3181        3182        3183        3184        3185        3186
        3187        3188        3189        3190        3191        3192
        3193        3194        3195        3196        3197        3198
        3199        3200        3201        3202        3203        3204
        3205        3206        3207        3208        3209        3210
        3211        3212        3213        3214        3215        3216
        3217        3218        3219        3220        3221        3222
        3223        3224        3225        3226        3227        3228
        3229        3230        3231        3232        3233        3234
        3531        3534        3535        3536        3537        3538
        3539        3540        3541        3542        3543        3544
        3545        3546        3547        3548        3549        3550
        3551        3552        3553        3554        3555        3556
        3557        3558        3559        3560        3561        3562
        3563        3564        3565        3566        3567        3568
        3569        3570        3571        3572        3573        3574
        3575        3576        3577        3578        3579        3580
        3581        3582        3583        3584        3585        3586
        3587        3588        3589        3590        3591        3592
        3593        3594        3595        3596        3597        3598
        3599        3600        3601        3602        3603        3604
        3605        3606        3607        3608        3609        3610
        3611        3612        3613        3614        3615        3616
        3617        3618        3619        3620        3621        3622
        3623        3624        3625        3626        3627        3628
        3629        3630        3631        3632        3633        3634
        3635        3636        3637        3638        3639        3640
        3641        3642        3643        3644        3645        3646
        3647        3648        3649        3650        3651        3652
        3653        3654        3655        3656        3956        3959
        3960        3961        3962        3963        3964        3965
        3966        3967        3968        3969        3970        3971
        3972        3973        3974        3975        3976        3977
        3978        3979        3980        3981        3982        3983
        3984        3985        3986        3987        3988        3989
        3990        3991        3992        3993        3994        3995
        3996        3997        3998        3999        4000        4001
        4002        4003        4004        4005        4006        4007
        4008        4009        4010        4011        4012        4013
        4014        4015        4016        4017        4018        4019
        4020        4021        4022        4023        4024        4025
        4026        4027        4028        4029        4030        4031
        4032        4033        4034        4035        4036        4037
        4038        4039        4040        4041        4042        4043
        4044        4045        4046        4047        4048        4049
        4050        4051        4052        4053        4054        4055
        4056        4057        4058        4059        4060        4061
        4062        4063        4064        4065        4066        4067
        4068        4069        4070        4071        4072        4073
        4074        4075        4076        4077        4078        4381
        4383        4384        4385        4386        4387        4388
        4389        4390        4391        4392        4393        4394
        4395        4396        4397        4398        4399        4400
        4401        4402        4403        4404        4405        4406
        4407        4408        4409        4410        4411        4412
        4413        4414        4415        4416        4417        4418
        4419        4420        4421        4422        4423        4424
        4425        4426        4427        4428        4429        4430
        4431        4432        4433        4434        4435        4436
        4437        4438        4439        4440        4441        4442
        4443        4444        4445        4446        4447        4448
        4449        4450        4451        4452        4453        4454
        4455        4456        4457        4458        4459        4460
        4461        4462        4463        4464        4465        4466
        4467        4468        4469        4470        4471        4472
        4473        4474        4475        4476        4477        4478
        4479        4480        4481        4482        4483        4484
        4485        4486        4487        4488        4489        4490
        4491        4492        4493        4494        4495        4496
        4497        4498        4499        4500        4803        4805
        4806        4807        4808        4809        4810        4811
        4812        4813        4814        4815        4816        4817
        4818        4819        4820        4821        4822        4823
        4824        4825        4826        4827        4828        4829
        4830        4831        4832        4833        4834        4835
        4836        4837        4838        4839        4840        4841
        4842        4843        4844        4845        4846        4847
        4848        4849        4850        4851        4852        4853
        4854        4855        4856        4857        4858        4859
        4860        4861        4862        4863        4864        4865
        4866        4867        4868        4869        4870        4871
        4872        4873        4874        4875        4876        4877
        4878        4879        4880        4881        4882        4883
        4884        4885        4886        4887        4888        4889
        4890        4891        4892        4893        4894        4895
        4896        4897        4898        4899        4900        4901
        4902        4903        4904        4905        4906        4907
        4908        4909        4910        4911        4912        4913
        4914        4915        4916        4917        4918        4919
        4920        4921        4922        5225        5228        5229
        5230        5231        5232        5233        5234        5235
        5236        5237        5238        5239        5240        5241
        5242        5243        5244        5245        5246        5247
        5248        5249        5250        5251        5252        5253
        5254        5255        5256        5257        5258        5259
        5260        5261        5262        5263        5264        5265
        5266        5267        5268        5269        5270        5271
        5272        5273        5274        5275        5276        5277
        5278        5279        5280        5281        5282        5283
        5284        5285        5286        5287        5288        5289
        5290        5291        5292        5293        5294        5295
        5296        5297        5298        5299        5300        5301
        5302        5303        5304        5305        5306        5307
        5308        5309        5310        5311        5312        5313
        5314        5315        5316        5317        5318        5319
        5320        5321        5322        5323        5324        5325
        5326        5327        5328        5329        5330        5331
        5332        5333        5334        5335        5336        5337
        5338        5339        5340        5341        5342        5343
        5344        5650        5652        5653        5654        5655
        5656        5657        5658        5659        5660        5661
        5662        5663        5664        5665        5666        5667
        5668        5669        5670        5671        5672        5673
        5674        5675        5676        5677        5678        5679
        5680        5681        5682        5683        5684        5685
        5686        5687        5688        5689        5690        5691
        5692        5693        5694        5695        5696        5697
        5698        5699        5700        5701        5702        5703
        5704        5705        5706        5707        5708        5709
        5710        5711        5712        5713        5714        5715
        5716        5717        5718        5719        5720        5721
        5722        5723        5724        5725        5726        5727
        5728        5729        5730        5731        5732        5733
        5734        5735        5736        5737        5738        5739
        5740        5741        5742        5743        5744        5745
        5746        5747        5748        5749        5750        5751
        5752        5753        5754        5755        5756        5757
        5758        5759        5760        5761        5762        5763
        5764        5765        5766        6072        6075        6076
        6077        6078        6079        6080        6081        6082
        6083        6084        6085        6086        6087        6088
        6089        6090        6091        6092        6093        6094
        6095        6096        6097        6098        6099        6100
        6101        6102        6103        6104        6105        6106
        6107        6108        6109        6110        6111        6112
        6113        6114        6115        6116        6117        6118
        6119        6120        6121        6122        6123        6124
        6125        6126        6127        6128        6129        6130
        6131        6132        6133        6134        6135        6136
        6137        6138        6139        6140        6141        6142
        6143        6144        6145        6146        6147        6148
        6149        6150        6151        6152        6153        6154
        6155        6156        6157        6158        6159        6160
        6161        6162        6163        6164        6165        6166
        6167        6168        6169        6170        6171        6172
        6173        6174        6175        6176        6177        6178
        6179        6180        6181        6182        6183        6184
        6185        6186        6187        6188        6497        6500
        6501        6502        6503        6504        6505        6506
        6507        6508        6509        6510        6511        6512
        6513        6514        6515        6516        6517        6518
        6519        6520        6521        6522        6523        6524
        6525        6526        6527        6528        6529        6530
        6531        6532        6533        6534        6535        6536
        6537        6538        6539        6540        6541        6542
        6543        6544        6545        6546        6547        6548
        6549        6550        6551        6552        6553        6554
        6555        6556        6557        6558        6559        6560
        6561        6562        6563        6564        6565        6566
        6567        6568        6569        6570        6571        6572
        6573        6574        6575        6576        6577        6578
        6579        6580        6581        6582        6583        6584
        6585        6586        6587        6588        6589        6590
        6591        6592        6593        6594        6595        6596
        6597        6598        6599        6600        6601        6602
        6603        6604        6605        6606        6607        6608
        6609        6610        6922        6925        6926        6927
        6928        6929        6930        6931        6932        6933
        6934        6935        6936        6937        6938        6939
        6940        6941        6942        6943        6944        6945
        6946        6947        6948        6949        6950        6951
        6952        6953        6954        6955        6956        6957
        6958        6959        6960        6961        6962        6963
        6964        6965        6966        6967        6968        6969
        6970        6971        6972        6973        6974        6975
        6976        6977        6978        6979        6980        6981
        6982        6983        6984        6985        6986        6987
        6988        6989        6990        6991        6992        6993
        6994        6995        6996        6997        6998        6999
        7000        7001        7002        7003        7004        7005
        7006        7007        7008        7009        7010        7011
        7012        7013        7014        7015        7016        7017
        7018        7019        7020        7021        7022        7023
        7024        7025        7026        7027        7028        7029
        7030        7031        7032        7359        7362        7363
        7364        7365        7366        7367        7368        7369
        7370        7371        7372        7373        7374        7375
        7376        7377        7378        7379        7380        7381
        7382        7383        7384        7385        7386        7387
        7388        7389        7390        7391        7392        7393
        7394        7395        7396        7397        7398        7399
        7400        7419        7422        7423        7424        7425
        7426        7427        7428        7429        7430        7431
        7432        7433        7434        7435        7436        7437
        7438        7439        7440        7441        7442        7443
        7444        7445        7446        7447        7448        7449
        7450        7451        7452        7453        7454        7847
        7850        7851        7852        7853        7854        7855
        7856        7857        7858        7859        7860        7861
        7862        7863        7864        7865        7866        7867
        7868        7869        7870        7871        7872        7873
        7874        7875        7876        8278        8281        8282
        8283        8284        8285        8286        8287        8288
        8289        8290        8291        8292        8293        8294
        8295        8296        8297        8298        8709        8712
        8713        8714        8715        8716        8717        8718
        8719        8720        9134        9137        9138        9139
        9140        9141        9142        9559        9562        9563
        9564        9984       44687       44688       44689       44690
       44691       44692       44693       44694       44695       44696
       44697       44698       44699       44700       44701       44702
       44703       44704       44705       44706       44707       44708
       44709       44710       44711       44712       44713       44714
       44715       44716       44717       44718       44719       44720
       44721       44722       44723       44724       44725       44726
       44727       44728       44729       44730       44731       44733
       44735       44737       44739       44741       44743       44745
       44747       44749       44751       44753       44755       44757
       44759       44761       44763       44765       44767       44769
       44771       44773       44775       44777         192         569
         992        1416        1838        2261        2685        3108
        3533        3958        4382        4804        5227        5651
        6074        6499        6924        7347        7350        7353
        7356        7401        7404        7407        7410        7413
        7416        7361        7784        7787        7790        7793
        7796        7799        7802        7805        7808        7811
        7814        7817        7402        7820        7421        7844
        7849        8272        8275        8280        8703        8706
        8711        9136        9561        9986
