          12
         759
          99
          76          77          78          79          80          81
          82          83          84          85          86          87
          88          89          90          91          92          93
          94          95          96          97         217         218
         219         220         221         222         223         224
         225         226         227         228         229         230
         231         232         233         234         235         236
         237         238         359         360         361         362
         363         364         365         366         367         368
         369         370         371         372         373         374
         375         376         377         378         379         380
         502         503         504         505         506         507
         508         509         510         511         512         513
         514         515         516         517         518         519
         520         521         522         523         645         646
         647         648         649         650         651         652
         653         654         655         656         657         658
         659         660         661         662         663         664
         665         787         788         789         790         791
         792         793         794         795         796         797
         798         799         800         801         802         803
         804         805         806         807         930         931
         932         933         934         935         936         937
         938         939         940         941         942         943
         944         945         946         947         948         949
         950        1073        1074        1075        1076        1077
        1078        1079        1080        1081        1082        1083
        1084        1085        1086        1087        1088        1089
        1090        1091        1092        1216        1217        1218
        1219        1220        1221        1222        1223        1224
        1225        1226        1227        1228        1229        1230
        1231        1232        1233        1234        1235        1359
        1360        1361        1362        1363        1364        1365
        1366        1367        1368        1369        1370        1371
        1372        1373        1374        1375        1376        1377
        1378        1502        1503        1504        1505        1506
        1507        1508        1509        1510        1511        1512
        1513        1514        1515        1516        1517        1518
        1519        1520        1521        1645        1646        1647
        1648        1649        1650        1651        1652        1653
        1654        1655        1656        1657        1658        1659
        1660        1661        1662        1663        1788        1789
        1790        1791        1792        1793        1794        1795
        1796        1797        1798        1799        1800        1801
        1802        1803        1804        1805        1931        1932
        1933        1934        1935        1936        1937        1938
        1939        1940        1941        1942        1943        1944
        1945        1946        1947        1948        2073        2074
        2075        2076        2077        2078        2079        2080
        2081        2082        2083        2084        2085        2086
        2087        2088        2089        2090        2215        2216
        2217        2218        2219        2220        2221        2222
        2223        2224        2225        2226        2227        2228
        2229        2230        2231        2232        2233        2358
        2359        2360        2361        2362        2363        2364
        2365        2366        2367        2368        2369        2370
        2371        2372        2373        2374        2375        2376
        2500        2501        2502        2503        2504        2505
        2506        2507        2508        2509        2510        2511
        2512        2513        2514        2515        2516        2517
        2518        2519        2643        2644        2645        2646
        2647        2648        2649        2650        2651        2652
        2653        2654        2655        2656        2657        2658
        2659        2660        2661        2785        2786        2787
        2788        2789        2790        2791        2792        2793
        2794        2795        2796        2797        2798        2799
        2800        2801        2802        2803        2804        2928
        2929        2930        2931        2932        2933        2934
        2935        2936        2937        2938        2939        2940
        2941        2942        2943        2944        2945        2946
        2947        3071        3072        3073        3074        3075
        3076        3077        3078        3079        3080        3081
        3082        3083        3084        3085        3086        3087
        3088        3089        3214        3215        3216        3217
        3218        3219        3220        3221        3222        3223
        3224        3225        3226        3227        3228        3229
        3230        3231        3356        3357        3358        3359
        3360        3361        3362        3363        3364        3365
        3366        3367        3368        3369        3370        3371
        3372        3373        3374        3499        3500        3501
        3502        3503        3504        3505        3506        3507
        3508        3509        3510        3511        3512        3513
        3514        3515        3516        3641        3642        3643
        3644        3645        3646        3647        3648        3649
        3650        3651        3652        3653        3654        3655
        3656        3657        3658        3783        3784        3785
        3786        3787        3788        3789        3790        3791
        3792        3793        3794        3795        3796        3797
        3798        3799        3800        3925        3926        3927
        3928        3929        3930        3931        3932        3933
        3934        3935        3936        3937        3938        3939
        3940        3941        3942        4067        4068        4069
        4070        4071        4072        4073        4074        4075
        4076        4077        4078        4079        4080        4081
        4082        4083        4084        4209        4210        4211
        4212        4213        4214        4215        4216        4217
        4218        4219        4220        4221        4222        4223
        4224        4225        4226        4351        4352        4353
        4354        4355        4356        4357        4358        4359
        4360        4361        4362        4363        4364        4365
        4366        4367        4368        4493        4494        4495
        4496        4497        4498        4499        4500        4501
        4502        4503        4504        4505        4506        4507
        4508        4509        4510        4511        4635        4636
        4637        4638        4639        4640        4641        4642
        4643        4644        4645        4646        4647        4648
        4649        4650        4651        4652        4653        4778
        4779        4780        4781        4782        4783        4784
        4785        4786        4787        4788        4789        4790
        4791        4792        4793        4794        4795        4796
        4920        4921        4922        4923        4924        4925
        4926        4927        4928        4929        4930        4931
        4932        4933        4934        4935        4936        4937
        4938        5062        5063        5064        5065        5066
        5067        5068        5069        5070        5071        5072
        5073        5074        5075        5076        5077        5078
        5079        5080        5081        5204        5205        5206
        5207        5208        5209        5210        5211        5212
        5213        5214        5215        5216        5217        5218
        5219        5220        5221        5222        5223        5346
        5347        5348        5349        5350        5351        5352
        5353        5354        5355        5356        5357        5358
        5359        5360        5361        5362        5363        5364
        5365        5366        5490        5491        5492        5493
        5494        5495        5496        5497        5498        5499
        5500        5501        5502        5503        5504        5505
        5506        5507        5508          75         216         358
         501         644         786         929        1072        1215
        1358        1501        1644        1787        1930        2072
        2214        2357        2499        2642        2784        2927
        3070        3213        3355        3498        3640        3782
        3924        4066        4208        4350        4492        4634
        4777        4919        5061        5203        5345          98
         239         381         524         666         808         951
        1093        1236        1379        1522        1664        1806
        1949        2091        2234        2377        2520        2662
        2805        2948        3090        3232        3375        3517
        3659        3801        3943        4085        4227        4369
        4512        4654        4797        4939        5082        5224
        5367        5509        5633        5634        5635        5636
        5637        5638        5639        5640        5641        5642
        5643        5644        5645        5646        5647        5648
        5649        5650        5651        5488        5489        5632
        1593
          98
         101
         149         150         151         152         153         154
         155         156         157         158         159         160
         161         162         163         164         165         166
         167         168         169         170         171         172
         173         174         175         176         177         178
         179         180         181         182         183         184
         185         186         187         188         189         190
         191         192         193         194         430         431
         432         433         434         435         436         437
         438         439         440         441         442         443
         444         445         446         447         448         449
         450         451         452         453         454         455
         456         457         458         459         460         461
         462         463         464         465         466         467
         468         469         470         471         472         473
         474         475         712         714         715         716
         717         718         719         720         721         722
         723         724         725         726         727         728
         729         730         731         732         733         734
         735         736         737         738         739         740
         741         742         743         744         745         746
         747         748         749         750         751         752
         753         754         755         756         757         759
         996         998         999        1000        1001        1002
        1003        1004        1005        1006        1007        1008
        1009        1010        1011        1012        1013        1014
        1015        1016        1017        1018        1019        1020
        1021        1022        1023        1024        1025        1026
        1027        1028        1029        1030        1031        1032
        1033        1034        1035        1036        1037        1038
        1039        1040        1041        1280        1281        1282
        1283        1284        1285        1286        1287        1288
        1289        1290        1291        1292        1293        1294
        1295        1296        1297        1298        1299        1300
        1301        1302        1303        1304        1305        1306
        1307        1308        1309        1310        1311        1312
        1313        1314        1315        1316        1317        1318
        1319        1320        1321        1322        1323        1562
        1564        1565        1566        1567        1568        1569
        1570        1571        1572        1573        1574        1575
        1576        1577        1578        1579        1580        1581
        1582        1583        1584        1585        1586        1587
        1588        1589        1590        1591        1592        1593
        1594        1595        1596        1597        1598        1599
        1600        1601        1602        1603        1604        1605
        1607        1846        1848        1849        1850        1851
        1852        1853        1854        1855        1856        1857
        1858        1859        1860        1861        1862        1863
        1864        1865        1866        1867        1868        1869
        1870        1871        1872        1873        1874        1875
        1876        1877        1878        1879        1880        1881
        1882        1883        1884        1885        1886        1887
        1888        1889        2130        2132        2133        2134
        2135        2136        2137        2138        2139        2140
        2141        2142        2143        2144        2145        2146
        2147        2148        2149        2150        2151        2152
        2153        2154        2155        2156        2157        2158
        2159        2160        2161        2162        2163        2164
        2165        2166        2167        2168        2169        2170
        2171        2173        2414        2416        2417        2418
        2419        2420        2421        2422        2423        2424
        2425        2426        2427        2428        2429        2430
        2431        2432        2433        2434        2435        2436
        2437        2438        2439        2440        2441        2442
        2443        2444        2445        2446        2447        2448
        2449        2450        2451        2452        2453        2454
        2455        2457        2698        2700        2701        2702
        2703        2704        2705        2706        2707        2708
        2709        2710        2711        2712        2713        2714
        2715        2716        2717        2718        2719        2720
        2721        2722        2723        2724        2725        2726
        2727        2728        2729        2730        2731        2732
        2733        2734        2735        2736        2737        2738
        2739        2741        2982        2984        2985        2986
        2987        2988        2989        2990        2991        2992
        2993        2994        2995        2996        2997        2998
        2999        3000        3001        3002        3003        3004
        3005        3006        3007        3008        3009        3010
        3011        3012        3013        3014        3015        3016
        3017        3018        3019        3020        3021        3022
        3023        3266        3268        3269        3270        3271
        3272        3273        3274        3275        3276        3277
        3278        3279        3280        3281        3282        3283
        3284        3285        3286        3287        3288        3289
        3290        3291        3292        3293        3294        3295
        3296        3297        3298        3299        3300        3301
        3302        3303        3304        3305        3550        3552
        3553        3554        3555        3556        3557        3558
        3559        3560        3561        3562        3563        3564
        3565        3566        3567        3568        3569        3570
        3571        3572        3573        3574        3575        3576
        3577        3578        3579        3580        3581        3582
        3583        3584        3585        3586        3587        3589
        3834        3835        3836        3837        3838        3839
        3840        3841        3842        3843        3844        3845
        3846        3847        3848        3849        3850        3851
        3852        3853        3854        3855        3856        3857
        3858        3859        3860        3861        3862        3863
        3864        3865        3866        3867        3868        3869
        3870        3871        4116        4117        4118        4119
        4120        4121        4122        4123        4124        4125
        4126        4127        4128        4129        4130        4131
        4132        4133        4134        4135        4136        4137
        4138        4139        4140        4141        4142        4143
        4144        4145        4146        4147        4148        4149
        4150        4151        4152        4153        4155        4398
        4400        4401        4402        4403        4404        4405
        4406        4407        4408        4409        4410        4411
        4412        4413        4414        4415        4416        4417
        4418        4419        4420        4421        4422        4423
        4424        4425        4426        4427        4428        4429
        4430        4431        4432        4433        4434        4435
        4436        4437        4439        4682        4683        4684
        4685        4686        4687        4688        4689        4690
        4691        4692        4693        4694        4695        4696
        4697        4698        4699        4700        4701        4702
        4703        4704        4705        4706        4707        4708
        4709        4710        4711        4712        4713        4714
        4715        4716        4717        4718        4719        4720
        4721        4723        4964        4966        4967        4968
        4969        4970        4971        4972        4973        4974
        4975        4976        4977        4978        4979        4980
        4981        4982        4983        4984        4985        4986
        4987        4988        4989        4990        4991        4992
        4993        4994        4995        4996        4997        4998
        4999        5000        5001        5002        5003        5004
        5005        5248        5249        5250        5251        5252
        5253        5254        5255        5256        5257        5258
        5259        5260        5261        5262        5263        5264
        5265        5266        5267        5268        5269        5270
        5271        5272        5273        5274        5275        5276
        5277        5278        5279        5280        5281        5282
        5283        5284        5285        5286        5287        5289
        5530        5532        5533        5534        5535        5536
        5537        5538        5539        5540        5541        5542
        5543        5544        5545        5546        5547        5548
        5549        5550        5551        5552        5553        5554
        5555        5556        5557        5558        5559        5560
        5561        5562        5563        5564        5565        5566
        5567        5568        5569        5570        5571        5573
        5814        5816        5817        5818        5819        5820
        5821        5822        5823        5824        5825        5826
        5827        5828        5829        5830        5831        5832
        5833        5834        5835        5836        5837        5838
        5839        5840        5841        5842        5843        5844
        5845        5846        5847        5848        5849        5850
        5851        5852        5853        5854        5855        6098
        6100        6101        6102        6103        6104        6105
        6106        6107        6108        6109        6110        6111
        6112        6113        6114        6115        6116        6117
        6118        6119        6120        6121        6122        6123
        6124        6125        6126        6127        6128        6129
        6130        6131        6132        6133        6134        6135
        6136        6137        6382        6383        6384        6385
        6386        6387        6388        6389        6390        6391
        6392        6393        6394        6395        6396        6397
        6398        6399        6400        6401        6402        6403
        6404        6405        6406        6407        6408        6409
        6410        6411        6412        6413        6414        6415
        6416        6417        6418        6419        6421        6664
        6666        6667        6668        6669        6670        6671
        6672        6673        6674        6675        6676        6677
        6678        6679        6680        6681        6682        6683
        6684        6685        6686        6687        6688        6689
        6690        6691        6692        6693        6694        6695
        6696        6697        6698        6699        6700        6701
        6702        6703        6948        6949        6950        6951
        6952        6953        6954        6955        6956        6957
        6958        6959        6960        6961        6962        6963
        6964        6965        6966        6967        6968        6969
        6970        6971        6972        6973        6974        6975
        6976        6977        6978        6979        6980        6981
        6982        6983        6984        6985        7230        7231
        7232        7233        7234        7235        7236        7237
        7238        7239        7240        7241        7242        7243
        7244        7245        7246        7247        7248        7249
        7250        7251        7252        7253        7254        7255
        7256        7257        7258        7259        7260        7261
        7262        7263        7264        7265        7266        7267
        7512        7513        7514        7515        7516        7517
        7518        7519        7520        7521        7522        7523
        7524        7525        7526        7527        7528        7529
        7530        7531        7532        7533        7534        7535
        7536        7537        7538        7539        7540        7541
        7542        7543        7544        7545        7546        7547
        7548        7549        7794        7795        7796        7797
        7798        7799        7800        7801        7802        7803
        7804        7805        7806        7807        7808        7809
        7810        7811        7812        7813        7814        7815
        7816        7817        7818        7819        7820        7821
        7822        7823        7824        7825        7826        7827
        7828        7829        7830        7831        8076        8077
        8078        8079        8080        8081        8082        8083
        8084        8085        8086        8087        8088        8089
        8090        8091        8092        8093        8094        8095
        8096        8097        8098        8099        8100        8101
        8102        8103        8104        8105        8106        8107
        8108        8109        8110        8111        8112        8113
        8358        8359        8360        8361        8362        8363
        8364        8365        8366        8367        8368        8369
        8370        8371        8372        8373        8374        8375
        8376        8377        8378        8379        8380        8381
        8382        8383        8384        8385        8386        8387
        8388        8389        8390        8391        8392        8393
        8394        8395        8640        8641        8642        8643
        8644        8645        8646        8647        8648        8649
        8650        8651        8652        8653        8654        8655
        8656        8657        8658        8659        8660        8661
        8662        8663        8664        8665        8666        8667
        8668        8669        8670        8671        8672        8673
        8674        8675        8676        8677        8679        8922
        8923        8924        8925        8926        8927        8928
        8929        8930        8931        8932        8933        8934
        8935        8936        8937        8938        8939        8940
        8941        8942        8943        8944        8945        8946
        8947        8948        8949        8950        8951        8952
        8953        8954        8955        8956        8957        8958
        8959        8960        8961        9204        9206        9207
        9208        9209        9210        9211        9212        9213
        9214        9215        9216        9217        9218        9219
        9220        9221        9222        9223        9224        9225
        9226        9227        9228        9229        9230        9231
        9232        9233        9234        9235        9236        9237
        9238        9239        9240        9241        9242        9243
        9245        9488        9489        9490        9491        9492
        9493        9494        9495        9496        9497        9498
        9499        9500        9501        9502        9503        9504
        9505        9506        9507        9508        9509        9510
        9511        9512        9513        9514        9515        9516
        9517        9518        9519        9520        9521        9522
        9523        9524        9525        9526        9527        9770
        9771        9772        9773        9774        9775        9776
        9777        9778        9779        9780        9781        9782
        9783        9784        9785        9786        9787        9788
        9789        9790        9791        9792        9793        9794
        9795        9796        9797        9798        9799        9800
        9801        9802        9803        9804        9805        9806
        9807        9808        9809        9811       10052       10053
       10054       10055       10056       10057       10058       10059
       10060       10061       10062       10063       10064       10065
       10066       10067       10068       10069       10070       10071
       10072       10073       10074       10075       10076       10077
       10078       10079       10080       10081       10082       10083
       10084       10085       10086       10087       10088       10089
       10090       10091       10092       10093       10334       10335
       10336       10337       10338       10339       10340       10341
       10342       10343       10344       10345       10346       10347
       10348       10349       10350       10351       10352       10353
       10354       10355       10356       10357       10358       10359
       10360       10361       10362       10363       10364       10365
       10366       10367       10368       10369       10370       10371
       10372       10373       10374       10375       10377       10616
       10618       10619       10620       10621       10622       10623
       10624       10625       10626       10627       10628       10629
       10630       10631       10632       10633       10634       10635
       10636       10637       10638       10639       10640       10641
       10642       10643       10644       10645       10646       10647
       10648       10649       10650       10651       10652       10653
       10654       10655       10656       10657       10658       10659
       10902       10904       10905       10906       10907       10908
       10909       10910       10911       10912       10913       10914
       10915       10916       10917       10918       10919       10920
       10921       10922       10923       10924       10925       10926
       10927       10928       10929       10930       10931       10932
       10933       10934       10935       10936       10937       10938
       10939       10940       10941         147         428         713
         997        1278        1563        1847        2131        2415
        2699        2983        3267        3551        3832        4114
        4399        4680        4965        5246        5531        5815
        6099        6380        6665        6946        7228        7510
        7792        8074        8356        8638        8920        9205
        9486        9768       10050       10332       10617         196
         477         758        1043        1325        1606        1891
        2172        2456        2740        3025        3307        3588
        3873        4154        4438        4722        5007        5288
        5572        5857        6139        6420        6705        6987
        7269        7551        7833        8115        8397        8678
        8963        9244        9529        9810       10095       10376
       10661       10943       11188       11190       11192       11194
       11196       11198       11200       11202       11204       11206
       11208       11210       11212       11214       11216       11218
       11220       11222       10900       10903       11186         148
         429         710         994        1279        1560        1844
        2128        2412        2696        2980        3264        3548
        3833        4115        4396        4681        4962        5247
        5528        5812        6096        6381        6662        6947
        7229        7511        7793        8075        8357        8639
        8921        9202        9487        9769       10051       10333
       10614         195         476         761        1042        1324
        1609        1890        2175        2459        2743        3024
        3306        3591        3872        4157        4441        4725
        5006        5291        5575        5856        6138        6423
        6704        6986        7268        7550        7832        8114
        8396        8681        8962        9247        9528        9813
       10094       10379       10660       10942       11189       11191
       11193       11195       11197       11199       11201       11203
       11205       11207       11209       11211       11213       11215
       11217       11219       11221       11223       11224       11225
       10898       10901       11184       11187
        2352
          98
         149         150         151         152         153         154
         155         156         157         158         159         160
         161         162         163         164         165         166
         167         168         169         170         171         172
         173         174         175         176         177         178
         179         180         181         182         183         184
         185         186         187         188         189         190
         191         192         193         502         504         505
         506         507         508         509         510         511
         512         513         514         515         516         517
         518         519         520         521         522         523
         524         525         526         527         528         529
         530         531         532         533         534         535
         536         537         538         539         540         541
         542         543         544         545         546         547
         548         549         550         551         552         553
         554         555         556         557         558         559
         560         561         562         563         564         565
         566         567         568         569         570         924
         927         928         929         930         931         932
         933         934         935         936         937         938
         939         940         941         942         943         944
         945         946         947         948         949         950
         951         952         953         954         955         956
         957         958         959         960         961         962
         963         964         965         966         967         968
         969         970         971         972         973         974
         975         976         977         978         979         980
         981         982         983         984         985         986
         987         988         989         990         991         992
         994        1349        1352        1353        1354        1355
        1356        1357        1358        1359        1360        1361
        1362        1363        1364        1365        1366        1367
        1368        1369        1370        1371        1372        1373
        1374        1375        1376        1377        1378        1379
        1380        1381        1382        1383        1384        1385
        1386        1387        1388        1389        1390        1391
        1392        1393        1394        1395        1396        1397
        1398        1399        1400        1401        1402        1403
        1404        1405        1406        1407        1408        1409
        1410        1411        1412        1413        1414        1415
        1416        1417        1774        1776        1777        1778
        1779        1780        1781        1782        1783        1784
        1785        1786        1787        1788        1789        1790
        1791        1792        1793        1794        1795        1796
        1797        1798        1799        1800        1801        1802
        1803        1804        1805        1806        1807        1808
        1809        1810        1811        1812        1813        1814
        1815        1816        1817        1818        1819        1820
        1821        1822        1823        1824        1825        1826
        1827        1828        1829        1830        1831        1832
        1833        1834        1835        1836        1837        1838
        1839        2196        2199        2200        2201        2202
        2203        2204        2205        2206        2207        2208
        2209        2210        2211        2212        2213        2214
        2215        2216        2217        2218        2219        2220
        2221        2222        2223        2224        2225        2226
        2227        2228        2229        2230        2231        2232
        2233        2234        2235        2236        2237        2238
        2239        2240        2241        2242        2243        2244
        2245        2246        2247        2248        2249        2250
        2251        2252        2253        2254        2255        2256
        2257        2258        2259        2260        2261        2263
        2621        2624        2625        2626        2627        2628
        2629        2630        2631        2632        2633        2634
        2635        2636        2637        2638        2639        2640
        2641        2642        2643        2644        2645        2646
        2647        2648        2649        2650        2651        2652
        2653        2654        2655        2656        2657        2658
        2659        2660        2661        2662        2663        2664
        2665        2666        2667        2668        2669        2670
        2671        2672        2673        2674        2675        2676
        2677        2678        2679        2680        2681        2682
        2683        2684        2685        2686        3046        3049
        3050        3051        3052        3053        3054        3055
        3056        3057        3058        3059        3060        3061
        3062        3063        3064        3065        3066        3067
        3068        3069        3070        3071        3072        3073
        3074        3075        3076        3077        3078        3079
        3080        3081        3082        3083        3084        3085
        3086        3087        3088        3089        3090        3091
        3092        3093        3094        3095        3096        3097
        3098        3099        3100        3101        3102        3103
        3104        3105        3106        3107        3108        3110
        3471        3474        3475        3476        3477        3478
        3479        3480        3481        3482        3483        3484
        3485        3486        3487        3488        3489        3490
        3491        3492        3493        3494        3495        3496
        3497        3498        3499        3500        3501        3502
        3503        3504        3505        3506        3507        3508
        3509        3510        3511        3512        3513        3514
        3515        3516        3517        3518        3519        3520
        3521        3522        3523        3524        3525        3526
        3527        3528        3529        3530        3531        3532
        3533        3535        3896        3899        3900        3901
        3902        3903        3904        3905        3906        3907
        3908        3909        3910        3911        3912        3913
        3914        3915        3916        3917        3918        3919
        3920        3921        3922        3923        3924        3925
        3926        3927        3928        3929        3930        3931
        3932        3933        3934        3935        3936        3937
        3938        3939        3940        3941        3942        3943
        3944        3945        3946        3947        3948        3949
        3950        3951        3952        3953        3954        3955
        3956        3957        3958        3960        4321        4324
        4325        4326        4327        4328        4329        4330
        4331        4332        4333        4334        4335        4336
        4337        4338        4339        4340        4341        4342
        4343        4344        4345        4346        4347        4348
        4349        4350        4351        4352        4353        4354
        4355        4356        4357        4358        4359        4360
        4361        4362        4363        4364        4365        4366
        4367        4368        4369        4370        4371        4372
        4373        4374        4375        4376        4377        4378
        4379        4380        4381        4382        4383        4746
        4749        4750        4751        4752        4753        4754
        4755        4756        4757        4758        4759        4760
        4761        4762        4763        4764        4765        4766
        4767        4768        4769        4770        4771        4772
        4773        4774        4775        4776        4777        4778
        4779        4780        4781        4782        4783        4784
        4785        4786        4787        4788        4789        4790
        4791        4792        4793        4794        4795        4796
        4797        4798        4799        4800        4801        4802
        4803        4804        4805        5171        5174        5175
        5176        5177        5178        5179        5180        5181
        5182        5183        5184        5185        5186        5187
        5188        5189        5190        5191        5192        5193
        5194        5195        5196        5197        5198        5199
        5200        5201        5202        5203        5204        5205
        5206        5207        5208        5209        5210        5211
        5212        5213        5214        5215        5216        5217
        5218        5219        5220        5221        5222        5223
        5224        5225        5226        5227        5229        5596
        5598        5599        5600        5601        5602        5603
        5604        5605        5606        5607        5608        5609
        5610        5611        5612        5613        5614        5615
        5616        5617        5618        5619        5620        5621
        5622        5623        5624        5625        5626        5627
        5628        5629        5630        5631        5632        5633
        5634        5635        5636        5637        5638        5639
        5640        5641        5642        5643        5644        5645
        5646        5647        5648        5649        5650        5651
        5652        6018        6020        6021        6022        6023
        6024        6025        6026        6027        6028        6029
        6030        6031        6032        6033        6034        6035
        6036        6037        6038        6039        6040        6041
        6042        6043        6044        6045        6046        6047
        6048        6049        6050        6051        6052        6053
        6054        6055        6056        6057        6058        6059
        6060        6061        6062        6063        6064        6065
        6066        6067        6068        6069        6070        6071
        6072        6073        6074        6076        6440        6443
        6444        6445        6446        6447        6448        6449
        6450        6451        6452        6453        6454        6455
        6456        6457        6458        6459        6460        6461
        6462        6463        6464        6465        6466        6467
        6468        6469        6470        6471        6472        6473
        6474        6475        6476        6477        6478        6479
        6480        6481        6482        6483        6484        6485
        6486        6487        6488        6489        6490        6491
        6492        6493        6494        6495        6496        6497
        6498        6499        6501        6865        6867        6868
        6869        6870        6871        6872        6873        6874
        6875        6876        6877        6878        6879        6880
        6881        6882        6883        6884        6885        6886
        6887        6888        6889        6890        6891        6892
        6893        6894        6895        6896        6897        6898
        6899        6900        6901        6902        6903        6904
        6905        6906        6907        6908        6909        6910
        6911        6912        6913        6914        6915        6916
        6917        6918        6919        6920        6921        6922
        6923        6924        6926        7287        7290        7291
        7292        7293        7294        7295        7296        7297
        7298        7299        7300        7301        7302        7303
        7304        7305        7306        7307        7308        7309
        7310        7311        7312        7313        7314        7315
        7316        7317        7318        7319        7320        7321
        7322        7323        7324        7325        7326        7327
        7328        7329        7330        7331        7332        7333
        7334        7335        7336        7337        7338        7339
        7340        7341        7342        7343        7344        7345
        7346        7347        7348        7349        7712        7714
        7715        7716        7717        7718        7719        7720
        7721        7722        7723        7724        7725        7726
        7727        7728        7729        7730        7731        7732
        7733        7734        7735        7736        7737        7738
        7739        7740        7741        7742        7743        7744
        7745        7746        7747        7748        7749        7750
        7751        7752        7753        7754        7755        7756
        7757        7758        7759        7760        7761        7762
        7763        7764        7765        7766        7767        7768
        7769        7770        7771        7773        8134        8137
        8138        8139        8140        8141        8142        8143
        8144        8145        8146        8147        8148        8149
        8150        8151        8152        8153        8154        8155
        8156        8157        8158        8159        8160        8161
        8162        8163        8164        8165        8166        8167
        8168        8169        8170        8171        8172        8173
        8174        8175        8176        8177        8178        8179
        8180        8181        8182        8183        8184        8185
        8186        8187        8188        8189        8190        8191
        8192        8193        8194        8195        8196        8198
        8559        8562        8563        8564        8565        8566
        8567        8568        8569        8570        8571        8572
        8573        8574        8575        8576        8577        8578
        8579        8580        8581        8582        8583        8584
        8585        8586        8587        8588        8589        8590
        8591        8592        8593        8594        8595        8596
        8597        8598        8599        8600        8601        8602
        8603        8604        8605        8606        8607        8608
        8609        8610        8611        8612        8613        8614
        8615        8616        8617        8618        8619        8620
        8621        8984        8987        8988        8989        8990
        8991        8992        8993        8994        8995        8996
        8997        8998        8999        9000        9001        9002
        9003        9004        9005        9006        9007        9008
        9009        9010        9011        9012        9013        9014
        9015        9016        9017        9018        9019        9020
        9021        9022        9023        9024        9025        9026
        9027        9028        9029        9030        9031        9032
        9033        9034        9035        9036        9037        9038
        9039        9040        9041        9042        9043        9409
        9411        9412        9413        9414        9415        9416
        9417        9418        9419        9420        9421        9422
        9423        9424        9425        9426        9427        9428
        9429        9430        9431        9432        9433        9434
        9435        9436        9437        9438        9439        9440
        9441        9442        9443        9444        9445        9446
        9447        9448        9449        9450        9451        9452
        9453        9454        9455        9456        9457        9458
        9459        9460        9461        9462        9463        9464
        9465        9467        9831        9834        9835        9836
        9837        9838        9839        9840        9841        9842
        9843        9844        9845        9846        9847        9848
        9849        9850        9851        9852        9853        9854
        9855        9856        9857        9858        9859        9860
        9861        9862        9863        9864        9865        9866
        9867        9868        9869        9870        9871        9872
        9873        9874        9875        9876        9877        9878
        9879        9880        9881        9882        9883        9884
        9885        9886        9887        9888        9889        9890
       10256       10258       10259       10260       10261       10262
       10263       10264       10265       10266       10267       10268
       10269       10270       10271       10272       10273       10274
       10275       10276       10277       10278       10279       10280
       10281       10282       10283       10284       10285       10286
       10287       10288       10289       10290       10291       10292
       10293       10294       10295       10296       10297       10298
       10299       10300       10301       10302       10303       10304
       10305       10306       10307       10308       10309       10310
       10311       10312       10678       10680       10681       10682
       10683       10684       10685       10686       10687       10688
       10689       10690       10691       10692       10693       10694
       10695       10696       10697       10698       10699       10700
       10701       10702       10703       10704       10705       10706
       10707       10708       10709       10710       10711       10712
       10713       10714       10715       10716       10717       10718
       10719       10720       10721       10722       10723       10724
       10725       10726       10727       10728       10729       10730
       10731       10732       10733       10734       11100       11102
       11103       11104       11105       11106       11107       11108
       11109       11110       11111       11112       11113       11114
       11115       11116       11117       11118       11119       11120
       11121       11122       11123       11124       11125       11126
       11127       11128       11129       11130       11131       11132
       11133       11134       11135       11136       11137       11138
       11139       11140       11141       11142       11143       11144
       11145       11146       11147       11148       11149       11150
       11151       11152       11153       11154       11155       11156
       11522       11524       11525       11526       11527       11528
       11529       11530       11531       11532       11533       11534
       11535       11536       11537       11538       11539       11540
       11541       11542       11543       11544       11545       11546
       11547       11548       11549       11550       11551       11552
       11553       11554       11555       11556       11557       11558
       11559       11560       11561       11562       11563       11564
       11565       11566       11567       11568       11569       11570
       11571       11572       11573       11574       11575       11576
       11577       11578       11944       11946       11947       11948
       11949       11950       11951       11952       11953       11954
       11955       11956       11957       11958       11959       11960
       11961       11962       11963       11964       11965       11966
       11967       11968       11969       11970       11971       11972
       11973       11974       11975       11976       11977       11978
       11979       11980       11981       11982       11983       11984
       11985       11986       11987       11988       11989       11990
       11991       11992       11993       11994       11995       11996
       11997       11998       11999       12000       12366       12368
       12369       12370       12371       12372       12373       12374
       12375       12376       12377       12378       12379       12380
       12381       12382       12383       12384       12385       12386
       12387       12388       12389       12390       12391       12392
       12393       12394       12395       12396       12397       12398
       12399       12400       12401       12402       12403       12404
       12405       12406       12407       12408       12409       12410
       12411       12412       12413       12414       12415       12416
       12417       12418       12419       12420       12421       12422
       12788       12790       12791       12792       12793       12794
       12795       12796       12797       12798       12799       12800
       12801       12802       12803       12804       12805       12806
       12807       12808       12809       12810       12811       12812
       12813       12814       12815       12816       12817       12818
       12819       12820       12821       12822       12823       12824
       12825       12826       12827       12828       12829       12830
       12831       12832       12833       12834       12835       12836
       12837       12838       12839       12840       12841       12842
       12843       12844       12846       13210       13212       13213
       13214       13215       13216       13217       13218       13219
       13220       13221       13222       13223       13224       13225
       13226       13227       13228       13229       13230       13231
       13232       13233       13234       13235       13236       13237
       13238       13239       13240       13241       13242       13243
       13244       13245       13246       13247       13248       13249
       13250       13251       13252       13253       13254       13255
       13256       13257       13258       13259       13260       13261
       13262       13263       13264       13265       13266       13267
       13268       13269       13632       13635       13636       13637
       13638       13639       13640       13641       13642       13643
       13644       13645       13646       13647       13648       13649
       13650       13651       13652       13653       13654       13655
       13656       13657       13658       13659       13660       13661
       13662       13663       13664       13665       13666       13667
       13668       13669       13670       13671       13672       13673
       13674       13675       13676       13677       13678       13679
       13680       13681       13682       13683       13684       13685
       13686       13687       13688       13689       13690       13691
       13693       14057       14059       14060       14061       14062
       14063       14064       14065       14066       14067       14068
       14069       14070       14071       14072       14073       14074
       14075       14076       14077       14078       14079       14080
       14081       14082       14083       14084       14085       14086
       14087       14088       14089       14090       14091       14092
       14093       14094       14095       14096       14097       14098
       14099       14100       14101       14102       14103       14104
       14105       14106       14107       14108       14109       14110
       14111       14112       14113       14114       14115       14116
       14479       14481       14482       14483       14484       14485
       14486       14487       14488       14489       14490       14491
       14492       14493       14494       14495       14496       14497
       14498       14499       14500       14501       14502       14503
       14504       14505       14506       14507       14508       14509
       14510       14511       14512       14513       14514       14515
       14516       14517       14518       14519       14520       14521
       14522       14523       14524       14525       14526       14527
       14528       14529       14530       14531       14532       14533
       14534       14535       14536       14537       14538       14540
       14901       14903       14904       14905       14906       14907
       14908       14909       14910       14911       14912       14913
       14914       14915       14916       14917       14918       14919
       14920       14921       14922       14923       14924       14925
       14926       14927       14928       14929       14930       14931
       14932       14933       14934       14935       14936       14937
       14938       14939       14940       14941       14942       14943
       14944       14945       14946       14947       14948       14949
       14950       14951       14952       14953       14954       14955
       14956       14957       14958       14959       14960       14961
       14962       14963       15323       15325       15326       15327
       15328       15329       15330       15331       15332       15333
       15334       15335       15336       15337       15338       15339
       15340       15341       15342       15343       15344       15345
       15346       15347       15348       15349       15350       15351
       15352       15353       15354       15355       15356       15357
       15358       15359       15360       15361       15362       15363
       15364       15365       15366       15367       15368       15369
       15370       15371       15372       15373       15374       15375
       15376       15377       15378       15379       15380       15381
       15382       15383       15384       15385       15387       15745
       15748       15749       15750       15751       15752       15753
       15754       15755       15756       15757       15758       15759
       15760       15761       15762       15763       15764       15765
       15766       15767       15768       15769       15770       15771
       15772       15773       15774       15775       15776       15777
       15778       15779       15780       15781       15782       15783
       15784       15785       15786       15787       15788       15789
       15790       15791       15792       15793       15794       15795
       15796       15797       15798       15799       15800       15801
       15802       15803       15804       15805       15806       15807
       15808       15809       15810       16173       16176       16177
       16178       16179       16180       16181       16182       16183
       16184       16185       16186       16187       16188       16189
       16190       16191       16192       16193       16194       16195
       16196       16197       16198       16199       16200       16201
       16202       16203       16204       16205       16206       16207
       16208       16209       16210       16211       16212       16213
       16214       16215       16216       16217       16218       16219
       16220       16221       16222       16223       16224       16225
       16226       16227       16228       16229       16230       16231
       16232       44665       44666       44667       44668       44669
       44670       44671       44672       44673       44674       44675
       44676       44677       44678       44679       44680       44681
       44682       44683       44684       44685       44686       44687
         148         194         503         572         926         995
        1351        1419        1775        1841        2198        2264
        2623        2688        3048        3111        3473        3536
        3898        3961        4323        4385        4748        4807
        5173        5230        5597        5654        6019        6077
        6442        6502        6866        6927        7289        7351
        7713        7774        8136        8199        8561        8623
        8986        9045        9410        9468        9833        9892
       10257       10314       10679       10736       11101       11158
       11523       11580       11945       12002       12367       12424
       12789       12847       13211       13271       13634       13694
       14058       14118       14480       14541       14902       14965
       15324       15388       15747       16170       15812       16175
       16598       16601       16604       16607       16610       16613
       16616       16619       16622       16625       16628       16631
       16634       16637       16640       16643       16646       16649
       16234       16652
