          14
         760
          89
        2520        2521        2522        2523        2537        2538
        2539        2540        2541        2542        2543        2662
        2663        2664        2665        2666        2667        2668
        2669        2670        2671        2672        2673        2674
        2675        2676        2677        2678        2679        2680
        2681        2682        2683        2684        2685        2686
        2687        2805        2806        2807        2808        2809
        2810        2811        2812        2813        2814        2815
        2816        2817        2818        2819        2820        2821
        2822        2823        2824        2825        2826        2827
        2828        2829        2830        2831        2832        2948
        2949        2950        2951        2952        2953        2954
        2955        2956        2957        2958        2959        2960
        2961        2962        2963        2964        2965        2966
        2967        2968        2969        2970        2971        2972
        2973        2974        2975        2976        2977        3090
        3091        3092        3093        3094        3095        3096
        3097        3098        3099        3100        3101        3102
        3103        3104        3105        3106        3107        3108
        3109        3110        3111        3112        3113        3114
        3115        3116        3117        3118        3119        3120
        3232        3233        3234        3235        3236        3237
        3238        3239        3240        3241        3242        3243
        3244        3245        3246        3247        3248        3249
        3250        3251        3252        3253        3254        3255
        3256        3257        3258        3259        3260        3261
        3262        3263        3375        3376        3377        3378
        3379        3380        3381        3382        3383        3384
        3385        3386        3387        3388        3389        3390
        3391        3392        3393        3394        3395        3396
        3397        3398        3399        3400        3401        3402
        3403        3404        3405        3406        3517        3518
        3519        3520        3521        3522        3523        3524
        3525        3526        3527        3528        3529        3530
        3531        3532        3533        3534        3535        3536
        3537        3538        3539        3540        3541        3542
        3543        3544        3545        3546        3547        3548
        3549        3659        3660        3661        3662        3663
        3664        3665        3666        3667        3668        3669
        3670        3671        3672        3673        3674        3675
        3676        3677        3678        3679        3680        3681
        3682        3683        3684        3685        3686        3687
        3688        3689        3690        3691        3801        3802
        3803        3804        3805        3806        3807        3808
        3809        3810        3811        3812        3813        3814
        3815        3816        3817        3818        3819        3820
        3821        3822        3823        3824        3825        3826
        3827        3828        3829        3830        3831        3832
        3833        3943        3944        3945        3946        3947
        3948        3949        3950        3951        3952        3953
        3954        3955        3956        3957        3958        3959
        3960        3961        3962        3963        3964        3965
        3966        3967        3968        3969        3970        3971
        3972        3973        3974        3975        4085        4086
        4087        4088        4089        4090        4091        4092
        4093        4094        4095        4096        4097        4098
        4099        4100        4101        4102        4103        4104
        4105        4106        4107        4108        4109        4110
        4111        4112        4113        4114        4115        4116
        4117        4227        4228        4229        4230        4231
        4232        4233        4234        4235        4236        4237
        4238        4239        4240        4241        4242        4243
        4244        4245        4246        4247        4248        4249
        4250        4251        4252        4253        4254        4255
        4256        4257        4258        4259        4369        4370
        4371        4372        4373        4374        4375        4376
        4377        4378        4379        4380        4381        4382
        4383        4384        4385        4386        4387        4388
        4389        4390        4391        4392        4393        4394
        4395        4396        4397        4398        4399        4400
        4401        4512        4513        4514        4515        4516
        4517        4518        4519        4520        4521        4522
        4523        4524        4525        4526        4527        4528
        4529        4530        4531        4532        4533        4534
        4535        4536        4537        4538        4539        4540
        4541        4542        4543        4654        4655        4656
        4657        4658        4659        4660        4661        4662
        4663        4664        4665        4666        4667        4668
        4669        4670        4671        4672        4673        4674
        4675        4676        4677        4678        4679        4680
        4681        4682        4683        4684        4685        4797
        4798        4799        4800        4801        4802        4803
        4804        4805        4806        4807        4808        4809
        4810        4811        4812        4813        4814        4815
        4816        4817        4818        4819        4820        4821
        4822        4823        4824        4825        4826        4827
        4939        4940        4941        4942        4943        4944
        4945        4946        4947        4948        4949        4950
        4951        4952        4953        4954        4955        4956
        4957        4958        4959        4960        4961        4962
        4963        4964        4965        4966        4967        4968
        4969        5082        5083        5084        5085        5086
        5087        5088        5089        5090        5091        5092
        5093        5094        5095        5096        5097        5098
        5099        5100        5101        5102        5103        5104
        5105        5106        5107        5108        5109        5110
        5111        5224        5225        5226        5227        5228
        5229        5230        5231        5232        5233        5234
        5235        5236        5237        5238        5239        5240
        5241        5242        5243        5244        5245        5246
        5247        5248        5249        5250        5251        5252
        5253        5367        5368        5369        5370        5371
        5372        5373        5374        5375        5376        5377
        5378        5379        5380        5381        5382        5383
        5384        5385        5386        5387        5388        5389
        5390        5391        5392        5393        5394        5395
        5509        5510        5511        5512        5513        5514
        5515        5516        5517        5518        5519        5520
        5521        5522        5523        5524        5525        5526
        5527        5528        5529        5530        5531        5532
        5533        5534        5535        5536        5537        5652
        5653        5654        5655        5656        5657        5658
        5659        5660        5661        5662        5663        5664
        5665        5666        5667        5668        5669        5670
        5671        5672        5673        5674        5675        5676
        5677        5678        5679        5804        5805        5806
        5807        5808        5809        5810        5811        5812
        5813        5814        5815        5816        5817        5818
        5819        5820        5821        5950        5951        5952
        5953        5954        5955        5956        5957        5958
        5959        5960        5961        5962        5963        6097
        6098        6099        6100        6101        6102        6103
        6104        6105        6240        6241        6242        6243
        6244        6245        6246        6247        6383        6384
        6385        6386        6387        6388        6389        6526
        6527        6528        6529        6530        6531        6669
        6670        6671        6672        6673        2519        2661
        2804        2947        3089        3231        3374        3516
        3658        3800        3942        4084        4226        4368
        4511        4653        4796        4938        5081        5223
        5366        5508        2377        2378        2379        2380
        2381        2394        2395        2396        2397        2398
        2399        2400        2401        2524        2525        2526
        2527        2528        2529        2530        2531        2532
        2533        2534        2535        2536        2544        2545
        2688        2689        2690        2833        2834        2835
        2978        3121        3264        3407        5651        5794
        5795        5796        5797        5798        5799        5800
        5801        5802        5803        5946        5947        5948
        5949        6092        6093        6094        6095        6096
        6239        6382        6525        6668        6811        6812
        6813        6814        6815
        1584
          88
          91
        4722        4723        4724        4725        4726        4727
        4728        4729        4731        4756        4757        4758
        4759        4760        4761        4762        4763        4764
        4765        4766        4767        4768        4769        4771
        5004        5005        5006        5007        5008        5009
        5010        5011        5012        5013        5014        5015
        5016        5017        5018        5019        5020        5021
        5022        5023        5024        5025        5026        5027
        5028        5029        5030        5031        5032        5033
        5034        5035        5036        5037        5038        5039
        5040        5041        5042        5043        5044        5045
        5046        5047        5048        5049        5050        5051
        5052        5053        5054        5055        5057        5286
        5288        5289        5290        5291        5292        5293
        5294        5295        5296        5297        5298        5299
        5300        5301        5302        5303        5304        5305
        5306        5307        5308        5309        5310        5311
        5312        5313        5314        5315        5316        5317
        5318        5319        5320        5321        5322        5323
        5324        5325        5326        5327        5328        5329
        5330        5331        5332        5333        5334        5335
        5336        5337        5338        5339        5340        5341
        5342        5343        5345        5570        5572        5573
        5574        5575        5576        5577        5578        5579
        5580        5581        5582        5583        5584        5585
        5586        5587        5588        5589        5590        5591
        5592        5593        5594        5595        5596        5597
        5598        5599        5600        5601        5602        5603
        5604        5605        5606        5607        5608        5609
        5610        5611        5612        5613        5614        5615
        5616        5617        5618        5619        5620        5621
        5622        5623        5624        5625        5626        5627
        5628        5629        5630        5631        5633        5854
        5855        5856        5857        5858        5859        5860
        5861        5862        5863        5864        5865        5866
        5867        5868        5869        5870        5871        5872
        5873        5874        5875        5876        5877        5878
        5879        5880        5881        5882        5883        5884
        5885        5886        5887        5888        5889        5890
        5891        5892        5893        5894        5895        5896
        5897        5898        5899        5900        5901        5902
        5903        5904        5905        5906        5907        5908
        5909        5910        5911        5912        5913        5914
        5915        5917        6136        6137        6138        6139
        6140        6141        6142        6143        6144        6145
        6146        6147        6148        6149        6150        6151
        6152        6153        6154        6155        6156        6157
        6158        6159        6160        6161        6162        6163
        6164        6165        6166        6167        6168        6169
        6170        6171        6172        6173        6174        6175
        6176        6177        6178        6179        6180        6181
        6182        6183        6184        6185        6186        6187
        6188        6189        6190        6191        6192        6193
        6194        6195        6196        6197        6198        6199
        6201        6418        6420        6421        6422        6423
        6424        6425        6426        6427        6428        6429
        6430        6431        6432        6433        6434        6435
        6436        6437        6438        6439        6440        6441
        6442        6443        6444        6445        6446        6447
        6448        6449        6450        6451        6452        6453
        6454        6455        6456        6457        6458        6459
        6460        6461        6462        6463        6464        6465
        6466        6467        6468        6469        6470        6471
        6472        6473        6474        6475        6476        6477
        6478        6479        6480        6481        6482        6483
        6485        6702        6703        6704        6705        6706
        6707        6708        6709        6710        6711        6712
        6713        6714        6715        6716        6717        6718
        6719        6720        6721        6722        6723        6724
        6725        6726        6727        6728        6729        6730
        6731        6732        6733        6734        6735        6736
        6737        6738        6739        6740        6741        6742
        6743        6744        6745        6746        6747        6748
        6749        6750        6751        6752        6753        6754
        6755        6756        6757        6758        6759        6760
        6761        6762        6763        6764        6765        6766
        6767        6984        6985        6986        6987        6988
        6989        6990        6991        6992        6993        6994
        6995        6996        6997        6998        6999        7000
        7001        7002        7003        7004        7005        7006
        7007        7008        7009        7010        7011        7012
        7013        7014        7015        7016        7017        7018
        7019        7020        7021        7022        7023        7024
        7025        7026        7027        7028        7029        7030
        7031        7032        7033        7034        7035        7036
        7037        7038        7039        7040        7041        7042
        7043        7044        7045        7046        7047        7048
        7049        7266        7267        7268        7269        7270
        7271        7272        7273        7274        7275        7276
        7277        7278        7279        7280        7281        7282
        7283        7284        7285        7286        7287        7288
        7289        7290        7291        7292        7293        7294
        7295        7296        7297        7298        7299        7300
        7301        7302        7303        7304        7305        7306
        7307        7308        7309        7310        7311        7312
        7313        7314        7315        7316        7317        7318
        7319        7320        7321        7322        7323        7324
        7325        7326        7327        7328        7329        7330
        7331        7548        7549        7550        7551        7552
        7553        7554        7555        7556        7557        7558
        7559        7560        7561        7562        7563        7564
        7565        7566        7567        7568        7569        7570
        7571        7572        7573        7574        7575        7576
        7577        7578        7579        7580        7581        7582
        7583        7584        7585        7586        7587        7588
        7589        7590        7591        7592        7593        7594
        7595        7596        7597        7598        7599        7600
        7601        7602        7603        7604        7605        7606
        7607        7608        7609        7610        7611        7612
        7613        7830        7831        7832        7833        7834
        7835        7836        7837        7838        7839        7840
        7841        7842        7843        7844        7845        7846
        7847        7848        7849        7850        7851        7852
        7853        7854        7855        7856        7857        7858
        7859        7860        7861        7862        7863        7864
        7865        7866        7867        7868        7869        7870
        7871        7872        7873        7874        7875        7876
        7877        7878        7879        7880        7881        7882
        7883        7884        7885        7886        7887        7888
        7889        7890        7891        7892        7893        7894
        7895        8112        8113        8114        8115        8116
        8117        8118        8119        8120        8121        8122
        8123        8124        8125        8126        8127        8128
        8129        8130        8131        8132        8133        8134
        8135        8136        8137        8138        8139        8140
        8141        8142        8143        8144        8145        8146
        8147        8148        8149        8150        8151        8152
        8153        8154        8155        8156        8157        8158
        8159        8160        8161        8162        8163        8164
        8165        8166        8167        8168        8169        8170
        8171        8172        8173        8174        8175        8176
        8177        8394        8395        8396        8397        8398
        8399        8400        8401        8402        8403        8404
        8405        8406        8407        8408        8409        8410
        8411        8412        8413        8414        8415        8416
        8417        8418        8419        8420        8421        8422
        8423        8424        8425        8426        8427        8428
        8429        8430        8431        8432        8433        8434
        8435        8436        8437        8438        8439        8440
        8441        8442        8443        8444        8445        8446
        8447        8448        8449        8450        8451        8452
        8453        8454        8455        8456        8457        8458
        8459        8676        8678        8679        8680        8681
        8682        8683        8684        8685        8686        8687
        8688        8689        8690        8691        8692        8693
        8694        8695        8696        8697        8698        8699
        8700        8701        8702        8703        8704        8705
        8706        8707        8708        8709        8710        8711
        8712        8713        8714        8715        8716        8717
        8718        8719        8720        8721        8722        8723
        8724        8725        8726        8727        8728        8729
        8730        8731        8732        8733        8734        8735
        8736        8737        8738        8739        8740        8741
        8960        8961        8962        8963        8964        8965
        8966        8967        8968        8969        8970        8971
        8972        8973        8974        8975        8976        8977
        8978        8979        8980        8981        8982        8983
        8984        8985        8986        8987        8988        8989
        8990        8991        8992        8993        8994        8995
        8996        8997        8998        8999        9000        9001
        9002        9003        9004        9005        9006        9007
        9008        9009        9010        9011        9012        9013
        9014        9015        9016        9017        9018        9019
        9020        9021        9022        9023        9242        9244
        9245        9246        9247        9248        9249        9250
        9251        9252        9253        9254        9255        9256
        9257        9258        9259        9260        9261        9262
        9263        9264        9265        9266        9267        9268
        9269        9270        9271        9272        9273        9274
        9275        9276        9277        9278        9279        9280
        9281        9282        9283        9284        9285        9286
        9287        9288        9289        9290        9291        9292
        9293        9294        9295        9296        9297        9298
        9299        9300        9301        9302        9303        9304
        9305        9526        9527        9528        9529        9530
        9531        9532        9533        9534        9535        9536
        9537        9538        9539        9540        9541        9542
        9543        9544        9545        9546        9547        9548
        9549        9550        9551        9552        9553        9554
        9555        9556        9557        9558        9559        9560
        9561        9562        9563        9564        9565        9566
        9567        9568        9569        9570        9571        9572
        9573        9574        9575        9576        9577        9578
        9579        9580        9581        9582        9583        9584
        9585        9586        9587        9808        9810        9811
        9812        9813        9814        9815        9816        9817
        9818        9819        9820        9821        9822        9823
        9824        9825        9826        9827        9828        9829
        9830        9831        9832        9833        9834        9835
        9836        9837        9838        9839        9840        9841
        9842        9843        9844        9845        9846        9847
        9848        9849        9850        9851        9852        9853
        9854        9855        9856        9857        9858        9859
        9860        9861        9862        9863        9864        9865
        9866        9867        9868        9869       10092       10093
       10094       10095       10096       10097       10098       10099
       10100       10101       10102       10103       10104       10105
       10106       10107       10108       10109       10110       10111
       10112       10113       10114       10115       10116       10117
       10118       10119       10120       10121       10122       10123
       10124       10125       10126       10127       10128       10129
       10130       10131       10132       10133       10134       10135
       10136       10137       10138       10139       10140       10141
       10142       10143       10144       10145       10146       10147
       10148       10149       10150       10151       10374       10376
       10377       10378       10379       10380       10381       10382
       10383       10384       10385       10386       10387       10388
       10389       10390       10391       10392       10393       10394
       10395       10396       10397       10398       10399       10400
       10401       10402       10403       10404       10405       10406
       10407       10408       10409       10410       10411       10412
       10413       10414       10415       10416       10417       10418
       10419       10420       10421       10422       10423       10424
       10425       10426       10427       10428       10429       10430
       10431       10432       10433       10658       10659       10660
       10661       10662       10663       10664       10665       10666
       10667       10668       10669       10670       10671       10672
       10673       10674       10675       10676       10677       10678
       10679       10680       10681       10682       10683       10684
       10685       10686       10687       10688       10689       10690
       10691       10692       10693       10694       10695       10696
       10697       10698       10699       10700       10701       10702
       10703       10704       10705       10706       10707       10708
       10709       10710       10711       10712       10713       10714
       10715       10940       10942       10943       10944       10945
       10946       10947       10948       10949       10950       10951
       10952       10953       10954       10955       10956       10957
       10958       10959       10960       10961       10962       10963
       10964       10965       10966       10967       10968       10969
       10970       10971       10972       10973       10974       10975
       10976       10977       10978       10979       10980       10981
       10982       10983       10984       10985       10986       10987
       10988       10989       10990       10991       10992       10993
       10994       10995       10996       10997       11224       11226
       11227       11228       11229       11230       11231       11232
       11233       11234       11235       11236       11237       11238
       11239       11240       11241       11242       11243       11244
       11245       11246       11247       11248       11249       11250
       11251       11252       11253       11254       11255       11256
       11257       11258       11259       11260       11261       11262
       11263       11264       11265       11266       11267       11268
       11269       11270       11271       11272       11273       11274
       11275       11276       11277       11278       11279       11526
       11528       11529       11530       11531       11532       11533
       11534       11535       11536       11537       11538       11539
       11540       11541       11542       11543       11544       11545
       11546       11547       11548       11549       11550       11551
       11552       11553       11554       11555       11556       11557
       11558       11559       11560       11561       11816       11818
       11819       11820       11821       11822       11823       11824
       11825       11826       11827       11828       11829       11830
       11831       11832       11833       11834       11835       11836
       11837       11838       11839       11840       11841       11842
       11843       12108       12110       12111       12112       12113
       12114       12115       12116       12117       12118       12119
       12120       12121       12122       12123       12124       12125
       12392       12394       12395       12396       12397       12398
       12399       12400       12401       12402       12403       12404
       12405       12406       12407       12676       12678       12679
       12680       12681       12682       12683       12684       12685
       12686       12687       12688       12689       12960       12962
       12963       12964       12965       12966       12967       12968
       12969       12970       12971       13244       13246       13247
       13248       13249       13250       13251       13252       13253
        4720        5002        5287        5571        5852        6134
        6419        6700        6982        7264        7546        7828
        8110        8392        8677        8958        9243        9524
        9809       10090       10375       10656       10941        4441
        4443        4445        4447        4475        4477        4479
        4481        4483        4485        4487        4730        4733
        4735        4737        4739        4741        4743        4745
        4747        4749        4751        4753        4754        4755
        4770        4773        5056        5059        5061        5344
        5347        5349        5632        5916        6200        6484
       11225       11508       11510       11512       11514       11516
       11518       11520       11522       11524       11527       11810
       11812       11814       11817       12100       12102       12104
       12106       12109       12393       12677       12961       13245
       13528       13530       13532       13534        4721        5003
        5284        5568        5853        6135        6416        6701
        6983        7265        7547        7829        8111        8393
        8674        8959        9240        9525        9806       10091
       10372       10657       10938        4438        4439        4440
        4442        4444        4446        4449        4472        4473
        4474        4476        4478        4480        4482        4484
        4486        4489        4732        4734        4736        4738
        4740        4742        4744        4746        4748        4750
        4752        4772        4775        5058        5060        5063
        5346        5348        5351        5635        5919        6203
       11222       11506       11509       11511       11513       11515
       11517       11519       11521       11523       11525       11808
       11811       11813       11815       12098       12101       12103
       12105       12107       12390       12674       12958       13242
       13526       13529       13531       13533       13535
        2344
          88
        6927        6929        6930        6932        6933        6935
        6936        6938        6978        6980        6981        6983
        6984        6986        6987        6989        6990        6992
        6993        6995        6996        6998        7347        7349
        7350        7351        7352        7353        7354        7355
        7356        7357        7358        7359        7360        7361
        7363        7364        7366        7367        7369        7370
        7372        7373        7375        7376        7378        7379
        7381        7382        7384        7385        7387        7388
        7390        7391        7393        7394        7396        7397
        7398        7399        7400        7401        7402        7403
        7404        7405        7406        7407        7408        7409
        7410        7411        7412        7413        7414        7415
        7416        7417        7418        7419        7420        7421
        7423        7424        7426        7769        7772        7773
        7774        7775        7776        7777        7778        7779
        7780        7781        7782        7783        7784        7785
        7786        7787        7788        7789        7790        7791
        7792        7793        7794        7795        7796        7797
        7798        7799        7800        7801        7802        7803
        7804        7805        7806        7807        7808        7809
        7810        7811        7812        7813        7814        7815
        7816        7817        7818        7819        7820        7821
        7822        7823        7824        7825        7826        7827
        7828        7829        7830        7831        7832        7833
        7834        7835        7836        7837        7838        7839
        7840        7841        7842        7843        7844        7845
        7846        7847        7848        7849        7851        7852
        7854        7855        7857        8194        8197        8198
        8199        8200        8201        8202        8203        8204
        8205        8206        8207        8208        8209        8210
        8211        8212        8213        8214        8215        8216
        8217        8218        8219        8220        8221        8222
        8223        8224        8225        8226        8227        8228
        8229        8230        8231        8232        8233        8234
        8235        8236        8237        8238        8239        8240
        8241        8242        8243        8244        8245        8246
        8247        8248        8249        8250        8251        8252
        8253        8254        8255        8256        8257        8258
        8259        8260        8261        8262        8263        8264
        8265        8266        8267        8268        8269        8270
        8271        8272        8273        8274        8275        8276
        8277        8278        8279        8280        8282        8283
        8285        8286        8288        8619        8621        8622
        8623        8624        8625        8626        8627        8628
        8629        8630        8631        8632        8633        8634
        8635        8636        8637        8638        8639        8640
        8641        8642        8643        8644        8645        8646
        8647        8648        8649        8650        8651        8652
        8653        8654        8655        8656        8657        8658
        8659        8660        8661        8662        8663        8664
        8665        8666        8667        8668        8669        8670
        8671        8672        8673        8674        8675        8676
        8677        8678        8679        8680        8681        8682
        8683        8684        8685        8686        8687        8688
        8689        8690        8691        8692        8693        8694
        8695        8696        8697        8698        8699        8700
        8701        8702        8703        8704        8705        8706
        8707        8708        8709        8710        8711        8713
        9041        9043        9044        9045        9046        9047
        9048        9049        9050        9051        9052        9053
        9054        9055        9056        9057        9058        9059
        9060        9061        9062        9063        9064        9065
        9066        9067        9068        9069        9070        9071
        9072        9073        9074        9075        9076        9077
        9078        9079        9080        9081        9082        9083
        9084        9085        9086        9087        9088        9089
        9090        9091        9092        9093        9094        9095
        9096        9097        9098        9099        9100        9101
        9102        9103        9104        9105        9106        9107
        9108        9109        9110        9111        9112        9113
        9114        9115        9116        9117        9118        9119
        9120        9121        9122        9123        9124        9125
        9126        9127        9128        9129        9130        9131
        9132        9133        9134        9135        9136        9138
        9463        9466        9467        9468        9469        9470
        9471        9472        9473        9474        9475        9476
        9477        9478        9479        9480        9481        9482
        9483        9484        9485        9486        9487        9488
        9489        9490        9491        9492        9493        9494
        9495        9496        9497        9498        9499        9500
        9501        9502        9503        9504        9505        9506
        9507        9508        9509        9510        9511        9512
        9513        9514        9515        9516        9517        9518
        9519        9520        9521        9522        9523        9524
        9525        9526        9527        9528        9529        9530
        9531        9532        9533        9534        9535        9536
        9537        9538        9539        9540        9541        9542
        9543        9544        9545        9546        9547        9548
        9549        9550        9551        9552        9553        9554
        9555        9556        9557        9558        9559        9560
        9561        9563        9888        9890        9891        9892
        9893        9894        9895        9896        9897        9898
        9899        9900        9901        9902        9903        9904
        9905        9906        9907        9908        9909        9910
        9911        9912        9913        9914        9915        9916
        9917        9918        9919        9920        9921        9922
        9923        9924        9925        9926        9927        9928
        9929        9930        9931        9932        9933        9934
        9935        9936        9937        9938        9939        9940
        9941        9942        9943        9944        9945        9946
        9947        9948        9949        9950        9951        9952
        9953        9954        9955        9956        9957        9958
        9959        9960        9961        9962        9963        9964
        9965        9966        9967        9968        9969        9970
        9971        9972        9973        9974        9975        9976
        9977        9978        9979        9980        9981        9982
        9983        9984        9985        9986       10310       10312
       10313       10314       10315       10316       10317       10318
       10319       10320       10321       10322       10323       10324
       10325       10326       10327       10328       10329       10330
       10331       10332       10333       10334       10335       10336
       10337       10338       10339       10340       10341       10342
       10343       10344       10345       10346       10347       10348
       10349       10350       10351       10352       10353       10354
       10355       10356       10357       10358       10359       10360
       10361       10362       10363       10364       10365       10366
       10367       10368       10369       10370       10371       10372
       10373       10374       10375       10376       10377       10378
       10379       10380       10381       10382       10383       10384
       10385       10386       10387       10388       10389       10390
       10391       10392       10393       10394       10395       10396
       10397       10398       10399       10400       10401       10402
       10403       10404       10405       10406       10407       10408
       10732       10734       10735       10736       10737       10738
       10739       10740       10741       10742       10743       10744
       10745       10746       10747       10748       10749       10750
       10751       10752       10753       10754       10755       10756
       10757       10758       10759       10760       10761       10762
       10763       10764       10765       10766       10767       10768
       10769       10770       10771       10772       10773       10774
       10775       10776       10777       10778       10779       10780
       10781       10782       10783       10784       10785       10786
       10787       10788       10789       10790       10791       10792
       10793       10794       10795       10796       10797       10798
       10799       10800       10801       10802       10803       10804
       10805       10806       10807       10808       10809       10810
       10811       10812       10813       10814       10815       10816
       10817       10818       10819       10820       10821       10822
       10823       10824       10825       10826       10827       10828
       10829       10830       11154       11156       11157       11158
       11159       11160       11161       11162       11163       11164
       11165       11166       11167       11168       11169       11170
       11171       11172       11173       11174       11175       11176
       11177       11178       11179       11180       11181       11182
       11183       11184       11185       11186       11187       11188
       11189       11190       11191       11192       11193       11194
       11195       11196       11197       11198       11199       11200
       11201       11202       11203       11204       11205       11206
       11207       11208       11209       11210       11211       11212
       11213       11214       11215       11216       11217       11218
       11219       11220       11221       11222       11223       11224
       11225       11226       11227       11228       11229       11230
       11231       11232       11233       11234       11235       11236
       11237       11238       11239       11240       11241       11242
       11243       11244       11245       11246       11247       11248
       11249       11250       11251       11252       11576       11578
       11579       11580       11581       11582       11583       11584
       11585       11586       11587       11588       11589       11590
       11591       11592       11593       11594       11595       11596
       11597       11598       11599       11600       11601       11602
       11603       11604       11605       11606       11607       11608
       11609       11610       11611       11612       11613       11614
       11615       11616       11617       11618       11619       11620
       11621       11622       11623       11624       11625       11626
       11627       11628       11629       11630       11631       11632
       11633       11634       11635       11636       11637       11638
       11639       11640       11641       11642       11643       11644
       11645       11646       11647       11648       11649       11650
       11651       11652       11653       11654       11655       11656
       11657       11658       11659       11660       11661       11662
       11663       11664       11665       11666       11667       11668
       11669       11670       11671       11672       11673       11674
       11998       12000       12001       12002       12003       12004
       12005       12006       12007       12008       12009       12010
       12011       12012       12013       12014       12015       12016
       12017       12018       12019       12020       12021       12022
       12023       12024       12025       12026       12027       12028
       12029       12030       12031       12032       12033       12034
       12035       12036       12037       12038       12039       12040
       12041       12042       12043       12044       12045       12046
       12047       12048       12049       12050       12051       12052
       12053       12054       12055       12056       12057       12058
       12059       12060       12061       12062       12063       12064
       12065       12066       12067       12068       12069       12070
       12071       12072       12073       12074       12075       12076
       12077       12078       12079       12080       12081       12082
       12083       12084       12085       12086       12087       12088
       12089       12090       12091       12092       12093       12094
       12095       12096       12420       12422       12423       12424
       12425       12426       12427       12428       12429       12430
       12431       12432       12433       12434       12435       12436
       12437       12438       12439       12440       12441       12442
       12443       12444       12445       12446       12447       12448
       12449       12450       12451       12452       12453       12454
       12455       12456       12457       12458       12459       12460
       12461       12462       12463       12464       12465       12466
       12467       12468       12469       12470       12471       12472
       12473       12474       12475       12476       12477       12478
       12479       12480       12481       12482       12483       12484
       12485       12486       12487       12488       12489       12490
       12491       12492       12493       12494       12495       12496
       12497       12498       12499       12500       12501       12502
       12503       12504       12505       12506       12507       12508
       12509       12510       12511       12512       12513       12514
       12515       12516       12517       12518       12842       12845
       12846       12847       12848       12849       12850       12851
       12852       12853       12854       12855       12856       12857
       12858       12859       12860       12861       12862       12863
       12864       12865       12866       12867       12868       12869
       12870       12871       12872       12873       12874       12875
       12876       12877       12878       12879       12880       12881
       12882       12883       12884       12885       12886       12887
       12888       12889       12890       12891       12892       12893
       12894       12895       12896       12897       12898       12899
       12900       12901       12902       12903       12904       12905
       12906       12907       12908       12909       12910       12911
       12912       12913       12914       12915       12916       12917
       12918       12919       12920       12921       12922       12923
       12924       12925       12926       12927       12928       12929
       12930       12931       12932       12933       12934       12935
       12936       12937       12938       12939       12940       13267
       13269       13270       13271       13272       13273       13274
       13275       13276       13277       13278       13279       13280
       13281       13282       13283       13284       13285       13286
       13287       13288       13289       13290       13291       13292
       13293       13294       13295       13296       13297       13298
       13299       13300       13301       13302       13303       13304
       13305       13306       13307       13308       13309       13310
       13311       13312       13313       13314       13315       13316
       13317       13318       13319       13320       13321       13322
       13323       13324       13325       13326       13327       13328
       13329       13330       13331       13332       13333       13334
       13335       13336       13337       13338       13339       13340
       13341       13342       13343       13344       13345       13346
       13347       13348       13349       13350       13351       13352
       13353       13354       13355       13356       13357       13358
       13359       13360       13361       13362       13689       13692
       13693       13694       13695       13696       13697       13698
       13699       13700       13701       13702       13703       13704
       13705       13706       13707       13708       13709       13710
       13711       13712       13713       13714       13715       13716
       13717       13718       13719       13720       13721       13722
       13723       13724       13725       13726       13727       13728
       13729       13730       13731       13732       13733       13734
       13735       13736       13737       13738       13739       13740
       13741       13742       13743       13744       13745       13746
       13747       13748       13749       13750       13751       13752
       13753       13754       13755       13756       13757       13758
       13759       13760       13761       13762       13763       13764
       13765       13766       13767       13768       13769       13770
       13771       13772       13773       13774       13775       13776
       13777       13778       13779       13780       13781       13782
       13783       13784       14114       14116       14117       14118
       14119       14120       14121       14122       14123       14124
       14125       14126       14127       14128       14129       14130
       14131       14132       14133       14134       14135       14136
       14137       14138       14139       14140       14141       14142
       14143       14144       14145       14146       14147       14148
       14149       14150       14151       14152       14153       14154
       14155       14156       14157       14158       14159       14160
       14161       14162       14163       14164       14165       14166
       14167       14168       14169       14170       14171       14172
       14173       14174       14175       14176       14177       14178
       14179       14180       14181       14182       14183       14184
       14185       14186       14187       14188       14189       14190
       14191       14192       14193       14194       14195       14196
       14197       14198       14199       14200       14201       14202
       14203       14204       14205       14206       14536       14539
       14540       14541       14542       14543       14544       14545
       14546       14547       14548       14549       14550       14551
       14552       14553       14554       14555       14556       14557
       14558       14559       14560       14561       14562       14563
       14564       14565       14566       14567       14568       14569
       14570       14571       14572       14573       14574       14575
       14576       14577       14578       14579       14580       14581
       14582       14583       14584       14585       14586       14587
       14588       14589       14590       14591       14592       14593
       14594       14595       14596       14597       14598       14599
       14600       14601       14602       14603       14604       14605
       14606       14607       14608       14609       14610       14611
       14612       14613       14614       14615       14616       14617
       14618       14619       14620       14621       14622       14623
       14624       14625       14626       14627       14628       14961
       14963       14964       14965       14966       14967       14968
       14969       14970       14971       14972       14973       14974
       14975       14976       14977       14978       14979       14980
       14981       14982       14983       14984       14985       14986
       14987       14988       14989       14990       14991       14992
       14993       14994       14995       14996       14997       14998
       14999       15000       15001       15002       15003       15004
       15005       15006       15007       15008       15009       15010
       15011       15012       15013       15014       15015       15016
       15017       15018       15019       15020       15021       15022
       15023       15024       15025       15026       15027       15028
       15029       15030       15031       15032       15033       15034
       15035       15036       15037       15038       15039       15040
       15041       15042       15043       15044       15045       15046
       15047       15048       15049       15050       15383       15386
       15387       15388       15389       15390       15391       15392
       15393       15394       15395       15396       15397       15398
       15399       15400       15401       15402       15403       15404
       15405       15406       15407       15408       15409       15410
       15411       15412       15413       15414       15415       15416
       15417       15418       15419       15420       15421       15422
       15423       15424       15425       15426       15427       15428
       15429       15430       15431       15432       15433       15434
       15435       15436       15437       15438       15439       15440
       15441       15442       15443       15444       15445       15446
       15447       15448       15449       15450       15451       15452
       15453       15454       15455       15456       15457       15458
       15459       15460       15461       15462       15463       15464
       15465       15466       15467       15468       15469       15470
       15471       15472       15808       15810       15811       15812
       15813       15814       15815       15816       15817       15818
       15819       15820       15821       15822       15823       15824
       15825       15826       15827       15828       15829       15830
       15831       15832       15833       15834       15835       15836
       15837       15838       15839       15840       15841       15842
       15843       15844       15845       15846       15847       15848
       15849       15850       15851       15852       15853       15854
       15855       15856       15857       15858       15859       15860
       15861       15862       15863       15864       15865       15866
       15867       15868       15869       15870       15871       15872
       15873       15874       15875       15876       15877       15878
       15879       15880       15881       15882       15883       15884
       15885       15886       15887       15888       15889       15890
       15891       15892       15893       15894       16230       16233
       16234       16235       16236       16237       16238       16239
       16240       16241       16242       16243       16244       16245
       16246       16247       16248       16249       16250       16251
       16252       16253       16254       16255       16256       16257
       16258       16259       16260       16261       16262       16263
       16264       16265       16266       16267       16268       16269
       16270       16271       16272       16273       16274       16275
       16276       16277       16278       16279       16280       16281
       16282       16283       16284       16285       16286       16287
       16288       16289       16290       16291       16292       16293
       16294       16295       16296       16297       16298       16299
       16300       16301       16302       16303       16304       16305
       16306       16307       16308       16309       16310       16311
       16312       16313       16314       16315       16316       16655
       16658       16659       16660       16661       16662       16663
       16664       16665       16666       16667       16668       16669
       16670       16671       16672       16673       16674       16675
       16676       16677       16678       16679       16680       16681
       16682       16683       16684       16685       16686       16687
       16688       16689       16690       16691       16692       16693
       16694       16695       16696       16697       16698       16699
       16700       16701       16702       16703       16704       16705
       16706       16707       16708       16709       16710       16711
       16712       16713       16714       16715       16716       16717
       16718       16719       16720       16721       16722       16723
       16724       16725       16726       16727       16728       16729
       16730       16731       16732       16733       16734       16735
       16736       16737       16738       17107       17110       17111
       17112       17113       17114       17115       17116       17117
       17118       17119       17120       17121       17122       17123
       17124       17125       17126       17127       17128       17129
       17130       17131       17132       17133       17134       17135
       17136       17137       17138       17139       17140       17141
       17142       17143       17144       17145       17146       17147
       17148       17149       17150       17151       17152       17153
       17154       17155       17156       17157       17158       17159
       17160       17541       17544       17545       17546       17547
       17548       17549       17550       17551       17552       17553
       17554       17555       17556       17557       17558       17559
       17560       17561       17562       17563       17564       17565
       17566       17567       17568       17569       17570       17571
       17572       17573       17574       17575       17576       17577
       17578       17579       17580       17581       17582       17978
       17981       17982       17983       17984       17985       17986
       17987       17988       17989       17990       17991       17992
       17993       17994       17995       17996       17997       17998
       17999       18000       18001       18002       18003       18004
       18403       18406       18407       18408       18409       18410
       18411       18412       18413       18414       18415       18416
       18417       18418       18419       18420       18421       18422
       18423       18424       18425       18426       18828       18831
       18832       18833       18834       18835       18836       18837
       18838       18839       18840       18841       18842       18843
       18844       18845       18846       18847       18848       19253
       19256       19257       19258       19259       19260       19261
       19262       19263       19264       19265       19266       19267
       19268       19269       19270       19678       19681       19682
       19683       19684       19685       19686       19687       19688
       19689       19690       19691       19692       44777       44779
       44781       44783       44785       44787       44789       44791
       44793       44795       44797       44799       44801       44803
       44805       44807       44809       44811       44813       44815
       44817       44819       44821       44823        6925        6926
        6928        6931        6934        6939        6976        6977
        6979        6982        6985        6988        6991        6994
        6999        7348        7362        7365        7368        7371
        7374        7377        7380        7383        7386        7389
        7392        7395        7422        7427        7771        7850
        7853        7858        8196        8281        8284        8289
        8620        8714        9042        9139        9465        9564
        9889       10311       10733       11155       11577       11999
       12421       12844       13268       13691       14115       14538
       14962       15385       15809       16232       16657       17080
       17083       17086       17089       17092       17095       17098
       17101       17104       17109       17532       17535       17538
       17543       17966       17969       17972       17975       17980
       18405       18830       19255       19680       20103       20106
       20109       20112
