           0
         759
          91
        9863        9864        9865        9866        9867        9868
        9869        9870        9871        9872        9873        9874
        9875        9876       10006       10007       10008       10009
       10010       10011       10012       10013       10014       10015
       10016       10017       10018       10019       10148       10149
       10150       10151       10152       10153       10154       10155
       10156       10157       10158       10159       10160       10161
       10162       10290       10291       10292       10293       10294
       10295       10296       10297       10298       10299       10300
       10301       10302       10303       10304       10305       10433
       10434       10435       10436       10437       10438       10439
       10440       10441       10442       10443       10444       10445
       10446       10447       10448       10575       10576       10577
       10578       10579       10580       10581       10582       10583
       10584       10585       10586       10587       10588       10589
       10590       10591       10718       10719       10720       10721
       10722       10723       10724       10725       10726       10727
       10728       10729       10730       10731       10732       10733
       10860       10861       10862       10863       10864       10865
       10866       10867       10868       10869       10870       10871
       10872       10873       10874       10875       11003       11004
       11005       11006       11007       11008       11009       11010
       11011       11012       11013       11014       11015       11016
       11017       11146       11147       11148       11149       11150
       11151       11152       11153       11154       11155       11156
       11157       11158       11159       11289       11290       11291
       11292       11293       11294       11295       11296       11297
       11298       11299       11300       11301       11302       11431
       11432       11433       11434       11435       11436       11437
       11438       11439       11440       11441       11442       11443
       11444       11445       11574       11575       11576       11577
       11578       11579       11580       11581       11582       11583
       11584       11585       11586       11587       11588       11716
       11717       11718       11719       11720       11721       11722
       11723       11724       11725       11726       11727       11728
       11729       11730       11731       11858       11859       11860
       11861       11862       11863       11864       11865       11866
       11867       11868       11869       11870       11871       11872
       11873       11874       12001       12002       12003       12004
       12005       12006       12007       12008       12009       12010
       12011       12012       12013       12014       12015       12016
       12143       12144       12145       12146       12147       12148
       12149       12150       12151       12152       12153       12154
       12155       12156       12157       12158       12159       12285
       12286       12287       12288       12289       12290       12291
       12292       12293       12294       12295       12296       12297
       12298       12299       12300       12301       12302       12427
       12428       12429       12430       12431       12432       12433
       12434       12435       12436       12437       12438       12439
       12440       12441       12442       12443       12444       12445
       12569       12570       12571       12572       12573       12574
       12575       12576       12577       12578       12579       12580
       12581       12582       12583       12584       12585       12586
       12587       12588       12711       12712       12713       12714
       12715       12716       12717       12718       12719       12720
       12721       12722       12723       12724       12725       12726
       12727       12728       12729       12730       12731       12854
       12855       12856       12857       12858       12859       12860
       12861       12862       12863       12864       12865       12866
       12867       12868       12869       12870       12871       12872
       12873       12997       12998       12999       13000       13001
       13002       13003       13004       13005       13006       13007
       13008       13009       13010       13011       13012       13013
       13014       13015       13016       13139       13140       13141
       13142       13143       13144       13145       13146       13147
       13148       13149       13150       13151       13152       13153
       13154       13155       13156       13157       13158       13159
       13281       13282       13283       13284       13285       13286
       13287       13288       13289       13290       13291       13292
       13293       13294       13295       13296       13297       13298
       13299       13300       13301       13302       13423       13424
       13425       13426       13427       13428       13429       13430
       13431       13432       13433       13434       13435       13436
       13437       13438       13439       13440       13441       13442
       13443       13444       13445       13565       13566       13567
       13568       13569       13570       13571       13572       13573
       13574       13575       13576       13577       13578       13579
       13580       13581       13582       13583       13584       13585
       13586       13587       13588       13707       13708       13709
       13710       13711       13712       13713       13714       13715
       13716       13717       13718       13719       13720       13721
       13722       13723       13724       13725       13726       13727
       13728       13729       13730       13731       13850       13851
       13852       13853       13854       13855       13856       13857
       13858       13859       13860       13861       13862       13863
       13864       13865       13866       13867       13868       13869
       13870       13871       13872       13873       13992       13993
       13994       13995       13996       13997       13998       13999
       14000       14001       14002       14003       14004       14005
       14006       14007       14008       14009       14010       14011
       14012       14013       14014       14015       14016       14134
       14135       14136       14137       14138       14139       14140
       14141       14142       14143       14144       14145       14146
       14147       14148       14149       14150       14151       14152
       14153       14154       14155       14156       14157       14158
       14159       14276       14277       14278       14279       14280
       14281       14282       14283       14284       14285       14286
       14287       14288       14289       14290       14291       14292
       14293       14294       14295       14296       14297       14298
       14299       14300       14301       14302       14418       14419
       14420       14421       14422       14423       14424       14425
       14426       14427       14428       14429       14430       14431
       14432       14433       14434       14435       14436       14437
       14438       14439       14440       14441       14442       14443
       14444       14445       14561       14562       14563       14564
       14565       14566       14567       14568       14569       14570
       14571       14572       14573       14574       14575       14576
       14577       14578       14579       14580       14581       14582
       14583       14584       14585       14586       14587       14588
       14704       14705       14706       14707       14708       14709
       14710       14711       14712       14713       14714       14715
       14716       14717       14718       14719       14720       14721
       14722       14723       14724       14725       14726       14727
       14728       14729       14730       14847       14848       14849
       14850       14851       14852       14853       14854       14855
       14856       14857       14858       14859       14860       14861
       14862       14863       14864       14865       14866       14867
       14868       14869       14870       14871       14872       14989
       14990       14991       14992       14993       14994       14995
       14996       14997       14998       14999       15000       15001
       15002       15003       15004       15005       15006       15007
       15008       15009       15010       15011       15012       15013
       15014       15130       15131       15132       15133       15134
       15135       15136       15137       15138       15139       15140
       15141       15142       15143       15144       15145       15146
       15147       15148       15149       15150       15151       15152
       15153       15154       15155        9862       10005       10147
       10289       10432       10574       10717       10859       11002
       11145       11288       11430       11573       11715       11857
       12000       12142       12284       12426       12568       12710
       12853       12996       13138       13280       13422       13564
       13706       13849       13991       14133       14275       14417
       14560       14703       14846       14988       15129        9720
        9721        9722        9723        9724        9725        9726
        9727        9728        9729        9730        9731        9732
        9733        9734        9877       10020       10163       10306
       10449       10592       10734       10876       11018       11160
       11303       11446       11589       11732       11875       12017
       12160       12303       12446       12589       12732       12874
       13017       13160       13303       13446       13589       13732
       13874       14017       14160       14303       14446       14589
       14731       14873       15015       15156
        1581
          90
          93
       19304       19305       19306       19307       19308       19309
       19310       19311       19312       19313       19314       19315
       19316       19317       19318       19319       19320       19321
       19322       19323       19324       19325       19326       19327
       19328       19329       19330       19331       19333       19586
       19588       19589       19590       19591       19592       19593
       19594       19595       19596       19597       19598       19599
       19600       19601       19602       19603       19604       19605
       19606       19607       19608       19609       19610       19611
       19612       19613       19614       19615       19617       19870
       19871       19872       19873       19874       19875       19876
       19877       19878       19879       19880       19881       19882
       19883       19884       19885       19886       19887       19888
       19889       19890       19891       19892       19893       19894
       19895       19896       19897       19898       19899       19901
       20152       20153       20154       20155       20156       20157
       20158       20159       20160       20161       20162       20163
       20164       20165       20166       20167       20168       20169
       20170       20171       20172       20173       20174       20175
       20176       20177       20178       20179       20180       20181
       20182       20183       20185       20434       20436       20437
       20438       20439       20440       20441       20442       20443
       20444       20445       20446       20447       20448       20449
       20450       20451       20452       20453       20454       20455
       20456       20457       20458       20459       20460       20461
       20462       20463       20464       20465       20466       20467
       20469       20718       20719       20720       20721       20722
       20723       20724       20725       20726       20727       20728
       20729       20730       20731       20732       20733       20734
       20735       20736       20737       20738       20739       20740
       20741       20742       20743       20744       20745       20746
       20747       20748       20749       20750       20751       20753
       21000       21002       21003       21004       21005       21006
       21007       21008       21009       21010       21011       21012
       21013       21014       21015       21016       21017       21018
       21019       21020       21021       21022       21023       21024
       21025       21026       21027       21028       21029       21030
       21031       21032       21033       21034       21035       21284
       21285       21286       21287       21288       21289       21290
       21291       21292       21293       21294       21295       21296
       21297       21298       21299       21300       21301       21302
       21303       21304       21305       21306       21307       21308
       21309       21310       21311       21312       21313       21314
       21315       21316       21317       21566       21568       21569
       21570       21571       21572       21573       21574       21575
       21576       21577       21578       21579       21580       21581
       21582       21583       21584       21585       21586       21587
       21588       21589       21590       21591       21592       21593
       21594       21595       21596       21597       21598       21599
       21850       21852       21853       21854       21855       21856
       21857       21858       21859       21860       21861       21862
       21863       21864       21865       21866       21867       21868
       21869       21870       21871       21872       21873       21874
       21875       21876       21877       21878       21879       21880
       21881       22134       22136       22137       22138       22139
       22140       22141       22142       22143       22144       22145
       22146       22147       22148       22149       22150       22151
       22152       22153       22154       22155       22156       22157
       22158       22159       22160       22161       22162       22163
       22165       22418       22419       22420       22421       22422
       22423       22424       22425       22426       22427       22428
       22429       22430       22431       22432       22433       22434
       22435       22436       22437       22438       22439       22440
       22441       22442       22443       22444       22445       22446
       22447       22449       22700       22702       22703       22704
       22705       22706       22707       22708       22709       22710
       22711       22712       22713       22714       22715       22716
       22717       22718       22719       22720       22721       22722
       22723       22724       22725       22726       22727       22728
       22729       22730       22731       22733       22984       22985
       22986       22987       22988       22989       22990       22991
       22992       22993       22994       22995       22996       22997
       22998       22999       23000       23001       23002       23003
       23004       23005       23006       23007       23008       23009
       23010       23011       23012       23013       23014       23015
       23017       23266       23267       23268       23269       23270
       23271       23272       23273       23274       23275       23276
       23277       23278       23279       23280       23281       23282
       23283       23284       23285       23286       23287       23288
       23289       23290       23291       23292       23293       23294
       23295       23296       23297       23298       23299       23301
       23548       23550       23551       23552       23553       23554
       23555       23556       23557       23558       23559       23560
       23561       23562       23563       23564       23565       23566
       23567       23568       23569       23570       23571       23572
       23573       23574       23575       23576       23577       23578
       23579       23580       23581       23582       23583       23832
       23833       23834       23835       23836       23837       23838
       23839       23840       23841       23842       23843       23844
       23845       23846       23847       23848       23849       23850
       23851       23852       23853       23854       23855       23856
       23857       23858       23859       23860       23861       23862
       23863       23864       23865       23867       24114       24115
       24116       24117       24118       24119       24120       24121
       24122       24123       24124       24125       24126       24127
       24128       24129       24130       24131       24132       24133
       24134       24135       24136       24137       24138       24139
       24140       24141       24142       24143       24144       24145
       24146       24147       24148       24149       24151       24396
       24397       24398       24399       24400       24401       24402
       24403       24404       24405       24406       24407       24408
       24409       24410       24411       24412       24413       24414
       24415       24416       24417       24418       24419       24420
       24421       24422       24423       24424       24425       24426
       24427       24428       24429       24430       24431       24432
       24433       24435       24678       24679       24680       24681
       24682       24683       24684       24685       24686       24687
       24688       24689       24690       24691       24692       24693
       24694       24695       24696       24697       24698       24699
       24700       24701       24702       24703       24704       24705
       24706       24707       24708       24709       24710       24711
       24712       24713       24714       24715       24716       24717
       24719       24960       24961       24962       24963       24964
       24965       24966       24967       24968       24969       24970
       24971       24972       24973       24974       24975       24976
       24977       24978       24979       24980       24981       24982
       24983       24984       24985       24986       24987       24988
       24989       24990       24991       24992       24993       24994
       24995       24996       24997       24998       24999       25000
       25001       25003       25242       25244       25245       25246
       25247       25248       25249       25250       25251       25252
       25253       25254       25255       25256       25257       25258
       25259       25260       25261       25262       25263       25264
       25265       25266       25267       25268       25269       25270
       25271       25272       25273       25274       25275       25276
       25277       25278       25279       25280       25281       25282
       25283       25284       25285       25526       25528       25529
       25530       25531       25532       25533       25534       25535
       25536       25537       25538       25539       25540       25541
       25542       25543       25544       25545       25546       25547
       25548       25549       25550       25551       25552       25553
       25554       25555       25556       25557       25558       25559
       25560       25561       25562       25563       25564       25565
       25566       25567       25569       25810       25811       25812
       25813       25814       25815       25816       25817       25818
       25819       25820       25821       25822       25823       25824
       25825       25826       25827       25828       25829       25830
       25831       25832       25833       25834       25835       25836
       25837       25838       25839       25840       25841       25842
       25843       25844       25845       25846       25847       25848
       25849       25850       25851       25853       26092       26093
       26094       26095       26096       26097       26098       26099
       26100       26101       26102       26103       26104       26105
       26106       26107       26108       26109       26110       26111
       26112       26113       26114       26115       26116       26117
       26118       26119       26120       26121       26122       26123
       26124       26125       26126       26127       26128       26129
       26130       26131       26132       26133       26134       26135
       26137       26374       26375       26376       26377       26378
       26379       26380       26381       26382       26383       26384
       26385       26386       26387       26388       26389       26390
       26391       26392       26393       26394       26395       26396
       26397       26398       26399       26400       26401       26402
       26403       26404       26405       26406       26407       26408
       26409       26410       26411       26412       26413       26414
       26415       26416       26417       26418       26419       26421
       26656       26657       26658       26659       26660       26661
       26662       26663       26664       26665       26666       26667
       26668       26669       26670       26671       26672       26673
       26674       26675       26676       26677       26678       26679
       26680       26681       26682       26683       26684       26685
       26686       26687       26688       26689       26690       26691
       26692       26693       26694       26695       26696       26697
       26698       26699       26700       26701       26702       26703
       26705       26938       26939       26940       26941       26942
       26943       26944       26945       26946       26947       26948
       26949       26950       26951       26952       26953       26954
       26955       26956       26957       26958       26959       26960
       26961       26962       26963       26964       26965       26966
       26967       26968       26969       26970       26971       26972
       26973       26974       26975       26976       26977       26978
       26979       26980       26981       26982       26983       26984
       26985       26986       26987       26989       27220       27222
       27223       27224       27225       27226       27227       27228
       27229       27230       27231       27232       27233       27234
       27235       27236       27237       27238       27239       27240
       27241       27242       27243       27244       27245       27246
       27247       27248       27249       27250       27251       27252
       27253       27254       27255       27256       27257       27258
       27259       27260       27261       27262       27263       27264
       27265       27266       27267       27268       27269       27270
       27271       27504       27505       27506       27507       27508
       27509       27510       27511       27512       27513       27514
       27515       27516       27517       27518       27519       27520
       27521       27522       27523       27524       27525       27526
       27527       27528       27529       27530       27531       27532
       27533       27534       27535       27536       27537       27538
       27539       27540       27541       27542       27543       27544
       27545       27546       27547       27548       27549       27550
       27551       27552       27553       27555       27786       27787
       27788       27789       27790       27791       27792       27793
       27794       27795       27796       27797       27798       27799
       27800       27801       27802       27803       27804       27805
       27806       27807       27808       27809       27810       27811
       27812       27813       27814       27815       27816       27817
       27818       27819       27820       27821       27822       27823
       27824       27825       27826       27827       27828       27829
       27830       27831       27832       27833       27834       27835
       27836       27837       27839       28068       28069       28070
       28071       28072       28073       28074       28075       28076
       28077       28078       28079       28080       28081       28082
       28083       28084       28085       28086       28087       28088
       28089       28090       28091       28092       28093       28094
       28095       28096       28097       28098       28099       28100
       28101       28102       28103       28104       28105       28106
       28107       28108       28109       28110       28111       28112
       28113       28114       28115       28116       28117       28118
       28119       28120       28121       28123       28350       28351
       28352       28353       28354       28355       28356       28357
       28358       28359       28360       28361       28362       28363
       28364       28365       28366       28367       28368       28369
       28370       28371       28372       28373       28374       28375
       28376       28377       28378       28379       28380       28381
       28382       28383       28384       28385       28386       28387
       28388       28389       28390       28391       28392       28393
       28394       28395       28396       28397       28398       28399
       28400       28401       28402       28403       28404       28405
       28407       28632       28634       28635       28636       28637
       28638       28639       28640       28641       28642       28643
       28644       28645       28646       28647       28648       28649
       28650       28651       28652       28653       28654       28655
       28656       28657       28658       28659       28660       28661
       28662       28663       28664       28665       28666       28667
       28668       28669       28670       28671       28672       28673
       28674       28675       28676       28677       28678       28679
       28680       28681       28682       28683       28684       28685
       28686       28687       28688       28689       28691       28916
       28918       28919       28920       28921       28922       28923
       28924       28925       28926       28927       28928       28929
       28930       28931       28932       28933       28934       28935
       28936       28937       28938       28939       28940       28941
       28942       28943       28944       28945       28946       28947
       28948       28949       28950       28951       28952       28953
       28954       28955       28956       28957       28958       28959
       28960       28961       28962       28963       28964       28965
       28966       28967       28968       28969       28970       28971
       28972       28973       29200       29202       29203       29204
       29205       29206       29207       29208       29209       29210
       29211       29212       29213       29214       29215       29216
       29217       29218       29219       29220       29221       29222
       29223       29224       29225       29226       29227       29228
       29229       29230       29231       29232       29233       29234
       29235       29236       29237       29238       29239       29240
       29241       29242       29243       29244       29245       29246
       29247       29248       29249       29250       29251       29252
       29253       29254       29255       29484       29485       29486
       29487       29488       29489       29490       29491       29492
       29493       29494       29495       29496       29497       29498
       29499       29500       29501       29502       29503       29504
       29505       29506       29507       29508       29509       29510
       29511       29512       29513       29514       29515       29516
       29517       29518       29519       29520       29521       29522
       29523       29524       29525       29526       29527       29528
       29529       29530       29531       29532       29533       29534
       29535       29536       29537       29765       29766       29767
       29768       29769       29770       29771       29772       29773
       29774       29775       29776       29777       29778       29779
       29780       29781       29782       29783       29784       29785
       29786       29787       29788       29789       29790       29791
       29792       29793       29794       29795       29796       29797
       29798       29799       29800       29801       29802       29803
       29804       29805       29806       29807       29808       29809
       29810       29811       29812       29813       29814       29815
       29816       29817       29818       19587       19868       20150
       20435       20716       21001       21282       21567       21851
       22135       22416       22701       22982       23264       23549
       23830       24112       24394       24676       24958       25243
       25527       25808       26090       26372       26654       26936
       27221       27502       27784       28066       28348       28633
       28917       29201       29482       29763       19023       19025
       19027       19029       19031       19033       19035       19037
       19039       19041       19043       19045       19047       19049
       19302       19332       19616       19900       20184       20468
       20752       21037       21319       21601       21883       22164
       22448       22732       23016       23300       23585       23866
       24150       24434       24718       25002       25287       25568
       25852       26136       26420       26704       26988       27273
       27554       27838       28122       28406       28690       28975
       29257       29539       29820       19584       19869       20151
       20432       20717       20998       21283       21564       21848
       22132       22417       22698       22983       23265       23546
       23831       24113       24395       24677       24959       25240
       25524       25809       26091       26373       26655       26937
       27218       27503       27785       28067       28349       28630
       28914       29198       29483       29764       19020       19021
       19022       19024       19026       19028       19030       19032
       19034       19036       19038       19040       19042       19044
       19046       19048       19303       19051       19335       19619
       19903       20187       20471       20755       21036       21318
       21600       21882       22167       22451       22735       23019
       23303       23584       23869       24153       24437       24721
       25005       25286       25571       25855       26139       26423
       26707       26991       27272       27557       27841       28125
       28409       28693       28974       29256       29538       29819
        2340
          90
       28748       28750       28751       28753       28754       28756
       28757       28759       28760       28762       28763       28765
       28766       28768       28769       28771       28772       28774
       28775       28777       28778       28780       28781       28783
       28784       28786       28787       28789       29168       29171
       29172       29173       29174       29175       29176       29177
       29178       29179       29180       29181       29182       29183
       29184       29185       29186       29187       29188       29189
       29190       29191       29192       29193       29194       29195
       29196       29197       29198       29199       29200       29201
       29202       29203       29204       29205       29206       29207
       29208       29209       29210       29211       29212       29214
       29593       29595       29596       29597       29598       29599
       29600       29601       29602       29603       29604       29605
       29606       29607       29608       29609       29610       29611
       29612       29613       29614       29615       29616       29617
       29618       29619       29620       29621       29622       29623
       29624       29625       29626       29627       29628       29629
       29630       29631       29632       29633       29634       29635
       29636       29637       29639       30015       30017       30018
       30019       30020       30021       30022       30023       30024
       30025       30026       30027       30028       30029       30030
       30031       30032       30033       30034       30035       30036
       30037       30038       30039       30040       30041       30042
       30043       30044       30045       30046       30047       30048
       30049       30050       30051       30052       30053       30054
       30055       30056       30057       30058       30059       30060
       30061       30062       30064       30437       30440       30441
       30442       30443       30444       30445       30446       30447
       30448       30449       30450       30451       30452       30453
       30454       30455       30456       30457       30458       30459
       30460       30461       30462       30463       30464       30465
       30466       30467       30468       30469       30470       30471
       30472       30473       30474       30475       30476       30477
       30478       30479       30480       30481       30482       30483
       30484       30485       30486       30487       30489       30862
       30864       30865       30866       30867       30868       30869
       30870       30871       30872       30873       30874       30875
       30876       30877       30878       30879       30880       30881
       30882       30883       30884       30885       30886       30887
       30888       30889       30890       30891       30892       30893
       30894       30895       30896       30897       30898       30899
       30900       30901       30902       30903       30904       30905
       30906       30907       30908       30909       30910       30911
       30912       30914       31284       31287       31288       31289
       31290       31291       31292       31293       31294       31295
       31296       31297       31298       31299       31300       31301
       31302       31303       31304       31305       31306       31307
       31308       31309       31310       31311       31312       31313
       31314       31315       31316       31317       31318       31319
       31320       31321       31322       31323       31324       31325
       31326       31327       31328       31329       31330       31331
       31332       31333       31334       31335       31336       31337
       31709       31711       31712       31713       31714       31715
       31716       31717       31718       31719       31720       31721
       31722       31723       31724       31725       31726       31727
       31728       31729       31730       31731       31732       31733
       31734       31735       31736       31737       31738       31739
       31740       31741       31742       31743       31744       31745
       31746       31747       31748       31749       31750       31751
       31752       31753       31754       31755       31756       31757
       31758       31759       32131       32134       32135       32136
       32137       32138       32139       32140       32141       32142
       32143       32144       32145       32146       32147       32148
       32149       32150       32151       32152       32153       32154
       32155       32156       32157       32158       32159       32160
       32161       32162       32163       32164       32165       32166
       32167       32168       32169       32170       32171       32172
       32173       32174       32175       32176       32177       32178
       32179       32180       32181       32556       32559       32560
       32561       32562       32563       32564       32565       32566
       32567       32568       32569       32570       32571       32572
       32573       32574       32575       32576       32577       32578
       32579       32580       32581       32582       32583       32584
       32585       32586       32587       32588       32589       32590
       32591       32592       32593       32594       32595       32596
       32597       32598       32599       32600       32601       32602
       32603       32981       32984       32985       32986       32987
       32988       32989       32990       32991       32992       32993
       32994       32995       32996       32997       32998       32999
       33000       33001       33002       33003       33004       33005
       33006       33007       33008       33009       33010       33011
       33012       33013       33014       33015       33016       33017
       33018       33019       33020       33021       33022       33023
       33024       33025       33027       33406       33408       33409
       33410       33411       33412       33413       33414       33415
       33416       33417       33418       33419       33420       33421
       33422       33423       33424       33425       33426       33427
       33428       33429       33430       33431       33432       33433
       33434       33435       33436       33437       33438       33439
       33440       33441       33442       33443       33444       33445
       33446       33447       33448       33449       33450       33452
       33828       33831       33832       33833       33834       33835
       33836       33837       33838       33839       33840       33841
       33842       33843       33844       33845       33846       33847
       33848       33849       33850       33851       33852       33853
       33854       33855       33856       33857       33858       33859
       33860       33861       33862       33863       33864       33865
       33866       33867       33868       33869       33870       33871
       33872       33873       33874       33875       33877       34253
       34255       34256       34257       34258       34259       34260
       34261       34262       34263       34264       34265       34266
       34267       34268       34269       34270       34271       34272
       34273       34274       34275       34276       34277       34278
       34279       34280       34281       34282       34283       34284
       34285       34286       34287       34288       34289       34290
       34291       34292       34293       34294       34295       34296
       34297       34298       34299       34300       34302       34675
       34677       34678       34679       34680       34681       34682
       34683       34684       34685       34686       34687       34688
       34689       34690       34691       34692       34693       34694
       34695       34696       34697       34698       34699       34700
       34701       34702       34703       34704       34705       34706
       34707       34708       34709       34710       34711       34712
       34713       34714       34715       34716       34717       34718
       34719       34720       34721       34722       34723       34724
       34725       34727       35097       35100       35101       35102
       35103       35104       35105       35106       35107       35108
       35109       35110       35111       35112       35113       35114
       35115       35116       35117       35118       35119       35120
       35121       35122       35123       35124       35125       35126
       35127       35128       35129       35130       35131       35132
       35133       35134       35135       35136       35137       35138
       35139       35140       35141       35142       35143       35144
       35145       35146       35147       35148       35149       35150
       35522       35524       35525       35526       35527       35528
       35529       35530       35531       35532       35533       35534
       35535       35536       35537       35538       35539       35540
       35541       35542       35543       35544       35545       35546
       35547       35548       35549       35550       35551       35552
       35553       35554       35555       35556       35557       35558
       35559       35560       35561       35562       35563       35564
       35565       35566       35567       35568       35569       35570
       35571       35572       35574       35944       35946       35947
       35948       35949       35950       35951       35952       35953
       35954       35955       35956       35957       35958       35959
       35960       35961       35962       35963       35964       35965
       35966       35967       35968       35969       35970       35971
       35972       35973       35974       35975       35976       35977
       35978       35979       35980       35981       35982       35983
       35984       35985       35986       35987       35988       35989
       35990       35991       35992       35993       35994       35995
       35996       35997       35999       36366       36368       36369
       36370       36371       36372       36373       36374       36375
       36376       36377       36378       36379       36380       36381
       36382       36383       36384       36385       36386       36387
       36388       36389       36390       36391       36392       36393
       36394       36395       36396       36397       36398       36399
       36400       36401       36402       36403       36404       36405
       36406       36407       36408       36409       36410       36411
       36412       36413       36414       36415       36416       36417
       36418       36419       36420       36421       36422       36424
       36788       36790       36791       36792       36793       36794
       36795       36796       36797       36798       36799       36800
       36801       36802       36803       36804       36805       36806
       36807       36808       36809       36810       36811       36812
       36813       36814       36815       36816       36817       36818
       36819       36820       36821       36822       36823       36824
       36825       36826       36827       36828       36829       36830
       36831       36832       36833       36834       36835       36836
       36837       36838       36839       36840       36841       36842
       36843       36844       36845       36846       36847       36849
       37210       37212       37213       37214       37215       37216
       37217       37218       37219       37220       37221       37222
       37223       37224       37225       37226       37227       37228
       37229       37230       37231       37232       37233       37234
       37235       37236       37237       37238       37239       37240
       37241       37242       37243       37244       37245       37246
       37247       37248       37249       37250       37251       37252
       37253       37254       37255       37256       37257       37258
       37259       37260       37261       37262       37263       37264
       37265       37266       37267       37268       37269       37270
       37271       37272       37274       37632       37635       37636
       37637       37638       37639       37640       37641       37642
       37643       37644       37645       37646       37647       37648
       37649       37650       37651       37652       37653       37654
       37655       37656       37657       37658       37659       37660
       37661       37662       37663       37664       37665       37666
       37667       37668       37669       37670       37671       37672
       37673       37674       37675       37676       37677       37678
       37679       37680       37681       37682       37683       37684
       37685       37686       37687       37688       37689       37690
       37691       37692       37693       37694       37695       37696
       37697       38057       38060       38061       38062       38063
       38064       38065       38066       38067       38068       38069
       38070       38071       38072       38073       38074       38075
       38076       38077       38078       38079       38080       38081
       38082       38083       38084       38085       38086       38087
       38088       38089       38090       38091       38092       38093
       38094       38095       38096       38097       38098       38099
       38100       38101       38102       38103       38104       38105
       38106       38107       38108       38109       38110       38111
       38112       38113       38114       38115       38116       38117
       38118       38119       38121       38482       38484       38485
       38486       38487       38488       38489       38490       38491
       38492       38493       38494       38495       38496       38497
       38498       38499       38500       38501       38502       38503
       38504       38505       38506       38507       38508       38509
       38510       38511       38512       38513       38514       38515
       38516       38517       38518       38519       38520       38521
       38522       38523       38524       38525       38526       38527
       38528       38529       38530       38531       38532       38533
       38534       38535       38536       38537       38538       38539
       38540       38541       38542       38543       38544       38546
       38904       38906       38907       38908       38909       38910
       38911       38912       38913       38914       38915       38916
       38917       38918       38919       38920       38921       38922
       38923       38924       38925       38926       38927       38928
       38929       38930       38931       38932       38933       38934
       38935       38936       38937       38938       38939       38940
       38941       38942       38943       38944       38945       38946
       38947       38948       38949       38950       38951       38952
       38953       38954       38955       38956       38957       38958
       38959       38960       38961       38962       38963       38964
       38965       38966       38967       38968       38969       38971
       39326       39328       39329       39330       39331       39332
       39333       39334       39335       39336       39337       39338
       39339       39340       39341       39342       39343       39344
       39345       39346       39347       39348       39349       39350
       39351       39352       39353       39354       39355       39356
       39357       39358       39359       39360       39361       39362
       39363       39364       39365       39366       39367       39368
       39369       39370       39371       39372       39373       39374
       39375       39376       39377       39378       39379       39380
       39381       39382       39383       39384       39385       39386
       39387       39388       39389       39390       39391       39392
       39393       39394       39396       39748       39750       39751
       39752       39753       39754       39755       39756       39757
       39758       39759       39760       39761       39762       39763
       39764       39765       39766       39767       39768       39769
       39770       39771       39772       39773       39774       39775
       39776       39777       39778       39779       39780       39781
       39782       39783       39784       39785       39786       39787
       39788       39789       39790       39791       39792       39793
       39794       39795       39796       39797       39798       39799
       39800       39801       39802       39803       39804       39805
       39806       39807       39808       39809       39810       39811
       39812       39813       39814       39815       39816       39817
       39818       39819       39821       40170       40172       40173
       40174       40175       40176       40177       40178       40179
       40180       40181       40182       40183       40184       40185
       40186       40187       40188       40189       40190       40191
       40192       40193       40194       40195       40196       40197
       40198       40199       40200       40201       40202       40203
       40204       40205       40206       40207       40208       40209
       40210       40211       40212       40213       40214       40215
       40216       40217       40218       40219       40220       40221
       40222       40223       40224       40225       40226       40227
       40228       40229       40230       40231       40232       40233
       40234       40235       40236       40237       40238       40239
       40240       40241       40242       40243       40244       40246
       40592       40595       40596       40597       40598       40599
       40600       40601       40602       40603       40604       40605
       40606       40607       40608       40609       40610       40611
       40612       40613       40614       40615       40616       40617
       40618       40619       40620       40621       40622       40623
       40624       40625       40626       40627       40628       40629
       40630       40631       40632       40633       40634       40635
       40636       40637       40638       40639       40640       40641
       40642       40643       40644       40645       40646       40647
       40648       40649       40650       40651       40652       40653
       40654       40655       40656       40657       40658       40659
       40660       40661       40662       40663       40664       40665
       40666       40667       40668       40669       41017       41019
       41020       41021       41022       41023       41024       41025
       41026       41027       41028       41029       41030       41031
       41032       41033       41034       41035       41036       41037
       41038       41039       41040       41041       41042       41043
       41044       41045       41046       41047       41048       41049
       41050       41051       41052       41053       41054       41055
       41056       41057       41058       41059       41060       41061
       41062       41063       41064       41065       41066       41067
       41068       41069       41070       41071       41072       41073
       41074       41075       41076       41077       41078       41079
       41080       41081       41082       41083       41084       41085
       41086       41087       41088       41089       41090       41091
       41093       41439       41441       41442       41443       41444
       41445       41446       41447       41448       41449       41450
       41451       41452       41453       41454       41455       41456
       41457       41458       41459       41460       41461       41462
       41463       41464       41465       41466       41467       41468
       41469       41470       41471       41472       41473       41474
       41475       41476       41477       41478       41479       41480
       41481       41482       41483       41484       41485       41486
       41487       41488       41489       41490       41491       41492
       41493       41494       41495       41496       41497       41498
       41499       41500       41501       41502       41503       41504
       41505       41506       41507       41508       41509       41510
       41511       41512       41513       41514       41515       41516
       41518       41861       41863       41864       41865       41866
       41867       41868       41869       41870       41871       41872
       41873       41874       41875       41876       41877       41878
       41879       41880       41881       41882       41883       41884
       41885       41886       41887       41888       41889       41890
       41891       41892       41893       41894       41895       41896
       41897       41898       41899       41900       41901       41902
       41903       41904       41905       41906       41907       41908
       41909       41910       41911       41912       41913       41914
       41915       41916       41917       41918       41919       41920
       41921       41922       41923       41924       41925       41926
       41927       41928       41929       41930       41931       41932
       41933       41934       41935       41936       41937       41938
       41939       41940       41941       41943       42283       42285
       42286       42287       42288       42289       42290       42291
       42292       42293       42294       42295       42296       42297
       42298       42299       42300       42301       42302       42303
       42304       42305       42306       42307       42308       42309
       42310       42311       42312       42313       42314       42315
       42316       42317       42318       42319       42320       42321
       42322       42323       42324       42325       42326       42327
       42328       42329       42330       42331       42332       42333
       42334       42335       42336       42337       42338       42339
       42340       42341       42342       42343       42344       42345
       42346       42347       42348       42349       42350       42351
       42352       42353       42354       42355       42356       42357
       42358       42359       42360       42361       42362       42363
       42364       42365       42366       42368       42705       42708
       42709       42710       42711       42712       42713       42714
       42715       42716       42717       42718       42719       42720
       42721       42722       42723       42724       42725       42726
       42727       42728       42729       42730       42731       42732
       42733       42734       42735       42736       42737       42738
       42739       42740       42741       42742       42743       42744
       42745       42746       42747       42748       42749       42750
       42751       42752       42753       42754       42755       42756
       42757       42758       42759       42760       42761       42762
       42763       42764       42765       42766       42767       42768
       42769       42770       42771       42772       42773       42774
       42775       42776       42777       42778       42779       42780
       42781       42782       42783       42784       42785       42786
       42787       42788       42789       42790       42791       42793
       43130       43133       43134       43135       43136       43137
       43138       43139       43140       43141       43142       43143
       43144       43145       43146       43147       43148       43149
       43150       43151       43152       43153       43154       43155
       43156       43157       43158       43159       43160       43161
       43162       43163       43164       43165       43166       43167
       43168       43169       43170       43171       43172       43173
       43174       43175       43176       43177       43178       43179
       43180       43181       43182       43183       43184       43185
       43186       43187       43188       43189       43190       43191
       43192       43193       43194       43195       43196       43197
       43198       43199       43200       43201       43202       43203
       43204       43205       43206       43207       43208       43209
       43210       43211       43212       43213       43214       43215
       43216       43555       43558       43559       43560       43561
       43562       43563       43564       43565       43566       43567
       43568       43569       43570       43571       43572       43573
       43574       43575       43576       43577       43578       43579
       43580       43581       43582       43583       43584       43585
       43586       43587       43588       43589       43590       43591
       43592       43593       43594       43595       43596       43597
       43598       43599       43600       43601       43602       43603
       43604       43605       43606       43607       43608       43609
       43610       43611       43612       43613       43614       43615
       43616       43617       43618       43619       43620       43621
       43622       43623       43624       43625       43626       43627
       43628       43629       43630       43631       43632       43633
       43634       43635       43636       43637       43638       43980
       43982       43983       43984       43985       43986       43987
       43988       43989       43990       43991       43992       43993
       43994       43995       43996       43997       43998       43999
       44000       44001       44002       44003       44004       44005
       44006       44007       44008       44009       44010       44011
       44012       44013       44014       44015       44016       44017
       44018       44019       44020       44021       44022       44023
       44024       44025       44026       44027       44028       44029
       44030       44031       44032       44033       44034       44035
       44036       44037       44038       44039       44040       44041
       44042       44043       44044       44045       44046       44047
       44048       44049       44050       44051       44052       44053
       44054       44055       44056       44057       44058       44059
       44060       44401       44403       44404       44405       44406
       44407       44408       44409       44410       44411       44412
       44413       44414       44415       44416       44417       44418
       44419       44420       44421       44422       44423       44424
       44425       44426       44427       44428       44429       44430
       44431       44432       44433       44434       44435       44436
       44437       44438       44439       44440       44441       44442
       44443       44444       44445       44446       44447       44448
       44449       44450       44451       44452       44453       44454
       44455       44456       44457       44458       44459       44460
       44461       44462       44463       44464       44465       44466
       44467       44468       44469       44470       44471       44472
       44473       44474       44475       44476       44477       44478
       44479       44480       44481       45019       45020       45021
       45022       45023       45024       45025       45026       45027
       45028       45029       45030       45031       45032       45033
       45034       45035       45036       45037       45038       45039
       45040       45041       45042       45043       45044       45045
       28746       28747       28749       28752       28755       28758
       28761       28764       28767       28770       28773       28776
       28779       28782       28785       28790       29170       29215
       29594       29640       30016       30065       30439       30490
       30863       30915       31286       31339       31710       31761
       32133       32183       32558       32605       32983       33028
       33407       33453       33830       33878       34254       34303
       34676       34728       35099       35152       35523       35575
       35945       36000       36367       36425       36789       36850
       37211       37275       37634       37699       38059       38122
       38483       38547       38905       38972       39327       39397
       39749       39822       40171       40247       40594       40671
       41018       41094       41440       41519       41862       41944
       42284       42369       42707       42794       43132       43218
       43557       43640       43981       44062       44402       44483
