          15
         759
         107
        5633        5634        5635        5636        5637        5638
        5639        5640        5641        5642        5643        5644
        5645        5646        5647        5648        5649        5650
        5651        5775        5776        5777        5778        5779
        5780        5781        5782        5783        5784        5785
        5786        5787        5788        5789        5790        5791
        5792        5793        5794        5795        5796        5797
        5798        5799        5800        5801        5802        5803
        5917        5918        5919        5920        5921        5922
        5923        5924        5925        5926        5927        5928
        5929        5930        5931        5932        5933        5934
        5935        5936        5937        5938        5939        5940
        5941        5942        5943        5944        5945        5946
        5947        5948        5949        6060        6061        6062
        6063        6064        6065        6066        6067        6068
        6069        6070        6071        6072        6073        6074
        6075        6076        6077        6078        6079        6080
        6081        6082        6083        6084        6085        6086
        6087        6088        6089        6090        6091        6092
        6093        6094        6095        6096        6203        6204
        6205        6206        6207        6208        6209        6210
        6211        6212        6213        6214        6215        6216
        6217        6218        6219        6220        6221        6222
        6223        6224        6225        6226        6227        6228
        6229        6230        6231        6232        6233        6234
        6235        6236        6237        6238        6239        6345
        6346        6347        6348        6349        6350        6351
        6352        6353        6354        6355        6356        6357
        6358        6359        6360        6361        6362        6363
        6364        6365        6366        6367        6368        6369
        6370        6371        6372        6373        6374        6375
        6376        6377        6378        6379        6380        6381
        6382        6487        6488        6489        6490        6491
        6492        6493        6494        6495        6496        6497
        6498        6499        6500        6501        6502        6503
        6504        6505        6506        6507        6508        6509
        6510        6511        6512        6513        6514        6515
        6516        6517        6518        6519        6520        6521
        6522        6523        6524        6525        6629        6630
        6631        6632        6633        6634        6635        6636
        6637        6638        6639        6640        6641        6642
        6643        6644        6645        6646        6647        6648
        6649        6650        6651        6652        6653        6654
        6655        6656        6657        6658        6659        6660
        6661        6662        6663        6664        6665        6666
        6667        6668        6772        6773        6774        6775
        6776        6777        6778        6779        6780        6781
        6782        6783        6784        6785        6786        6787
        6788        6789        6790        6791        6792        6793
        6794        6795        6796        6797        6798        6799
        6800        6801        6802        6803        6804        6805
        6806        6807        6808        6809        6810        6811
        6812        6813        6814        6815        6914        6915
        6916        6917        6918        6919        6920        6921
        6922        6923        6924        6925        6926        6927
        6928        6929        6930        6931        6932        6933
        6934        6935        6936        6937        6938        6939
        6940        6941        6942        6943        6944        6945
        6946        6947        6948        6949        6950        6951
        6952        6953        6954        6955        6956        6957
        7056        7057        7058        7059        7060        7061
        7062        7063        7064        7065        7066        7067
        7068        7069        7070        7071        7072        7073
        7074        7075        7076        7077        7078        7079
        7080        7081        7082        7083        7084        7085
        7086        7087        7088        7089        7090        7091
        7092        7093        7094        7095        7096        7097
        7098        7099        7198        7199        7200        7201
        7202        7203        7204        7205        7206        7207
        7208        7209        7210        7211        7212        7213
        7214        7215        7216        7217        7218        7219
        7220        7221        7222        7223        7224        7225
        7226        7227        7228        7229        7230        7231
        7232        7233        7234        7235        7236        7237
        7238        7239        7240        7241        7340        7341
        7342        7343        7344        7345        7346        7347
        7348        7349        7350        7351        7352        7353
        7354        7355        7356        7357        7358        7359
        7360        7361        7362        7363        7364        7365
        7366        7367        7368        7369        7370        7371
        7372        7373        7374        7375        7376        7377
        7378        7379        7380        7381        7382        7383
        7483        7484        7485        7486        7487        7488
        7489        7490        7491        7492        7493        7494
        7495        7496        7497        7498        7499        7500
        7501        7502        7503        7504        7505        7506
        7507        7508        7509        7510        7511        7512
        7513        7514        7515        7516        7517        7518
        7519        7520        7521        7522        7523        7524
        7525        7626        7627        7628        7629        7630
        7631        7632        7633        7634        7635        7636
        7637        7638        7639        7640        7641        7642
        7643        7644        7645        7646        7647        7648
        7649        7650        7651        7652        7653        7654
        7655        7656        7657        7658        7659        7660
        7661        7662        7663        7664        7665        7666
        7667        7769        7770        7771        7772        7773
        7774        7775        7776        7777        7778        7779
        7780        7781        7782        7783        7784        7785
        7786        7787        7788        7789        7790        7791
        7792        7793        7794        7795        7796        7797
        7798        7799        7800        7801        7802        7803
        7804        7805        7806        7807        7808        7809
        7911        7912        7913        7914        7915        7916
        7917        7918        7919        7920        7921        7922
        7923        7924        7925        7926        7927        7928
        7929        7930        7931        7932        7933        7934
        7935        7936        7937        7938        7939        7940
        7941        7942        7943        7944        7945        7946
        7947        7948        7949        7950        7951        8054
        8055        8056        8057        8058        8059        8064
        8065        8066        8067        8068        8069        8070
        8071        8072        8073        8074        8075        8076
        8077        8078        8079        8080        8081        8082
        8083        8084        8085        8086        8087        8088
        8089        8090        8091        8092        8093        8218
        8219        8220        8221        8222        8223        8224
        8225        8226        8227        8228        8229        8230
        8231        8232        8233        8234        8235        8364
        8365        8366        8367        8368        8369        8370
        8371        8372        8373        8374        8375        8376
        8377        8508        8509        8510        8511        8512
        8513        8514        8515        8516        8517        8518
        8519        8655        8656        8657        8658        8659
        8660        8661        8798        8799        8800        8801
        8802        8803        8941        8942        8943        8944
        8945        9086        9087        5490        5491        5492
        5493        5494        5495        5496        5497        5498
        5499        5500        5501        5502        5503        5504
        5505        5506        5507        5508        5509        5652
        5653        5654        5655        5656        5657        5658
        5659        5660        5661        5804        5805        5806
        5807        5950        5951        5952        5953        5954
        6097        6240        6383        6526        6669        6670
        6671        6672        6673        8060        8061        8062
        8063        8197        8198        8199        8200        8201
        8202        8206        8207        8208        8209        8210
        8211        8212        8213        8214        8215        8216
        8217        8360        8361        8362        8363        8506
        8507        8650        8651        8652        8653        8654
        8797        8940        9083        9084        9085        9228
        9229        5632        5774        5916        6059        6202
        6344        6486        6628        6771        6913        7055
        7197        7339        7482        7625        7768        7910
        8053        8196
        1606
         106
         109
       10904       10905       10906       10907       10908       10909
       10910       10911       10912       10913       10914       10915
       10916       10917       10918       10919       10920       10921
       10922       10923       10924       10925       10926       10927
       10928       10929       10930       10931       10932       10933
       10934       10935       10936       10937       10938       10939
       10940       10941       10943       11186       11187       11188
       11189       11190       11191       11192       11193       11194
       11195       11196       11197       11198       11199       11200
       11201       11202       11203       11204       11205       11206
       11207       11208       11209       11210       11211       11212
       11213       11214       11215       11216       11217       11218
       11219       11220       11221       11222       11223       11224
       11225       11226       11227       11228       11229       11230
       11231       11232       11233       11234       11235       11236
       11237       11238       11239       11240       11241       11242
       11243       11245       11468       11469       11470       11471
       11472       11473       11474       11475       11476       11477
       11478       11479       11480       11481       11482       11483
       11484       11485       11486       11487       11488       11489
       11490       11491       11492       11493       11494       11495
       11496       11497       11498       11499       11500       11501
       11502       11503       11504       11505       11506       11507
       11508       11509       11510       11511       11512       11513
       11514       11515       11516       11517       11518       11519
       11520       11521       11522       11523       11524       11525
       11526       11527       11528       11529       11530       11531
       11532       11533       11535       11750       11752       11753
       11754       11755       11756       11757       11758       11759
       11760       11761       11762       11763       11764       11765
       11766       11767       11768       11769       11770       11771
       11772       11773       11774       11775       11776       11777
       11778       11779       11780       11781       11782       11783
       11784       11785       11786       11787       11788       11789
       11790       11791       11792       11793       11794       11795
       11796       11797       11798       11799       11800       11801
       11802       11803       11804       11805       11806       11807
       11808       11809       11810       11811       11812       11813
       11814       11815       11816       11817       11818       11819
       11820       11821       11822       11823       11824       11825
       11827       12034       12036       12037       12038       12039
       12040       12041       12042       12043       12044       12045
       12046       12047       12048       12049       12050       12051
       12052       12053       12054       12055       12056       12057
       12058       12059       12060       12061       12062       12063
       12064       12065       12066       12067       12068       12069
       12070       12071       12072       12073       12074       12075
       12076       12077       12078       12079       12080       12081
       12082       12083       12084       12085       12086       12087
       12088       12089       12090       12091       12092       12093
       12094       12095       12096       12097       12098       12099
       12100       12101       12102       12103       12104       12105
       12106       12107       12108       12109       12111       12318
       12319       12320       12321       12322       12323       12324
       12325       12326       12327       12328       12329       12330
       12331       12332       12333       12334       12335       12336
       12337       12338       12339       12340       12341       12342
       12343       12344       12345       12346       12347       12348
       12349       12350       12351       12352       12353       12354
       12355       12356       12357       12358       12359       12360
       12361       12362       12363       12364       12365       12366
       12367       12368       12369       12370       12371       12372
       12373       12374       12375       12376       12377       12378
       12379       12380       12381       12382       12383       12384
       12385       12386       12387       12388       12389       12390
       12391       12392       12393       12395       12600       12601
       12602       12603       12604       12605       12606       12607
       12608       12609       12610       12611       12612       12613
       12614       12615       12616       12617       12618       12619
       12620       12621       12622       12623       12624       12625
       12626       12627       12628       12629       12630       12631
       12632       12633       12634       12635       12636       12637
       12638       12639       12640       12641       12642       12643
       12644       12645       12646       12647       12648       12649
       12650       12651       12652       12653       12654       12655
       12656       12657       12658       12659       12660       12661
       12662       12663       12664       12665       12666       12667
       12668       12669       12670       12671       12672       12673
       12674       12675       12676       12677       12679       12882
       12883       12884       12885       12886       12887       12888
       12889       12890       12891       12892       12893       12894
       12895       12896       12897       12898       12899       12900
       12901       12902       12903       12904       12905       12906
       12907       12908       12909       12910       12911       12912
       12913       12914       12915       12916       12917       12918
       12919       12920       12921       12922       12923       12924
       12925       12926       12927       12928       12929       12930
       12931       12932       12933       12934       12935       12936
       12937       12938       12939       12940       12941       12942
       12943       12944       12945       12946       12947       12948
       12949       12950       12951       12952       12953       12954
       12955       12956       12957       12958       12959       12960
       12961       12963       13164       13166       13167       13168
       13169       13170       13171       13172       13173       13174
       13175       13176       13177       13178       13179       13180
       13181       13182       13183       13184       13185       13186
       13187       13188       13189       13190       13191       13192
       13193       13194       13195       13196       13197       13198
       13199       13200       13201       13202       13203       13204
       13205       13206       13207       13208       13209       13210
       13211       13212       13213       13214       13215       13216
       13217       13218       13219       13220       13221       13222
       13223       13224       13225       13226       13227       13228
       13229       13230       13231       13232       13233       13234
       13235       13236       13237       13238       13239       13240
       13241       13242       13243       13244       13245       13246
       13247       13248       13249       13250       13251       13252
       13253       13448       13449       13450       13451       13452
       13453       13454       13455       13456       13457       13458
       13459       13460       13461       13462       13463       13464
       13465       13466       13467       13468       13469       13470
       13471       13472       13473       13474       13475       13476
       13477       13478       13479       13480       13481       13482
       13483       13484       13485       13486       13487       13488
       13489       13490       13491       13492       13493       13494
       13495       13496       13497       13498       13499       13500
       13501       13502       13503       13504       13505       13506
       13507       13508       13509       13510       13511       13512
       13513       13514       13515       13516       13517       13518
       13519       13520       13521       13522       13523       13524
       13525       13526       13527       13528       13529       13530
       13531       13532       13533       13534       13535       13730
       13731       13732       13733       13734       13735       13736
       13737       13738       13739       13740       13741       13742
       13743       13744       13745       13746       13747       13748
       13749       13750       13751       13752       13753       13754
       13755       13756       13757       13758       13759       13760
       13761       13762       13763       13764       13765       13766
       13767       13768       13769       13770       13771       13772
       13773       13774       13775       13776       13777       13778
       13779       13780       13781       13782       13783       13784
       13785       13786       13787       13788       13789       13790
       13791       13792       13793       13794       13795       13796
       13797       13798       13799       13800       13801       13802
       13803       13804       13805       13806       13807       13808
       13809       13810       13811       13812       13813       13814
       13815       13816       13817       14012       14013       14014
       14015       14016       14017       14018       14019       14020
       14021       14022       14023       14024       14025       14026
       14027       14028       14029       14030       14031       14032
       14033       14034       14035       14036       14037       14038
       14039       14040       14041       14042       14043       14044
       14045       14046       14047       14048       14049       14050
       14051       14052       14053       14054       14055       14056
       14057       14058       14059       14060       14061       14062
       14063       14064       14065       14066       14067       14068
       14069       14070       14071       14072       14073       14074
       14075       14076       14077       14078       14079       14080
       14081       14082       14083       14084       14085       14086
       14087       14088       14089       14090       14091       14092
       14093       14094       14095       14096       14097       14098
       14099       14294       14295       14296       14297       14298
       14299       14300       14301       14302       14303       14304
       14305       14306       14307       14308       14309       14310
       14311       14312       14313       14314       14315       14316
       14317       14318       14319       14320       14321       14322
       14323       14324       14325       14326       14327       14328
       14329       14330       14331       14332       14333       14334
       14335       14336       14337       14338       14339       14340
       14341       14342       14343       14344       14345       14346
       14347       14348       14349       14350       14351       14352
       14353       14354       14355       14356       14357       14358
       14359       14360       14361       14362       14363       14364
       14365       14366       14367       14368       14369       14370
       14371       14372       14373       14374       14375       14376
       14377       14378       14379       14380       14381       14576
       14578       14579       14580       14581       14582       14583
       14584       14585       14586       14587       14588       14589
       14590       14591       14592       14593       14594       14595
       14596       14597       14598       14599       14600       14601
       14602       14603       14604       14605       14606       14607
       14608       14609       14610       14611       14612       14613
       14614       14615       14616       14617       14618       14619
       14620       14621       14622       14623       14624       14625
       14626       14627       14628       14629       14630       14631
       14632       14633       14634       14635       14636       14637
       14638       14639       14640       14641       14642       14643
       14644       14645       14646       14647       14648       14649
       14650       14651       14652       14653       14654       14655
       14656       14657       14658       14659       14660       14661
       14662       14663       14860       14862       14863       14864
       14865       14866       14867       14868       14869       14870
       14871       14872       14873       14874       14875       14876
       14877       14878       14879       14880       14881       14882
       14883       14884       14885       14886       14887       14888
       14889       14890       14891       14892       14893       14894
       14895       14896       14897       14898       14899       14900
       14901       14902       14903       14904       14905       14906
       14907       14908       14909       14910       14911       14912
       14913       14914       14915       14916       14917       14918
       14919       14920       14921       14922       14923       14924
       14925       14926       14927       14928       14929       14930
       14931       14932       14933       14934       14935       14936
       14937       14938       14939       14940       14941       14942
       14943       14944       14945       15144       15146       15147
       15148       15149       15150       15151       15152       15153
       15154       15155       15156       15157       15158       15159
       15160       15161       15162       15163       15164       15165
       15166       15167       15168       15169       15170       15171
       15172       15173       15174       15175       15176       15177
       15178       15179       15180       15181       15182       15183
       15184       15185       15186       15187       15188       15189
       15190       15191       15192       15193       15194       15195
       15196       15197       15198       15199       15200       15201
       15202       15203       15204       15205       15206       15207
       15208       15209       15210       15211       15212       15213
       15214       15215       15216       15217       15218       15219
       15220       15221       15222       15223       15224       15225
       15226       15227       15428       15429       15430       15431
       15432       15433       15434       15435       15436       15437
       15438       15439       15440       15441       15442       15443
       15444       15445       15446       15447       15448       15449
       15450       15451       15452       15453       15454       15455
       15456       15457       15458       15459       15460       15461
       15462       15463       15464       15465       15466       15467
       15468       15469       15470       15471       15472       15473
       15474       15475       15476       15477       15478       15479
       15480       15481       15482       15483       15484       15485
       15486       15487       15488       15489       15490       15491
       15492       15493       15494       15495       15496       15497
       15498       15499       15500       15501       15502       15503
       15504       15505       15506       15507       15508       15509
       15710       15712       15713       15714       15715       15716
       15717       15718       15719       15720       15721       15722
       15723       15724       15725       15726       15727       15728
       15729       15730       15731       15732       15733       15734
       15735       15736       15737       15738       15739       15740
       15741       15742       15743       15744       15745       15746
       15747       15748       15749       15750       15751       15752
       15753       15754       15755       15756       15757       15758
       15759       15760       15761       15762       15763       15764
       15765       15766       15767       15768       15769       15770
       15771       15772       15773       15774       15775       15776
       15777       15778       15779       15780       15781       15782
       15783       15784       15785       15786       15787       15788
       15789       15790       15791       15994       15996       15997
       15998       15999       16000       16001       16002       16003
       16004       16005       16006       16007       16014       16016
       16017       16018       16019       16020       16021       16022
       16023       16024       16025       16026       16027       16028
       16029       16030       16031       16032       16033       16034
       16035       16036       16037       16038       16039       16040
       16041       16042       16043       16044       16045       16046
       16047       16048       16049       16050       16051       16052
       16053       16054       16055       16056       16057       16058
       16059       16060       16061       16062       16063       16064
       16065       16066       16067       16068       16069       16070
       16071       16072       16073       16320       16322       16323
       16324       16325       16326       16327       16328       16329
       16330       16331       16332       16333       16334       16335
       16336       16337       16338       16339       16340       16341
       16342       16343       16344       16345       16346       16347
       16348       16349       16350       16351       16352       16353
       16354       16355       16610       16612       16613       16614
       16615       16616       16617       16618       16619       16620
       16621       16622       16623       16624       16625       16626
       16627       16628       16629       16630       16631       16632
       16633       16634       16635       16636       16637       16896
       16898       16899       16900       16901       16902       16903
       16904       16905       16906       16907       16908       16909
       16910       16911       16912       16913       16914       16915
       16916       16917       16918       16919       17188       17190
       17191       17192       17193       17194       17195       17196
       17197       17198       17199       17200       17201       17472
       17474       17475       17476       17477       17478       17479
       17480       17481       17482       17483       17756       17758
       17759       17760       17761       17762       17763       17764
       17765       18044       18046       18047       10623       10625
       10627       10629       10631       10633       10635       10637
       10639       10641       10643       10645       10647       10649
       10651       10653       10655       10657       10659       10942
       10945       10947       10949       10951       10953       10955
       10957       10959       10961       11244       11247       11249
       11251       11534       11537       11539       11541       11543
       11826       12110       12394       12678       12962       12965
       12967       12969       12971       16008       16009       16010
       16012       16015       16280       16282       16284       16286
       16288       16298       16300       16302       16304       16306
       16308       16310       16312       16314       16316       16318
       16321       16604       16606       16608       16611       16894
       16897       17180       17182       17184       17186       17189
       17473       17757       18040       18042       18045       18328
       10902       11184       11466       11751       12035       12316
       12598       12880       13165       13446       13728       14010
       14292       14577       14861       15145       15426       15711
       15995       16278       10620       10621       10622       10624
       10626       10628       10630       10632       10634       10636
       10638       10640       10642       10644       10646       10648
       10650       10652       10654       10656       10658       10661
       10944       10946       10948       10950       10952       10954
       10956       10958       10960       10963       11246       11248
       11250       11253       11536       11538       11540       11542
       11545       11829       12113       12397       12681       12964
       12966       12968       12970       16011       16013       16281
       16283       16285       16287       16289       16290       16291
       16296       16299       16301       16303       16305       16307
       16309       16311       16313       16315       16317       16319
       16602       16605       16607       16609       16892       16895
       17178       17181       17183       17185       17187       17470
       17754       18038       18041       18043       18326       18329
       10903       11185       11467       11748       12032       12317
       12599       12881       13162       13447       13729       14011
       14293       14574       14858       15142       15427       15708
       15992       16276       16279
        2365
         106
       16178       16180       16181       16183       16184       16186
       16187       16189       16190       16192       16193       16195
       16196       16198       16199       16201       16202       16204
       16205       16207       16208       16210       16211       16213
       16214       16216       16217       16219       16220       16222
       16223       16225       16226       16228       16229       16231
       16232       16234       16598       16600       16601       16602
       16603       16604       16605       16606       16607       16608
       16609       16610       16611       16612       16613       16614
       16615       16616       16617       16618       16619       16620
       16621       16622       16623       16624       16625       16626
       16627       16628       16629       16630       16631       16632
       16633       16634       16635       16636       16637       16638
       16639       16640       16641       16642       16643       16644
       16645       16646       16647       16648       16649       16650
       16651       16652       16653       16654       16655       16656
       16657       16659       16660       16662       16663       16665
       16666       16668       16669       16671       16672       16674
       16675       16677       16678       16680       16681       16683
       16684       16686       17020       17022       17023       17024
       17025       17026       17027       17028       17029       17030
       17031       17032       17033       17034       17035       17036
       17037       17038       17039       17040       17041       17042
       17043       17044       17045       17046       17047       17048
       17049       17050       17051       17052       17053       17054
       17055       17056       17057       17058       17059       17060
       17061       17062       17063       17064       17065       17066
       17067       17068       17069       17070       17071       17072
       17073       17074       17075       17076       17077       17078
       17079       17080       17081       17082       17083       17084
       17085       17086       17087       17088       17089       17090
       17091       17092       17093       17094       17095       17096
       17097       17098       17099       17100       17101       17102
       17103       17104       17105       17106       17107       17108
       17109       17111       17112       17114       17115       17117
       17118       17120       17442       17445       17446       17447
       17448       17449       17450       17451       17452       17453
       17454       17455       17456       17457       17458       17459
       17460       17461       17462       17463       17464       17465
       17466       17467       17468       17469       17470       17471
       17472       17473       17474       17475       17476       17477
       17478       17479       17480       17481       17482       17483
       17484       17485       17486       17487       17488       17489
       17490       17491       17492       17493       17494       17495
       17496       17497       17498       17499       17500       17501
       17502       17503       17504       17505       17506       17507
       17508       17509       17510       17511       17512       17513
       17514       17515       17516       17517       17518       17519
       17520       17521       17522       17523       17524       17525
       17526       17527       17528       17529       17530       17531
       17532       17533       17534       17535       17536       17537
       17538       17539       17540       17541       17542       17543
       17545       17546       17548       17549       17551       17552
       17554       17555       17557       17867       17870       17871
       17872       17873       17874       17875       17876       17877
       17878       17879       17880       17881       17882       17883
       17884       17885       17886       17887       17888       17889
       17890       17891       17892       17893       17894       17895
       17896       17897       17898       17899       17900       17901
       17902       17903       17904       17905       17906       17907
       17908       17909       17910       17911       17912       17913
       17914       17915       17916       17917       17918       17919
       17920       17921       17922       17923       17924       17925
       17926       17927       17928       17929       17930       17931
       17932       17933       17934       17935       17936       17937
       17938       17939       17940       17941       17942       17943
       17944       17945       17946       17947       17948       17949
       17950       17951       17952       17953       17954       17955
       17956       17957       17958       17959       17960       17961
       17962       17963       17964       17965       17966       17967
       17968       17969       17970       17971       17972       17973
       17974       17975       17976       17977       17978       17979
       17980       17982       18292       18294       18295       18296
       18297       18298       18299       18300       18301       18302
       18303       18304       18305       18306       18307       18308
       18309       18310       18311       18312       18313       18314
       18315       18316       18317       18318       18319       18320
       18321       18322       18323       18324       18325       18326
       18327       18328       18329       18330       18331       18332
       18333       18334       18335       18336       18337       18338
       18339       18340       18341       18342       18343       18344
       18345       18346       18347       18348       18349       18350
       18351       18352       18353       18354       18355       18356
       18357       18358       18359       18360       18361       18362
       18363       18364       18365       18366       18367       18368
       18369       18370       18371       18372       18373       18374
       18375       18376       18377       18378       18379       18380
       18381       18382       18383       18384       18385       18386
       18387       18388       18389       18390       18391       18392
       18393       18394       18395       18396       18397       18398
       18399       18400       18401       18402       18403       18404
       18405       18407       18714       18716       18717       18718
       18719       18720       18721       18722       18723       18724
       18725       18726       18727       18728       18729       18730
       18731       18732       18733       18734       18735       18736
       18737       18738       18739       18740       18741       18742
       18743       18744       18745       18746       18747       18748
       18749       18750       18751       18752       18753       18754
       18755       18756       18757       18758       18759       18760
       18761       18762       18763       18764       18765       18766
       18767       18768       18769       18770       18771       18772
       18773       18774       18775       18776       18777       18778
       18779       18780       18781       18782       18783       18784
       18785       18786       18787       18788       18789       18790
       18791       18792       18793       18794       18795       18796
       18797       18798       18799       18800       18801       18802
       18803       18804       18805       18806       18807       18808
       18809       18810       18811       18812       18813       18814
       18815       18816       18817       18818       18819       18820
       18821       18822       18823       18824       18825       18826
       18827       18828       18829       18830       18832       19136
       19138       19139       19140       19141       19142       19143
       19144       19145       19146       19147       19148       19149
       19150       19151       19152       19153       19154       19155
       19156       19157       19158       19159       19160       19161
       19162       19163       19164       19165       19166       19167
       19168       19169       19170       19171       19172       19173
       19174       19175       19176       19177       19178       19179
       19180       19181       19182       19183       19184       19185
       19186       19187       19188       19189       19190       19191
       19192       19193       19194       19195       19196       19197
       19198       19199       19200       19201       19202       19203
       19204       19205       19206       19207       19208       19209
       19210       19211       19212       19213       19214       19215
       19216       19217       19218       19219       19220       19221
       19222       19223       19224       19225       19226       19227
       19228       19229       19230       19231       19232       19233
       19234       19235       19236       19237       19238       19239
       19240       19241       19242       19243       19244       19245
       19246       19247       19248       19249       19250       19251
       19252       19253       19254       19255       19257       19558
       19561       19562       19563       19564       19565       19566
       19567       19568       19569       19570       19571       19572
       19573       19574       19575       19576       19577       19578
       19579       19580       19581       19582       19583       19584
       19585       19586       19587       19588       19589       19590
       19591       19592       19593       19594       19595       19596
       19597       19598       19599       19600       19601       19602
       19603       19604       19605       19606       19607       19608
       19609       19610       19611       19612       19613       19614
       19615       19616       19617       19618       19619       19620
       19621       19622       19623       19624       19625       19626
       19627       19628       19629       19630       19631       19632
       19633       19634       19635       19636       19637       19638
       19639       19640       19641       19642       19643       19644
       19645       19646       19647       19648       19649       19650
       19651       19652       19653       19654       19655       19656
       19657       19658       19659       19660       19661       19662
       19663       19664       19665       19666       19667       19668
       19669       19670       19671       19672       19673       19674
       19675       19676       19677       19678       19679       19680
       19682       19683       19685       19686       19688       19689
       19691       19692       19983       19985       19986       19987
       19988       19989       19990       19991       19992       19993
       19994       19995       19996       19997       19998       19999
       20000       20001       20002       20003       20004       20005
       20006       20007       20008       20009       20010       20011
       20012       20013       20014       20015       20016       20017
       20018       20019       20020       20021       20022       20023
       20024       20025       20026       20027       20028       20029
       20030       20031       20032       20033       20034       20035
       20036       20037       20038       20039       20040       20041
       20042       20043       20044       20045       20046       20047
       20048       20049       20050       20051       20052       20053
       20054       20055       20056       20057       20058       20059
       20060       20061       20062       20063       20064       20065
       20066       20067       20068       20069       20070       20071
       20072       20073       20074       20075       20076       20077
       20078       20079       20080       20081       20082       20083
       20084       20085       20086       20087       20088       20089
       20090       20091       20092       20093       20094       20095
       20096       20097       20098       20099       20100       20101
       20102       20103       20104       20105       20106       20107
       20108       20109       20110       20111       20112       20113
       20114       20405       20407       20408       20409       20410
       20411       20412       20413       20414       20415       20416
       20417       20418       20419       20420       20421       20422
       20423       20424       20425       20426       20427       20428
       20429       20430       20431       20432       20433       20434
       20435       20436       20437       20438       20439       20440
       20441       20442       20443       20444       20445       20446
       20447       20448       20449       20450       20451       20452
       20453       20454       20455       20456       20457       20458
       20459       20460       20461       20462       20463       20464
       20465       20466       20467       20468       20469       20470
       20471       20472       20473       20474       20475       20476
       20477       20478       20479       20480       20481       20482
       20483       20484       20485       20486       20487       20488
       20489       20490       20491       20492       20493       20494
       20495       20496       20497       20498       20499       20500
       20501       20502       20503       20504       20505       20506
       20507       20508       20509       20510       20511       20512
       20513       20514       20515       20516       20517       20518
       20519       20520       20521       20522       20523       20524
       20525       20526       20527       20528       20529       20530
       20531       20532       20533       20534       20535       20536
       20827       20829       20830       20831       20832       20833
       20834       20835       20836       20837       20838       20839
       20840       20841       20842       20843       20844       20845
       20846       20847       20848       20849       20850       20851
       20852       20853       20854       20855       20856       20857
       20858       20859       20860       20861       20862       20863
       20864       20865       20866       20867       20868       20869
       20870       20871       20872       20873       20874       20875
       20876       20877       20878       20879       20880       20881
       20882       20883       20884       20885       20886       20887
       20888       20889       20890       20891       20892       20893
       20894       20895       20896       20897       20898       20899
       20900       20901       20902       20903       20904       20905
       20906       20907       20908       20909       20910       20911
       20912       20913       20914       20915       20916       20917
       20918       20919       20920       20921       20922       20923
       20924       20925       20926       20927       20928       20929
       20930       20931       20932       20933       20934       20935
       20936       20937       20938       20939       20940       20941
       20942       20943       20944       20945       20946       20947
       20948       20949       20950       20951       20952       20953
       20954       20955       20956       20957       20958       21249
       21251       21252       21253       21254       21255       21256
       21257       21258       21259       21260       21261       21262
       21263       21264       21265       21266       21267       21268
       21269       21270       21271       21272       21273       21274
       21275       21276       21277       21278       21279       21280
       21281       21282       21283       21284       21285       21286
       21287       21288       21289       21290       21291       21292
       21293       21294       21295       21296       21297       21298
       21299       21300       21301       21302       21303       21304
       21305       21306       21307       21308       21309       21310
       21311       21312       21313       21314       21315       21316
       21317       21318       21319       21320       21321       21322
       21323       21324       21325       21326       21327       21328
       21329       21330       21331       21332       21333       21334
       21335       21336       21337       21338       21339       21340
       21341       21342       21343       21344       21345       21346
       21347       21348       21349       21350       21351       21352
       21353       21354       21355       21356       21357       21358
       21359       21360       21361       21362       21363       21364
       21365       21366       21367       21368       21369       21370
       21371       21372       21373       21374       21375       21376
       21377       21378       21379       21380       21671       21674
       21675       21676       21677       21678       21679       21680
       21681       21682       21683       21684       21685       21686
       21687       21688       21689       21690       21691       21692
       21693       21694       21695       21696       21697       21698
       21699       21700       21701       21702       21703       21704
       21705       21706       21707       21708       21709       21710
       21711       21712       21713       21714       21715       21716
       21717       21718       21719       21720       21721       21722
       21723       21724       21725       21726       21727       21728
       21729       21730       21731       21732       21733       21734
       21735       21736       21737       21738       21739       21740
       21741       21742       21743       21744       21745       21746
       21747       21748       21749       21750       21751       21752
       21753       21754       21755       21756       21757       21758
       21759       21760       21761       21762       21763       21764
       21765       21766       21767       21768       21769       21770
       21771       21772       21773       21774       21775       21776
       21777       21778       21779       21780       21781       21782
       21783       21784       21785       21786       21787       21788
       21789       21790       21791       21792       21793       21794
       21795       21796       21797       21798       21799       21800
       21801       21802       22096       22099       22100       22101
       22102       22103       22104       22105       22106       22107
       22108       22109       22110       22111       22112       22113
       22114       22115       22116       22117       22118       22119
       22120       22121       22122       22123       22124       22125
       22126       22127       22128       22129       22130       22131
       22132       22133       22134       22135       22136       22137
       22138       22139       22140       22141       22142       22143
       22144       22145       22146       22147       22148       22149
       22150       22151       22152       22153       22154       22155
       22156       22157       22158       22159       22160       22161
       22162       22163       22164       22165       22166       22167
       22168       22169       22170       22171       22172       22173
       22174       22175       22176       22177       22178       22179
       22180       22181       22182       22183       22184       22185
       22186       22187       22188       22189       22190       22191
       22192       22193       22194       22195       22196       22197
       22198       22199       22200       22201       22202       22203
       22204       22205       22206       22207       22208       22209
       22210       22211       22212       22213       22214       22215
       22216       22217       22218       22219       22220       22221
       22222       22223       22224       22521       22524       22525
       22526       22527       22528       22529       22530       22531
       22532       22533       22534       22535       22536       22537
       22538       22539       22540       22541       22542       22543
       22544       22545       22546       22547       22548       22549
       22550       22551       22552       22553       22554       22555
       22556       22557       22558       22559       22560       22561
       22562       22563       22564       22565       22566       22567
       22568       22569       22570       22571       22572       22573
       22574       22575       22576       22577       22578       22579
       22580       22581       22582       22583       22584       22585
       22586       22587       22588       22589       22590       22591
       22592       22593       22594       22595       22596       22597
       22598       22599       22600       22601       22602       22603
       22604       22605       22606       22607       22608       22609
       22610       22611       22612       22613       22614       22615
       22616       22617       22618       22619       22620       22621
       22622       22623       22624       22625       22626       22627
       22628       22629       22630       22631       22632       22633
       22634       22635       22636       22637       22638       22639
       22640       22641       22642       22643       22644       22645
       22646       22946       22948       22949       22950       22951
       22952       22953       22954       22955       22956       22957
       22958       22959       22960       22961       22962       22963
       22964       22965       22966       22967       22968       22969
       22970       22971       22972       22973       22974       22975
       22976       22977       22978       22979       22980       22981
       22982       22983       22984       22985       22986       22987
       22988       22989       22990       22991       22992       22993
       22994       22995       22996       22997       22998       22999
       23000       23001       23002       23003       23004       23005
       23006       23007       23008       23009       23010       23011
       23012       23013       23014       23015       23016       23017
       23018       23019       23020       23021       23022       23023
       23024       23025       23026       23027       23028       23029
       23030       23031       23032       23033       23034       23035
       23036       23037       23038       23039       23040       23041
       23042       23043       23044       23045       23046       23047
       23048       23049       23050       23051       23052       23053
       23054       23055       23056       23057       23058       23059
       23060       23061       23062       23063       23064       23065
       23066       23067       23068       23368       23371       23372
       23373       23374       23375       23376       23377       23378
       23379       23380       23381       23382       23383       23384
       23385       23386       23387       23388       23389       23390
       23391       23392       23393       23394       23395       23396
       23397       23398       23399       23400       23401       23402
       23403       23404       23405       23406       23407       23408
       23409       23410       23411       23412       23413       23414
       23415       23416       23417       23418       23419       23420
       23421       23422       23423       23424       23425       23426
       23427       23428       23429       23430       23431       23432
       23433       23434       23435       23436       23437       23438
       23439       23440       23441       23442       23443       23444
       23445       23446       23447       23448       23449       23450
       23451       23452       23453       23454       23455       23456
       23457       23458       23459       23460       23461       23462
       23463       23464       23465       23466       23467       23468
       23469       23470       23471       23472       23473       23474
       23475       23476       23477       23478       23479       23480
       23481       23482       23483       23484       23485       23486
       23487       23488       23489       23490       23793       23796
       23797       23798       23799       23800       23801       23802
       23803       23804       23805       23806       23807       23808
       23809       23810       23811       23812       23813       23823
       23826       23827       23828       23829       23830       23831
       23832       23833       23834       23835       23836       23837
       23838       23839       23840       23841       23842       23843
       23844       23845       23846       23847       23848       23849
       23850       23851       23852       23853       23854       23855
       23856       23857       23858       23859       23860       23861
       23862       23863       23864       23865       23866       23867
       23868       23869       23870       23871       23872       23873
       23874       23875       23876       23877       23878       23879
       23880       23881       23882       23883       23884       23885
       23886       23887       23888       23889       23890       23891
       23892       23893       23894       23895       23896       23897
       23898       23899       23900       23901       23902       23903
       23904       23905       23906       23907       23908       23909
       23910       23911       23912       24281       24284       24285
       24286       24287       24288       24289       24290       24291
       24292       24293       24294       24295       24296       24297
       24298       24299       24300       24301       24302       24303
       24304       24305       24306       24307       24308       24309
       24310       24311       24312       24313       24314       24315
       24316       24317       24318       24319       24320       24321
       24322       24323       24324       24325       24326       24327
       24328       24329       24330       24331       24332       24333
       24334       24715       24718       24719       24720       24721
       24722       24723       24724       24725       24726       24727
       24728       24729       24730       24731       24732       24733
       24734       24735       24736       24737       24738       24739
       24740       24741       24742       24743       24744       24745
       24746       24747       24748       24749       24750       24751
       24752       24753       24754       24755       24756       25143
       25146       25147       25148       25149       25150       25151
       25152       25153       25154       25155       25156       25157
       25158       25159       25160       25161       25162       25163
       25164       25165       25166       25167       25168       25169
       25170       25171       25172       25173       25174       25175
       25176       25177       25178       25580       25583       25584
       25585       25586       25587       25588       25589       25590
       25591       25592       25593       25594       25595       25596
       25597       25598       25599       25600       26005       26008
       26009       26010       26011       26012       26013       26014
       26015       26016       26017       26018       26019       26020
       26021       26022       26430       26433       26434       26435
       26436       26437       26438       26439       26440       26441
       26442       26443       26444       26861       26864       26865
       26866       44823       44825       44827       44829       44831
       44833       44835       44837       44839       44841       44843
       44845       44847       44849       44851       44853       44855
       44857       16176       16177       16179       16182       16185
       16188       16191       16194       16197       16200       16203
       16206       16209       16212       16215       16218       16221
       16224       16227       16230       16235       16599       16658
       16661       16664       16667       16670       16673       16676
       16679       16682       16687       17021       17110       17113
       17116       17121       17444       17544       17547       17550
       17553       17558       17869       17983       18293       18408
       18715       18833       19137       19258       19560       19681
       19684       19687       19690       19984       20406       20828
       21250       21673       22098       22523       22947       23370
       23814       23817       23820       23795       24218       24221
       24224       24227       24230       23815       24233       23825
       24248       24251       24254       24257       24260       24263
       24266       24269       24272       24275       24278       24283
       24706       24709       24712       24717       25140       25145
       25568       25571       25574       25577       25582       26007
       26432       26855       26858       26863       27286
