          18
         760
          96
        9877        9878        9879        9880        9881        9882
        9883        9884        9885        9886        9887        9888
        9889        9890        9891        9892        9893        9894
        9895       10020       10021       10022       10023       10024
       10025       10026       10027       10028       10029       10030
       10031       10032       10033       10034       10035       10036
       10037       10038       10163       10164       10165       10166
       10167       10168       10169       10170       10171       10172
       10173       10174       10175       10176       10177       10178
       10179       10180       10306       10307       10308       10309
       10310       10311       10312       10313       10314       10315
       10316       10317       10318       10319       10320       10321
       10322       10323       10449       10450       10451       10452
       10453       10454       10455       10456       10457       10458
       10459       10460       10461       10462       10463       10464
       10465       10466       10592       10593       10594       10595
       10596       10597       10598       10599       10600       10601
       10602       10603       10604       10605       10606       10607
       10608       10609       10734       10735       10736       10737
       10738       10739       10740       10741       10742       10743
       10744       10745       10746       10747       10748       10749
       10750       10751       10752       10876       10877       10878
       10879       10880       10881       10882       10883       10884
       10885       10886       10887       10888       10889       10890
       10891       10892       10893       10894       10895       11018
       11019       11020       11021       11022       11023       11024
       11025       11026       11027       11028       11029       11030
       11031       11032       11033       11034       11035       11036
       11037       11038       11160       11161       11162       11163
       11164       11165       11166       11167       11168       11169
       11170       11171       11172       11173       11174       11175
       11176       11177       11178       11179       11180       11181
       11303       11304       11305       11306       11307       11308
       11309       11310       11311       11312       11313       11314
       11315       11316       11317       11318       11319       11320
       11321       11322       11323       11324       11446       11447
       11448       11449       11450       11451       11452       11453
       11454       11455       11456       11457       11458       11459
       11460       11461       11462       11463       11464       11465
       11466       11467       11589       11590       11591       11592
       11593       11594       11595       11596       11597       11598
       11599       11600       11601       11602       11603       11604
       11605       11606       11607       11608       11609       11610
       11732       11733       11734       11735       11736       11737
       11738       11739       11740       11741       11742       11743
       11744       11745       11746       11747       11748       11749
       11750       11751       11752       11753       11875       11876
       11877       11878       11879       11880       11881       11882
       11883       11884       11885       11886       11887       11888
       11889       11890       11891       11892       11893       11894
       11895       11896       12017       12018       12019       12020
       12021       12022       12023       12024       12025       12026
       12027       12028       12029       12030       12031       12032
       12033       12034       12035       12036       12037       12038
       12039       12160       12161       12162       12163       12164
       12165       12166       12167       12168       12169       12170
       12171       12172       12173       12174       12175       12176
       12177       12178       12179       12180       12181       12182
       12303       12304       12305       12306       12307       12308
       12309       12310       12311       12312       12313       12314
       12315       12316       12317       12318       12319       12320
       12321       12322       12323       12324       12325       12446
       12447       12448       12449       12450       12451       12452
       12453       12454       12455       12456       12457       12458
       12459       12460       12461       12462       12463       12464
       12465       12466       12467       12589       12590       12591
       12592       12593       12594       12595       12596       12597
       12598       12599       12600       12601       12602       12603
       12604       12605       12606       12607       12608       12609
       12610       12732       12733       12734       12735       12736
       12737       12738       12739       12740       12741       12742
       12743       12744       12745       12746       12747       12748
       12749       12750       12751       12752       12874       12875
       12876       12877       12878       12879       12880       12881
       12882       12883       12884       12885       12886       12887
       12888       12889       12890       12891       12892       12893
       12894       13017       13018       13019       13020       13021
       13022       13023       13024       13025       13026       13027
       13028       13029       13030       13031       13032       13033
       13034       13035       13036       13037       13160       13161
       13162       13163       13164       13165       13166       13167
       13168       13169       13170       13171       13172       13173
       13174       13175       13176       13177       13178       13179
       13180       13303       13304       13305       13306       13307
       13308       13309       13310       13311       13312       13313
       13314       13315       13316       13317       13318       13319
       13320       13321       13322       13323       13446       13447
       13448       13449       13450       13451       13452       13453
       13454       13455       13456       13457       13458       13459
       13460       13461       13462       13463       13464       13465
       13466       13589       13590       13591       13592       13593
       13594       13595       13596       13597       13598       13599
       13600       13601       13602       13603       13604       13605
       13606       13607       13608       13609       13732       13733
       13734       13735       13736       13737       13738       13739
       13740       13741       13742       13743       13744       13745
       13746       13747       13748       13749       13750       13751
       13874       13875       13876       13877       13878       13879
       13880       13881       13882       13883       13884       13885
       13886       13887       13888       13889       13890       13891
       13892       13893       14017       14018       14019       14020
       14021       14022       14023       14024       14025       14026
       14027       14028       14029       14030       14031       14032
       14033       14034       14035       14036       14160       14161
       14162       14163       14164       14165       14166       14167
       14168       14169       14170       14171       14172       14173
       14174       14175       14176       14177       14178       14303
       14304       14305       14306       14307       14308       14309
       14310       14311       14312       14313       14314       14315
       14316       14317       14318       14319       14320       14446
       14447       14448       14449       14450       14451       14452
       14453       14454       14455       14456       14457       14458
       14459       14460       14461       14462       14589       14590
       14591       14592       14593       14594       14595       14596
       14597       14598       14599       14600       14601       14602
       14603       14604       14731       14732       14733       14734
       14735       14736       14737       14738       14739       14740
       14741       14742       14743       14744       14745       14746
       14747       14873       14874       14875       14876       14877
       14878       14879       14880       14881       14882       14883
       14884       14885       14886       14887       14888       14889
       15015       15016       15017       15018       15019       15020
       15021       15022       15023       15024       15025       15026
       15027       15028       15029       15030       15031       15156
       15157       15158       15159       15160       15161       15162
       15163       15164       15165       15166       15167       15168
       15169       15170       15171       15172        9876       10019
       10162       10305       10448       10591       10733       10875
       11017       11159       11302       11445       11588       11731
       11874       12016       12159       12302       12445       12588
       12731       12873       13016       13159       13302       13445
       13588       13731       13873       14016       14159       14302
       14445       14588       14730       14872       15014       15155
        9734        9735        9736        9737        9738        9739
        9740        9741        9742        9743        9744        9745
        9746        9747        9748        9749        9750        9751
        9752        9753        9896       10039       10181       10324
       10467       10610       10753       10896       11039       11182
       11325       11468       11611       11754       11897       12040
       12183       12326       12468       12611       12753       12895
       13038       13181       13324       13467       13610       13752
       13894       14037       14179       14321       14463       14605
       14748       14890       15032       15173
        1597
          95
          98
       19332       19333       19334       19335       19336       19337
       19338       19339       19340       19341       19342       19343
       19344       19345       19346       19347       19348       19349
       19350       19351       19352       19353       19354       19355
       19356       19357       19358       19359       19360       19361
       19362       19363       19364       19365       19366       19367
       19368       19369       19371       19614       19616       19617
       19618       19619       19620       19621       19622       19623
       19624       19625       19626       19627       19628       19629
       19630       19631       19632       19633       19634       19635
       19636       19637       19638       19639       19640       19641
       19642       19643       19644       19645       19646       19647
       19648       19649       19650       19651       19652       19653
       19655       19898       19900       19901       19902       19903
       19904       19905       19906       19907       19908       19909
       19910       19911       19912       19913       19914       19915
       19916       19917       19918       19919       19920       19921
       19922       19923       19924       19925       19926       19927
       19928       19929       19930       19931       19932       19933
       19934       19935       19936       19937       20182       20184
       20185       20186       20187       20188       20189       20190
       20191       20192       20193       20194       20195       20196
       20197       20198       20199       20200       20201       20202
       20203       20204       20205       20206       20207       20208
       20209       20210       20211       20212       20213       20214
       20215       20216       20217       20218       20219       20221
       20466       20468       20469       20470       20471       20472
       20473       20474       20475       20476       20477       20478
       20479       20480       20481       20482       20483       20484
       20485       20486       20487       20488       20489       20490
       20491       20492       20493       20494       20495       20496
       20497       20498       20499       20500       20501       20502
       20503       20505       20750       20752       20753       20754
       20755       20756       20757       20758       20759       20760
       20761       20762       20763       20764       20765       20766
       20767       20768       20769       20770       20771       20772
       20773       20774       20775       20776       20777       20778
       20779       20780       20781       20782       20783       20784
       20785       20786       20787       20789       21034       21035
       21036       21037       21038       21039       21040       21041
       21042       21043       21044       21045       21046       21047
       21048       21049       21050       21051       21052       21053
       21054       21055       21056       21057       21058       21059
       21060       21061       21062       21063       21064       21065
       21066       21067       21068       21069       21070       21071
       21073       21316       21317       21318       21319       21320
       21321       21322       21323       21324       21325       21326
       21327       21328       21329       21330       21331       21332
       21333       21334       21335       21336       21337       21338
       21339       21340       21341       21342       21343       21344
       21345       21346       21347       21348       21349       21350
       21351       21352       21353       21354       21355       21357
       21598       21599       21600       21601       21602       21603
       21604       21605       21606       21607       21608       21609
       21610       21611       21612       21613       21614       21615
       21616       21617       21618       21619       21620       21621
       21622       21623       21624       21625       21626       21627
       21628       21629       21630       21631       21632       21633
       21634       21635       21636       21637       21638       21639
       21641       21880       21881       21882       21883       21884
       21885       21886       21887       21888       21889       21890
       21891       21892       21893       21894       21895       21896
       21897       21898       21899       21900       21901       21902
       21903       21904       21905       21906       21907       21908
       21909       21910       21911       21912       21913       21914
       21915       21916       21917       21918       21919       21920
       21921       21922       21923       21925       22162       22164
       22165       22166       22167       22168       22169       22170
       22171       22172       22173       22174       22175       22176
       22177       22178       22179       22180       22181       22182
       22183       22184       22185       22186       22187       22188
       22189       22190       22191       22192       22193       22194
       22195       22196       22197       22198       22199       22200
       22201       22202       22203       22204       22205       22206
       22207       22209       22446       22448       22449       22450
       22451       22452       22453       22454       22455       22456
       22457       22458       22459       22460       22461       22462
       22463       22464       22465       22466       22467       22468
       22469       22470       22471       22472       22473       22474
       22475       22476       22477       22478       22479       22480
       22481       22482       22483       22484       22485       22486
       22487       22488       22489       22490       22491       22493
       22730       22732       22733       22734       22735       22736
       22737       22738       22739       22740       22741       22742
       22743       22744       22745       22746       22747       22748
       22749       22750       22751       22752       22753       22754
       22755       22756       22757       22758       22759       22760
       22761       22762       22763       22764       22765       22766
       22767       22768       22769       22770       22771       22772
       22773       22774       22775       22777       23014       23016
       23017       23018       23019       23020       23021       23022
       23023       23024       23025       23026       23027       23028
       23029       23030       23031       23032       23033       23034
       23035       23036       23037       23038       23039       23040
       23041       23042       23043       23044       23045       23046
       23047       23048       23049       23050       23051       23052
       23053       23054       23055       23056       23057       23058
       23059       23061       23298       23300       23301       23302
       23303       23304       23305       23306       23307       23308
       23309       23310       23311       23312       23313       23314
       23315       23316       23317       23318       23319       23320
       23321       23322       23323       23324       23325       23326
       23327       23328       23329       23330       23331       23332
       23333       23334       23335       23336       23337       23338
       23339       23340       23341       23342       23343       23345
       23582       23583       23584       23585       23586       23587
       23588       23589       23590       23591       23592       23593
       23594       23595       23596       23597       23598       23599
       23600       23601       23602       23603       23604       23605
       23606       23607       23608       23609       23610       23611
       23612       23613       23614       23615       23616       23617
       23618       23619       23620       23621       23622       23623
       23624       23625       23626       23627       23629       23864
       23866       23867       23868       23869       23870       23871
       23872       23873       23874       23875       23876       23877
       23878       23879       23880       23881       23882       23883
       23884       23885       23886       23887       23888       23889
       23890       23891       23892       23893       23894       23895
       23896       23897       23898       23899       23900       23901
       23902       23903       23904       23905       23906       23907
       23908       23909       23910       23911       23913       24148
       24150       24151       24152       24153       24154       24155
       24156       24157       24158       24159       24160       24161
       24162       24163       24164       24165       24166       24167
       24168       24169       24170       24171       24172       24173
       24174       24175       24176       24177       24178       24179
       24180       24181       24182       24183       24184       24185
       24186       24187       24188       24189       24190       24191
       24192       24193       24194       24195       24197       24432
       24434       24435       24436       24437       24438       24439
       24440       24441       24442       24443       24444       24445
       24446       24447       24448       24449       24450       24451
       24452       24453       24454       24455       24456       24457
       24458       24459       24460       24461       24462       24463
       24464       24465       24466       24467       24468       24469
       24470       24471       24472       24473       24474       24475
       24476       24477       24478       24479       24716       24718
       24719       24720       24721       24722       24723       24724
       24725       24726       24727       24728       24729       24730
       24731       24732       24733       24734       24735       24736
       24737       24738       24739       24740       24741       24742
       24743       24744       24745       24746       24747       24748
       24749       24750       24751       24752       24753       24754
       24755       24756       24757       24758       24759       24760
       24761       24763       25000       25002       25003       25004
       25005       25006       25007       25008       25009       25010
       25011       25012       25013       25014       25015       25016
       25017       25018       25019       25020       25021       25022
       25023       25024       25025       25026       25027       25028
       25029       25030       25031       25032       25033       25034
       25035       25036       25037       25038       25039       25040
       25041       25042       25043       25044       25045       25284
       25285       25286       25287       25288       25289       25290
       25291       25292       25293       25294       25295       25296
       25297       25298       25299       25300       25301       25302
       25303       25304       25305       25306       25307       25308
       25309       25310       25311       25312       25313       25314
       25315       25316       25317       25318       25319       25320
       25321       25322       25323       25324       25325       25326
       25327       25566       25568       25569       25570       25571
       25572       25573       25574       25575       25576       25577
       25578       25579       25580       25581       25582       25583
       25584       25585       25586       25587       25588       25589
       25590       25591       25592       25593       25594       25595
       25596       25597       25598       25599       25600       25601
       25602       25603       25604       25605       25606       25607
       25608       25609       25611       25850       25852       25853
       25854       25855       25856       25857       25858       25859
       25860       25861       25862       25863       25864       25865
       25866       25867       25868       25869       25870       25871
       25872       25873       25874       25875       25876       25877
       25878       25879       25880       25881       25882       25883
       25884       25885       25886       25887       25888       25889
       25890       25891       25892       25893       25895       26134
       26136       26137       26138       26139       26140       26141
       26142       26143       26144       26145       26146       26147
       26148       26149       26150       26151       26152       26153
       26154       26155       26156       26157       26158       26159
       26160       26161       26162       26163       26164       26165
       26166       26167       26168       26169       26170       26171
       26172       26173       26174       26175       26176       26177
       26179       26418       26420       26421       26422       26423
       26424       26425       26426       26427       26428       26429
       26430       26431       26432       26433       26434       26435
       26436       26437       26438       26439       26440       26441
       26442       26443       26444       26445       26446       26447
       26448       26449       26450       26451       26452       26453
       26454       26455       26456       26457       26458       26459
       26460       26461       26463       26702       26704       26705
       26706       26707       26708       26709       26710       26711
       26712       26713       26714       26715       26716       26717
       26718       26719       26720       26721       26722       26723
       26724       26725       26726       26727       26728       26729
       26730       26731       26732       26733       26734       26735
       26736       26737       26738       26739       26740       26741
       26742       26743       26744       26745       26747       26986
       26988       26989       26990       26991       26992       26993
       26994       26995       26996       26997       26998       26999
       27000       27001       27002       27003       27004       27005
       27006       27007       27008       27009       27010       27011
       27012       27013       27014       27015       27016       27017
       27018       27019       27020       27021       27022       27023
       27024       27025       27026       27027       27028       27029
       27270       27271       27272       27273       27274       27275
       27276       27277       27278       27279       27280       27281
       27282       27283       27284       27285       27286       27287
       27288       27289       27290       27291       27292       27293
       27294       27295       27296       27297       27298       27299
       27300       27301       27302       27303       27304       27305
       27306       27307       27308       27309       27310       27311
       27552       27554       27555       27556       27557       27558
       27559       27560       27561       27562       27563       27564
       27565       27566       27567       27568       27569       27570
       27571       27572       27573       27574       27575       27576
       27577       27578       27579       27580       27581       27582
       27583       27584       27585       27586       27587       27588
       27589       27590       27591       27592       27593       27595
       27836       27838       27839       27840       27841       27842
       27843       27844       27845       27846       27847       27848
       27849       27850       27851       27852       27853       27854
       27855       27856       27857       27858       27859       27860
       27861       27862       27863       27864       27865       27866
       27867       27868       27869       27870       27871       27872
       27873       27874       27875       27876       27877       28120
       28122       28123       28124       28125       28126       28127
       28128       28129       28130       28131       28132       28133
       28134       28135       28136       28137       28138       28139
       28140       28141       28142       28143       28144       28145
       28146       28147       28148       28149       28150       28151
       28152       28153       28154       28155       28156       28157
       28158       28159       28404       28406       28407       28408
       28409       28410       28411       28412       28413       28414
       28415       28416       28417       28418       28419       28420
       28421       28422       28423       28424       28425       28426
       28427       28428       28429       28430       28431       28432
       28433       28434       28435       28436       28437       28438
       28439       28440       28441       28688       28690       28691
       28692       28693       28694       28695       28696       28697
       28698       28699       28700       28701       28702       28703
       28704       28705       28706       28707       28708       28709
       28710       28711       28712       28713       28714       28715
       28716       28717       28718       28719       28720       28721
       28722       28723       28972       28973       28974       28975
       28976       28977       28978       28979       28980       28981
       28982       28983       28984       28985       28986       28987
       28988       28989       28990       28991       28992       28993
       28994       28995       28996       28997       28998       28999
       29000       29001       29002       29003       29004       29005
       29007       29254       29255       29256       29257       29258
       29259       29260       29261       29262       29263       29264
       29265       29266       29267       29268       29269       29270
       29271       29272       29273       29274       29275       29276
       29277       29278       29279       29280       29281       29282
       29283       29284       29285       29286       29287       29288
       29289       29536       29537       29538       29539       29540
       29541       29542       29543       29544       29545       29546
       29547       29548       29549       29550       29551       29552
       29553       29554       29555       29556       29557       29558
       29559       29560       29561       29562       29563       29564
       29565       29566       29567       29568       29569       29570
       29571       29817       29818       29819       29820       29821
       29822       29823       29824       29825       29826       29827
       29828       29829       29830       29831       29832       29833
       29834       29835       29836       29837       29838       29839
       29840       29841       29842       29843       29844       29845
       29846       29847       29848       29849       29850       29851
       29852       19615       19899       20183       20467       20751
       21032       21314       21596       21878       22163       22447
       22731       23015       23299       23580       23865       24149
       24433       24717       25001       25282       25567       25851
       26135       26419       26703       26987       27268       27553
       27837       28121       28405       28689       28970       29252
       29534       29815       19330       19051       19053       19055
       19057       19059       19061       19063       19065       19067
       19069       19071       19073       19075       19077       19079
       19081       19083       19085       19087       19370       19654
       19939       20220       20504       20788       21072       21356
       21640       21924       22208       22492       22776       23060
       23344       23628       23912       24196       24481       24762
       25047       25329       25610       25894       26178       26462
       26746       27031       27313       27594       27879       28161
       28443       28725       29006       29291       29573       29854
       19612       19896       20180       20464       20748       21033
       21315       21597       21879       22160       22444       22728
       23012       23296       23581       23862       24146       24430
       24714       24998       25283       25564       25848       26132
       26416       26700       26984       27269       27550       27834
       28118       28402       28686       28971       29253       29535
       29816       19048       19049       19331       19050       19052
       19054       19056       19058       19060       19062       19064
       19066       19068       19070       19072       19074       19076
       19078       19080       19082       19084       19086       19089
       19373       19657       19938       20223       20507       20791
       21075       21359       21643       21927       22211       22495
       22779       23063       23347       23631       23915       24199
       24480       24765       25046       25328       25613       25897
       26181       26465       26749       27030       27312       27597
       27878       28160       28442       28724       29009       29290
       29572       29853
        2357
          95
       28790       28792       28793       28795       28796       28798
       28799       28801       28802       28804       28805       28807
       28808       28810       28811       28813       28814       28816
       28817       28819       28820       28822       28823       28825
       28826       28828       28829       28831       28832       28834
       28835       28837       28838       28840       28841       28843
       28844       28846       29210       29213       29214       29215
       29216       29217       29218       29219       29220       29221
       29222       29223       29224       29225       29226       29227
       29228       29229       29230       29231       29232       29233
       29234       29235       29236       29237       29238       29239
       29240       29241       29242       29243       29244       29245
       29246       29247       29248       29249       29250       29251
       29252       29253       29254       29255       29256       29257
       29258       29259       29260       29261       29262       29263
       29264       29265       29266       29267       29268       29269
       29271       29635       29638       29639       29640       29641
       29642       29643       29644       29645       29646       29647
       29648       29649       29650       29651       29652       29653
       29654       29655       29656       29657       29658       29659
       29660       29661       29662       29663       29664       29665
       29666       29667       29668       29669       29670       29671
       29672       29673       29674       29675       29676       29677
       29678       29679       29680       29681       29682       29683
       29684       29685       29686       29687       29688       29689
       29690       29691       29692       29693       29694       30060
       30063       30064       30065       30066       30067       30068
       30069       30070       30071       30072       30073       30074
       30075       30076       30077       30078       30079       30080
       30081       30082       30083       30084       30085       30086
       30087       30088       30089       30090       30091       30092
       30093       30094       30095       30096       30097       30098
       30099       30100       30101       30102       30103       30104
       30105       30106       30107       30108       30109       30110
       30111       30112       30113       30114       30115       30116
       30118       30485       30488       30489       30490       30491
       30492       30493       30494       30495       30496       30497
       30498       30499       30500       30501       30502       30503
       30504       30505       30506       30507       30508       30509
       30510       30511       30512       30513       30514       30515
       30516       30517       30518       30519       30520       30521
       30522       30523       30524       30525       30526       30527
       30528       30529       30530       30531       30532       30533
       30534       30535       30536       30537       30538       30539
       30540       30541       30543       30910       30913       30914
       30915       30916       30917       30918       30919       30920
       30921       30922       30923       30924       30925       30926
       30927       30928       30929       30930       30931       30932
       30933       30934       30935       30936       30937       30938
       30939       30940       30941       30942       30943       30944
       30945       30946       30947       30948       30949       30950
       30951       30952       30953       30954       30955       30956
       30957       30958       30959       30960       30961       30962
       30963       30964       30965       30966       30968       31335
       31337       31338       31339       31340       31341       31342
       31343       31344       31345       31346       31347       31348
       31349       31350       31351       31352       31353       31354
       31355       31356       31357       31358       31359       31360
       31361       31362       31363       31364       31365       31366
       31367       31368       31369       31370       31371       31372
       31373       31374       31375       31376       31377       31378
       31379       31380       31381       31382       31383       31384
       31385       31386       31387       31388       31389       31390
       31391       31393       31757       31759       31760       31761
       31762       31763       31764       31765       31766       31767
       31768       31769       31770       31771       31772       31773
       31774       31775       31776       31777       31778       31779
       31780       31781       31782       31783       31784       31785
       31786       31787       31788       31789       31790       31791
       31792       31793       31794       31795       31796       31797
       31798       31799       31800       31801       31802       31803
       31804       31805       31806       31807       31808       31809
       31810       31811       31812       31813       31814       31815
       31816       31818       32179       32181       32182       32183
       32184       32185       32186       32187       32188       32189
       32190       32191       32192       32193       32194       32195
       32196       32197       32198       32199       32200       32201
       32202       32203       32204       32205       32206       32207
       32208       32209       32210       32211       32212       32213
       32214       32215       32216       32217       32218       32219
       32220       32221       32222       32223       32224       32225
       32226       32227       32228       32229       32230       32231
       32232       32233       32234       32235       32236       32237
       32238       32239       32240       32241       32243       32601
       32603       32604       32605       32606       32607       32608
       32609       32610       32611       32612       32613       32614
       32615       32616       32617       32618       32619       32620
       32621       32622       32623       32624       32625       32626
       32627       32628       32629       32630       32631       32632
       32633       32634       32635       32636       32637       32638
       32639       32640       32641       32642       32643       32644
       32645       32646       32647       32648       32649       32650
       32651       32652       32653       32654       32655       32656
       32657       32658       32659       32660       32661       32662
       32663       32664       32665       32666       32668       33023
       33026       33027       33028       33029       33030       33031
       33032       33033       33034       33035       33036       33037
       33038       33039       33040       33041       33042       33043
       33044       33045       33046       33047       33048       33049
       33050       33051       33052       33053       33054       33055
       33056       33057       33058       33059       33060       33061
       33062       33063       33064       33065       33066       33067
       33068       33069       33070       33071       33072       33073
       33074       33075       33076       33077       33078       33079
       33080       33081       33082       33083       33084       33085
       33086       33087       33088       33089       33090       33091
       33093       33448       33451       33452       33453       33454
       33455       33456       33457       33458       33459       33460
       33461       33462       33463       33464       33465       33466
       33467       33468       33469       33470       33471       33472
       33473       33474       33475       33476       33477       33478
       33479       33480       33481       33482       33483       33484
       33485       33486       33487       33488       33489       33490
       33491       33492       33493       33494       33495       33496
       33497       33498       33499       33500       33501       33502
       33503       33504       33505       33506       33507       33508
       33509       33510       33511       33512       33513       33514
       33515       33516       33518       33873       33876       33877
       33878       33879       33880       33881       33882       33883
       33884       33885       33886       33887       33888       33889
       33890       33891       33892       33893       33894       33895
       33896       33897       33898       33899       33900       33901
       33902       33903       33904       33905       33906       33907
       33908       33909       33910       33911       33912       33913
       33914       33915       33916       33917       33918       33919
       33920       33921       33922       33923       33924       33925
       33926       33927       33928       33929       33930       33931
       33932       33933       33934       33935       33936       33937
       33938       33939       33940       33941       33943       34298
       34301       34302       34303       34304       34305       34306
       34307       34308       34309       34310       34311       34312
       34313       34314       34315       34316       34317       34318
       34319       34320       34321       34322       34323       34324
       34325       34326       34327       34328       34329       34330
       34331       34332       34333       34334       34335       34336
       34337       34338       34339       34340       34341       34342
       34343       34344       34345       34346       34347       34348
       34349       34350       34351       34352       34353       34354
       34355       34356       34357       34358       34359       34360
       34361       34362       34363       34364       34365       34366
       34368       34723       34726       34727       34728       34729
       34730       34731       34732       34733       34734       34735
       34736       34737       34738       34739       34740       34741
       34742       34743       34744       34745       34746       34747
       34748       34749       34750       34751       34752       34753
       34754       34755       34756       34757       34758       34759
       34760       34761       34762       34763       34764       34765
       34766       34767       34768       34769       34770       34771
       34772       34773       34774       34775       34776       34777
       34778       34779       34780       34781       34782       34783
       34784       34785       34786       34787       34788       34789
       34790       34791       34793       35148       35150       35151
       35152       35153       35154       35155       35156       35157
       35158       35159       35160       35161       35162       35163
       35164       35165       35166       35167       35168       35169
       35170       35171       35172       35173       35174       35175
       35176       35177       35178       35179       35180       35181
       35182       35183       35184       35185       35186       35187
       35188       35189       35190       35191       35192       35193
       35194       35195       35196       35197       35198       35199
       35200       35201       35202       35203       35204       35205
       35206       35207       35208       35209       35210       35211
       35212       35213       35214       35215       35216       35218
       35570       35573       35574       35575       35576       35577
       35578       35579       35580       35581       35582       35583
       35584       35585       35586       35587       35588       35589
       35590       35591       35592       35593       35594       35595
       35596       35597       35598       35599       35600       35601
       35602       35603       35604       35605       35606       35607
       35608       35609       35610       35611       35612       35613
       35614       35615       35616       35617       35618       35619
       35620       35621       35622       35623       35624       35625
       35626       35627       35628       35629       35630       35631
       35632       35633       35634       35635       35636       35637
       35638       35639       35640       35641       35643       35995
       35998       35999       36000       36001       36002       36003
       36004       36005       36006       36007       36008       36009
       36010       36011       36012       36013       36014       36015
       36016       36017       36018       36019       36020       36021
       36022       36023       36024       36025       36026       36027
       36028       36029       36030       36031       36032       36033
       36034       36035       36036       36037       36038       36039
       36040       36041       36042       36043       36044       36045
       36046       36047       36048       36049       36050       36051
       36052       36053       36054       36055       36056       36057
       36058       36059       36060       36061       36062       36063
       36064       36065       36066       36068       36420       36423
       36424       36425       36426       36427       36428       36429
       36430       36431       36432       36433       36434       36435
       36436       36437       36438       36439       36440       36441
       36442       36443       36444       36445       36446       36447
       36448       36449       36450       36451       36452       36453
       36454       36455       36456       36457       36458       36459
       36460       36461       36462       36463       36464       36465
       36466       36467       36468       36469       36470       36471
       36472       36473       36474       36475       36476       36477
       36478       36479       36480       36481       36482       36483
       36484       36485       36486       36487       36488       36489
       36490       36491       36845       36848       36849       36850
       36851       36852       36853       36854       36855       36856
       36857       36858       36859       36860       36861       36862
       36863       36864       36865       36866       36867       36868
       36869       36870       36871       36872       36873       36874
       36875       36876       36877       36878       36879       36880
       36881       36882       36883       36884       36885       36886
       36887       36888       36889       36890       36891       36892
       36893       36894       36895       36896       36897       36898
       36899       36900       36901       36902       36903       36904
       36905       36906       36907       36908       36909       36910
       36911       36912       36913       36915       37270       37273
       37274       37275       37276       37277       37278       37279
       37280       37281       37282       37283       37284       37285
       37286       37287       37288       37289       37290       37291
       37292       37293       37294       37295       37296       37297
       37298       37299       37300       37301       37302       37303
       37304       37305       37306       37307       37308       37309
       37310       37311       37312       37313       37314       37315
       37316       37317       37318       37319       37320       37321
       37322       37323       37324       37325       37326       37327
       37328       37329       37330       37331       37332       37333
       37334       37335       37336       37337       37338       37695
       37697       37698       37699       37700       37701       37702
       37703       37704       37705       37706       37707       37708
       37709       37710       37711       37712       37713       37714
       37715       37716       37717       37718       37719       37720
       37721       37722       37723       37724       37725       37726
       37727       37728       37729       37730       37731       37732
       37733       37734       37735       37736       37737       37738
       37739       37740       37741       37742       37743       37744
       37745       37746       37747       37748       37749       37750
       37751       37752       37753       37754       37755       37756
       37757       37758       37759       37760       38117       38120
       38121       38122       38123       38124       38125       38126
       38127       38128       38129       38130       38131       38132
       38133       38134       38135       38136       38137       38138
       38139       38140       38141       38142       38143       38144
       38145       38146       38147       38148       38149       38150
       38151       38152       38153       38154       38155       38156
       38157       38158       38159       38160       38161       38162
       38163       38164       38165       38166       38167       38168
       38169       38170       38171       38172       38173       38174
       38175       38176       38177       38178       38179       38180
       38181       38182       38184       38542       38545       38546
       38547       38548       38549       38550       38551       38552
       38553       38554       38555       38556       38557       38558
       38559       38560       38561       38562       38563       38564
       38565       38566       38567       38568       38569       38570
       38571       38572       38573       38574       38575       38576
       38577       38578       38579       38580       38581       38582
       38583       38584       38585       38586       38587       38588
       38589       38590       38591       38592       38593       38594
       38595       38596       38597       38598       38599       38600
       38601       38602       38603       38604       38605       38606
       38607       38609       38967       38970       38971       38972
       38973       38974       38975       38976       38977       38978
       38979       38980       38981       38982       38983       38984
       38985       38986       38987       38988       38989       38990
       38991       38992       38993       38994       38995       38996
       38997       38998       38999       39000       39001       39002
       39003       39004       39005       39006       39007       39008
       39009       39010       39011       39012       39013       39014
       39015       39016       39017       39018       39019       39020
       39021       39022       39023       39024       39025       39026
       39027       39028       39029       39030       39031       39032
       39034       39392       39395       39396       39397       39398
       39399       39400       39401       39402       39403       39404
       39405       39406       39407       39408       39409       39410
       39411       39412       39413       39414       39415       39416
       39417       39418       39419       39420       39421       39422
       39423       39424       39425       39426       39427       39428
       39429       39430       39431       39432       39433       39434
       39435       39436       39437       39438       39439       39440
       39441       39442       39443       39444       39445       39446
       39447       39448       39449       39450       39451       39452
       39453       39454       39455       39456       39457       39459
       39817       39820       39821       39822       39823       39824
       39825       39826       39827       39828       39829       39830
       39831       39832       39833       39834       39835       39836
       39837       39838       39839       39840       39841       39842
       39843       39844       39845       39846       39847       39848
       39849       39850       39851       39852       39853       39854
       39855       39856       39857       39858       39859       39860
       39861       39862       39863       39864       39865       39866
       39867       39868       39869       39870       39871       39872
       39873       39874       39875       39876       39877       39878
       39879       39880       39881       39882       39884       40242
       40245       40246       40247       40248       40249       40250
       40251       40252       40253       40254       40255       40256
       40257       40258       40259       40260       40261       40262
       40263       40264       40265       40266       40267       40268
       40269       40270       40271       40272       40273       40274
       40275       40276       40277       40278       40279       40280
       40281       40282       40283       40284       40285       40286
       40287       40288       40289       40290       40291       40292
       40293       40294       40295       40296       40297       40298
       40299       40300       40301       40302       40303       40304
       40305       40306       40307       40667       40669       40670
       40671       40672       40673       40674       40675       40676
       40677       40678       40679       40680       40681       40682
       40683       40684       40685       40686       40687       40688
       40689       40690       40691       40692       40693       40694
       40695       40696       40697       40698       40699       40700
       40701       40702       40703       40704       40705       40706
       40707       40708       40709       40710       40711       40712
       40713       40714       40715       40716       40717       40718
       40719       40720       40721       40722       40723       40724
       40725       40726       40727       40728       40729       41089
       41092       41093       41094       41095       41096       41097
       41098       41099       41100       41101       41102       41103
       41104       41105       41106       41107       41108       41109
       41110       41111       41112       41113       41114       41115
       41116       41117       41118       41119       41120       41121
       41122       41123       41124       41125       41126       41127
       41128       41129       41130       41131       41132       41133
       41134       41135       41136       41137       41138       41139
       41140       41141       41142       41143       41144       41145
       41146       41147       41148       41149       41150       41151
       41153       41514       41517       41518       41519       41520
       41521       41522       41523       41524       41525       41526
       41527       41528       41529       41530       41531       41532
       41533       41534       41535       41536       41537       41538
       41539       41540       41541       41542       41543       41544
       41545       41546       41547       41548       41549       41550
       41551       41552       41553       41554       41555       41556
       41557       41558       41559       41560       41561       41562
       41563       41564       41565       41566       41567       41568
       41569       41570       41571       41572       41573       41574
       41575       41576       41939       41942       41943       41944
       41945       41946       41947       41948       41949       41950
       41951       41952       41953       41954       41955       41956
       41957       41958       41959       41960       41961       41962
       41963       41964       41965       41966       41967       41968
       41969       41970       41971       41972       41973       41974
       41975       41976       41977       41978       41979       41980
       41981       41982       41983       41984       41985       41986
       41987       41988       41989       41990       41991       41992
       41993       41994       41995       41996       41997       41998
       42364       42367       42368       42369       42370       42371
       42372       42373       42374       42375       42376       42377
       42378       42379       42380       42381       42382       42383
       42384       42385       42386       42387       42388       42389
       42390       42391       42392       42393       42394       42395
       42396       42397       42398       42399       42400       42401
       42402       42403       42404       42405       42406       42407
       42408       42409       42410       42411       42412       42413
       42414       42415       42416       42417       42418       42419
       42420       42789       42792       42793       42794       42795
       42796       42797       42798       42799       42800       42801
       42802       42803       42804       42805       42806       42807
       42808       42809       42810       42811       42812       42813
       42814       42815       42816       42817       42818       42819
       42820       42821       42822       42823       42824       42825
       42826       42827       42828       42829       42830       42831
       42832       42833       42834       42835       42836       42837
       42838       42839       42840       42841       42842       43214
       43216       43217       43218       43219       43220       43221
       43222       43223       43224       43225       43226       43227
       43228       43229       43230       43231       43232       43233
       43234       43235       43236       43237       43238       43239
       43240       43241       43242       43243       43244       43245
       43246       43247       43248       43249       43250       43251
       43252       43253       43254       43255       43256       43257
       43258       43259       43260       43261       43262       43263
       43264       43266       43636       43638       43639       43640
       43641       43642       43643       43644       43645       43646
       43647       43648       43649       43650       43651       43652
       43653       43654       43655       43656       43657       43658
       43659       43660       43661       43662       43663       43664
       43665       43666       43667       43668       43669       43670
       43671       43672       43673       43674       43675       43676
       43677       43678       43679       43680       43681       43682
       43683       43684       43685       43686       43687       43688
       43689       44058       44060       44061       44062       44063
       44064       44065       44066       44067       44068       44069
       44070       44071       44072       44073       44074       44075
       44076       44077       44078       44079       44080       44081
       44082       44083       44084       44085       44086       44087
       44088       44089       44090       44091       44092       44093
       44094       44095       44096       44097       44098       44099
       44100       44101       44102       44103       44104       44105
       44106       44107       44108       44109       44110       44111
       44479       44481       44482       44483       44484       44485
       44486       44487       44488       44489       44490       44491
       44492       44493       44494       44495       44496       44497
       44498       44499       44500       44501       44502       44503
       44504       44505       44506       44507       44508       44509
       44510       44511       44512       44513       44514       44515
       44516       44517       44518       44519       44520       44521
       44522       44523       44524       44525       44526       44527
       44528       44529       44530       44531       44532       45045
       45046       45047       45048       45049       45050       45051
       45052       45053       45054       45055       45056       45057
       45058       45059       45060       45061       45062       28788
       28789       28791       28794       28797       28800       28803
       28806       28809       28812       28815       28818       28821
       28824       28827       28830       28833       28836       28839
       28842       28847       29212       29272       29637       29696
       30062       30119       30487       30544       30912       30969
       31336       31394       31758       31819       32180       32244
       32602       32669       33025       33094       33450       33519
       33875       33944       34300       34369       34725       34794
       35149       35219       35572       35644       35997       36069
       36422       36493       36847       36916       37272       37340
       37696       37762       38119       38185       38544       38610
       38969       39035       39394       39460       39819       39885
       40244       40309       40668       40731       41091       41154
       41516       41578       41941       42000       42366       42422
       42791       42844       43215       43267       43637       43691
       44059       44113       44480       44534
