          16
         760
          85
        8060        8061        8062        8063        8197        8198
        8199        8200        8201        8202        8203        8204
        8205        8206        8207        8208        8209        8210
        8211        8212        8213        8214        8215        8216
        8217        8339        8340        8341        8342        8343
        8344        8345        8346        8347        8348        8349
        8350        8351        8352        8353        8354        8355
        8356        8357        8358        8359        8360        8361
        8362        8363        8481        8482        8483        8484
        8485        8486        8487        8488        8489        8490
        8491        8492        8493        8494        8495        8496
        8497        8498        8499        8500        8501        8502
        8503        8504        8505        8506        8507        8624
        8625        8626        8627        8628        8629        8630
        8631        8632        8633        8634        8635        8636
        8637        8638        8639        8640        8641        8642
        8643        8644        8645        8646        8647        8648
        8649        8650        8651        8652        8653        8654
        8766        8767        8768        8769        8770        8771
        8772        8773        8774        8775        8776        8777
        8778        8779        8780        8781        8782        8783
        8784        8785        8786        8787        8788        8789
        8790        8791        8792        8793        8794        8795
        8796        8797        8909        8910        8911        8912
        8913        8914        8915        8916        8917        8918
        8919        8920        8921        8922        8923        8924
        8925        8926        8927        8928        8929        8930
        8931        8932        8933        8934        8935        8936
        8937        8938        8939        8940        9052        9053
        9054        9055        9056        9057        9058        9059
        9060        9061        9062        9063        9064        9065
        9066        9067        9068        9069        9070        9071
        9072        9073        9074        9075        9076        9077
        9078        9079        9080        9081        9082        9083
        9084        9085        9195        9196        9197        9198
        9199        9200        9201        9202        9203        9204
        9205        9206        9207        9208        9209        9210
        9211        9212        9213        9214        9215        9216
        9217        9218        9219        9220        9221        9222
        9223        9224        9225        9226        9227        9228
        9229        9338        9339        9340        9341        9342
        9343        9344        9345        9346        9347        9348
        9349        9350        9351        9352        9353        9354
        9355        9356        9357        9358        9359        9360
        9361        9362        9363        9364        9365        9366
        9367        9368        9369        9370        9371        9481
        9482        9483        9484        9485        9486        9487
        9488        9489        9490        9491        9492        9493
        9494        9495        9496        9497        9498        9499
        9500        9501        9502        9503        9504        9505
        9506        9507        9508        9509        9510        9511
        9512        9513        9624        9625        9626        9627
        9628        9629        9630        9631        9632        9633
        9634        9635        9636        9637        9638        9639
        9640        9641        9642        9643        9644        9645
        9646        9647        9648        9649        9650        9651
        9652        9653        9654        9655        9767        9768
        9769        9770        9771        9772        9773        9774
        9775        9776        9777        9778        9779        9780
        9781        9782        9783        9784        9785        9786
        9787        9788        9789        9790        9791        9792
        9793        9794        9795        9796        9797        9910
        9911        9912        9913        9914        9915        9916
        9917        9918        9919        9920        9921        9922
        9923        9924        9925        9926        9927        9928
        9929        9930        9931        9932        9933        9934
        9935        9936        9937        9938        9939       10053
       10054       10055       10056       10057       10058       10059
       10060       10061       10062       10063       10064       10065
       10066       10067       10068       10069       10070       10071
       10072       10073       10074       10075       10076       10077
       10078       10079       10080       10081       10196       10197
       10198       10199       10200       10201       10202       10203
       10204       10205       10206       10207       10208       10209
       10210       10211       10212       10213       10214       10215
       10216       10217       10218       10219       10220       10221
       10222       10223       10339       10340       10341       10342
       10343       10344       10345       10346       10347       10348
       10349       10350       10351       10352       10353       10354
       10355       10356       10357       10358       10359       10360
       10361       10362       10363       10364       10365       10482
       10483       10484       10485       10486       10487       10488
       10489       10490       10491       10492       10493       10494
       10495       10496       10497       10498       10499       10500
       10501       10502       10503       10504       10505       10506
       10507       10626       10627       10628       10629       10630
       10631       10632       10633       10634       10635       10636
       10637       10638       10639       10640       10641       10642
       10643       10644       10645       10646       10647       10648
       10649       10769       10770       10771       10772       10773
       10774       10775       10776       10777       10778       10779
       10780       10781       10782       10783       10784       10785
       10786       10787       10788       10789       10790       10791
       10912       10913       10914       10915       10916       10917
       10918       10919       10920       10921       10922       10923
       10924       10925       10926       10927       10928       10929
       10930       10931       10932       10933       11055       11056
       11057       11058       11059       11060       11061       11062
       11063       11064       11065       11066       11067       11068
       11069       11070       11071       11072       11073       11074
       11075       11198       11199       11200       11201       11202
       11203       11204       11205       11206       11207       11208
       11209       11210       11211       11212       11213       11214
       11215       11216       11217       11341       11342       11343
       11344       11345       11346       11347       11348       11349
       11350       11351       11352       11353       11354       11355
       11356       11357       11358       11359       11484       11485
       11486       11487       11488       11489       11490       11491
       11492       11493       11494       11495       11496       11497
       11498       11499       11500       11501       11627       11628
       11629       11630       11631       11632       11633       11634
       11635       11636       11637       11638       11639       11640
       11641       11642       11643       11770       11771       11772
       11773       11774       11775       11776       11777       11778
       11779       11780       11781       11782       11783       11784
       11785       11917       11918       11919       11920       11921
       11922       11923       11924       11925       11926       11927
       12060       12061       12062       12063       12064       12065
       12066       12067       12068       12069       12203       12204
       12205       12206       12207       12208       12209       12210
       12211       12346       12347       12348       12349       12350
       12351       12352       12353       12489       12490       12491
       12492       12493       12494       12495       12632       12633
       12634       12635       12636       12637       12775       12776
       12777       12778       12779       12918       12919       12920
       12921       13061       13062       13063       13203       13204
       13205       13346       13347       13489        7917        7918
        7919        7920        7921        8054        8055        8056
        8057        8058        8059        8064        8065        8066
        8067        8068        8069        8070        8071        8072
        8073        8074        8075        8218        8219        8220
        8221        8364        8365        8508        8509        8510
        8511        8512        8655        8798        8941        8942
        8943        9086        9087        8196        8338        8480
        8623        8765        8908        9051        9194        9337
        9480        9623        9766        9909       10052       10195
       10338       10481       10624       10625       10768       10911
       11054       11197       11340       11483       11626       11769
       11912       11913       11914       11915       11916       12059
       12202       12345       12488       12631       12774       12917
       13060       13202       13345       13488       13631
        1572
          84
          87
       15724       15725       15726       15727       15728       15729
       15730       15731       15733       15996       15997       15998
       15999       16000       16001       16002       16003       16004
       16005       16006       16007       16008       16009       16010
       16011       16012       16013       16014       16015       16016
       16017       16018       16019       16020       16021       16022
       16023       16024       16025       16026       16027       16028
       16029       16030       16031       16032       16033       16034
       16035       16036       16037       16039       16278       16279
       16280       16281       16282       16283       16284       16285
       16286       16287       16288       16289       16290       16291
       16292       16293       16294       16295       16296       16297
       16298       16299       16300       16301       16302       16303
       16304       16305       16306       16307       16308       16309
       16310       16311       16312       16313       16314       16315
       16316       16317       16318       16319       16320       16321
       16322       16323       16324       16325       16326       16327
       16329       16560       16561       16562       16563       16564
       16565       16566       16567       16568       16569       16570
       16571       16572       16573       16574       16575       16576
       16577       16578       16579       16580       16581       16582
       16583       16584       16585       16586       16587       16588
       16589       16590       16591       16592       16593       16594
       16595       16596       16597       16598       16599       16600
       16601       16602       16603       16604       16605       16606
       16607       16608       16609       16610       16611       16612
       16613       16615       16842       16844       16845       16846
       16847       16848       16849       16850       16851       16852
       16853       16854       16855       16856       16857       16858
       16859       16860       16861       16862       16863       16864
       16865       16866       16867       16868       16869       16870
       16871       16872       16873       16874       16875       16876
       16877       16878       16879       16880       16881       16882
       16883       16884       16885       16886       16887       16888
       16889       16890       16891       16892       16893       16894
       16895       16896       16897       16898       16899       16900
       16901       16902       16903       16904       16905       16907
       17126       17127       17128       17129       17130       17131
       17132       17133       17134       17135       17136       17137
       17138       17139       17140       17141       17142       17143
       17144       17145       17146       17147       17148       17149
       17150       17151       17152       17153       17154       17155
       17156       17157       17158       17159       17160       17161
       17162       17163       17164       17165       17166       17167
       17168       17169       17170       17171       17172       17173
       17174       17175       17176       17177       17178       17179
       17180       17181       17182       17183       17184       17185
       17186       17187       17188       17189       17191       17408
       17410       17411       17412       17413       17414       17415
       17416       17417       17418       17419       17420       17421
       17422       17423       17424       17425       17426       17427
       17428       17429       17430       17431       17432       17433
       17434       17435       17436       17437       17438       17439
       17440       17441       17442       17443       17444       17445
       17446       17447       17448       17449       17450       17451
       17452       17453       17454       17455       17456       17457
       17458       17459       17460       17461       17462       17463
       17464       17465       17466       17467       17468       17469
       17470       17471       17472       17473       17475       17692
       17694       17695       17696       17697       17698       17699
       17700       17701       17702       17703       17704       17705
       17706       17707       17708       17709       17710       17711
       17712       17713       17714       17715       17716       17717
       17718       17719       17720       17721       17722       17723
       17724       17725       17726       17727       17728       17729
       17730       17731       17732       17733       17734       17735
       17736       17737       17738       17739       17740       17741
       17742       17743       17744       17745       17746       17747
       17748       17749       17750       17751       17752       17753
       17754       17755       17756       17757       17758       17759
       17760       17761       17763       17976       17978       17979
       17980       17981       17982       17983       17984       17985
       17986       17987       17988       17989       17990       17991
       17992       17993       17994       17995       17996       17997
       17998       17999       18000       18001       18002       18003
       18004       18005       18006       18007       18008       18009
       18010       18011       18012       18013       18014       18015
       18016       18017       18018       18019       18020       18021
       18022       18023       18024       18025       18026       18027
       18028       18029       18030       18031       18032       18033
       18034       18035       18036       18037       18038       18039
       18040       18041       18042       18043       18044       18045
       18046       18047       18260       18262       18263       18264
       18265       18266       18267       18268       18269       18270
       18271       18272       18273       18274       18275       18276
       18277       18278       18279       18280       18281       18282
       18283       18284       18285       18286       18287       18288
       18289       18290       18291       18292       18293       18294
       18295       18296       18297       18298       18299       18300
       18301       18302       18303       18304       18305       18306
       18307       18308       18309       18310       18311       18312
       18313       18314       18315       18316       18317       18318
       18319       18320       18321       18322       18323       18324
       18325       18326       18327       18328       18329       18544
       18546       18547       18548       18549       18550       18551
       18552       18553       18554       18555       18556       18557
       18558       18559       18560       18561       18562       18563
       18564       18565       18566       18567       18568       18569
       18570       18571       18572       18573       18574       18575
       18576       18577       18578       18579       18580       18581
       18582       18583       18584       18585       18586       18587
       18588       18589       18590       18591       18592       18593
       18594       18595       18596       18597       18598       18599
       18600       18601       18602       18603       18604       18605
       18606       18607       18608       18609       18610       18611
       18828       18830       18831       18832       18833       18834
       18835       18836       18837       18838       18839       18840
       18841       18842       18843       18844       18845       18846
       18847       18848       18849       18850       18851       18852
       18853       18854       18855       18856       18857       18858
       18859       18860       18861       18862       18863       18864
       18865       18866       18867       18868       18869       18870
       18871       18872       18873       18874       18875       18876
       18877       18878       18879       18880       18881       18882
       18883       18884       18885       18886       18887       18888
       18889       18890       18891       18892       18893       19112
       19114       19115       19116       19117       19118       19119
       19120       19121       19122       19123       19124       19125
       19126       19127       19128       19129       19130       19131
       19132       19133       19134       19135       19136       19137
       19138       19139       19140       19141       19142       19143
       19144       19145       19146       19147       19148       19149
       19150       19151       19152       19153       19154       19155
       19156       19157       19158       19159       19160       19161
       19162       19163       19164       19165       19166       19167
       19168       19169       19170       19171       19172       19173
       19174       19175       19396       19398       19399       19400
       19401       19402       19403       19404       19405       19406
       19407       19408       19409       19410       19411       19412
       19413       19414       19415       19416       19417       19418
       19419       19420       19421       19422       19423       19424
       19425       19426       19427       19428       19429       19430
       19431       19432       19433       19434       19435       19436
       19437       19438       19439       19440       19441       19442
       19443       19444       19445       19446       19447       19448
       19449       19450       19451       19452       19453       19454
       19455       19456       19457       19680       19682       19683
       19684       19685       19686       19687       19688       19689
       19690       19691       19692       19693       19694       19695
       19696       19697       19698       19699       19700       19701
       19702       19703       19704       19705       19706       19707
       19708       19709       19710       19711       19712       19713
       19714       19715       19716       19717       19718       19719
       19720       19721       19722       19723       19724       19725
       19726       19727       19728       19729       19730       19731
       19732       19733       19734       19735       19736       19737
       19738       19739       19964       19966       19967       19968
       19969       19970       19971       19972       19973       19974
       19975       19976       19977       19978       19979       19980
       19981       19982       19983       19984       19985       19986
       19987       19988       19989       19990       19991       19992
       19993       19994       19995       19996       19997       19998
       19999       20000       20001       20002       20003       20004
       20005       20006       20007       20008       20009       20010
       20011       20012       20013       20014       20015       20016
       20017       20018       20019       20020       20021       20248
       20250       20251       20252       20253       20254       20255
       20256       20257       20258       20259       20260       20261
       20262       20263       20264       20265       20266       20267
       20268       20269       20270       20271       20272       20273
       20274       20275       20276       20277       20278       20279
       20280       20281       20282       20283       20284       20285
       20286       20287       20288       20289       20290       20291
       20292       20293       20294       20295       20296       20297
       20298       20299       20300       20301       20302       20303
       20532       20534       20535       20536       20537       20538
       20539       20540       20541       20542       20543       20544
       20545       20546       20547       20548       20549       20550
       20551       20552       20553       20554       20555       20556
       20557       20558       20559       20560       20561       20562
       20563       20564       20565       20566       20567       20568
       20569       20570       20571       20572       20573       20574
       20575       20576       20577       20578       20579       20580
       20581       20582       20583       20584       20585       20816
       20818       20819       20820       20821       20822       20823
       20824       20825       20826       20827       20828       20829
       20830       20831       20832       20833       20834       20835
       20836       20837       20838       20839       20840       20841
       20842       20843       20844       20845       20846       20847
       20848       20849       20850       20851       20852       20853
       20854       20855       20856       20857       20858       20859
       20860       20861       20862       20863       20864       20865
       20866       20867       21102       21104       21105       21106
       21107       21108       21109       21110       21111       21112
       21113       21114       21115       21116       21117       21118
       21119       21120       21121       21122       21123       21124
       21125       21126       21127       21128       21129       21130
       21131       21132       21133       21134       21135       21136
       21137       21138       21139       21140       21141       21142
       21143       21144       21145       21146       21147       21148
       21149       21386       21388       21389       21390       21391
       21392       21393       21394       21395       21396       21397
       21398       21399       21400       21401       21402       21403
       21404       21405       21406       21407       21408       21409
       21410       21411       21412       21413       21414       21415
       21416       21417       21418       21419       21420       21421
       21422       21423       21424       21425       21426       21427
       21428       21429       21430       21431       21670       21672
       21673       21674       21675       21676       21677       21678
       21679       21680       21681       21682       21683       21684
       21685       21686       21687       21688       21689       21690
       21691       21692       21693       21694       21695       21696
       21697       21698       21699       21700       21701       21702
       21703       21704       21705       21706       21707       21708
       21709       21710       21711       21712       21713       21954
       21956       21957       21958       21959       21960       21961
       21962       21963       21964       21965       21966       21967
       21968       21969       21970       21971       21972       21973
       21974       21975       21976       21977       21978       21979
       21980       21981       21982       21983       21984       21985
       21986       21987       21988       21989       21990       21991
       21992       21993       21994       21995       22238       22240
       22241       22242       22243       22244       22245       22246
       22247       22248       22249       22250       22251       22252
       22253       22254       22255       22256       22257       22258
       22259       22260       22261       22262       22263       22264
       22265       22266       22267       22268       22269       22270
       22271       22272       22273       22274       22275       22276
       22277       22522       22524       22525       22526       22527
       22528       22529       22530       22531       22532       22533
       22534       22535       22536       22537       22538       22539
       22540       22541       22542       22543       22544       22545
       22546       22547       22548       22549       22550       22551
       22552       22553       22554       22555       22556       22557
       22558       22559       22806       22808       22809       22810
       22811       22812       22813       22814       22815       22816
       22817       22818       22819       22820       22821       22822
       22823       22824       22825       22826       22827       22828
       22829       22830       22831       22832       22833       22834
       22835       22836       22837       22838       22839       22840
       22841       23090       23092       23093       23094       23095
       23096       23097       23098       23099       23100       23101
       23102       23103       23104       23105       23106       23107
       23108       23109       23110       23111       23112       23113
       23114       23115       23116       23117       23118       23119
       23120       23121       23122       23123       23374       23376
       23377       23378       23379       23380       23381       23382
       23383       23384       23385       23386       23387       23388
       23389       23390       23391       23392       23393       23394
       23395       23396       23397       23398       23399       23400
       23401       23402       23403       23404       23405       23666
       23668       23669       23670       23671       23672       23673
       23674       23675       23676       23677       23678       23679
       23680       23681       23682       23683       23684       23685
       23686       23687       23950       23952       23953       23954
       23955       23956       23957       23958       23959       23960
       23961       23962       23963       23964       23965       23966
       23967       23968       23969       24234       24236       24237
       24238       24239       24240       24241       24242       24243
       24244       24245       24246       24247       24248       24249
       24250       24251       24518       24520       24521       24522
       24523       24524       24525       24526       24527       24528
       24529       24530       24531       24532       24533       24802
       24804       24805       24806       24807       24808       24809
       24810       24811       24812       24813       24814       24815
       25086       25088       25089       25090       25091       25092
       25093       25094       25095       25096       25097       25370
       25372       25373       25374       25375       25376       25377
       25378       25379       25654       25656       25657       25658
       25659       25660       25661       25938       25939       25940
       25941       25942       25943       26220       26222       26223
       26224       26225       26504       26506       26507       26788
       15443       15445       15447       15449       15715       15717
       15719       15721       15722       15723       15732       15735
       15737       15739       15741       15743       15745       15747
       15749       15751       15753       15755       16038       16041
       16043       16045       16328       16331       16614       16617
       16619       16621       16623       16906       17190       17474
       17477       17479       17762       17765       15994       16276
       16558       16843       17124       17409       17693       17977
       18261       18545       18829       19113       19397       19681
       19965       20249       20533       20817       21100       21103
       21387       21671       21955       22239       22523       22807
       23091       23375       23658       23660       23662       23664
       23667       23951       24235       24519       24803       25087
       25371       25655       25936       26221       26505       26789
       15440       15441       15442       15444       15446       15448
       15451       15712       15713       15714       15716       15718
       15720       15734       15736       15738       15740       15742
       15744       15746       15748       15750       15752       15754
       15757       16040       16042       16044       16047       16330
       16333       16616       16618       16620       16622       16625
       16909       17193       17476       17478       17481       17764
       15995       16277       16559       16840       17125       17406
       17690       17974       18258       18542       18826       19110
       19394       19678       19962       20246       20530       20814
       21098       21101       21384       21668       21952       22236
       22520       22804       23088       23372       23656       23659
       23661       23663       23665       23948       24232       24516
       24800       25084       25368       25652       25937       26218
       26502       26786       27070
        2332
          84
       23391       23393       23394       23396       23397       23399
       23400       23402       23798       23800       23801       23803
       23804       23806       23807       23809       23810       23811
       23812       23813       23814       23815       23816       23817
       23818       23819       23820       23821       23822       23823
       23824       23825       23827       23828       23830       23831
       23833       23834       23836       23837       23839       23840
       23842       23843       23845       23846       23848       23849
       23851       23852       23854       23855       23857       23858
       23860       24218       24220       24221       24222       24223
       24224       24225       24226       24227       24228       24229
       24230       24231       24232       24233       24234       24235
       24236       24237       24238       24239       24240       24241
       24242       24243       24244       24245       24246       24247
       24248       24249       24250       24251       24252       24253
       24254       24255       24256       24257       24258       24259
       24260       24261       24262       24263       24264       24265
       24266       24267       24268       24269       24270       24271
       24272       24273       24274       24275       24276       24277
       24278       24279       24280       24281       24282       24283
       24285       24286       24288       24289       24291       24292
       24294       24640       24642       24643       24644       24645
       24646       24647       24648       24649       24650       24651
       24652       24653       24654       24655       24656       24657
       24658       24659       24660       24661       24662       24663
       24664       24665       24666       24667       24668       24669
       24670       24671       24672       24673       24674       24675
       24676       24677       24678       24679       24680       24681
       24682       24683       24684       24685       24686       24687
       24688       24689       24690       24691       24692       24693
       24694       24695       24696       24697       24698       24699
       24700       24701       24702       24703       24704       24705
       24706       24707       24708       24709       24710       24711
       24712       24713       24714       24715       24716       24717
       24719       24720       24722       25062       25065       25066
       25067       25068       25069       25070       25071       25072
       25073       25074       25075       25076       25077       25078
       25079       25080       25081       25082       25083       25084
       25085       25086       25087       25088       25089       25090
       25091       25092       25093       25094       25095       25096
       25097       25098       25099       25100       25101       25102
       25103       25104       25105       25106       25107       25108
       25109       25110       25111       25112       25113       25114
       25115       25116       25117       25118       25119       25120
       25121       25122       25123       25124       25125       25126
       25127       25128       25129       25130       25131       25132
       25133       25134       25135       25136       25137       25138
       25139       25140       25141       25142       25143       25144
       25145       25147       25148       25150       25151       25153
       25154       25156       25157       25159       25487       25489
       25490       25491       25492       25493       25494       25495
       25496       25497       25498       25499       25500       25501
       25502       25503       25504       25505       25506       25507
       25508       25509       25510       25511       25512       25513
       25514       25515       25516       25517       25518       25519
       25520       25521       25522       25523       25524       25525
       25526       25527       25528       25529       25530       25531
       25532       25533       25534       25535       25536       25537
       25538       25539       25540       25541       25542       25543
       25544       25545       25546       25547       25548       25549
       25550       25551       25552       25553       25554       25555
       25556       25557       25558       25559       25560       25561
       25562       25563       25564       25565       25566       25567
       25568       25569       25570       25571       25572       25573
       25574       25575       25576       25577       25578       25579
       25580       25581       25582       25584       25909       25912
       25913       25914       25915       25916       25917       25918
       25919       25920       25921       25922       25923       25924
       25925       25926       25927       25928       25929       25930
       25931       25932       25933       25934       25935       25936
       25937       25938       25939       25940       25941       25942
       25943       25944       25945       25946       25947       25948
       25949       25950       25951       25952       25953       25954
       25955       25956       25957       25958       25959       25960
       25961       25962       25963       25964       25965       25966
       25967       25968       25969       25970       25971       25972
       25973       25974       25975       25976       25977       25978
       25979       25980       25981       25982       25983       25984
       25985       25986       25987       25988       25989       25990
       25991       25992       25993       25994       25995       25996
       25997       25998       25999       26000       26001       26002
       26003       26004       26005       26006       26007       26009
       26334       26337       26338       26339       26340       26341
       26342       26343       26344       26345       26346       26347
       26348       26349       26350       26351       26352       26353
       26354       26355       26356       26357       26358       26359
       26360       26361       26362       26363       26364       26365
       26366       26367       26368       26369       26370       26371
       26372       26373       26374       26375       26376       26377
       26378       26379       26380       26381       26382       26383
       26384       26385       26386       26387       26388       26389
       26390       26391       26392       26393       26394       26395
       26396       26397       26398       26399       26400       26401
       26402       26403       26404       26405       26406       26407
       26408       26409       26410       26411       26412       26413
       26414       26415       26416       26417       26418       26419
       26420       26421       26422       26423       26424       26425
       26426       26427       26428       26429       26430       26431
       26432       26434       26435       26437       26438       26440
       26759       26762       26763       26764       26765       26766
       26767       26768       26769       26770       26771       26772
       26773       26774       26775       26776       26777       26778
       26779       26780       26781       26782       26783       26784
       26785       26786       26787       26788       26789       26790
       26791       26792       26793       26794       26795       26796
       26797       26798       26799       26800       26801       26802
       26803       26804       26805       26806       26807       26808
       26809       26810       26811       26812       26813       26814
       26815       26816       26817       26818       26819       26820
       26821       26822       26823       26824       26825       26826
       26827       26828       26829       26830       26831       26832
       26833       26834       26835       26836       26837       26838
       26839       26840       26841       26842       26843       26844
       26845       26846       26847       26848       26849       26850
       26851       26852       26853       26854       26855       26856
       26857       26858       26859       26860       26861       26862
       26863       26865       26866       27184       27187       27188
       27189       27190       27191       27192       27193       27194
       27195       27196       27197       27198       27199       27200
       27201       27202       27203       27204       27205       27206
       27207       27208       27209       27210       27211       27212
       27213       27214       27215       27216       27217       27218
       27219       27220       27221       27222       27223       27224
       27225       27226       27227       27228       27229       27230
       27231       27232       27233       27234       27235       27236
       27237       27238       27239       27240       27241       27242
       27243       27244       27245       27246       27247       27248
       27249       27250       27251       27252       27253       27254
       27255       27256       27257       27258       27259       27260
       27261       27262       27263       27264       27265       27266
       27267       27268       27269       27270       27271       27272
       27273       27274       27275       27276       27277       27278
       27279       27280       27281       27282       27283       27284
       27285       27286       27287       27288       27609       27612
       27613       27614       27615       27616       27617       27618
       27619       27620       27621       27622       27623       27624
       27625       27626       27627       27628       27629       27630
       27631       27632       27633       27634       27635       27636
       27637       27638       27639       27640       27641       27642
       27643       27644       27645       27646       27647       27648
       27649       27650       27651       27652       27653       27654
       27655       27656       27657       27658       27659       27660
       27661       27662       27663       27664       27665       27666
       27667       27668       27669       27670       27671       27672
       27673       27674       27675       27676       27677       27678
       27679       27680       27681       27682       27683       27684
       27685       27686       27687       27688       27689       27690
       27691       27692       27693       27694       27695       27696
       27697       27698       27699       27700       27701       27702
       27703       27704       27705       27706       27707       27708
       27709       27710       28034       28037       28038       28039
       28040       28041       28042       28043       28044       28045
       28046       28047       28048       28049       28050       28051
       28052       28053       28054       28055       28056       28057
       28058       28059       28060       28061       28062       28063
       28064       28065       28066       28067       28068       28069
       28070       28071       28072       28073       28074       28075
       28076       28077       28078       28079       28080       28081
       28082       28083       28084       28085       28086       28087
       28088       28089       28090       28091       28092       28093
       28094       28095       28096       28097       28098       28099
       28100       28101       28102       28103       28104       28105
       28106       28107       28108       28109       28110       28111
       28112       28113       28114       28115       28116       28117
       28118       28119       28120       28121       28122       28123
       28124       28125       28126       28127       28128       28129
       28130       28131       28132       28459       28462       28463
       28464       28465       28466       28467       28468       28469
       28470       28471       28472       28473       28474       28475
       28476       28477       28478       28479       28480       28481
       28482       28483       28484       28485       28486       28487
       28488       28489       28490       28491       28492       28493
       28494       28495       28496       28497       28498       28499
       28500       28501       28502       28503       28504       28505
       28506       28507       28508       28509       28510       28511
       28512       28513       28514       28515       28516       28517
       28518       28519       28520       28521       28522       28523
       28524       28525       28526       28527       28528       28529
       28530       28531       28532       28533       28534       28535
       28536       28537       28538       28539       28540       28541
       28542       28543       28544       28545       28546       28547
       28548       28549       28550       28551       28552       28553
       28554       28884       28887       28888       28889       28890
       28891       28892       28893       28894       28895       28896
       28897       28898       28899       28900       28901       28902
       28903       28904       28905       28906       28907       28908
       28909       28910       28911       28912       28913       28914
       28915       28916       28917       28918       28919       28920
       28921       28922       28923       28924       28925       28926
       28927       28928       28929       28930       28931       28932
       28933       28934       28935       28936       28937       28938
       28939       28940       28941       28942       28943       28944
       28945       28946       28947       28948       28949       28950
       28951       28952       28953       28954       28955       28956
       28957       28958       28959       28960       28961       28962
       28963       28964       28965       28966       28967       28968
       28969       28970       28971       28972       28973       28974
       28975       28976       29309       29312       29313       29314
       29315       29316       29317       29318       29319       29320
       29321       29322       29323       29324       29325       29326
       29327       29328       29329       29330       29331       29332
       29333       29334       29335       29336       29337       29338
       29339       29340       29341       29342       29343       29344
       29345       29346       29347       29348       29349       29350
       29351       29352       29353       29354       29355       29356
       29357       29358       29359       29360       29361       29362
       29363       29364       29365       29366       29367       29368
       29369       29370       29371       29372       29373       29374
       29375       29376       29377       29378       29379       29380
       29381       29382       29383       29384       29385       29386
       29387       29388       29389       29390       29391       29392
       29393       29394       29395       29396       29397       29398
       29734       29737       29738       29739       29740       29741
       29742       29743       29744       29745       29746       29747
       29748       29749       29750       29751       29752       29753
       29754       29755       29756       29757       29758       29759
       29760       29761       29762       29763       29764       29765
       29766       29767       29768       29769       29770       29771
       29772       29773       29774       29775       29776       29777
       29778       29779       29780       29781       29782       29783
       29784       29785       29786       29787       29788       29789
       29790       29791       29792       29793       29794       29795
       29796       29797       29798       29799       29800       29801
       29802       29803       29804       29805       29806       29807
       29808       29809       29810       29811       29812       29813
       29814       29815       29816       29817       29818       29819
       29820       30159       30162       30163       30164       30165
       30166       30167       30168       30169       30170       30171
       30172       30173       30174       30175       30176       30177
       30178       30179       30180       30181       30182       30183
       30184       30185       30186       30187       30188       30189
       30190       30191       30192       30193       30194       30195
       30196       30197       30198       30199       30200       30201
       30202       30203       30204       30205       30206       30207
       30208       30209       30210       30211       30212       30213
       30214       30215       30216       30217       30218       30219
       30220       30221       30222       30223       30224       30225
       30226       30227       30228       30229       30230       30231
       30232       30233       30234       30235       30236       30237
       30238       30239       30240       30241       30242       30584
       30587       30588       30589       30590       30591       30592
       30593       30594       30595       30596       30597       30598
       30599       30600       30601       30602       30603       30604
       30605       30606       30607       30608       30609       30610
       30611       30612       30613       30614       30615       30616
       30617       30618       30619       30620       30621       30622
       30623       30624       30625       30626       30627       30628
       30629       30630       30631       30632       30633       30634
       30635       30636       30637       30638       30639       30640
       30641       30642       30643       30644       30645       30646
       30647       30648       30649       30650       30651       30652
       30653       30654       30655       30656       30657       30658
       30659       30660       30661       30662       30663       30664
       31009       31012       31013       31014       31015       31016
       31017       31018       31019       31020       31021       31022
       31023       31024       31025       31026       31027       31028
       31029       31030       31031       31032       31033       31034
       31035       31036       31037       31038       31039       31040
       31041       31042       31043       31044       31045       31046
       31047       31048       31049       31050       31051       31052
       31053       31054       31055       31056       31057       31058
       31059       31060       31061       31062       31063       31064
       31065       31066       31067       31068       31069       31070
       31071       31072       31073       31074       31075       31076
       31077       31078       31079       31080       31081       31082
       31083       31084       31085       31086       31437       31440
       31441       31442       31443       31444       31445       31446
       31447       31448       31449       31450       31451       31452
       31453       31454       31455       31456       31457       31458
       31459       31460       31461       31462       31463       31464
       31465       31466       31467       31468       31469       31470
       31471       31472       31473       31474       31475       31476
       31477       31478       31479       31480       31481       31482
       31483       31484       31485       31486       31487       31488
       31489       31490       31491       31492       31493       31494
       31495       31496       31497       31498       31499       31500
       31501       31502       31503       31504       31505       31506
       31507       31508       31862       31865       31866       31867
       31868       31869       31870       31871       31872       31873
       31874       31875       31876       31877       31878       31879
       31880       31881       31882       31883       31884       31885
       31886       31887       31888       31889       31890       31891
       31892       31893       31894       31895       31896       31897
       31898       31899       31900       31901       31902       31903
       31904       31905       31906       31907       31908       31909
       31910       31911       31912       31913       31914       31915
       31916       31917       31918       31919       31920       31921
       31922       31923       31924       31925       31926       31927
       31928       31929       31930       32287       32290       32291
       32292       32293       32294       32295       32296       32297
       32298       32299       32300       32301       32302       32303
       32304       32305       32306       32307       32308       32309
       32310       32311       32312       32313       32314       32315
       32316       32317       32318       32319       32320       32321
       32322       32323       32324       32325       32326       32327
       32328       32329       32330       32331       32332       32333
       32334       32335       32336       32337       32338       32339
       32340       32341       32342       32343       32344       32345
       32346       32347       32348       32349       32350       32351
       32352       32712       32715       32716       32717       32718
       32719       32720       32721       32722       32723       32724
       32725       32726       32727       32728       32729       32730
       32731       32732       32733       32734       32735       32736
       32737       32738       32739       32740       32741       32742
       32743       32744       32745       32746       32747       32748
       32749       32750       32751       32752       32753       32754
       32755       32756       32757       32758       32759       32760
       32761       32762       32763       32764       32765       32766
       32767       32768       32769       32770       32771       32772
       32773       32774       33137       33140       33141       33142
       33143       33144       33145       33146       33147       33148
       33149       33150       33151       33152       33153       33154
       33155       33156       33157       33158       33159       33160
       33161       33162       33163       33164       33165       33166
       33167       33168       33169       33170       33171       33172
       33173       33174       33175       33176       33177       33178
       33179       33180       33181       33182       33183       33184
       33185       33186       33187       33188       33189       33190
       33191       33192       33193       33194       33195       33196
       33562       33565       33566       33567       33568       33569
       33570       33571       33572       33573       33574       33575
       33576       33577       33578       33579       33580       33581
       33582       33583       33584       33585       33586       33587
       33588       33589       33590       33591       33592       33593
       33594       33595       33596       33597       33598       33599
       33600       33601       33602       33603       33604       33605
       33606       33607       33608       33609       33610       33611
       33612       33613       33614       33615       33616       33617
       33618       33987       33990       33991       33992       33993
       33994       33995       33996       33997       33998       33999
       34000       34001       34002       34003       34004       34005
       34006       34007       34008       34009       34010       34011
       34012       34013       34014       34015       34016       34017
       34018       34019       34020       34021       34022       34023
       34024       34025       34026       34027       34028       34029
       34030       34031       34032       34033       34034       34035
       34036       34037       34038       34039       34040       34412
       34415       34416       34417       34418       34419       34420
       34421       34422       34423       34424       34425       34426
       34427       34428       34429       34430       34431       34432
       34433       34434       34435       34436       34437       34438
       34439       34440       34441       34442       34443       34444
       34445       34446       34447       34448       34449       34450
       34451       34452       34453       34454       34455       34456
       34457       34458       34459       34460       34461       34462
       34837       34840       34841       34842       34843       34844
       34845       34846       34847       34848       34849       34850
       34851       34852       34853       34854       34855       34856
       34857       34858       34859       34860       34861       34862
       34863       34864       34865       34866       34867       34868
       34869       34870       34871       34872       34873       34874
       34875       34876       34877       34878       34879       34880
       34881       34882       34883       34884       35274       35277
       35278       35279       35280       35281       35282       35283
       35284       35285       35286       35287       35288       35289
       35290       35291       35292       35293       35294       35295
       35296       35297       35298       35299       35300       35301
       35302       35303       35304       35305       35306       35699
       35702       35703       35704       35705       35706       35707
       35708       35709       35710       35711       35712       35713
       35714       35715       35716       35717       35718       35719
       35720       35721       35722       35723       35724       35725
       35726       35727       35728       36124       36127       36128
       36129       36130       36131       36132       36133       36134
       36135       36136       36137       36138       36139       36140
       36141       36142       36143       36144       36145       36146
       36147       36148       36149       36150       36549       36552
       36553       36554       36555       36556       36557       36558
       36559       36560       36561       36562       36563       36564
       36565       36566       36567       36568       36569       36570
       36571       36572       36974       36977       36978       36979
       36980       36981       36982       36983       36984       36985
       36986       36987       36988       36989       36990       36991
       36992       36993       36994       37399       37402       37403
       37404       37405       37406       37407       37408       37409
       37410       37411       37412       37413       37414       37415
       37416       37824       37827       37828       37829       37830
       37831       37832       37833       37834       37835       37836
       37837       37838       38249       38252       38253       38254
       38255       38256       38257       38258       38259       38260
       38674       38676       38677       38678       38679       38680
       38681       38682       39096       39099       39100       39101
       39102       39103       39104       39521       39524       39525
       39526       39946       44857       44859       44861       44863
       44865       44867       44869       44871       44873       44875
       44877       44879       44881       44883       44885       44887
       44889       44891       44893       44895       44897       44899
       44901       44903       44905       44907       44909       44911
       44913       44915       44917       44919       23389       23390
       23392       23395       23398       23403       23796       23797
       23799       23802       23805       23808       23826       23829
       23832       23835       23838       23841       23844       23847
       23850       23853       23856       23861       24219       24284
       24287       24290       24295       24641       24718       24723
       25064       25146       25149       25152       25155       25160
       25488       25585       25911       26010       26336       26433
       26436       26441       26761       26864       27186       27611
       28036       28461       28886       29311       29736       30161
       30586       31011       31434       31439       31864       32289
       32714       33139       33564       33989       34414       34839
       35262       35265       35268       35271       35276       35701
       36126       36551       36976       37401       37826       38251
       38675       39098       39523       39948
