          17
         759
         116
        5484        5485        5486        5487        5488        5489
        5619        5620        5621        5622        5623        5624
        5625        5626        5627        5628        5629        5630
        5631        5632        5759        5760        5761        5762
        5763        5764        5765        5766        5767        5768
        5769        5770        5771        5772        5773        5774
        5901        5902        5903        5904        5905        5906
        5907        5908        5909        5910        5911        5912
        5913        5914        5915        5916        6042        6043
        6044        6045        6046        6047        6048        6049
        6050        6051        6052        6053        6054        6055
        6056        6057        6058        6059        6183        6184
        6185        6186        6187        6188        6189        6190
        6191        6192        6193        6194        6195        6196
        6197        6198        6199        6200        6201        6202
        6325        6326        6327        6328        6329        6330
        6331        6332        6333        6334        6335        6336
        6337        6338        6339        6340        6341        6342
        6343        6344        6463        6464        6465        6466
        6467        6468        6469        6470        6471        6472
        6473        6474        6475        6476        6477        6478
        6479        6480        6481        6482        6483        6484
        6485        6486        6604        6605        6606        6607
        6608        6609        6610        6611        6612        6613
        6614        6615        6616        6617        6618        6619
        6620        6621        6622        6623        6624        6625
        6626        6627        6628        6744        6745        6746
        6747        6748        6749        6750        6751        6752
        6753        6754        6755        6756        6757        6758
        6759        6760        6761        6762        6763        6764
        6765        6766        6767        6768        6769        6770
        6771        6886        6887        6888        6889        6890
        6891        6892        6893        6894        6895        6896
        6897        6898        6899        6900        6901        6902
        6903        6904        6905        6906        6907        6908
        6909        6910        6911        6912        6913        7028
        7029        7030        7031        7032        7033        7034
        7035        7036        7037        7038        7039        7040
        7041        7042        7043        7044        7045        7046
        7047        7048        7049        7050        7051        7052
        7053        7054        7055        7170        7171        7172
        7173        7174        7175        7176        7177        7178
        7179        7180        7181        7182        7183        7184
        7185        7186        7187        7188        7189        7190
        7191        7192        7193        7194        7195        7196
        7197        7313        7314        7315        7316        7317
        7318        7319        7320        7321        7322        7323
        7324        7325        7326        7327        7328        7329
        7330        7331        7332        7333        7334        7335
        7336        7337        7338        7339        7456        7457
        7458        7459        7460        7461        7462        7463
        7464        7465        7466        7467        7468        7469
        7470        7471        7472        7473        7474        7475
        7476        7477        7478        7479        7480        7481
        7482        7599        7600        7601        7602        7603
        7604        7605        7606        7607        7608        7609
        7610        7611        7612        7613        7614        7615
        7616        7617        7618        7619        7620        7621
        7622        7623        7624        7625        7741        7742
        7743        7744        7745        7746        7747        7748
        7749        7750        7751        7752        7753        7754
        7755        7756        7757        7758        7759        7760
        7761        7762        7763        7764        7765        7766
        7767        7768        7883        7884        7885        7886
        7887        7888        7889        7890        7891        7892
        7893        7894        7895        7896        7897        7898
        7899        7900        7901        7902        7903        7904
        7905        7906        7907        7908        7909        7910
        8025        8026        8027        8028        8029        8030
        8031        8032        8033        8034        8035        8036
        8037        8038        8039        8040        8041        8042
        8043        8044        8045        8046        8047        8048
        8049        8050        8051        8052        8053        8167
        8168        8169        8170        8171        8172        8173
        8174        8175        8176        8177        8178        8179
        8180        8181        8182        8183        8184        8185
        8186        8187        8188        8189        8190        8191
        8192        8193        8194        8195        8196        8310
        8311        8312        8313        8314        8315        8316
        8317        8318        8319        8320        8321        8322
        8323        8324        8325        8326        8327        8328
        8329        8330        8331        8332        8333        8334
        8335        8336        8337        8338        8453        8454
        8455        8456        8457        8458        8459        8460
        8461        8462        8463        8464        8465        8466
        8467        8468        8469        8470        8471        8472
        8473        8474        8475        8476        8477        8478
        8479        8480        8595        8596        8597        8598
        8599        8600        8601        8602        8603        8604
        8605        8606        8607        8608        8609        8610
        8611        8612        8613        8614        8615        8616
        8617        8618        8619        8620        8621        8622
        8623        8738        8739        8740        8741        8742
        8743        8744        8745        8746        8747        8748
        8749        8750        8751        8752        8753        8754
        8755        8756        8757        8758        8759        8760
        8761        8762        8763        8764        8765        8881
        8882        8883        8884        8885        8886        8887
        8888        8889        8890        8891        8892        8893
        8894        8895        8896        8897        8898        8899
        8900        8901        8902        8903        8904        8905
        8906        8907        8908        9023        9024        9025
        9026        9027        9028        9029        9030        9031
        9032        9033        9034        9035        9036        9037
        9038        9039        9040        9041        9042        9043
        9044        9045        9046        9047        9048        9049
        9050        9051        9165        9166        9167        9168
        9169        9170        9171        9172        9173        9174
        9175        9176        9177        9178        9179        9180
        9181        9182        9183        9184        9185        9186
        9187        9188        9189        9190        9191        9192
        9193        9194        9307        9308        9309        9310
        9311        9312        9313        9314        9315        9316
        9317        9318        9319        9320        9321        9322
        9323        9324        9325        9326        9327        9328
        9329        9330        9449        9450        9451        9452
        9453        9454        9455        9456        9457        9458
        9459        9460        9461        9462        9463        9464
        9465        9466        9467        9468        9469        9470
        9471        9472        9592        9593        9594        9595
        9596        9597        9598        9599        9600        9601
        9602        9603        9604        9605        9606        9607
        9608        9609        9610        9611        9612        9613
        9614        9735        9736        9737        9738        9739
        9740        9741        9742        9743        9744        9745
        9746        9747        9748        9749        9750        9751
        9752        9753        9754        6743        6885        7027
        7169        7312        7455        7598        7740        7882
        8024        8166        8309        8452        8594        8737
        8880        9022        9164        9306        9448        9591
        9734        5341        5342        5343        5344        5345
        5476        5477        5478        5479        5480        5481
        5482        5483        5616        5617        5618        5758
        5899        5900        6040        6041        6182        6320
        6321        6322        6323        6324        6461        6462
        6601        6602        6603        5346        5347        5490
        5633        5775        5917        6060        6203        6345
        6487        6629        6772        6914        7056        7198
        7340        7483        7626        7769        7911        8054
        8197        8339        8481        8624        8766        8909
        9052        9195        9877        9878        9879        9880
        9881        9882        9883        9884        9885        9886
        9887        9888        9889        9890        9891        9892
        9893        9894        9895        9331        9332        9333
        9334        9335        9336        9337        9473        9615
        9755        9756        9757        9896        9897
        1632
         116
         122
       10608       10609       10610       10611       10612       10613
       10614       10615       10616       10617       10618       10619
       10621       10876       10877       10878       10879       10880
       10881       10882       10883       10884       10885       10886
       10887       10888       10889       10890       10891       10892
       10893       10894       10895       10896       10897       10898
       10899       10900       10901       10902       10903       10905
       11154       11155       11156       11157       11158       11159
       11160       11161       11162       11163       11164       11165
       11166       11167       11168       11169       11170       11171
       11172       11173       11174       11175       11176       11177
       11178       11179       11180       11181       11182       11183
       11184       11185       11186       11187       11436       11437
       11438       11439       11440       11441       11442       11443
       11444       11445       11446       11447       11448       11449
       11450       11451       11452       11453       11454       11455
       11456       11457       11458       11459       11460       11461
       11462       11463       11464       11465       11466       11467
       11468       11469       11716       11717       11718       11719
       11720       11721       11722       11723       11724       11725
       11726       11727       11728       11729       11730       11731
       11732       11733       11734       11735       11736       11737
       11738       11739       11740       11741       11742       11743
       11744       11745       11746       11747       11748       11749
       11750       11751       11753       11996       11997       11998
       11999       12000       12001       12002       12003       12004
       12005       12006       12007       12008       12009       12010
       12011       12012       12013       12014       12015       12016
       12017       12018       12019       12020       12021       12022
       12023       12024       12025       12026       12027       12028
       12029       12030       12031       12032       12033       12034
       12035       12037       12278       12279       12280       12281
       12282       12283       12284       12285       12286       12287
       12288       12289       12290       12291       12292       12293
       12294       12295       12296       12297       12298       12299
       12300       12301       12302       12303       12304       12305
       12306       12307       12308       12309       12310       12311
       12312       12313       12314       12315       12316       12317
       12318       12319       12552       12553       12554       12555
       12556       12557       12558       12559       12560       12561
       12562       12563       12564       12565       12566       12567
       12568       12569       12570       12571       12572       12573
       12574       12575       12576       12577       12578       12579
       12580       12581       12582       12583       12584       12585
       12586       12587       12588       12589       12590       12591
       12592       12593       12594       12595       12596       12597
       12598       12599       12600       12601       12832       12833
       12834       12835       12836       12837       12838       12839
       12840       12841       12842       12843       12844       12845
       12846       12847       12848       12849       12850       12851
       12852       12853       12854       12855       12856       12857
       12858       12859       12860       12861       12862       12863
       12864       12865       12866       12867       12868       12869
       12870       12871       12872       12873       12874       12875
       12876       12877       12878       12879       12880       12881
       12882       12883       13110       13111       13112       13113
       13114       13115       13116       13117       13118       13119
       13120       13121       13122       13123       13124       13125
       13126       13127       13128       13129       13130       13131
       13132       13133       13134       13135       13136       13137
       13138       13139       13140       13141       13142       13143
       13144       13145       13146       13147       13148       13149
       13150       13151       13152       13153       13154       13155
       13156       13157       13158       13159       13160       13161
       13162       13163       13164       13165       13167       13392
       13393       13394       13395       13396       13397       13398
       13399       13400       13401       13402       13403       13404
       13405       13406       13407       13408       13409       13410
       13411       13412       13413       13414       13415       13416
       13417       13418       13419       13420       13421       13422
       13423       13424       13425       13426       13427       13428
       13429       13430       13431       13432       13433       13434
       13435       13436       13437       13438       13439       13440
       13441       13442       13443       13444       13445       13446
       13447       13448       13449       13674       13675       13676
       13677       13678       13679       13680       13681       13682
       13683       13684       13685       13686       13687       13688
       13689       13690       13691       13692       13693       13694
       13695       13696       13697       13698       13699       13700
       13701       13702       13703       13704       13705       13706
       13707       13708       13709       13710       13711       13712
       13713       13714       13715       13716       13717       13718
       13719       13720       13721       13722       13723       13724
       13725       13726       13727       13728       13729       13730
       13731       13956       13957       13958       13959       13960
       13961       13962       13963       13964       13965       13966
       13967       13968       13969       13970       13971       13972
       13973       13974       13975       13976       13977       13978
       13979       13980       13981       13982       13983       13984
       13985       13986       13987       13988       13989       13990
       13991       13992       13993       13994       13995       13996
       13997       13998       13999       14000       14001       14002
       14003       14004       14005       14006       14007       14008
       14009       14010       14011       14012       14013       14238
       14240       14241       14242       14243       14244       14245
       14246       14247       14248       14249       14250       14251
       14252       14253       14254       14255       14256       14257
       14258       14259       14260       14261       14262       14263
       14264       14265       14266       14267       14268       14269
       14270       14271       14272       14273       14274       14275
       14276       14277       14278       14279       14280       14281
       14282       14283       14284       14285       14286       14287
       14288       14289       14290       14291       14292       14293
       14294       14295       14522       14524       14525       14526
       14527       14528       14529       14530       14531       14532
       14533       14534       14535       14536       14537       14538
       14539       14540       14541       14542       14543       14544
       14545       14546       14547       14548       14549       14550
       14551       14552       14553       14554       14555       14556
       14557       14558       14559       14560       14561       14562
       14563       14564       14565       14566       14567       14568
       14569       14570       14571       14572       14573       14574
       14575       14576       14577       14579       14806       14808
       14809       14810       14811       14812       14813       14814
       14815       14816       14817       14818       14819       14820
       14821       14822       14823       14824       14825       14826
       14827       14828       14829       14830       14831       14832
       14833       14834       14835       14836       14837       14838
       14839       14840       14841       14842       14843       14844
       14845       14846       14847       14848       14849       14850
       14851       14852       14853       14854       14855       14856
       14857       14858       14859       14860       14861       14863
       15090       15091       15092       15093       15094       15095
       15096       15097       15098       15099       15100       15101
       15102       15103       15104       15105       15106       15107
       15108       15109       15110       15111       15112       15113
       15114       15115       15116       15117       15118       15119
       15120       15121       15122       15123       15124       15125
       15126       15127       15128       15129       15130       15131
       15132       15133       15134       15135       15136       15137
       15138       15139       15140       15141       15142       15143
       15144       15145       15147       15372       15373       15374
       15375       15376       15377       15378       15379       15380
       15381       15382       15383       15384       15385       15386
       15387       15388       15389       15390       15391       15392
       15393       15394       15395       15396       15397       15398
       15399       15400       15401       15402       15403       15404
       15405       15406       15407       15408       15409       15410
       15411       15412       15413       15414       15415       15416
       15417       15418       15419       15420       15421       15422
       15423       15424       15425       15426       15427       15428
       15429       15654       15655       15656       15657       15658
       15659       15660       15661       15662       15663       15664
       15665       15666       15667       15668       15669       15670
       15671       15672       15673       15674       15675       15676
       15677       15678       15679       15680       15681       15682
       15683       15684       15685       15686       15687       15688
       15689       15690       15691       15692       15693       15694
       15695       15696       15697       15698       15699       15700
       15701       15702       15703       15704       15705       15706
       15707       15708       15709       15710       15711       15713
       15936       15937       15938       15939       15940       15941
       15942       15943       15944       15945       15946       15947
       15948       15949       15950       15951       15952       15953
       15954       15955       15956       15957       15958       15959
       15960       15961       15962       15963       15964       15965
       15966       15967       15968       15969       15970       15971
       15972       15973       15974       15975       15976       15977
       15978       15979       15980       15981       15982       15983
       15984       15985       15986       15987       15988       15989
       15990       15991       15992       15993       15994       15995
       15997       16218       16220       16221       16222       16223
       16224       16225       16226       16227       16228       16229
       16230       16231       16232       16233       16234       16235
       16236       16237       16238       16239       16240       16241
       16242       16243       16244       16245       16246       16247
       16248       16249       16250       16251       16252       16253
       16254       16255       16256       16257       16258       16259
       16260       16261       16262       16263       16264       16265
       16266       16267       16268       16269       16270       16271
       16272       16273       16274       16275       16276       16277
       16278       16279       16502       16504       16505       16506
       16507       16508       16509       16510       16511       16512
       16513       16514       16515       16516       16517       16518
       16519       16520       16521       16522       16523       16524
       16525       16526       16527       16528       16529       16530
       16531       16532       16533       16534       16535       16536
       16537       16538       16539       16540       16541       16542
       16543       16544       16545       16546       16547       16548
       16549       16550       16551       16552       16553       16554
       16555       16556       16557       16558       16559       16560
       16561       16786       16787       16788       16789       16790
       16791       16792       16793       16794       16795       16796
       16797       16798       16799       16800       16801       16802
       16803       16804       16805       16806       16807       16808
       16809       16810       16811       16812       16813       16814
       16815       16816       16817       16818       16819       16820
       16821       16822       16823       16824       16825       16826
       16827       16828       16829       16830       16831       16832
       16833       16834       16835       16836       16837       16838
       16839       16840       16841       16842       16843       16845
       17068       17070       17071       17072       17073       17074
       17075       17076       17077       17078       17079       17080
       17081       17082       17083       17084       17085       17086
       17087       17088       17089       17090       17091       17092
       17093       17094       17095       17096       17097       17098
       17099       17100       17101       17102       17103       17104
       17105       17106       17107       17108       17109       17110
       17111       17112       17113       17114       17115       17116
       17117       17118       17119       17120       17121       17122
       17123       17124       17125       17126       17127       17352
       17354       17355       17356       17357       17358       17359
       17360       17361       17362       17363       17364       17365
       17366       17367       17368       17369       17370       17371
       17372       17373       17374       17375       17376       17377
       17378       17379       17380       17381       17382       17383
       17384       17385       17386       17387       17388       17389
       17390       17391       17392       17393       17394       17395
       17396       17397       17398       17399       17400       17401
       17402       17403       17404       17405       17406       17407
       17408       17409       17411       17636       17637       17638
       17639       17640       17641       17642       17643       17644
       17645       17646       17647       17648       17649       17650
       17651       17652       17653       17654       17655       17656
       17657       17658       17659       17660       17661       17662
       17663       17664       17665       17666       17667       17668
       17669       17670       17671       17672       17673       17674
       17675       17676       17677       17678       17679       17680
       17681       17682       17683       17684       17685       17686
       17687       17688       17689       17690       17691       17692
       17693       17695       17918       17919       17920       17921
       17922       17923       17924       17925       17926       17927
       17928       17929       17930       17931       17932       17933
       17934       17935       17936       17937       17938       17939
       17940       17941       17942       17943       17944       17945
       17946       17947       17948       17949       17950       17951
       17952       17953       17954       17955       17956       17957
       17958       17959       17960       17961       17962       17963
       17964       17965       17966       17967       17968       17969
       17970       17971       17972       17973       17974       17975
       17976       17977       17979       18200       18201       18202
       18203       18204       18205       18206       18207       18208
       18209       18210       18211       18212       18213       18214
       18215       18216       18217       18218       18219       18220
       18221       18222       18223       18224       18225       18226
       18227       18228       18229       18230       18231       18232
       18233       18234       18235       18236       18237       18238
       18239       18240       18241       18242       18243       18244
       18245       18246       18247       18248       18249       18250
       18251       18252       18253       18254       18255       18256
       18257       18258       18259       18260       18261       18482
       18483       18484       18485       18486       18487       18488
       18489       18490       18491       18492       18493       18494
       18495       18496       18497       18498       18499       18500
       18501       18502       18503       18504       18505       18506
       18507       18508       18509       18510       18511       18512
       18513       18514       18515       18516       18517       18518
       18519       18520       18521       18522       18523       18524
       18525       18526       18527       18528       18529       18530
       18531       18764       18766       18767       18768       18769
       18770       18771       18772       18773       18774       18775
       18776       18777       18778       18779       18780       18781
       18782       18783       18784       18785       18786       18787
       18788       18789       18790       18791       18792       18793
       18794       18795       18796       18797       18798       18799
       18800       18801       18802       18803       18804       18805
       18806       18807       18808       18809       18810       18811
       18812       18813       19048       19050       19051       19052
       19053       19054       19055       19056       19057       19058
       19059       19060       19061       19062       19063       19064
       19065       19066       19067       19068       19069       19070
       19071       19072       19073       19074       19075       19076
       19077       19078       19079       19080       19081       19082
       19083       19084       19085       19086       19087       19088
       19089       19090       19091       19092       19093       19094
       19095       19332       19334       19335       19336       19337
       19338       19339       19340       19341       19342       19343
       19344       19345       19346       19347       19348       19349
       19350       19351       19352       19353       19354       19355
       19356       19357       19358       19359       19360       19361
       19362       19363       19364       19365       19366       19367
       19368       19369       19370       19371       19372       19373
       13108       13390       13672       13954       14239       14523
       14807       15088       15370       15652       15934       16219
       16503       16784       17069       17353       17634       17916
       18198       18480       18765       19049       19333       10327
       10329       10331       10333       10335       10595       10597
       10599       10601       10603       10605       10606       10607
       10873       10874       10875       11152       11434       11435
       11714       11715       11994       12271       12273       12275
       12276       12277       12550       12551       12829       12830
       12831       10337       10620       10904       11189       11471
       11752       12036       12321       12603       12885       13166
       13451       13733       14015       14297       14578       14862
       15146       15431       15712       15996       16281       16563
       16844       17129       17410       17694       17978       18263
       19616       19618       19620       19622       19624       19626
       19628       19630       19632       19634       19636       19638
       19640       19642       19644       19646       19648       19650
       19652       18532       18533       18534       18536       18538
       18540       18542       18815       19097       19374       19375
       19376       19654       19614       13109       13391       13673
       13955       14236       14520       14804       15089       15371
       15653       15935       16216       16500       16785       17066
       17350       17635       17917       18199       18481       18762
       19046       19330       10324       10325       10326       10328
       10330       10332       10334       10592       10593       10594
       10596       10598       10600       10602       10604       10870
       10871       10872       11153       11432       11433       11712
       11713       11995       12268       12269       12270       12272
       12274       12548       12549       12826       12827       12828
       10336       10339       10623       10907       11188       11470
       11755       12039       12320       12602       12884       13169
       13450       13732       14014       14296       14581       14865
       15149       15430       15715       15999       16280       16562
       16847       17128       17413       17697       17981       18262
       19617       19619       19621       19623       19625       19627
       19629       19631       19633       19635       19637       19639
       19641       19643       19645       19647       19649       19651
       19653       18535       18537       18539       18541       18543
       18544       18545       18814       19096       19377       19378
       19379       19655       19656       19657
        2390
         116
       15735       15737       15738       15740       15741       15743
       15744       15746       15747       15749       15750       15752
       16136       16138       16139       16141       16142       16144
       16145       16147       16148       16150       16151       16153
       16154       16155       16156       16157       16158       16159
       16160       16161       16162       16163       16164       16165
       16166       16167       16168       16169       16170       16171
       16172       16173       16174       16175       16177       16552
       16554       16555       16556       16557       16558       16559
       16560       16561       16562       16563       16564       16565
       16566       16567       16568       16569       16570       16571
       16572       16573       16574       16575       16576       16577
       16578       16579       16580       16581       16582       16583
       16584       16585       16586       16587       16588       16589
       16590       16591       16592       16593       16594       16595
       16596       16597       16598       16599       16600       16972
       16974       16975       16976       16977       16978       16979
       16980       16981       16982       16983       16984       16985
       16986       16987       16988       16989       16990       16991
       16992       16993       16994       16995       16996       16997
       16998       16999       17000       17001       17002       17003
       17004       17005       17006       17007       17008       17009
       17010       17011       17012       17013       17014       17015
       17016       17017       17018       17019       17020       17021
       17022       17393       17394       17395       17396       17397
       17398       17399       17400       17401       17402       17403
       17404       17405       17406       17407       17408       17409
       17410       17411       17412       17413       17414       17415
       17416       17417       17418       17419       17420       17421
       17422       17423       17424       17425       17426       17427
       17428       17429       17430       17431       17432       17433
       17434       17435       17436       17437       17438       17439
       17440       17441       17442       17443       17444       17446
       17812       17813       17814       17815       17816       17817
       17818       17819       17820       17821       17822       17823
       17824       17825       17826       17827       17828       17829
       17830       17831       17832       17833       17834       17835
       17836       17837       17838       17839       17840       17841
       17842       17843       17844       17845       17846       17847
       17848       17849       17850       17851       17852       17853
       17854       17855       17856       17857       17858       17859
       17860       17861       17862       17863       17864       17865
       17866       17867       17868       17869       17871       18232
       18234       18235       18236       18237       18238       18239
       18240       18241       18242       18243       18244       18245
       18246       18247       18248       18249       18250       18251
       18252       18253       18254       18255       18256       18257
       18258       18259       18260       18261       18262       18263
       18264       18265       18266       18267       18268       18269
       18270       18271       18272       18273       18274       18275
       18276       18277       18278       18279       18280       18281
       18282       18283       18284       18285       18286       18287
       18288       18289       18290       18291       18292       18293
       18294       18644       18646       18647       18649       18650
       18652       18653       18654       18655       18656       18657
       18658       18659       18660       18661       18662       18663
       18664       18665       18666       18667       18668       18669
       18670       18671       18672       18673       18674       18675
       18676       18677       18678       18679       18680       18681
       18682       18683       18684       18685       18686       18687
       18688       18689       18690       18691       18692       18693
       18694       18695       18696       18697       18698       18699
       18700       18701       18702       18703       18704       18705
       18706       18707       18708       18709       18710       18711
       18712       18713       18714       18715       18716       19063
       19064       19065       19066       19067       19068       19069
       19070       19071       19072       19073       19074       19075
       19076       19077       19078       19079       19080       19081
       19082       19083       19084       19085       19086       19087
       19088       19089       19090       19091       19092       19093
       19094       19095       19096       19097       19098       19099
       19100       19101       19102       19103       19104       19105
       19106       19107       19108       19109       19110       19111
       19112       19113       19114       19115       19116       19117
       19118       19119       19120       19121       19122       19123
       19124       19125       19126       19127       19128       19129
       19130       19131       19132       19133       19134       19135
       19136       19137       19138       19479       19481       19482
       19483       19484       19485       19486       19487       19488
       19489       19490       19491       19492       19493       19494
       19495       19496       19497       19498       19499       19500
       19501       19502       19503       19504       19505       19506
       19507       19508       19509       19510       19511       19512
       19513       19514       19515       19516       19517       19518
       19519       19520       19521       19522       19523       19524
       19525       19526       19527       19528       19529       19530
       19531       19532       19533       19534       19535       19536
       19537       19538       19539       19540       19541       19542
       19543       19544       19545       19546       19547       19548
       19549       19550       19551       19552       19553       19554
       19555       19556       19557       19558       19559       19560
       19562       19899       19901       19902       19903       19904
       19905       19906       19907       19908       19909       19910
       19911       19912       19913       19914       19915       19916
       19917       19918       19919       19920       19921       19922
       19923       19924       19925       19926       19927       19928
       19929       19930       19931       19932       19933       19934
       19935       19936       19937       19938       19939       19940
       19941       19942       19943       19944       19945       19946
       19947       19948       19949       19950       19951       19952
       19953       19954       19955       19956       19957       19958
       19959       19960       19961       19962       19963       19964
       19965       19966       19967       19968       19969       19970
       19971       19972       19973       19974       19975       19976
       19977       19978       19979       19980       19981       19982
       19983       19984       19985       20321       20323       20324
       20325       20326       20327       20328       20329       20330
       20331       20332       20333       20334       20335       20336
       20337       20338       20339       20340       20341       20342
       20343       20344       20345       20346       20347       20348
       20349       20350       20351       20352       20353       20354
       20355       20356       20357       20358       20359       20360
       20361       20362       20363       20364       20365       20366
       20367       20368       20369       20370       20371       20372
       20373       20374       20375       20376       20377       20378
       20379       20380       20381       20382       20383       20384
       20385       20386       20387       20388       20389       20390
       20391       20392       20393       20394       20395       20396
       20397       20398       20399       20400       20401       20402
       20403       20404       20405       20406       20407       20743
       20745       20746       20747       20748       20749       20750
       20751       20752       20753       20754       20755       20756
       20757       20758       20759       20760       20761       20762
       20763       20764       20765       20766       20767       20768
       20769       20770       20771       20772       20773       20774
       20775       20776       20777       20778       20779       20780
       20781       20782       20783       20784       20785       20786
       20787       20788       20789       20790       20791       20792
       20793       20794       20795       20796       20797       20798
       20799       20800       20801       20802       20803       20804
       20805       20806       20807       20808       20809       20810
       20811       20812       20813       20814       20815       20816
       20817       20818       20819       20820       20821       20822
       20823       20824       20825       20826       20827       20828
       20829       21165       21168       21169       21170       21171
       21172       21173       21174       21175       21176       21177
       21178       21179       21180       21181       21182       21183
       21184       21185       21186       21187       21188       21189
       21190       21191       21192       21193       21194       21195
       21196       21197       21198       21199       21200       21201
       21202       21203       21204       21205       21206       21207
       21208       21209       21210       21211       21212       21213
       21214       21215       21216       21217       21218       21219
       21220       21221       21222       21223       21224       21225
       21226       21227       21228       21229       21230       21231
       21232       21233       21234       21235       21236       21237
       21238       21239       21240       21241       21242       21243
       21244       21245       21246       21247       21248       21249
       21250       21251       21590       21593       21594       21595
       21596       21597       21598       21599       21600       21601
       21602       21603       21604       21605       21606       21607
       21608       21609       21610       21611       21612       21613
       21614       21615       21616       21617       21618       21619
       21620       21621       21622       21623       21624       21625
       21626       21627       21628       21629       21630       21631
       21632       21633       21634       21635       21636       21637
       21638       21639       21640       21641       21642       21643
       21644       21645       21646       21647       21648       21649
       21650       21651       21652       21653       21654       21655
       21656       21657       21658       21659       21660       21661
       21662       21663       21664       21665       21666       21667
       21668       21669       21670       21671       21672       21673
       21675       22015       22018       22019       22020       22021
       22022       22023       22024       22025       22026       22027
       22028       22029       22030       22031       22032       22033
       22034       22035       22036       22037       22038       22039
       22040       22041       22042       22043       22044       22045
       22046       22047       22048       22049       22050       22051
       22052       22053       22054       22055       22056       22057
       22058       22059       22060       22061       22062       22063
       22064       22065       22066       22067       22068       22069
       22070       22071       22072       22073       22074       22075
       22076       22077       22078       22079       22080       22081
       22082       22083       22084       22085       22086       22087
       22088       22089       22090       22091       22092       22093
       22094       22095       22096       22097       22098       22100
       22440       22442       22443       22444       22445       22446
       22447       22448       22449       22450       22451       22452
       22453       22454       22455       22456       22457       22458
       22459       22460       22461       22462       22463       22464
       22465       22466       22467       22468       22469       22470
       22471       22472       22473       22474       22475       22476
       22477       22478       22479       22480       22481       22482
       22483       22484       22485       22486       22487       22488
       22489       22490       22491       22492       22493       22494
       22495       22496       22497       22498       22499       22500
       22501       22502       22503       22504       22505       22506
       22507       22508       22509       22510       22511       22512
       22513       22514       22515       22516       22517       22518
       22519       22520       22521       22522       22523       22525
       22862       22864       22865       22866       22867       22868
       22869       22870       22871       22872       22873       22874
       22875       22876       22877       22878       22879       22880
       22881       22882       22883       22884       22885       22886
       22887       22888       22889       22890       22891       22892
       22893       22894       22895       22896       22897       22898
       22899       22900       22901       22902       22903       22904
       22905       22906       22907       22908       22909       22910
       22911       22912       22913       22914       22915       22916
       22917       22918       22919       22920       22921       22922
       22923       22924       22925       22926       22927       22928
       22929       22930       22931       22932       22933       22934
       22935       22936       22937       22938       22939       22940
       22941       22942       22943       22944       22945       22946
       22947       22948       23284       23286       23287       23288
       23289       23290       23291       23292       23293       23294
       23295       23296       23297       23298       23299       23300
       23301       23302       23303       23304       23305       23306
       23307       23308       23309       23310       23311       23312
       23313       23314       23315       23316       23317       23318
       23319       23320       23321       23322       23323       23324
       23325       23326       23327       23328       23329       23330
       23331       23332       23333       23334       23335       23336
       23337       23338       23339       23340       23341       23342
       23343       23344       23345       23346       23347       23348
       23349       23350       23351       23352       23353       23354
       23355       23356       23357       23358       23359       23360
       23361       23362       23363       23364       23365       23366
       23367       23368       23369       23370       23372       23706
       23708       23709       23710       23711       23712       23713
       23714       23715       23716       23717       23718       23719
       23720       23721       23722       23723       23724       23725
       23726       23727       23728       23729       23730       23731
       23732       23733       23734       23735       23736       23737
       23738       23739       23740       23741       23742       23743
       23744       23745       23746       23747       23748       23749
       23750       23751       23752       23753       23754       23755
       23756       23757       23758       23759       23760       23761
       23762       23763       23764       23765       23766       23767
       23768       23769       23770       23771       23772       23773
       23774       23775       23776       23777       23778       23779
       23780       23781       23782       23783       23784       23785
       23786       23787       23788       23789       23790       23791
       23792       23793       23794       23795       23797       24128
       24131       24132       24133       24134       24135       24136
       24137       24138       24139       24140       24141       24142
       24143       24144       24145       24146       24147       24148
       24149       24150       24151       24152       24153       24154
       24155       24156       24157       24158       24159       24160
       24161       24162       24163       24164       24165       24166
       24167       24168       24169       24170       24171       24172
       24173       24174       24175       24176       24177       24178
       24179       24180       24181       24182       24183       24184
       24185       24186       24187       24188       24189       24190
       24191       24192       24193       24194       24195       24196
       24197       24198       24199       24200       24201       24202
       24203       24204       24205       24206       24207       24208
       24209       24210       24211       24212       24213       24214
       24215       24216       24217       24218       24219       24220
       24553       24556       24557       24558       24559       24560
       24561       24562       24563       24564       24565       24566
       24567       24568       24569       24570       24571       24572
       24573       24574       24575       24576       24577       24578
       24579       24580       24581       24582       24583       24584
       24585       24586       24587       24588       24589       24590
       24591       24592       24593       24594       24595       24596
       24597       24598       24599       24600       24601       24602
       24603       24604       24605       24606       24607       24608
       24609       24610       24611       24612       24613       24614
       24615       24616       24617       24618       24619       24620
       24621       24622       24623       24624       24625       24626
       24627       24628       24629       24630       24631       24632
       24633       24634       24635       24636       24637       24638
       24639       24640       24641       24642       24978       24980
       24981       24982       24983       24984       24985       24986
       24987       24988       24989       24990       24991       24992
       24993       24994       24995       24996       24997       24998
       24999       25000       25001       25002       25003       25004
       25005       25006       25007       25008       25009       25010
       25011       25012       25013       25014       25015       25016
       25017       25018       25019       25020       25021       25022
       25023       25024       25025       25026       25027       25028
       25029       25030       25031       25032       25033       25034
       25035       25036       25037       25038       25039       25040
       25041       25042       25043       25044       25045       25046
       25047       25048       25049       25050       25051       25052
       25053       25054       25055       25056       25057       25058
       25059       25060       25061       25062       25063       25064
       25066       25400       25403       25404       25405       25406
       25407       25408       25409       25410       25411       25412
       25413       25414       25415       25416       25417       25418
       25419       25420       25421       25422       25423       25424
       25425       25426       25427       25428       25429       25430
       25431       25432       25433       25434       25435       25436
       25437       25438       25439       25440       25441       25442
       25443       25444       25445       25446       25447       25448
       25449       25450       25451       25452       25453       25454
       25455       25456       25457       25458       25459       25460
       25461       25462       25463       25464       25465       25466
       25467       25468       25469       25470       25471       25472
       25473       25474       25475       25476       25477       25478
       25479       25480       25481       25482       25483       25484
       25485       25486       25487       25488       25489       25825
       25828       25829       25830       25831       25832       25833
       25834       25835       25836       25837       25838       25839
       25840       25841       25842       25843       25844       25845
       25846       25847       25848       25849       25850       25851
       25852       25853       25854       25855       25856       25857
       25858       25859       25860       25861       25862       25863
       25864       25865       25866       25867       25868       25869
       25870       25871       25872       25873       25874       25875
       25876       25877       25878       25879       25880       25881
       25882       25883       25884       25885       25886       25887
       25888       25889       25890       25891       25892       25893
       25894       25895       25896       25897       25898       25899
       25900       25901       25902       25903       25904       25905
       25906       25907       25908       25909       25910       25911
       25913       26250       26252       26253       26254       26255
       26256       26257       26258       26259       26260       26261
       26262       26263       26264       26265       26266       26267
       26268       26269       26270       26271       26272       26273
       26274       26275       26276       26277       26278       26279
       26280       26281       26282       26283       26284       26285
       26286       26287       26288       26289       26290       26291
       26292       26293       26294       26295       26296       26297
       26298       26299       26300       26301       26302       26303
       26304       26305       26306       26307       26308       26309
       26310       26311       26312       26313       26314       26315
       26316       26317       26318       26319       26320       26321
       26322       26323       26324       26325       26326       26327
       26328       26329       26330       26331       26332       26333
       26334       26335       26336       26338       26672       26674
       26675       26676       26677       26678       26679       26680
       26681       26682       26683       26684       26685       26686
       26687       26688       26689       26690       26691       26692
       26693       26694       26695       26696       26697       26698
       26699       26700       26701       26702       26703       26704
       26705       26706       26707       26708       26709       26710
       26711       26712       26713       26714       26715       26716
       26717       26718       26719       26720       26721       26722
       26723       26724       26725       26726       26727       26728
       26729       26730       26731       26732       26733       26734
       26735       26736       26737       26738       26739       26740
       26741       26742       26743       26744       26745       26746
       26747       26748       26749       26750       26751       26752
       26753       26754       26755       26756       26757       26758
       26759       26760       26761       26763       27094       27096
       27097       27098       27099       27100       27101       27102
       27103       27104       27105       27106       27107       27108
       27109       27110       27111       27112       27113       27114
       27115       27116       27117       27118       27119       27120
       27121       27122       27123       27124       27125       27126
       27127       27128       27129       27130       27131       27132
       27133       27134       27135       27136       27137       27138
       27139       27140       27141       27142       27143       27144
       27145       27146       27147       27148       27149       27150
       27151       27152       27153       27154       27155       27156
       27157       27158       27159       27160       27161       27162
       27163       27164       27165       27166       27167       27168
       27169       27170       27171       27172       27173       27174
       27175       27176       27177       27178       27179       27180
       27181       27182       27183       27184       27185       27186
       27516       27518       27519       27520       27521       27522
       27523       27524       27525       27526       27527       27528
       27529       27530       27531       27532       27533       27534
       27535       27536       27537       27538       27539       27540
       27541       27542       27543       27544       27545       27546
       27547       27548       27549       27550       27551       27552
       27553       27554       27555       27556       27557       27558
       27559       27560       27561       27562       27563       27564
       27565       27566       27567       27568       27569       27570
       27571       27572       27573       27574       27575       27576
       27577       27578       27579       27580       27581       27582
       27583       27584       27585       27586       27587       27588
       27589       27590       27938       27941       27942       27943
       27944       27945       27946       27947       27948       27949
       27950       27951       27952       27953       27954       27955
       27956       27957       27958       27959       27960       27961
       27962       27963       27964       27965       27966       27967
       27968       27969       27970       27971       27972       27973
       27974       27975       27976       27977       27978       27979
       27980       27981       27982       27983       27984       27985
       27986       27987       27988       27989       27990       27991
       27992       27993       27994       27995       27996       27997
       27998       27999       28000       28001       28002       28003
       28004       28005       28006       28007       28008       28009
       28010       28011       28012       28363       28366       28367
       28368       28369       28370       28371       28372       28373
       28374       28375       28376       28377       28378       28379
       28380       28381       28382       28383       28384       28385
       28386       28387       28388       28389       28390       28391
       28392       28393       28394       28395       28396       28397
       28398       28399       28400       28401       28402       28403
       28404       28405       28406       28407       28408       28409
       28410       28411       28412       28413       28414       28415
       28416       28417       28418       28419       28420       28421
       28422       28423       28424       28425       28426       28427
       28428       28429       28430       28431       28432       28433
       28434       28788       28791       28792       28793       28794
       28795       28796       28797       28798       28799       28800
       28801       28802       28803       28804       28805       28806
       28807       28808       28809       28810       28811       28812
       28813       28814       28815       28816       28817       28818
       28819       28820       28821       28822       28823       28824
       28825       28826       28827       28828       28829       28830
       28831       28832       28833       28834       28835       28836
       28837       28838       28839       28840       28841       28842
       28843       28844       28845       28846       28847       28848
       28849       28850       15733       15734       15736       15739
       15742       15745       15748       15753       16134       16135
       16137       16140       16143       16146       16149       16152
       16178       16550       16551       16553       16602       16973
       17024       17391       17392       17447       17810       17811
       17872       18233       18296       18642       18643       18645
       18648       18651       18718       19061       19062       19140
       19477       19478       19480       19563       19900       19987
       20322       20409       20744       20831       21167       21253
       21592       21676       22017       22101       22441       22526
       22863       22950       23285       23373       23707       23798
       24130       24222       24555       24644       24979       25067
       25402       25491       25827       25914       26251       26339
       26673       26764       27095       27591       27594       27597
       27600       27603       27188       27606       27517       27592
       27940       28014       28365       28851       28436       28854
       28790       29213       29216       29219       29222       29225
       29228       29231       29234       29237       29240       29243
       29246       29249       29252       29255       29258       29261
       29264       29267       28852       29270
