           7
         759
         109
        5738        5739        5740        5741        5742        5869
        5870        5871        5872        5873        5874        5875
        5876        5877        5878        5879        5880        5881
        5882        5883        5884        5885        6011        6012
        6013        6014        6015        6016        6017        6018
        6019        6020        6021        6022        6023        6024
        6025        6026        6027        6028        6150        6151
        6152        6153        6154        6155        6156        6157
        6158        6159        6160        6161        6162        6163
        6164        6165        6166        6167        6168        6169
        6170        6171        6290        6291        6292        6293
        6294        6295        6296        6297        6298        6299
        6300        6301        6302        6303        6304        6305
        6306        6307        6308        6309        6310        6311
        6312        6313        6314        6431        6432        6433
        6434        6435        6436        6437        6438        6439
        6440        6441        6442        6443        6444        6445
        6446        6447        6448        6449        6450        6451
        6452        6453        6454        6455        6456        6457
        6572        6573        6574        6575        6576        6577
        6578        6579        6580        6581        6582        6583
        6584        6585        6586        6587        6588        6589
        6590        6591        6592        6593        6594        6595
        6596        6597        6598        6599        6600        6714
        6715        6716        6717        6718        6719        6720
        6721        6722        6723        6724        6725        6726
        6727        6728        6729        6730        6731        6732
        6733        6734        6735        6736        6737        6738
        6739        6740        6741        6742        6743        6854
        6855        6856        6857        6858        6859        6860
        6861        6862        6863        6864        6865        6866
        6867        6868        6869        6870        6871        6872
        6873        6874        6875        6876        6877        6878
        6879        6880        6881        6882        6883        6884
        6885        6996        6997        6998        6999        7000
        7001        7002        7003        7004        7005        7006
        7007        7008        7009        7010        7011        7012
        7013        7014        7015        7016        7017        7018
        7019        7020        7021        7022        7023        7024
        7025        7026        7027        7139        7140        7141
        7142        7143        7144        7145        7146        7147
        7148        7149        7150        7151        7152        7153
        7154        7155        7156        7157        7158        7159
        7160        7161        7162        7163        7164        7165
        7166        7167        7168        7169        7282        7283
        7284        7285        7286        7287        7288        7289
        7290        7291        7292        7293        7294        7295
        7296        7297        7298        7299        7300        7301
        7302        7303        7304        7305        7306        7307
        7308        7309        7310        7311        7312        7425
        7426        7427        7428        7429        7430        7431
        7432        7433        7434        7435        7436        7437
        7438        7439        7440        7441        7442        7443
        7444        7445        7446        7447        7448        7449
        7450        7451        7452        7453        7454        7455
        7567        7568        7569        7570        7571        7572
        7573        7574        7575        7576        7577        7578
        7579        7580        7581        7582        7583        7584
        7585        7586        7587        7588        7589        7590
        7591        7592        7593        7594        7595        7596
        7597        7598        7710        7711        7712        7713
        7714        7715        7716        7717        7718        7719
        7720        7721        7722        7723        7724        7725
        7726        7727        7728        7729        7730        7731
        7732        7733        7734        7735        7736        7737
        7738        7739        7740        7853        7854        7855
        7856        7857        7858        7859        7860        7861
        7862        7863        7864        7865        7866        7867
        7868        7869        7870        7871        7872        7873
        7874        7875        7876        7877        7878        7879
        7880        7881        7882        7996        7997        7998
        7999        8000        8001        8002        8003        8004
        8005        8006        8007        8008        8009        8010
        8011        8012        8013        8014        8015        8016
        8017        8018        8019        8020        8021        8022
        8023        8024        8139        8140        8141        8142
        8143        8144        8145        8146        8147        8148
        8149        8150        8151        8152        8153        8154
        8155        8156        8157        8158        8159        8160
        8161        8162        8163        8164        8165        8166
        8282        8283        8284        8285        8286        8287
        8288        8289        8290        8291        8292        8293
        8294        8295        8296        8297        8298        8299
        8300        8301        8302        8303        8304        8305
        8306        8307        8308        8309        8425        8426
        8427        8428        8429        8430        8431        8432
        8433        8434        8435        8436        8437        8438
        8439        8440        8441        8442        8443        8444
        8445        8446        8447        8448        8449        8450
        8451        8452        8568        8569        8570        8571
        8572        8573        8574        8575        8576        8577
        8578        8579        8580        8581        8582        8583
        8584        8585        8586        8587        8588        8589
        8590        8591        8592        8593        8594        8711
        8712        8713        8714        8715        8716        8717
        8718        8719        8720        8721        8722        8723
        8724        8725        8726        8727        8728        8729
        8730        8731        8732        8733        8734        8735
        8736        8737        8853        8854        8855        8856
        8857        8858        8859        8860        8861        8862
        8863        8864        8865        8866        8867        8868
        8869        8870        8871        8872        8873        8874
        8875        8876        8877        8878        8879        8880
        8996        8997        8998        8999        9000        9001
        9002        9003        9004        9005        9006        9007
        9008        9009        9010        9011        9012        9013
        9014        9015        9016        9017        9018        9019
        9020        9021        9022        9139        9140        9141
        9142        9143        9144        9145        9146        9147
        9148        9149        9150        9151        9152        9153
        9154        9155        9156        9157        9158        9159
        9160        9161        9162        9163        9164        9282
        9283        9284        9285        9286        9287        9288
        9289        9290        9291        9292        9293        9294
        9295        9296        9297        9298        9299        9300
        9301        9302        9303        9304        9305        9306
        9426        9427        9428        9429        9430        9431
        9432        9433        9434        9435        9436        9437
        9438        9439        9440        9441        9442        9443
        9444        9445        9446        9447        9448        9569
        9570        9571        9572        9573        9574        9575
        9576        9577        9578        9579        9580        9581
        9582        9583        9584        9585        9586        9587
        9588        9589        9590        9591        9718        9719
        9720        9721        9722        9723        9724        9725
        9726        9727        9728        9729        9730        9731
        9732        9733        9734        9863        9864        9865
        9866        9867        9868        9869        9870        9871
        9872        9873        9874        9875        9876        9424
        9425        9568        9711        9712        9713        9714
        9715        9716        9717        9860        9861        9862
        6995        7138        7281        7424        7566        7709
        7852        7995        8138        8281        8424        8567
        8710        8852        8995        9138        9281        5595
        5596        5597        5598        5599        5726        5727
        5728        5729        5730        5731        5732        5733
        5734        5735        5736        5737        5868        6007
        6008        6009        6010        6147        6148        6149
        6288        6289        6429        6430        6571        6711
        6712        6713        6853        5600        5743        5886
        6029        6172        6315        6458        6601        6744
        6886        7028        7170        7313        7456        7599
        7741        7883        8025        8167        8310        8453
        8595        8738        8881        9023        9165        9307
        9449        9592        9735        9877
        1625
         109
         115
       11112       11113       11114       11115       11116       11117
       11118       11119       11120       11121       11123       11372
       11373       11374       11375       11376       11377       11378
       11379       11380       11381       11382       11383       11384
       11385       11386       11387       11388       11389       11390
       11391       11392       11393       11394       11395       11396
       11397       11398       11399       11400       11401       11402
       11403       11404       11405       11407       11654       11655
       11656       11657       11658       11659       11660       11661
       11662       11663       11664       11665       11666       11667
       11668       11669       11670       11671       11672       11673
       11674       11675       11676       11677       11678       11679
       11680       11681       11682       11683       11684       11685
       11686       11687       11688       11689       11691       11930
       11931       11932       11933       11934       11935       11936
       11937       11938       11939       11940       11941       11942
       11943       11944       11945       11946       11947       11948
       11949       11950       11951       11952       11953       11954
       11955       11956       11957       11958       11959       11960
       11961       11962       11963       11964       11965       11966
       11967       11968       11969       11970       11971       11972
       11973       11975       12208       12209       12210       12211
       12212       12213       12214       12215       12216       12217
       12218       12219       12220       12221       12222       12223
       12224       12225       12226       12227       12228       12229
       12230       12231       12232       12233       12234       12235
       12236       12237       12238       12239       12240       12241
       12242       12243       12244       12245       12246       12247
       12248       12249       12250       12251       12252       12253
       12254       12255       12256       12257       12259       12488
       12489       12490       12491       12492       12493       12494
       12495       12496       12497       12498       12499       12500
       12501       12502       12503       12504       12505       12506
       12507       12508       12509       12510       12511       12512
       12513       12514       12515       12516       12517       12518
       12519       12520       12521       12522       12523       12524
       12525       12526       12527       12528       12529       12530
       12531       12532       12533       12534       12535       12536
       12537       12538       12539       12540       12541       12543
       12768       12769       12770       12771       12772       12773
       12774       12775       12776       12777       12778       12779
       12780       12781       12782       12783       12784       12785
       12786       12787       12788       12789       12790       12791
       12792       12793       12794       12795       12796       12797
       12798       12799       12800       12801       12802       12803
       12804       12805       12806       12807       12808       12809
       12810       12811       12812       12813       12814       12815
       12816       12817       12818       12819       12820       12821
       12822       12823       12824       12825       12827       13050
       13051       13052       13053       13054       13055       13056
       13057       13058       13059       13060       13061       13062
       13063       13064       13065       13066       13067       13068
       13069       13070       13071       13072       13073       13074
       13075       13076       13077       13078       13079       13080
       13081       13082       13083       13084       13085       13086
       13087       13088       13089       13090       13091       13092
       13093       13094       13095       13096       13097       13098
       13099       13100       13101       13102       13103       13104
       13105       13106       13107       13108       13109       13111
       13328       13329       13330       13331       13332       13333
       13334       13335       13336       13337       13338       13339
       13340       13341       13342       13343       13344       13345
       13346       13347       13348       13349       13350       13351
       13352       13353       13354       13355       13356       13357
       13358       13359       13360       13361       13362       13363
       13364       13365       13366       13367       13368       13369
       13370       13371       13372       13373       13374       13375
       13376       13377       13378       13379       13380       13381
       13382       13383       13384       13385       13386       13387
       13388       13389       13390       13391       13392       13393
       13610       13611       13612       13613       13614       13615
       13616       13617       13618       13619       13620       13621
       13622       13623       13624       13625       13626       13627
       13628       13629       13630       13631       13632       13633
       13634       13635       13636       13637       13638       13639
       13640       13641       13642       13643       13644       13645
       13646       13647       13648       13649       13650       13651
       13652       13653       13654       13655       13656       13657
       13658       13659       13660       13661       13662       13663
       13664       13665       13666       13667       13668       13669
       13670       13671       13672       13673       13674       13675
       13892       13894       13895       13896       13897       13898
       13899       13900       13901       13902       13903       13904
       13905       13906       13907       13908       13909       13910
       13911       13912       13913       13914       13915       13916
       13917       13918       13919       13920       13921       13922
       13923       13924       13925       13926       13927       13928
       13929       13930       13931       13932       13933       13934
       13935       13936       13937       13938       13939       13940
       13941       13942       13943       13944       13945       13946
       13947       13948       13949       13950       13951       13952
       13953       13954       13955       13956       13957       14176
       14178       14179       14180       14181       14182       14183
       14184       14185       14186       14187       14188       14189
       14190       14191       14192       14193       14194       14195
       14196       14197       14198       14199       14200       14201
       14202       14203       14204       14205       14206       14207
       14208       14209       14210       14211       14212       14213
       14214       14215       14216       14217       14218       14219
       14220       14221       14222       14223       14224       14225
       14226       14227       14228       14229       14230       14231
       14232       14233       14234       14235       14236       14237
       14238       14239       14241       14460       14462       14463
       14464       14465       14466       14467       14468       14469
       14470       14471       14472       14473       14474       14475
       14476       14477       14478       14479       14480       14481
       14482       14483       14484       14485       14486       14487
       14488       14489       14490       14491       14492       14493
       14494       14495       14496       14497       14498       14499
       14500       14501       14502       14503       14504       14505
       14506       14507       14508       14509       14510       14511
       14512       14513       14514       14515       14516       14517
       14518       14519       14520       14521       14522       14523
       14525       14744       14745       14746       14747       14748
       14749       14750       14751       14752       14753       14754
       14755       14756       14757       14758       14759       14760
       14761       14762       14763       14764       14765       14766
       14767       14768       14769       14770       14771       14772
       14773       14774       14775       14776       14777       14778
       14779       14780       14781       14782       14783       14784
       14785       14786       14787       14788       14789       14790
       14791       14792       14793       14794       14795       14796
       14797       14798       14799       14800       14801       14802
       14803       14804       14805       14806       14807       14809
       15026       15028       15029       15030       15031       15032
       15033       15034       15035       15036       15037       15038
       15039       15040       15041       15042       15043       15044
       15045       15046       15047       15048       15049       15050
       15051       15052       15053       15054       15055       15056
       15057       15058       15059       15060       15061       15062
       15063       15064       15065       15066       15067       15068
       15069       15070       15071       15072       15073       15074
       15075       15076       15077       15078       15079       15080
       15081       15082       15083       15084       15085       15086
       15087       15088       15089       15090       15091       15310
       15312       15313       15314       15315       15316       15317
       15318       15319       15320       15321       15322       15323
       15324       15325       15326       15327       15328       15329
       15330       15331       15332       15333       15334       15335
       15336       15337       15338       15339       15340       15341
       15342       15343       15344       15345       15346       15347
       15348       15349       15350       15351       15352       15353
       15354       15355       15356       15357       15358       15359
       15360       15361       15362       15363       15364       15365
       15366       15367       15368       15369       15370       15371
       15372       15373       15594       15596       15597       15598
       15599       15600       15601       15602       15603       15604
       15605       15606       15607       15608       15609       15610
       15611       15612       15613       15614       15615       15616
       15617       15618       15619       15620       15621       15622
       15623       15624       15625       15626       15627       15628
       15629       15630       15631       15632       15633       15634
       15635       15636       15637       15638       15639       15640
       15641       15642       15643       15644       15645       15646
       15647       15648       15649       15650       15651       15652
       15653       15654       15655       15878       15880       15881
       15882       15883       15884       15885       15886       15887
       15888       15889       15890       15891       15892       15893
       15894       15895       15896       15897       15898       15899
       15900       15901       15902       15903       15904       15905
       15906       15907       15908       15909       15910       15911
       15912       15913       15914       15915       15916       15917
       15918       15919       15920       15921       15922       15923
       15924       15925       15926       15927       15928       15929
       15930       15931       15932       15933       15934       15935
       15936       15937       16162       16164       16165       16166
       16167       16168       16169       16170       16171       16172
       16173       16174       16175       16176       16177       16178
       16179       16180       16181       16182       16183       16184
       16185       16186       16187       16188       16189       16190
       16191       16192       16193       16194       16195       16196
       16197       16198       16199       16200       16201       16202
       16203       16204       16205       16206       16207       16208
       16209       16210       16211       16212       16213       16214
       16215       16216       16217       16218       16219       16221
       16446       16448       16449       16450       16451       16452
       16453       16454       16455       16456       16457       16458
       16459       16460       16461       16462       16463       16464
       16465       16466       16467       16468       16469       16470
       16471       16472       16473       16474       16475       16476
       16477       16478       16479       16480       16481       16482
       16483       16484       16485       16486       16487       16488
       16489       16490       16491       16492       16493       16494
       16495       16496       16497       16498       16499       16500
       16501       16502       16503       16505       16730       16732
       16733       16734       16735       16736       16737       16738
       16739       16740       16741       16742       16743       16744
       16745       16746       16747       16748       16749       16750
       16751       16752       16753       16754       16755       16756
       16757       16758       16759       16760       16761       16762
       16763       16764       16765       16766       16767       16768
       16769       16770       16771       16772       16773       16774
       16775       16776       16777       16778       16779       16780
       16781       16782       16783       16784       16785       16786
       16787       17014       17016       17017       17018       17019
       17020       17021       17022       17023       17024       17025
       17026       17027       17028       17029       17030       17031
       17032       17033       17034       17035       17036       17037
       17038       17039       17040       17041       17042       17043
       17044       17045       17046       17047       17048       17049
       17050       17051       17052       17053       17054       17055
       17056       17057       17058       17059       17060       17061
       17062       17063       17064       17065       17066       17067
       17068       17069       17071       17298       17299       17300
       17301       17302       17303       17304       17305       17306
       17307       17308       17309       17310       17311       17312
       17313       17314       17315       17316       17317       17318
       17319       17320       17321       17322       17323       17324
       17325       17326       17327       17328       17329       17330
       17331       17332       17333       17334       17335       17336
       17337       17338       17339       17340       17341       17342
       17343       17344       17345       17346       17347       17348
       17349       17350       17351       17352       17353       17355
       17580       17582       17583       17584       17585       17586
       17587       17588       17589       17590       17591       17592
       17593       17594       17595       17596       17597       17598
       17599       17600       17601       17602       17603       17604
       17605       17606       17607       17608       17609       17610
       17611       17612       17613       17614       17615       17616
       17617       17618       17619       17620       17621       17622
       17623       17624       17625       17626       17627       17628
       17629       17630       17631       17632       17633       17634
       17635       17636       17637       17864       17866       17867
       17868       17869       17870       17871       17872       17873
       17874       17875       17876       17877       17878       17879
       17880       17881       17882       17883       17884       17885
       17886       17887       17888       17889       17890       17891
       17892       17893       17894       17895       17896       17897
       17898       17899       17900       17901       17902       17903
       17904       17905       17906       17907       17908       17909
       17910       17911       17912       17913       17914       17915
       17916       17917       17918       17919       18148       18150
       18151       18152       18153       18154       18155       18156
       18157       18158       18159       18160       18161       18162
       18163       18164       18165       18166       18167       18168
       18169       18170       18171       18172       18173       18174
       18175       18176       18177       18178       18179       18180
       18181       18182       18183       18184       18185       18186
       18187       18188       18189       18190       18191       18192
       18193       18194       18195       18196       18197       18198
       18199       18200       18201       18432       18434       18435
       18436       18437       18438       18439       18440       18441
       18442       18443       18444       18445       18446       18447
       18448       18449       18450       18451       18452       18453
       18454       18455       18456       18457       18458       18459
       18460       18461       18462       18463       18464       18465
       18466       18467       18468       18469       18470       18471
       18472       18473       18474       18475       18476       18477
       18478       18479       18480       18481       18482       18483
       18718       18720       18721       18722       18723       18724
       18725       18726       18727       18728       18729       18730
       18731       18732       18733       18734       18735       18736
       18737       18738       18739       18740       18741       18742
       18743       18744       18745       18746       18747       18748
       18749       18750       18751       18752       18753       18754
       18755       18756       18757       18758       18759       18760
       18761       18762       18763       18764       18765       18767
       19002       19004       19005       19006       19007       19008
       19009       19010       19011       19012       19013       19014
       19015       19016       19017       19018       19019       19020
       19021       19022       19023       19024       19025       19026
       19027       19028       19029       19030       19031       19032
       19033       19034       19035       19036       19037       19038
       19039       19040       19041       19042       19043       19044
       19045       19046       19047       19048       19049       19051
       19298       19300       19301       19302       19303       19304
       19305       19306       19307       19308       19309       19310
       19311       19312       19313       19314       19315       19316
       19317       19318       19319       19320       19321       19322
       19323       19324       19325       19326       19327       19328
       19329       19330       19331       19332       19333       19588
       19590       19592       19594       19596       19598       19600
       19602       19604       19606       19608       19610       19612
       19614       18716       18719       19003       19286       19288
       19290       19292       19294       19296       19299       19582
       19584       19586       13608       13893       14177       14461
       14742       15027       15311       15595       15879       16163
       16447       16731       17015       17296       17581       17865
       18149       18433       10831       10833       10835       10837
       10839       11091       11093       11095       11097       11099
       11101       11103       11105       11107       11109       11110
       11111       11370       11649       11651       11652       11653
       11927       11928       11929       12206       12207       12486
       12487       12766       13047       13048       13049       13326
       11122       11406       11690       11974       12258       12542
       12826       13110       13395       13677       13959       14240
       14524       14808       15093       15375       15657       15939
       16220       16504       16789       17070       17354       17639
       17921       18203       18485       18766       19050       19335
       19589       19591       19593       19595       19597       19599
       19601       19603       19605       19607       19609       19611
       19613       19615       18714       18717       19000       19284
       19287       19289       19291       19293       19295       19297
       19580       19583       19585       19587       13609       13890
       14174       14458       14743       15024       15308       15592
       15876       16160       16444       16728       17012       17297
       17578       17862       18146       18430       10828       10829
       10830       10832       10834       10836       10838       11088
       11089       11090       11092       11094       11096       11098
       11100       11102       11104       11106       11108       11371
       11646       11647       11648       11650       11924       11925
       11926       12204       12205       12484       12485       12767
       13044       13045       13046       13327       10841       11125
       11409       11693       11977       12261       12545       12829
       13113       13394       13676       13958       14243       14527
       14811       15092       15374       15656       15938       16223
       16507       16788       17073       17357       17638       17920
       18202       18484       18769       19053       19334       19616
       19617
        2383
         109
       16489       16491       16492       16494       16495       16497
       16498       16500       16501       16503       16878       16880
       16881       16883       16884       16886       16887       16889
       16890       16892       16893       16895       16896       16898
       16899       16901       16902       16904       16905       16907
       16908       16909       16910       16911       16912       16913
       16914       16915       16916       16917       16918       16919
       16920       16921       16922       16923       16924       16925
       16926       16928       17298       17300       17301       17302
       17303       17304       17305       17306       17307       17308
       17309       17310       17311       17312       17313       17314
       17315       17316       17317       17318       17319       17320
       17321       17322       17323       17324       17325       17326
       17327       17328       17329       17330       17331       17332
       17333       17334       17335       17336       17337       17338
       17339       17340       17341       17342       17343       17344
       17345       17346       17347       17348       17349       17350
       17351       17353       17713       17715       17716       17718
       17719       17720       17721       17722       17723       17724
       17725       17726       17727       17728       17729       17730
       17731       17732       17733       17734       17735       17736
       17737       17738       17739       17740       17741       17742
       17743       17744       17745       17746       17747       17748
       17749       17750       17751       17752       17753       17754
       17755       17756       17757       17758       17759       17760
       17761       17762       17763       17764       17765       17766
       17767       17768       17769       17770       17771       17772
       17773       17774       17775       17776       17778       18129
       18131       18132       18133       18134       18135       18136
       18137       18138       18139       18140       18141       18142
       18143       18144       18145       18146       18147       18148
       18149       18150       18151       18152       18153       18154
       18155       18156       18157       18158       18159       18160
       18161       18162       18163       18164       18165       18166
       18167       18168       18169       18170       18171       18172
       18173       18174       18175       18176       18177       18178
       18179       18180       18181       18182       18183       18184
       18185       18186       18187       18188       18189       18190
       18191       18192       18193       18194       18195       18196
       18197       18198       18199       18200       18201       18203
       18548       18549       18550       18551       18552       18553
       18554       18555       18556       18557       18558       18559
       18560       18561       18562       18563       18564       18565
       18566       18567       18568       18569       18570       18571
       18572       18573       18574       18575       18576       18577
       18578       18579       18580       18581       18582       18583
       18584       18585       18586       18587       18588       18589
       18590       18591       18592       18593       18594       18595
       18596       18597       18598       18599       18600       18601
       18602       18603       18604       18605       18606       18607
       18608       18609       18610       18611       18612       18613
       18614       18615       18616       18617       18618       18619
       18620       18621       18622       18623       18624       18625
       18626       18628       18967       18968       18969       18970
       18971       18972       18973       18974       18975       18976
       18977       18978       18979       18980       18981       18982
       18983       18984       18985       18986       18987       18988
       18989       18990       18991       18992       18993       18994
       18995       18996       18997       18998       18999       19000
       19001       19002       19003       19004       19005       19006
       19007       19008       19009       19010       19011       19012
       19013       19014       19015       19016       19017       19018
       19019       19020       19021       19022       19023       19024
       19025       19026       19027       19028       19029       19030
       19031       19032       19033       19034       19035       19036
       19037       19038       19039       19040       19041       19042
       19043       19044       19045       19046       19047       19048
       19049       19050       19051       19053       19387       19389
       19390       19391       19392       19393       19394       19395
       19396       19397       19398       19399       19400       19401
       19402       19403       19404       19405       19406       19407
       19408       19409       19410       19411       19412       19413
       19414       19415       19416       19417       19418       19419
       19420       19421       19422       19423       19424       19425
       19426       19427       19428       19429       19430       19431
       19432       19433       19434       19435       19436       19437
       19438       19439       19440       19441       19442       19443
       19444       19445       19446       19447       19448       19449
       19450       19451       19452       19453       19454       19455
       19456       19457       19458       19459       19460       19461
       19462       19463       19464       19465       19466       19467
       19468       19469       19470       19471       19472       19473
       19474       19475       19476       19478       19805       19807
       19808       19809       19810       19811       19812       19813
       19814       19815       19816       19817       19818       19819
       19820       19821       19822       19823       19824       19825
       19826       19827       19828       19829       19830       19831
       19832       19833       19834       19835       19836       19837
       19838       19839       19840       19841       19842       19843
       19844       19845       19846       19847       19848       19849
       19850       19851       19852       19853       19854       19855
       19856       19857       19858       19859       19860       19861
       19862       19863       19864       19865       19866       19867
       19868       19869       19870       19871       19872       19873
       19874       19875       19876       19877       19878       19879
       19880       19881       19882       19883       19884       19885
       19886       19887       19888       19889       19890       19891
       19892       19893       19894       19895       19896       19897
       19898       19899       19900       19901       20225       20227
       20228       20229       20230       20231       20232       20233
       20234       20235       20236       20237       20238       20239
       20240       20241       20242       20243       20244       20245
       20246       20247       20248       20249       20250       20251
       20252       20253       20254       20255       20256       20257
       20258       20259       20260       20261       20262       20263
       20264       20265       20266       20267       20268       20269
       20270       20271       20272       20273       20274       20275
       20276       20277       20278       20279       20280       20281
       20282       20283       20284       20285       20286       20287
       20288       20289       20290       20291       20292       20293
       20294       20295       20296       20297       20298       20299
       20300       20301       20302       20303       20304       20305
       20306       20307       20308       20309       20310       20311
       20312       20313       20314       20315       20316       20317
       20318       20319       20320       20321       20322       20323
       20647       20650       20651       20652       20653       20654
       20655       20656       20657       20658       20659       20660
       20661       20662       20663       20664       20665       20666
       20667       20668       20669       20670       20671       20672
       20673       20674       20675       20676       20677       20678
       20679       20680       20681       20682       20683       20684
       20685       20686       20687       20688       20689       20690
       20691       20692       20693       20694       20695       20696
       20697       20698       20699       20700       20701       20702
       20703       20704       20705       20706       20707       20708
       20709       20710       20711       20712       20713       20714
       20715       20716       20717       20718       20719       20720
       20721       20722       20723       20724       20725       20726
       20727       20728       20729       20730       20731       20732
       20733       20734       20735       20736       20737       20738
       20739       20740       20741       20742       20743       20744
       20745       21072       21075       21076       21077       21078
       21079       21080       21081       21082       21083       21084
       21085       21086       21087       21088       21089       21090
       21091       21092       21093       21094       21095       21096
       21097       21098       21099       21100       21101       21102
       21103       21104       21105       21106       21107       21108
       21109       21110       21111       21112       21113       21114
       21115       21116       21117       21118       21119       21120
       21121       21122       21123       21124       21125       21126
       21127       21128       21129       21130       21131       21132
       21133       21134       21135       21136       21137       21138
       21139       21140       21141       21142       21143       21144
       21145       21146       21147       21148       21149       21150
       21151       21152       21153       21154       21155       21156
       21157       21158       21159       21160       21161       21162
       21163       21164       21165       21166       21167       21169
       21497       21500       21501       21502       21503       21504
       21505       21506       21507       21508       21509       21510
       21511       21512       21513       21514       21515       21516
       21517       21518       21519       21520       21521       21522
       21523       21524       21525       21526       21527       21528
       21529       21530       21531       21532       21533       21534
       21535       21536       21537       21538       21539       21540
       21541       21542       21543       21544       21545       21546
       21547       21548       21549       21550       21551       21552
       21553       21554       21555       21556       21557       21558
       21559       21560       21561       21562       21563       21564
       21565       21566       21567       21568       21569       21570
       21571       21572       21573       21574       21575       21576
       21577       21578       21579       21580       21581       21582
       21583       21584       21585       21586       21587       21588
       21589       21590       21591       21592       21594       21922
       21924       21925       21926       21927       21928       21929
       21930       21931       21932       21933       21934       21935
       21936       21937       21938       21939       21940       21941
       21942       21943       21944       21945       21946       21947
       21948       21949       21950       21951       21952       21953
       21954       21955       21956       21957       21958       21959
       21960       21961       21962       21963       21964       21965
       21966       21967       21968       21969       21970       21971
       21972       21973       21974       21975       21976       21977
       21978       21979       21980       21981       21982       21983
       21984       21985       21986       21987       21988       21989
       21990       21991       21992       21993       21994       21995
       21996       21997       21998       21999       22000       22001
       22002       22003       22004       22005       22006       22007
       22008       22009       22010       22011       22012       22013
       22014       22015       22016       22017       22019       22344
       22347       22348       22349       22350       22351       22352
       22353       22354       22355       22356       22357       22358
       22359       22360       22361       22362       22363       22364
       22365       22366       22367       22368       22369       22370
       22371       22372       22373       22374       22375       22376
       22377       22378       22379       22380       22381       22382
       22383       22384       22385       22386       22387       22388
       22389       22390       22391       22392       22393       22394
       22395       22396       22397       22398       22399       22400
       22401       22402       22403       22404       22405       22406
       22407       22408       22409       22410       22411       22412
       22413       22414       22415       22416       22417       22418
       22419       22420       22421       22422       22423       22424
       22425       22426       22427       22428       22429       22430
       22431       22432       22433       22434       22435       22436
       22437       22438       22439       22440       22441       22442
       22769       22772       22773       22774       22775       22776
       22777       22778       22779       22780       22781       22782
       22783       22784       22785       22786       22787       22788
       22789       22790       22791       22792       22793       22794
       22795       22796       22797       22798       22799       22800
       22801       22802       22803       22804       22805       22806
       22807       22808       22809       22810       22811       22812
       22813       22814       22815       22816       22817       22818
       22819       22820       22821       22822       22823       22824
       22825       22826       22827       22828       22829       22830
       22831       22832       22833       22834       22835       22836
       22837       22838       22839       22840       22841       22842
       22843       22844       22845       22846       22847       22848
       22849       22850       22851       22852       22853       22854
       22855       22856       22857       22858       22859       22860
       22861       22862       22863       22864       23194       23197
       23198       23199       23200       23201       23202       23203
       23204       23205       23206       23207       23208       23209
       23210       23211       23212       23213       23214       23215
       23216       23217       23218       23219       23220       23221
       23222       23223       23224       23225       23226       23227
       23228       23229       23230       23231       23232       23233
       23234       23235       23236       23237       23238       23239
       23240       23241       23242       23243       23244       23245
       23246       23247       23248       23249       23250       23251
       23252       23253       23254       23255       23256       23257
       23258       23259       23260       23261       23262       23263
       23264       23265       23266       23267       23268       23269
       23270       23271       23272       23273       23274       23275
       23276       23277       23278       23279       23280       23281
       23282       23283       23284       23285       23286       23619
       23622       23623       23624       23625       23626       23627
       23628       23629       23630       23631       23632       23633
       23634       23635       23636       23637       23638       23639
       23640       23641       23642       23643       23644       23645
       23646       23647       23648       23649       23650       23651
       23652       23653       23654       23655       23656       23657
       23658       23659       23660       23661       23662       23663
       23664       23665       23666       23667       23668       23669
       23670       23671       23672       23673       23674       23675
       23676       23677       23678       23679       23680       23681
       23682       23683       23684       23685       23686       23687
       23688       23689       23690       23691       23692       23693
       23694       23695       23696       23697       23698       23699
       23700       23701       23702       23703       23704       23705
       23706       23707       23708       24044       24047       24048
       24049       24050       24051       24052       24053       24054
       24055       24056       24057       24058       24059       24060
       24061       24062       24063       24064       24065       24066
       24067       24068       24069       24070       24071       24072
       24073       24074       24075       24076       24077       24078
       24079       24080       24081       24082       24083       24084
       24085       24086       24087       24088       24089       24090
       24091       24092       24093       24094       24095       24096
       24097       24098       24099       24100       24101       24102
       24103       24104       24105       24106       24107       24108
       24109       24110       24111       24112       24113       24114
       24115       24116       24117       24118       24119       24120
       24121       24122       24123       24124       24125       24126
       24127       24128       24129       24130       24132       24469
       24472       24473       24474       24475       24476       24477
       24478       24479       24480       24481       24482       24483
       24484       24485       24486       24487       24488       24489
       24490       24491       24492       24493       24494       24495
       24496       24497       24498       24499       24500       24501
       24502       24503       24504       24505       24506       24507
       24508       24509       24510       24511       24512       24513
       24514       24515       24516       24517       24518       24519
       24520       24521       24522       24523       24524       24525
       24526       24527       24528       24529       24530       24531
       24532       24533       24534       24535       24536       24537
       24538       24539       24540       24541       24542       24543
       24544       24545       24546       24547       24548       24549
       24550       24551       24552       24553       24554       24555
       24557       24894       24897       24898       24899       24900
       24901       24902       24903       24904       24905       24906
       24907       24908       24909       24910       24911       24912
       24913       24914       24915       24916       24917       24918
       24919       24920       24921       24922       24923       24924
       24925       24926       24927       24928       24929       24930
       24931       24932       24933       24934       24935       24936
       24937       24938       24939       24940       24941       24942
       24943       24944       24945       24946       24947       24948
       24949       24950       24951       24952       24953       24954
       24955       24956       24957       24958       24959       24960
       24961       24962       24963       24964       24965       24966
       24967       24968       24969       24970       24971       24972
       24973       24974       24975       24976       24977       24978
       24979       24980       25319       25322       25323       25324
       25325       25326       25327       25328       25329       25330
       25331       25332       25333       25334       25335       25336
       25337       25338       25339       25340       25341       25342
       25343       25344       25345       25346       25347       25348
       25349       25350       25351       25352       25353       25354
       25355       25356       25357       25358       25359       25360
       25361       25362       25363       25364       25365       25366
       25367       25368       25369       25370       25371       25372
       25373       25374       25375       25376       25377       25378
       25379       25380       25381       25382       25383       25384
       25385       25386       25387       25388       25389       25390
       25391       25392       25393       25394       25395       25396
       25397       25398       25399       25400       25401       25402
       25404       25744       25746       25747       25748       25749
       25750       25751       25752       25753       25754       25755
       25756       25757       25758       25759       25760       25761
       25762       25763       25764       25765       25766       25767
       25768       25769       25770       25771       25772       25773
       25774       25775       25776       25777       25778       25779
       25780       25781       25782       25783       25784       25785
       25786       25787       25788       25789       25790       25791
       25792       25793       25794       25795       25796       25797
       25798       25799       25800       25801       25802       25803
       25804       25805       25806       25807       25808       25809
       25810       25811       25812       25813       25814       25815
       25816       25817       25818       25819       25820       25821
       25822       25823       25824       25825       25826       25827
       25829       26166       26169       26170       26171       26172
       26173       26174       26175       26176       26177       26178
       26179       26180       26181       26182       26183       26184
       26185       26186       26187       26188       26189       26190
       26191       26192       26193       26194       26195       26196
       26197       26198       26199       26200       26201       26202
       26203       26204       26205       26206       26207       26208
       26209       26210       26211       26212       26213       26214
       26215       26216       26217       26218       26219       26220
       26221       26222       26223       26224       26225       26226
       26227       26228       26229       26230       26231       26232
       26233       26234       26235       26236       26237       26238
       26239       26240       26241       26242       26243       26244
       26245       26246       26247       26248       26249       26250
       26251       26252       26591       26594       26595       26596
       26597       26598       26599       26600       26601       26602
       26603       26604       26605       26606       26607       26608
       26609       26610       26611       26612       26613       26614
       26615       26616       26617       26618       26619       26620
       26621       26622       26623       26624       26625       26626
       26627       26628       26629       26630       26631       26632
       26633       26634       26635       26636       26637       26638
       26639       26640       26641       26642       26643       26644
       26645       26646       26647       26648       26649       26650
       26651       26652       26653       26654       26655       26656
       26657       26658       26659       26660       26661       26662
       26663       26664       26665       26666       26667       26668
       26669       26670       26671       26672       26673       26674
       27016       27019       27020       27021       27022       27023
       27024       27025       27026       27027       27028       27029
       27030       27031       27032       27033       27034       27035
       27036       27037       27038       27039       27040       27041
       27042       27043       27044       27045       27046       27047
       27048       27049       27050       27051       27052       27053
       27054       27055       27056       27057       27058       27059
       27060       27061       27062       27063       27064       27065
       27066       27067       27068       27069       27070       27071
       27072       27073       27074       27075       27076       27077
       27078       27079       27080       27081       27082       27083
       27084       27085       27086       27087       27088       27089
       27090       27091       27092       27093       27094       27095
       27096       27441       27444       27445       27446       27447
       27448       27449       27450       27451       27452       27453
       27454       27455       27456       27457       27458       27459
       27460       27461       27462       27463       27464       27465
       27466       27467       27468       27469       27470       27471
       27472       27473       27474       27475       27476       27477
       27478       27479       27480       27481       27482       27483
       27484       27485       27486       27487       27488       27489
       27490       27491       27492       27493       27494       27495
       27496       27497       27498       27499       27500       27501
       27502       27503       27504       27505       27506       27507
       27508       27509       27510       27511       27512       27513
       27514       27515       27516       27517       27518       27869
       27872       27873       27874       27875       27876       27877
       27878       27879       27880       27881       27882       27883
       27884       27885       27886       27887       27888       27889
       27890       27891       27892       27893       27894       27895
       27896       27897       27898       27899       27900       27901
       27902       27903       27904       27905       27906       27907
       27908       27909       27910       27911       27912       27913
       27914       27915       27916       27917       27918       27919
       27920       27921       27922       27923       27924       27925
       27926       27927       27928       27929       27930       27931
       27932       27933       27934       27935       27936       27937
       27938       27939       27940       27942       28294       28297
       28298       28299       28300       28301       28302       28303
       28304       28305       28306       28307       28308       28309
       28310       28311       28312       28313       28314       28315
       28316       28317       28318       28319       28320       28321
       28322       28323       28324       28325       28326       28327
       28328       28329       28330       28331       28332       28333
       28334       28335       28336       28337       28338       28339
       28340       28341       28342       28343       28344       28345
       28346       28347       28348       28349       28350       28351
       28352       28353       28354       28355       28356       28357
       28358       28359       28360       28361       28362       28363
       28364       28365       28367       28737       28740       28741
       28742       28743       28744       28745       28746       28747
       28748       28749       28750       28751       28752       28753
       28754       28755       28756       28757       28758       28759
       28760       28761       28762       28763       28764       28765
       28766       28767       28768       28769       28770       28771
       28772       28773       28774       28775       28776       28777
       28778       28779       28780       28781       28782       28783
       28784       28785       28786       28787       28788       28789
       28790       16487       16488       16490       16493       16496
       16499       16504       16876       16877       16879       16882
       16885       16888       16891       16894       16897       16900
       16903       16906       16929       17299       17354       17711
       17712       17714       17717       17779       18127       18128
       18130       18204       18546       18547       18629       18965
       18966       19054       19388       19479       19803       19804
       19806       19903       20226       20325       20649       20747
       21074       21170       21499       21595       21923       22020
       22346       22444       22771       22866       23196       23288
       23621       23710       24046       24133       24471       24558
       24896       24982       25321       25405       25745       25830
       26168       26254       26593       26676       27018       27098
       27443       27866       27520       27871       27943       28296
       28719       28722       28725       28728       28731       28734
       28368       28739       29162       29165       29168       29171
       29174       29177       29180       29183       29186       29189
       29192       29195       29198       29201       29204       29207
       28792       29210
