           5
         759
          77
        1420        1421        1422        1423        1562        1563
        1564        1565        1566        1704        1705        1706
        1707        1708        1709        1846        1847        1848
        1849        1850        1851        1852        1988        1989
        1990        1991        1992        1993        1994        1995
        2130        2131        2132        2133        2134        2135
        2136        2137        2138        2272        2273        2274
        2275        2276        2277        2278        2279        2280
        2281        2414        2415        2416        2417        2418
        2419        2420        2421        2422        2423        2424
        2556        2557        2558        2559        2560        2561
        2562        2563        2564        2565        2566        2567
        2698        2699        2700        2701        2702        2703
        2704        2705        2706        2707        2708        2709
        2710        2840        2841        2842        2843        2844
        2845        2846        2847        2848        2849        2850
        2851        2852        2853        2982        2983        2984
        2985        2986        2987        2988        2989        2990
        2991        2992        2993        2994        2995        2996
        3124        3125        3126        3127        3128        3129
        3130        3131        3132        3133        3134        3135
        3136        3137        3138        3139        3266        3267
        3268        3269        3270        3271        3272        3273
        3274        3275        3276        3277        3278        3279
        3280        3281        3282        3408        3409        3410
        3411        3412        3413        3414        3415        3416
        3417        3418        3419        3420        3421        3422
        3423        3424        3425        3550        3551        3552
        3553        3554        3555        3556        3557        3558
        3559        3560        3561        3562        3563        3564
        3565        3566        3567        3568        3692        3693
        3694        3695        3696        3697        3698        3699
        3700        3701        3702        3703        3704        3705
        3706        3707        3708        3709        3710        3711
        3834        3835        3836        3837        3838        3839
        3840        3841        3842        3843        3844        3845
        3846        3847        3848        3849        3850        3851
        3852        3853        3854        3976        3977        3978
        3979        3980        3981        3982        3983        3984
        3985        3986        3987        3988        3989        3990
        3991        3992        3993        3994        3995        3996
        3997        4118        4119        4120        4121        4122
        4123        4124        4125        4126        4127        4128
        4129        4130        4131        4132        4133        4134
        4135        4136        4137        4138        4139        4140
        4260        4261        4262        4263        4264        4265
        4266        4267        4268        4269        4270        4271
        4272        4273        4274        4275        4276        4277
        4278        4279        4280        4281        4282        4283
        4402        4403        4404        4405        4406        4407
        4408        4409        4410        4411        4412        4413
        4414        4415        4416        4417        4418        4419
        4420        4421        4422        4423        4424        4425
        4426        4544        4545        4546        4547        4548
        4549        4550        4551        4552        4553        4554
        4555        4556        4557        4558        4559        4560
        4561        4562        4563        4564        4565        4566
        4567        4568        4569        4686        4687        4688
        4689        4690        4691        4692        4693        4694
        4695        4696        4697        4698        4699        4700
        4701        4702        4703        4704        4705        4706
        4707        4708        4709        4710        4711        4712
        4828        4829        4830        4831        4832        4833
        4834        4835        4836        4837        4838        4839
        4840        4841        4842        4843        4844        4845
        4846        4847        4848        4849        4850        4851
        4852        4853        4854        4855        4970        4971
        4972        4973        4974        4975        4976        4977
        4978        4979        4980        4981        4982        4983
        4984        4985        4986        4987        4988        4989
        4990        4991        4992        4993        4994        4995
        4996        4997        4998        5112        5113        5114
        5115        5116        5117        5118        5119        5120
        5121        5122        5123        5124        5125        5126
        5127        5128        5129        5130        5131        5132
        5133        5134        5135        5136        5137        5138
        5139        5140        5141        5254        5255        5256
        5257        5258        5259        5260        5261        5262
        5263        5264        5265        5266        5267        5268
        5269        5270        5271        5272        5273        5274
        5275        5276        5277        5278        5279        5280
        5281        5282        5283        5284        5396        5397
        5398        5399        5400        5401        5402        5403
        5404        5405        5406        5407        5408        5409
        5410        5411        5412        5413        5414        5415
        5416        5417        5418        5419        5420        5421
        5422        5423        5424        5425        5426        5427
        5538        5539        5540        5541        5542        5543
        5544        5545        5546        5547        5548        5549
        5550        5551        5552        5553        5554        5555
        5556        5557        5558        5559        5560        5561
        5562        5563        5564        5565        5566        5567
        5568        5569        5680        5681        5682        5683
        5684        5685        5686        5687        5688        5689
        5690        5691        5692        5693        5694        5695
        5696        5697        5698        5699        5700        5701
        5702        5703        5704        5705        5706        5707
        5708        5709        5710        5711        5822        5823
        5824        5825        5826        5827        5828        5829
        5830        5831        5832        5833        5834        5835
        5836        5837        5838        5839        5840        5841
        5842        5843        5844        5845        5846        5847
        5848        5849        5850        5851        5852        5853
        5964        5965        5966        5967        5968        5969
        5970        5971        5972        5973        5974        5975
        5976        5977        5978        5979        5980        5981
        5982        5983        5984        5985        5986        5987
        5988        5989        5990        5991        5992        5993
        5994        5995        6107        6108        6109        6110
        6111        6112        6113        6114        6115        6116
        6117        6118        6119        6120        6121        6122
        6123        6124        6125        6126        6127        6128
        6129        6130        6131        6132        6133        6134
        6135        6136        6137        6138        6250        6251
        6252        6253        6254        6255        6256        6257
        6258        6259        6260        6261        6262        6263
        6264        6265        6266        6267        6268        6269
        6270        6271        6272        6273        6274        6275
        6276        6277        6278        6279        6280        6397
        6398        6399        6400        6401        6402        6403
        6404        6405        6406        6407        6408        6409
        6410        6411        6412        6413        6414        6415
        6416        6417        6418        6419        6420        6421
        6422        6423        6553        6554        6555        6556
        6557        6558        6559        6560        6561        6562
        6563        6564        6565        6699        6700        6701
        6702        6703        6704        6106        6249        6392
        6393        6394        6395        6396        6539        6540
        6541        6542        6543        6544        6545        6546
        6547        6548        6549        6550        6551        6552
        6566        6695        6696        6697        6698        6705
        6706        6707        6708        6841        6842        6843
        6844        6845        6846        6847        3283        3426
        3569        3712        3855        3998        4141        4284
        4427        4570        4713        4856        4999        5142
        5285        5428        5570        5712        5854        5996
        6139        6281        6424        1278        1279        1280
        1281        1424        1567        1710        1853        1996
        2139        2282        2425        2568        2711        2854
        2997        3140
        1560
          76
          79
        2538        2539        2540        2541        2542        2543
        2545        2820        2821        2822        2823        2824
        2825        2826        2827        2829        3102        3103
        3104        3105        3106        3107        3108        3109
        3110        3111        3113        3384        3385        3386
        3387        3388        3389        3390        3391        3392
        3393        3394        3395        3397        3666        3667
        3668        3669        3670        3671        3672        3673
        3674        3675        3676        3677        3678        3679
        3681        3948        3949        3950        3951        3952
        3953        3954        3955        3956        3957        3958
        3959        3960        3961        3962        3963        3965
        4230        4231        4232        4233        4234        4235
        4236        4237        4238        4239        4240        4241
        4242        4243        4244        4245        4246        4247
        4249        4512        4513        4514        4515        4516
        4517        4518        4519        4520        4521        4522
        4523        4524        4525        4526        4527        4528
        4529        4530        4531        4533        4794        4795
        4796        4797        4798        4799        4800        4801
        4802        4803        4804        4805        4806        4807
        4808        4809        4810        4811        4812        4813
        4814        4815        4817        5076        5077        5078
        5079        5080        5081        5082        5083        5084
        5085        5086        5087        5088        5089        5090
        5091        5092        5093        5094        5095        5096
        5097        5098        5099        5101        5358        5359
        5360        5361        5362        5363        5364        5365
        5366        5367        5368        5369        5370        5371
        5372        5373        5374        5375        5376        5377
        5378        5379        5380        5381        5382        5383
        5385        5640        5641        5642        5643        5644
        5645        5646        5647        5648        5649        5650
        5651        5652        5653        5654        5655        5656
        5657        5658        5659        5660        5661        5662
        5663        5664        5665        5666        5667        5669
        5922        5923        5924        5925        5926        5927
        5928        5929        5930        5931        5932        5933
        5934        5935        5936        5937        5938        5939
        5940        5941        5942        5943        5944        5945
        5946        5947        5948        5949        5950        5951
        5953        6204        6205        6206        6207        6208
        6209        6210        6211        6212        6213        6214
        6215        6216        6217        6218        6219        6220
        6221        6222        6223        6224        6225        6226
        6227        6228        6229        6230        6231        6232
        6233        6234        6235        6237        6486        6487
        6488        6489        6490        6491        6492        6493
        6494        6495        6496        6497        6498        6499
        6500        6501        6502        6503        6504        6505
        6506        6507        6508        6509        6510        6511
        6512        6513        6514        6515        6516        6517
        6518        6519        6521        6768        6769        6770
        6771        6772        6773        6774        6775        6776
        6777        6778        6779        6780        6781        6782
        6783        6784        6785        6786        6787        6788
        6789        6790        6791        6792        6793        6794
        6795        6796        6797        6798        6799        6800
        6801        6802        6803        6805        7050        7051
        7052        7053        7054        7055        7056        7057
        7058        7059        7060        7061        7062        7063
        7064        7065        7066        7067        7068        7069
        7070        7071        7072        7073        7074        7075
        7076        7077        7078        7079        7080        7081
        7082        7083        7084        7085        7086        7087
        7089        7332        7333        7334        7335        7336
        7337        7338        7339        7340        7341        7342
        7343        7344        7345        7346        7347        7348
        7349        7350        7351        7352        7353        7354
        7355        7356        7357        7358        7359        7360
        7361        7362        7363        7364        7365        7366
        7367        7368        7369        7370        7371        7373
        7614        7615        7616        7617        7618        7619
        7620        7621        7622        7623        7624        7625
        7626        7627        7628        7629        7630        7631
        7632        7633        7634        7635        7636        7637
        7638        7639        7640        7641        7642        7643
        7644        7645        7646        7647        7648        7649
        7650        7651        7652        7653        7654        7655
        7657        7896        7897        7898        7899        7900
        7901        7902        7903        7904        7905        7906
        7907        7908        7909        7910        7911        7912
        7913        7914        7915        7916        7917        7918
        7919        7920        7921        7922        7923        7924
        7925        7926        7927        7928        7929        7930
        7931        7932        7933        7934        7935        7936
        7937        7938        7939        7941        8178        8179
        8180        8181        8182        8183        8184        8185
        8186        8187        8188        8189        8190        8191
        8192        8193        8194        8195        8196        8197
        8198        8199        8200        8201        8202        8203
        8204        8205        8206        8207        8208        8209
        8210        8211        8212        8213        8214        8215
        8216        8217        8218        8219        8220        8221
        8222        8223        8225        8460        8461        8462
        8463        8464        8465        8466        8467        8468
        8469        8470        8471        8472        8473        8474
        8475        8476        8477        8478        8479        8480
        8481        8482        8483        8484        8485        8486
        8487        8488        8489        8490        8491        8492
        8493        8494        8495        8496        8497        8498
        8499        8500        8501        8502        8503        8504
        8505        8506        8507        8509        8742        8743
        8744        8745        8746        8747        8748        8749
        8750        8751        8752        8753        8754        8755
        8756        8757        8758        8759        8760        8761
        8762        8763        8764        8765        8766        8767
        8768        8769        8770        8771        8772        8773
        8774        8775        8776        8777        8778        8779
        8780        8781        8782        8783        8784        8785
        8786        8787        8788        8789        8790        8791
        8793        9024        9025        9026        9027        9028
        9029        9030        9031        9032        9033        9034
        9035        9036        9037        9038        9039        9040
        9041        9042        9043        9044        9045        9046
        9047        9048        9049        9050        9051        9052
        9053        9054        9055        9056        9057        9058
        9059        9060        9061        9062        9063        9064
        9065        9066        9067        9068        9069        9070
        9071        9072        9073        9074        9075        9077
        9306        9307        9308        9309        9310        9311
        9312        9313        9314        9315        9316        9317
        9318        9319        9320        9321        9322        9323
        9324        9325        9326        9327        9328        9329
        9330        9331        9332        9333        9334        9335
        9336        9337        9338        9339        9340        9341
        9342        9343        9344        9345        9346        9347
        9348        9349        9350        9351        9352        9353
        9354        9355        9356        9357        9358        9359
        9361        9588        9589        9590        9591        9592
        9593        9594        9595        9596        9597        9598
        9599        9600        9601        9602        9603        9604
        9605        9606        9607        9608        9609        9610
        9611        9612        9613        9614        9615        9616
        9617        9618        9619        9620        9621        9622
        9623        9624        9625        9626        9627        9628
        9629        9630        9631        9632        9633        9634
        9635        9636        9637        9638        9639        9640
        9641        9642        9643        9645        9870        9871
        9872        9873        9874        9875        9876        9877
        9878        9879        9880        9881        9882        9883
        9884        9885        9886        9887        9888        9889
        9890        9891        9892        9893        9894        9895
        9896        9897        9898        9899        9900        9901
        9902        9903        9904        9905        9906        9907
        9908        9909        9910        9911        9912        9913
        9914        9915        9916        9917        9918        9919
        9920        9921        9922        9923        9924        9925
        9926        9927        9929       10152       10153       10154
       10155       10156       10157       10158       10159       10160
       10161       10162       10163       10164       10165       10166
       10167       10168       10169       10170       10171       10172
       10173       10174       10175       10176       10177       10178
       10179       10180       10181       10182       10183       10184
       10185       10186       10187       10188       10189       10190
       10191       10192       10193       10194       10195       10196
       10197       10198       10199       10200       10201       10202
       10203       10204       10205       10206       10207       10208
       10209       10210       10211       10213       10434       10435
       10436       10437       10438       10439       10440       10441
       10442       10443       10444       10445       10446       10447
       10448       10449       10450       10451       10452       10453
       10454       10455       10456       10457       10458       10459
       10460       10461       10462       10463       10464       10465
       10466       10467       10468       10469       10470       10471
       10472       10473       10474       10475       10476       10477
       10478       10479       10480       10481       10482       10483
       10484       10485       10486       10487       10488       10489
       10490       10491       10492       10493       10494       10495
       10497       10716       10717       10718       10719       10720
       10721       10722       10723       10724       10725       10726
       10727       10728       10729       10730       10731       10732
       10733       10734       10735       10736       10737       10738
       10739       10740       10741       10742       10743       10744
       10745       10746       10747       10748       10749       10750
       10751       10752       10753       10754       10755       10756
       10757       10758       10759       10760       10761       10762
       10763       10764       10765       10766       10767       10768
       10769       10770       10771       10772       10773       10774
       10775       10776       10777       10778       10779       10998
       10999       11000       11001       11002       11003       11004
       11005       11006       11007       11008       11009       11010
       11011       11012       11013       11014       11015       11016
       11017       11018       11019       11020       11021       11022
       11023       11024       11025       11026       11027       11028
       11029       11030       11031       11032       11033       11034
       11035       11036       11037       11038       11039       11040
       11041       11042       11043       11044       11045       11046
       11047       11048       11049       11050       11051       11052
       11053       11054       11055       11056       11057       11058
       11059       11060       11061       11280       11281       11282
       11283       11284       11285       11286       11287       11288
       11289       11290       11291       11292       11293       11294
       11295       11296       11297       11298       11299       11300
       11301       11302       11303       11304       11305       11306
       11307       11308       11309       11310       11311       11312
       11313       11314       11315       11316       11317       11318
       11319       11320       11321       11322       11323       11324
       11325       11326       11327       11328       11329       11330
       11331       11332       11333       11334       11335       11336
       11337       11338       11339       11340       11341       11342
       11343       11562       11563       11564       11565       11566
       11567       11568       11569       11570       11571       11572
       11573       11574       11575       11576       11577       11578
       11579       11580       11581       11582       11583       11584
       11585       11586       11587       11588       11589       11590
       11591       11592       11593       11594       11595       11596
       11597       11598       11599       11600       11601       11602
       11603       11604       11605       11606       11607       11608
       11609       11610       11611       11612       11613       11614
       11615       11616       11617       11618       11619       11620
       11621       11622       11623       11624       11625       11844
       11845       11846       11847       11848       11849       11850
       11851       11852       11853       11854       11855       11856
       11857       11858       11859       11860       11861       11862
       11863       11864       11865       11866       11867       11868
       11869       11870       11871       11872       11873       11874
       11875       11876       11877       11878       11879       11880
       11881       11882       11883       11884       11885       11886
       11887       11888       11889       11890       11891       11892
       11893       11894       11895       11896       11897       11898
       11899       11900       11901       11902       11903       11904
       11905       11906       11907       11909       12126       12128
       12129       12130       12131       12132       12133       12134
       12135       12136       12137       12138       12139       12140
       12141       12142       12143       12144       12145       12146
       12147       12148       12149       12150       12151       12152
       12153       12154       12155       12156       12157       12158
       12159       12160       12161       12162       12163       12164
       12165       12166       12167       12168       12169       12170
       12171       12172       12173       12174       12175       12176
       12177       12178       12179       12180       12181       12182
       12183       12184       12185       12186       12187       12188
       12189       12190       12191       12410       12412       12413
       12414       12415       12416       12417       12418       12419
       12420       12421       12422       12423       12424       12425
       12426       12427       12428       12429       12430       12431
       12432       12433       12434       12435       12436       12437
       12438       12439       12440       12441       12442       12443
       12444       12445       12446       12447       12448       12449
       12450       12451       12452       12453       12454       12455
       12456       12457       12458       12459       12460       12461
       12462       12463       12464       12465       12466       12467
       12468       12469       12470       12471       12472       12473
       12475       12702       12704       12705       12706       12707
       12708       12709       12710       12711       12712       12713
       12714       12715       12716       12717       12718       12719
       12720       12721       12722       12723       12724       12725
       12726       12727       12728       12729       12730       12731
       12732       12733       12734       12735       12736       12737
       12738       12739       12740       12741       12742       12743
       12744       12745       12746       12747       12748       12749
       12750       12751       12752       12753       12754       12755
       12756       12757       13012       13014       13015       13016
       13017       13018       13019       13020       13021       13022
       13023       13024       13025       13026       13027       13028
       13029       13030       13031       13032       13033       13034
       13035       13036       13037       13038       13039       13302
       13304       13305       13306       13307       13308       13309
       13310       13311       13312       13313       13314       13315
       12127       12411       12694       12696       12698       12700
       12703       12986       12988       12990       12992       12994
       12996       12998       13000       13002       13004       13006
       13008       13010       13013       13041       13296       13298
       13300       13303       13316       13317       13318       13320
       13586       13588       13590       13592       13594       13596
        6520        6804        7088        7372        7656        7940
        8224        8508        8792        9076        9360        9644
        9928       10212       10496       10781       11063       11345
       11627       11908       12193       12474       12759        2257
        2259        2261        2544        2828        3112        3396
        3680        3964        4248        4532        4816        5100
        5384        5668        5952        6236       12408       12692
       12695       12697       12699       12701       12984       12987
       12989       12991       12993       12995       12997       12999
       13001       13003       13005       13007       13009       13011
       13040       13294       13297       13299       13301       13319
       13321       13322       13323       13584       13587       13589
       13591       13593       13595       13597       13598       13599
        6239        6523        6807        7091        7375        7659
        7943        8227        8511        8795        9079        9363
        9647        9931       10215       10499       10780       11062
       11344       11626       11911       12192       12477       12758
        2256        2258        2260        2263        2547        2831
        3115        3399        3683        3967        4251        4535
        4819        5103        5387        5671        5955
        2319
          76
        3658        3660        3661        3663        3664        3666
        4079        4080        4081        4082        4083        4084
        4085        4086        4087        4088        4089        4091
        4501        4502        4503        4504        4505        4506
        4507        4508        4509        4510        4511        4512
        4513        4514        4516        4923        4924        4925
        4926        4927        4928        4929        4930        4931
        4932        4933        4934        4935        4936        4937
        4938        4939        4941        5345        5346        5347
        5348        5349        5350        5351        5352        5353
        5354        5355        5356        5357        5358        5359
        5360        5361        5362        5363        5364        5366
        5767        5768        5769        5770        5771        5772
        5773        5774        5775        5776        5777        5778
        5779        5780        5781        5782        5783        5784
        5785        5786        5787        5788        5789        5791
        6189        6190        6191        6192        6193        6194
        6195        6196        6197        6198        6199        6200
        6201        6202        6203        6204        6205        6206
        6207        6208        6209        6210        6211        6212
        6213        6214        6216        6611        6612        6613
        6614        6615        6616        6617        6618        6619
        6620        6621        6622        6623        6624        6625
        6626        6627        6628        6629        6630        6631
        6632        6633        6634        6635        6636        6637
        6638        6639        6641        7033        7034        7035
        7036        7037        7038        7039        7040        7041
        7042        7043        7044        7045        7046        7047
        7048        7049        7050        7051        7052        7053
        7054        7055        7056        7057        7058        7059
        7060        7061        7062        7063        7064        7066
        7455        7456        7457        7458        7459        7460
        7461        7462        7463        7464        7465        7466
        7467        7468        7469        7470        7471        7472
        7473        7474        7475        7476        7477        7478
        7479        7480        7481        7482        7483        7484
        7485        7486        7487        7488        7489        7491
        7877        7878        7879        7880        7881        7882
        7883        7884        7885        7886        7887        7888
        7889        7890        7891        7892        7893        7894
        7895        7896        7897        7898        7899        7900
        7901        7902        7903        7904        7905        7906
        7907        7908        7909        7910        7911        7912
        7913        7914        7916        8299        8300        8301
        8302        8303        8304        8305        8306        8307
        8308        8309        8310        8311        8312        8313
        8314        8315        8316        8317        8318        8319
        8320        8321        8322        8323        8324        8325
        8326        8327        8328        8329        8330        8331
        8332        8333        8334        8335        8336        8337
        8338        8339        8341        8721        8722        8723
        8724        8725        8726        8727        8728        8729
        8730        8731        8732        8733        8734        8735
        8736        8737        8738        8739        8740        8741
        8742        8743        8744        8745        8746        8747
        8748        8749        8750        8751        8752        8753
        8754        8755        8756        8757        8758        8759
        8760        8761        8762        8763        8764        8766
        9143        9144        9145        9146        9147        9148
        9149        9150        9151        9152        9153        9154
        9155        9156        9157        9158        9159        9160
        9161        9162        9163        9164        9165        9166
        9167        9168        9169        9170        9171        9172
        9173        9174        9175        9176        9177        9178
        9179        9180        9181        9182        9183        9184
        9185        9186        9187        9188        9189        9191
        9565        9566        9567        9568        9569        9570
        9571        9572        9573        9574        9575        9576
        9577        9578        9579        9580        9581        9582
        9583        9584        9585        9586        9587        9588
        9589        9590        9591        9592        9593        9594
        9595        9596        9597        9598        9599        9600
        9601        9602        9603        9604        9605        9606
        9607        9608        9609        9610        9611        9612
        9613        9614        9616        9987        9988        9989
        9990        9991        9992        9993        9994        9995
        9996        9997        9998        9999       10000       10001
       10002       10003       10004       10005       10006       10007
       10008       10009       10010       10011       10012       10013
       10014       10015       10016       10017       10018       10019
       10020       10021       10022       10023       10024       10025
       10026       10027       10028       10029       10030       10031
       10032       10033       10034       10035       10036       10037
       10038       10039       10041       10409       10410       10411
       10412       10413       10414       10415       10416       10417
       10418       10419       10420       10421       10422       10423
       10424       10425       10426       10427       10428       10429
       10430       10431       10432       10433       10434       10435
       10436       10437       10438       10439       10440       10441
       10442       10443       10444       10445       10446       10447
       10448       10449       10450       10451       10452       10453
       10454       10455       10456       10457       10458       10459
       10460       10461       10462       10463       10464       10466
       10831       10832       10833       10834       10835       10836
       10837       10838       10839       10840       10841       10842
       10843       10844       10845       10846       10847       10848
       10849       10850       10851       10852       10853       10854
       10855       10856       10857       10858       10859       10860
       10861       10862       10863       10864       10865       10866
       10867       10868       10869       10870       10871       10872
       10873       10874       10875       10876       10877       10878
       10879       10880       10881       10882       10883       10884
       10885       10886       10887       10888       10889       10891
       11253       11254       11255       11256       11257       11258
       11259       11260       11261       11262       11263       11264
       11265       11266       11267       11268       11269       11270
       11271       11272       11273       11274       11275       11276
       11277       11278       11279       11280       11281       11282
       11283       11284       11285       11286       11287       11288
       11289       11290       11291       11292       11293       11294
       11295       11296       11297       11298       11299       11300
       11301       11302       11303       11304       11305       11306
       11307       11308       11309       11310       11311       11312
       11313       11314       11316       11675       11676       11677
       11678       11679       11680       11681       11682       11683
       11684       11685       11686       11687       11688       11689
       11690       11691       11692       11693       11694       11695
       11696       11697       11698       11699       11700       11701
       11702       11703       11704       11705       11706       11707
       11708       11709       11710       11711       11712       11713
       11714       11715       11716       11717       11718       11719
       11720       11721       11722       11723       11724       11725
       11726       11727       11728       11729       11730       11731
       11732       11733       11734       11735       11736       11737
       11738       11739       11741       12097       12098       12099
       12100       12101       12102       12103       12104       12105
       12106       12107       12108       12109       12110       12111
       12112       12113       12114       12115       12116       12117
       12118       12119       12120       12121       12122       12123
       12124       12125       12126       12127       12128       12129
       12130       12131       12132       12133       12134       12135
       12136       12137       12138       12139       12140       12141
       12142       12143       12144       12145       12146       12147
       12148       12149       12150       12151       12152       12153
       12154       12155       12156       12157       12158       12159
       12160       12161       12162       12163       12164       12166
       12519       12520       12521       12522       12523       12524
       12525       12526       12527       12528       12529       12530
       12531       12532       12533       12534       12535       12536
       12537       12538       12539       12540       12541       12542
       12543       12544       12545       12546       12547       12548
       12549       12550       12551       12552       12553       12554
       12555       12556       12557       12558       12559       12560
       12561       12562       12563       12564       12565       12566
       12567       12568       12569       12570       12571       12572
       12573       12574       12575       12576       12577       12578
       12579       12580       12581       12582       12583       12584
       12585       12586       12587       12588       12589       12591
       12941       12942       12943       12944       12945       12946
       12947       12948       12949       12950       12951       12952
       12953       12954       12955       12956       12957       12958
       12959       12960       12961       12962       12963       12964
       12965       12966       12967       12968       12969       12970
       12971       12972       12973       12974       12975       12976
       12977       12978       12979       12980       12981       12982
       12983       12984       12985       12986       12987       12988
       12989       12990       12991       12992       12993       12994
       12995       12996       12997       12998       12999       13000
       13001       13002       13003       13004       13005       13006
       13007       13008       13009       13010       13011       13012
       13013       13014       13016       13363       13364       13365
       13366       13367       13368       13369       13370       13371
       13372       13373       13374       13375       13376       13377
       13378       13379       13380       13381       13382       13383
       13384       13385       13386       13387       13388       13389
       13390       13391       13392       13393       13394       13395
       13396       13397       13398       13399       13400       13401
       13402       13403       13404       13405       13406       13407
       13408       13409       13410       13411       13412       13413
       13414       13415       13416       13417       13418       13419
       13420       13421       13422       13423       13424       13425
       13426       13427       13428       13429       13430       13431
       13432       13433       13434       13435       13436       13437
       13438       13439       13441       13785       13786       13787
       13788       13789       13790       13791       13792       13793
       13794       13795       13796       13797       13798       13799
       13800       13801       13802       13803       13804       13805
       13806       13807       13808       13809       13810       13811
       13812       13813       13814       13815       13816       13817
       13818       13819       13820       13821       13822       13823
       13824       13825       13826       13827       13828       13829
       13830       13831       13832       13833       13834       13835
       13836       13837       13838       13839       13840       13841
       13842       13843       13844       13845       13846       13847
       13848       13849       13850       13851       13852       13853
       13854       13855       13856       13857       13858       13859
       13860       13861       13862       13863       13864       13866
       14207       14208       14209       14210       14211       14212
       14213       14214       14215       14216       14217       14218
       14219       14220       14221       14222       14223       14224
       14225       14226       14227       14228       14229       14230
       14231       14232       14233       14234       14235       14236
       14237       14238       14239       14240       14241       14242
       14243       14244       14245       14246       14247       14248
       14249       14250       14251       14252       14253       14254
       14255       14256       14257       14258       14259       14260
       14261       14262       14263       14264       14265       14266
       14267       14268       14269       14270       14271       14272
       14273       14274       14275       14276       14277       14278
       14279       14280       14281       14282       14283       14284
       14285       14286       14287       14288       14289       14291
       14629       14630       14631       14632       14633       14634
       14635       14636       14637       14638       14639       14640
       14641       14642       14643       14644       14645       14646
       14647       14648       14649       14650       14651       14652
       14653       14654       14655       14656       14657       14658
       14659       14660       14661       14662       14663       14664
       14665       14666       14667       14668       14669       14670
       14671       14672       14673       14674       14675       14676
       14677       14678       14679       14680       14681       14682
       14683       14684       14685       14686       14687       14688
       14689       14690       14691       14692       14693       14694
       14695       14696       14697       14698       14699       14700
       14701       14702       14703       14704       14705       14706
       14707       14708       14709       14710       14711       14712
       14713       14714       14716       15051       15052       15053
       15054       15055       15056       15057       15058       15059
       15060       15061       15062       15063       15064       15065
       15066       15067       15068       15069       15070       15071
       15072       15073       15074       15075       15076       15077
       15078       15079       15080       15081       15082       15083
       15084       15085       15086       15087       15088       15089
       15090       15091       15092       15093       15094       15095
       15096       15097       15098       15099       15100       15101
       15102       15103       15104       15105       15106       15107
       15108       15109       15110       15111       15112       15113
       15114       15115       15116       15117       15118       15119
       15120       15121       15122       15123       15124       15125
       15126       15127       15128       15129       15130       15131
       15132       15133       15134       15135       15136       15137
       15138       15139       15141       15473       15474       15475
       15476       15477       15478       15479       15480       15481
       15482       15483       15484       15485       15486       15487
       15488       15489       15490       15491       15492       15493
       15494       15495       15496       15497       15498       15499
       15500       15501       15502       15503       15504       15505
       15506       15507       15508       15509       15510       15511
       15512       15513       15514       15515       15516       15517
       15518       15519       15520       15521       15522       15523
       15524       15525       15526       15527       15528       15529
       15530       15531       15532       15533       15534       15535
       15536       15537       15538       15539       15540       15541
       15542       15543       15544       15545       15546       15547
       15548       15549       15550       15551       15552       15553
       15554       15555       15556       15557       15558       15559
       15560       15561       15562       15563       15564       15566
       15895       15896       15897       15898       15899       15900
       15901       15902       15903       15904       15905       15906
       15907       15908       15909       15910       15911       15912
       15913       15914       15915       15916       15917       15918
       15919       15920       15921       15922       15923       15924
       15925       15926       15927       15928       15929       15930
       15931       15932       15933       15934       15935       15936
       15937       15938       15939       15940       15941       15942
       15943       15944       15945       15946       15947       15948
       15949       15950       15951       15952       15953       15954
       15955       15956       15957       15958       15959       15960
       15961       15962       15963       15964       15965       15966
       15967       15968       15969       15970       15971       15972
       15973       15974       15975       15976       15977       15978
       15979       15980       15981       15982       15983       15984
       15985       15986       15987       15988       15989       16317
       16318       16319       16320       16321       16322       16323
       16324       16325       16326       16327       16328       16329
       16330       16331       16332       16333       16334       16335
       16336       16337       16338       16339       16340       16341
       16342       16343       16344       16345       16346       16347
       16348       16349       16350       16351       16352       16353
       16354       16355       16356       16357       16358       16359
       16360       16361       16362       16363       16364       16365
       16366       16367       16368       16369       16370       16371
       16372       16373       16374       16375       16376       16377
       16378       16379       16380       16381       16382       16383
       16384       16385       16386       16387       16388       16389
       16390       16391       16392       16393       16394       16395
       16396       16397       16398       16399       16400       16401
       16402       16403       16404       16405       16406       16407
       16408       16409       16410       16411       16739       16740
       16741       16742       16743       16744       16745       16746
       16747       16748       16749       16750       16751       16752
       16753       16754       16755       16756       16757       16758
       16759       16760       16761       16762       16763       16764
       16765       16766       16767       16768       16769       16770
       16771       16772       16773       16774       16775       16776
       16777       16778       16779       16780       16781       16782
       16783       16784       16785       16786       16787       16788
       16789       16790       16791       16792       16793       16794
       16795       16796       16797       16798       16799       16800
       16801       16802       16803       16804       16805       16806
       16807       16808       16809       16810       16811       16812
       16813       16814       16815       16816       16817       16818
       16819       16820       16821       16822       16823       16824
       16825       16826       16827       16828       16829       16830
       16831       16832       16833       17161       17162       17163
       17164       17165       17166       17167       17168       17169
       17170       17171       17172       17173       17174       17175
       17176       17177       17178       17179       17180       17181
       17182       17183       17184       17185       17186       17187
       17188       17189       17190       17191       17192       17193
       17194       17195       17196       17197       17198       17199
       17200       17201       17202       17203       17204       17205
       17206       17207       17208       17209       17210       17211
       17212       17213       17214       17215       17216       17217
       17218       17219       17220       17221       17222       17223
       17224       17225       17226       17227       17228       17229
       17230       17231       17232       17233       17234       17235
       17236       17237       17238       17239       17240       17241
       17242       17243       17244       17245       17246       17247
       17248       17249       17250       17251       17252       17253
       17254       17255       17583       17584       17585       17586
       17587       17588       17589       17590       17591       17592
       17593       17594       17595       17596       17597       17598
       17599       17600       17601       17602       17603       17604
       17605       17606       17607       17608       17609       17610
       17611       17612       17613       17614       17615       17616
       17617       17618       17619       17620       17621       17622
       17623       17624       17625       17626       17627       17628
       17629       17630       17631       17632       17633       17634
       17635       17636       17637       17638       17639       17640
       17641       17642       17643       17644       17645       17646
       17647       17648       17649       17650       17651       17652
       17653       17654       17655       17656       17657       17658
       17659       17660       17661       17662       17663       17664
       17665       17666       17667       17668       17669       17670
       17671       17672       17673       17674       17675       17676
       17677       17679       18005       18007       18008       18009
       18010       18011       18012       18013       18014       18015
       18016       18017       18018       18019       18020       18021
       18022       18023       18024       18025       18026       18027
       18028       18029       18030       18031       18032       18033
       18034       18035       18036       18037       18038       18039
       18040       18041       18042       18043       18044       18045
       18046       18047       18048       18049       18050       18051
       18052       18053       18054       18055       18056       18057
       18058       18059       18060       18061       18062       18063
       18064       18065       18066       18067       18068       18069
       18070       18071       18072       18073       18074       18075
       18076       18077       18078       18079       18080       18081
       18082       18083       18084       18085       18086       18087
       18088       18089       18090       18091       18092       18093
       18094       18095       18096       18097       18098       18099
       18100       18101       18102       18429       18432       18433
       18434       18435       18436       18437       18438       18439
       18440       18441       18442       18443       18444       18445
       18446       18447       18448       18449       18450       18451
       18452       18453       18454       18455       18456       18457
       18458       18459       18460       18461       18462       18463
       18464       18465       18466       18467       18468       18469
       18470       18471       18472       18473       18474       18475
       18476       18477       18478       18479       18480       18481
       18482       18483       18484       18485       18486       18487
       18488       18489       18490       18491       18492       18493
       18494       18495       18496       18497       18498       18499
       18500       18501       18502       18503       18504       18505
       18506       18507       18508       18509       18510       18511
       18512       18513       18514       18515       18516       18517
       18518       18519       18520       18521       18522       18523
       18524       18526       18866       18869       18870       18871
       18872       18873       18874       18875       18876       18877
       18878       18879       18880       18881       18882       18883
       18884       18885       18886       18887       18888       18889
       18890       18891       18892       18893       18894       18895
       18896       18897       18898       18899       18900       18901
       18902       18903       18904       18905       18906       18907
       18908       18909       18910       18911       18912       18913
       18914       18915       18916       18917       18918       18919
       18920       18921       18922       18923       18924       18925
       18926       18927       18928       18929       18930       18931
       18932       18933       18934       18935       18936       18937
       18938       18939       18940       18941       18942       18943
       18944       18945       18946       18947       18948       18949
       19330       19333       19334       19335       19336       19337
       19338       19339       19340       19341       19342       19343
       19344       19345       19346       19347       19348       19349
       19350       19351       19352       19353       19354       19355
       19356       19357       19358       19359       19360       19361
       19362       19363       19364       19365       19366       19367
       19368       19369       19370       19371       19764       19767
       19768       19769       19770       19771       19772       19773
       19774       19775       19776       19777       19778       19779
       19780       19781       19782       19783       19784       44748
       44750       44752       44754       44756       44758       44760
       44762       44764       44766       44768       44770       44772
       44774       44776       44778       44780       44782       44784
       44786       44788       44790       44792       44794       44796
       44798       44800       44802       44804       44806       44808
       44810       44812       44814        3657        3659        3662
        3667        4092        4517        4942        5367        5792
        6217        6642        7067        7492        7917        8342
        8767        9192        9617       10042       10467       10892
       11317       11742       12167       12592       13017       13442
       13867       14292       14717       15142       15567       15991
       16413       16835       17257       17680       18006       18104
       18431       18854       18857       18860       18863       18527
       18868       19291       19294       19297       19300       19303
       19306       19309       19312       19315       19318       19321
       19324       19327       18951       19332       19755       19758
       19761       19785       19788       19373       19791       19766
       20189       20192       20195       20198       20201       19786
       20204
