           3
           1
           2
           1          28
         726         727         728         729         730         731         732         733         734         735         736         737         738         739         740         741         742         743         744         745         746         747         748         749         750         751         752
           1
           2
           1          28
           1          29          30          58          87         117         147         177         207         237         267         297         327         357         358         387         416         445         474         502         530         558         586         614         642         670         698
           1
           2
           1          28
        1453        1454        1455        1456        1457        1458        1459        1460        1461        1462        1463        1464        1465        1466        1467        1468        1469        1470        1471        1472        1473        1474        1475        1476        1477        1478        1479
           1
           2
           1          28
           2          88          89         117         176         236         296         356         416         476         536         596         656         657         748         806         864         921         949        1005        1061        1117        1173        1229        1285        1341        1397
           1
           2
           1          55
        1453        1480        1481        1482        1454        1455        1483        1456        1484        1457        1485        1458        1486        1459        1487        1460        1488        1461        1489        1462        1490        1463        1491        1464        1492        1465        1493        1494        1466        1467        1495        1468        1496        1469        1497        1470        1471        1498        1499        1472        1500        1473        1501        1474        1502        1475        1503        1476        1504        1477        1505        1478        1506        1479
           1
           2
           1          55
           2           3          60          88          89         117         148         149         176         177         236         237         296         297         356         357         416         417         476         477         536         537         596         597         656         657         689         747         748         805         806         863         864         893         894         921         949         950        1005        1006        1061        1062        1117        1118        1173        1174        1229        1230        1285        1286        1341        1342        1397        1398
