           1
           1
           0
           1          26
         726         727         728         729         730         731         732         733         734         735         736         737         738         739         740         741         742         743         744         745         746         747         748         749         750
           1
           0
           1          26
          29          58          87         116         145         174         203         232         261         290         319         348         377         406         435         464         493         522         551         580         609         638         667         696         725
           1
           0
           1          26
        1451        1452        1453        1454        1455        1456        1457        1458        1459        1460        1461        1462        1463        1464        1465        1466        1467        1468        1469        1470        1471        1472        1473        1474        1475
           1
           0
           1          26
          57         115         173         231         289         347         405         463         521         579         637         695         753         811         869         927         985        1043        1101        1159        1217        1275        1333        1391        1449
           1
           0
           1          51
        1476        1451        1477        1452        1478        1453        1479        1454        1480        1455        1481        1456        1482        1457        1483        1458        1484        1459        1485        1460        1486        1461        1487        1462        1488        1463        1489        1464        1490        1465        1491        1466        1492        1467        1493        1468        1494        1469        1495        1470        1496        1471        1497        1472        1498        1473        1499        1474        1500        1475
           1
           0
           1          51
          57          58         115         116         173         174         231         232         289         290         347         348         405         406         463         464         521         522         579         580         637         638         695         696         753         754         811         812         869         870         927         928         985         986        1043        1044        1101        1102        1159        1160        1217        1218        1275        1276        1333        1334        1391        1392        1449        1450
