           0
           2
           1           2
           1          26          51
         726         727         728         729         730         731         732         733         734         735         736         737         738         739         740         741         742         743         744         745         746         747         748         749         750         751         752         753         754         755         756         757         758         759         760         761         762         763         764         765         766         767         768         769         770         771         772         773         774         775
           2
           1           2
           1          26          51
           1          30          59          88         117         146         175         204         233         262         291         320         349         378         407         436         465         494         523         552         581         610         639         668         697          29          58          87         116         145         174         203         232         261         290         319         348         377         406         435         464         493         522         551         580         609         638         667         696         725
           2
           1           2
           1          26          51
        1501        1502        1503        1504        1505        1506        1507        1508        1509        1510        1511        1512        1513        1514        1515        1516        1517        1518        1519        1520        1521        1522        1523        1524        1525        1526        1527        1528        1529        1530        1531        1532        1533        1534        1535        1536        1537        1538        1539        1540        1541        1542        1543        1544        1545        1546        1547        1548        1549        1550
           2
           1           2
           1          26          51
          32          92         152         212         272         332         392         452         512         572         632         692         752         812         872         932         992        1052        1112        1172        1232        1292        1352        1412        1472          30          90         150         210         270         330         390         450         510         570         630         690         750         810         870         930         990        1050        1110        1170        1230        1290        1350        1410        1470
           2
           1           2
           1          51         101
        1501        1551        1502        1552        1503        1553        1504        1554        1505        1555        1506        1556        1507        1557        1508        1558        1509        1559        1510        1560        1511        1561        1512        1562        1513        1563        1514        1564        1515        1565        1516        1566        1517        1567        1518        1568        1519        1569        1520        1570        1521        1571        1522        1572        1523        1573        1524        1574        1525        1575        1526        1576        1527        1577        1528        1578        1529        1579        1530        1580        1531        1581        1532        1582        1533        1583        1534        1584        1535        1585        1536        1586        1537        1587        1538        1588        1539        1589        1540        1590        1541        1591        1542        1592        1543        1593        1544        1594        1545        1595        1546        1596        1547        1597        1548        1598        1549        1599        1550        1600
           2
           1           2
           1          51         101
          31          32          91          92         151         152         211         212         271         272         331         332         391         392         451         452         511         512         571         572         631         632         691         692         751         752         811         812         871         872         931         932         991         992        1051        1052        1111        1112        1171        1172        1231        1232        1291        1292        1351        1352        1411        1412        1471        1472          29          30          89          90         149         150         209         210         269         270         329         330         389         390         449         450         509         510         569         570         629         630         689         690         749         750         809         810         869         870         929         930         989         990        1049        1050        1109        1110        1169        1170        1229        1230        1289        1290        1349        1350        1409        1410        1469        1470
