           2
           2
           0           3
           1          26          53
         726         727         728         729         730         731         732         733         734         735         736         737         738         739         740         741         742         743         744         745         746         747         748         749         750         751         752         753         754         755         756         757         758         759         760         761         762         763         764         765         766         767         768         769         770         771         772         773         774         775         776         777
           2
           0           3
           1          26          53
           1          31          60          89         117         145         173         201         229         257         285         313         341         369         398         427         456         486         516         546         576         606         636         666         696          30          59          87          88         116         144         172         200         228         256         284         312         340         368         397         426         455         484         485         515         545         575         605         635         665         695         725
           2
           0           3
           1          26          53
        1503        1504        1505        1506        1507        1508        1509        1510        1511        1512        1513        1514        1515        1516        1517        1518        1519        1520        1521        1522        1523        1524        1525        1526        1527        1528        1529        1530        1531        1532        1533        1534        1535        1536        1537        1538        1539        1540        1541        1542        1543        1544        1545        1546        1547        1548        1549        1550        1551        1552        1553        1554
           2
           0           3
           1          26          53
           1          63         123         182         240         298         356         414         472         530         588         646         704         764         824         884         945        1007        1069        1131        1193        1255        1317        1379        1441          29         121         122         150         209         267         325         383         441         499         557         615         673         763         822         882         942         973         974        1036        1098        1160        1222        1284        1346        1408        1470
           2
           0           3
           1          51         105
        1555        1503        1556        1504        1557        1505        1558        1506        1559        1507        1560        1508        1561        1509        1562        1510        1563        1511        1564        1512        1565        1513        1566        1514        1567        1515        1568        1516        1569        1517        1570        1518        1571        1519        1572        1520        1573        1521        1574        1522        1575        1523        1576        1524        1577        1525        1578        1526        1579        1527        1528        1580        1581        1529        1530        1531        1582        1583        1532        1584        1533        1585        1534        1586        1535        1587        1536        1588        1537        1589        1538        1590        1539        1591        1540        1541        1592        1593        1542        1594        1543        1595        1544        1596        1597        1545        1546        1598        1547        1599        1548        1600        1549        1601        1550        1602        1551        1603        1552        1604        1553        1605        1554        1606
           2
           0           3
           1          51         105
           1           2          63          64         123         124         182         183         240         241         298         299         356         357         414         415         472         473         530         531         588         589         646         647         704         705         764         765         824         825         884         885         945         946        1007        1008        1069        1070        1131        1132        1193        1194        1255        1256        1317        1318        1379        1380        1441        1442          29          59          60          90         121         122         149         150         208         209         266         267         324         325         382         383         440         441         498         499         556         557         614         615         672         673         730         731         763         822         823         882         883         942         943         973         974        1003        1035        1036        1097        1098        1159        1160        1221        1222        1283        1284        1345        1346        1407        1408        1469        1470
