 MPI has been initialized, provided MPI thread support level: MPI_THREAD_MULTIPLE           3
 Running on          864  PEs
 npes_fesom_world, num_fesom_groups         864           1
 processes_per_group         864
 
 FESOM2 git SHA: d055a12c
 [32m____________________________________________________________[0m
 [7;32m --> FESOM BUILDS UP MODEL CONFIGURATION                    [0m
 Namelist files are read in
 time step size is set to    2700.00000000000      sec
 
 [32m____________________________________________________________[0m
 [7;32m --> THIS IS A INITIALISATION RUN !!!                       [0m
     > clock initialized at time: 0.00   1 1958
 
       11680  steps to run for fesom job submission
 rotation matrix for rotated model grids prepared
           0 rpart is read
 myLists are read
 reading /albedo/work/projects/p_recompdaf/frbunsen/FESOM2/meshes/core2/nod2d.out
 reading /albedo/work/projects/p_recompdaf/frbunsen/FESOM2/meshes/core2/elem2d.out
 elements are read
 communication arrays are read
 =========================
 2D mesh was read in    1.60117999339127       seconds
 2D mesh info : nod2D=      126858  elem2D=      244659 checksum= 96ef52281f7e327b221950bcd07cc1d8
 =========================
 Communication arrays are set
 test_tri finished in   1.523021637694910E-005  seconds
 =========================
 reading /albedo/work/projects/p_recompdaf/frbunsen/FESOM2/meshes/core2/edgenum.out
 2D mesh info : edge2D=      371644
 reading /albedo/work/projects/p_recompdaf/frbunsen/FESOM2/meshes/core2/edges.out
 reading /albedo/work/projects/p_recompdaf/frbunsen/FESOM2/meshes/core2/edge_tri.out
 load_edges finished in   0.434905084119237       seconds
 =========================
 find_neighbors finished in   4.661595434299670E-003  seconds
 =========================
 reading /albedo/work/projects/p_recompdaf/frbunsen/FESOM2/meshes/core2/elvls.out
 reading /albedo/work/projects/p_recompdaf/frbunsen/FESOM2/meshes/core2/nlvls.out
 ____________________________________________________________________
  --> 3D mesh was read in   0.183824210063904       seconds
  --> Min/max depth on mype :            0   1180.00000000000        5400.00000000000     
 ____________________________________________________________________
  --> find min/max level e2n in  3.390947604202665E-004  seconds
 ____________________________________________________________________
  --> mesh statistics:           0
           0 maxArea    9293855608.15890         MinArea    2517260066.06088     
           0 maxScArea    17113834049.5471         MinScArea    4643380667.43227     
           0 Edges:          371644  internal       362333
      > Total ocean surface area is           :    364354316635734.       m^2
      > Total ocean surface area wth cavity is:    364354316635734.       m^2
      > mesh_areas finished in   2.506415185052902E-003  seconds
 mesh_auxiliary_arrays finished in   7.884210644988343E-004  seconds
 =========================
 FESOM mesh_setup... complete
 ***start level area_test***
   364354316635734.        364354316635734.     
   364354316635734.        364354316635734.     
   364354316635734.        364354316635734.     
   364354316635734.        364354316635734.     
   357300317315119.        357300317315119.     
   354113237650775.        354113237650775.     
   351817051983039.        351817051983039.     
   350065333681600.        350065333681600.     
   348637576114935.        348637576114935.     
   347389346086852.        347389346086852.     
   346308199729719.        346308199729719.     
   345140644361352.        345140644361352.     
   343747935112280.        343747935112280.     
   342363896845861.        342363896845861.     
   340772744666857.        340772744666857.     
   338775524312136.        338775524312136.     
   336980984452424.        336980984452424.     
   335064352342050.        335064352342050.     
   333090746166042.        333090746166042.     
   330929778381294.        330929778381294.     
   328629163831422.        328629163831422.     
   326592233920372.        326592233920372.     
   324682485855654.        324682485855654.     
   322811207664366.        322811207664366.     
   320902632281560.        320902632281560.     
   318964714574213.        318964714574213.     
   316759412805279.        316759412805279.     
   314415479883026.        314415479883026.     
   311078606168458.        311078606168458.     
   307180109446522.        307180109446522.     
   302361363952099.        302361363952099.     
   297029016477066.        297029016477066.     
   290635153372101.        290635153372101.     
   282779027925473.        282779027925473.     
   270339151690562.        270339151690562.     
   253778375323382.        253778375323382.     
   233908883135421.        233908883135421.     
   209698317850281.        209698317850281.     
   182770853080492.        182770853080492.     
   154768218654313.        154768218654313.     
   123906855474557.        123906855474557.     
   94313998475014.3        94313998475014.2     
   66563213207699.0        66563213207699.0     
   39329830643744.6        39329830643744.6     
   18995266378258.7        18995266378258.7     
   5037468695982.90        5037468695982.90     
  0.000000000000000E+000  0.000000000000000E+000
  0.000000000000000E+000  0.000000000000000E+000
 ***end level area_test***
 ____________________________________________________________
  --> initialise ALE arrays + sparse SSH stiff matrix
 
 ____________________________________________________________
  --> initialise ssh operator using unperturbed ocean depth
      > in stiff_mat_ale, reading /albedo/work/projects/p_recompdaf/frbunsen/FESOM2/meshes/core2/dist_864/rpart.out
      took:   2.081928221014095E-002  sec
 
 Arrays are set
 FCT is initialized
          38  tracers will be used in FESOM
 tracer IDs are:            0           1        1001        1002        1003        1004        1005        1006        1007        1008        1009        1010        1011        1012        1013        1014        1015        1016        1017        1018        1019        1020        1021        1022        1023        1024        1025        1026        1027        1028        1029        1030        1031        1032        1033        1034        1035        1036
 
 [36m     --> RECOM ON[0m
 [36m     --> CISO OFF[0m
 ____________________________________________________________
  --> Check namelist.oce for the number of tracers
 
 ____________________________________________________________
  --> Reading REcoM2 preindustrial DIC for restart
 
 read Iron        climatology from:fe_pisces_opa_eq_init_3D_changed_name.nc
 read Oxygen      climatology from:woa18_all_o00_01_mmol_fesom2.nc
 read Silicate    climatology from:woa13_all_i00_01_fesom2.nc
 read Alkalinity  climatology from:GLODAPv2.2016b.TAlk_fesom2_mmol_fix_z_Fillvalue.nc
 read DIC         climatology from:GLODAPv2.2016b.PI_TCO2_fesom2_mmol_fix_z_Fillvalue.nc
 read Nitrate     climatology from:woa13_all_n00_01_fesom2.nc
 read Salt        climatology from:phc3.0_winter.nc
 read Temperature climatology from:phc3.0_winter.nc
 Start: Initial conditions  for tracers
 reading input tracer file for tracer ID=         1019
 input file: /albedo/work/projects/MarESys/ogurses/input/corrected_input/fe_pisces_opa_eq_init_3D_changed_name.nc
 variable  : Fe
 reading input tracer file for tracer ID=         1022
 input file: /albedo/work/projects/MarESys/ogurses/input/corrected_input/woa18_all_o00_01_mmol_fesom2.nc
 variable  : oxygen_mmol
 reading input tracer file for tracer ID=         1018
 input file: /albedo/work/projects/MarESys/ogurses/input/corrected_input/woa13_all_i00_01_fesom2.nc
 variable  : i_an
 reading input tracer file for tracer ID=         1003
 input file: /albedo/work/projects/MarESys/ogurses/input/corrected_input/GLODAPv2.2016b.TAlk_fesom2_mmol_fix_z_Fillvalue.nc
 variable  : TAlk_mmol
 reading input tracer file for tracer ID=         1002
 input file: /albedo/work/projects/MarESys/ogurses/input/corrected_input/GLODAPv2.2016b.PI_TCO2_fesom2_mmol_fix_z_Fillvalue.nc
 variable  : PI_TCO2_mmol
 reading input tracer file for tracer ID=         1001
 input file: /albedo/work/projects/MarESys/ogurses/input/corrected_input/woa13_all_n00_01_fesom2.nc
 variable  : n_an
 reading input tracer file for tracer ID=            1
 input file: /albedo/work/projects/MarESys/ogurses/input/corrected_input/phc3.0_winter.nc
 variable  : salt
 reading input tracer file for tracer ID=            0
 input file: /albedo/work/projects/MarESys/ogurses/input/corrected_input/phc3.0_winter.nc
 variable  : temp
 converting insitu temperature to potential...
 DONE:  Initial conditions for tracers
   |-> gobal max init. temp. =   30.0510326153043     
   |-> gobal min init. temp. =  -2.06008970141432     
   |-> gobal max init. salt. =   41.1176835670450     
   `-> gobal min init. salt. =   5.62836183480000     
 Sanity check for REcoM variables
   |-> gobal max init. DIN. =   53.0303514775767     
   |-> gobal min init. DIN. =  7.812823240199695E-003
   |-> gobal max init. DIC. =   2467.73270205940     
   |-> gobal min init. DIC. =   1082.94938277298     
   |-> gobal max init. Alk. =   2715.00723192219     
   |-> gobal min init. Alk. =   1102.52251499341     
   |-> gobal max init. DSi. =   245.254346844946     
   |-> gobal min init. DSi. =  0.340649448051430     
   |-> gobal max init. DFe. =  4.239583905802221E-002
   `-> gobal min init. DFe. = -6.398613047393471E-012
 [46;1m--> Set surface field for alkalinity restoring[0m
 Alkalinity restoring = true. Field read in.
 initializing    6th tracer with ID=1004
 initializing    7th tracer with ID=1005
 initializing    8th tracer with ID=1006
 initializing    9th tracer with ID=1007
 initializing   10th tracer with ID=1008
 initializing   11th tracer with ID=1009
 initializing   12th tracer with ID=1010
 initializing   13th tracer with ID=1011
 initializing   14th tracer with ID=1012
 initializing   15th tracer with ID=1013
 initializing   16th tracer with ID=1014
 initializing   17th tracer with ID=1015
 initializing   18th tracer with ID=1016
 initializing   19th tracer with ID=1017
 initializing   22th tracer with ID=1020
 initializing   23th tracer with ID=1021
 initializing   25th tracer with ID=1023
 initializing   26th tracer with ID=1024
 initializing   27th tracer with ID=1025
 initializing   28th tracer with ID=1026
 initializing   29th tracer with ID=1027
 initializing   30th tracer with ID=1028
 initializing   31th tracer with ID=1029
 initializing   32th tracer with ID=1030
 initializing   33th tracer with ID=1031
 initializing   34th tracer with ID=1032
 initializing   35th tracer with ID=1033
 initializing   36th tracer with ID=1034
 initializing   37th tracer with ID=1035
 initializing   38th tracer with ID=1036
 ____________________________________________________________
  --> call init_thickness_ale
 
 ____________________________________________________________
  --> initialise ALE layerthicknesses, depth levels and middepth levels
 
 Initial state
 Benthic layers are set
 Tracers have been initialized as spinup from WOA/glodap netcdf files
 RECOM recom_init... complete
 FESOM ocean_setup... complete
 ****************************************************
 forcing arrays have been set up
      file   : namelist_bc.nml open ok
 Start: Ocean forcing inizialization.
 Start: Ocean forcing inizialization.
 Surface boundary conditions parameters:
       nm_xwind_file = /albedo/work/projects/MarESys/FROM-OLLIE/forcing_JRA55-do-v1.4.0_clim61/uas.clim61 ! name of file with X winds
       nm_xwind_var  = uas ! name of variable in file with wind 
       nm_ywind_file = /albedo/work/projects/MarESys/FROM-OLLIE/forcing_JRA55-do-v1.4.0_clim61/vas.clim61 ! name of file with Y winds
       nm_ywind_var  = vas ! name of variable in file with wind 
       nm_humi_file = /albedo/work/projects/MarESys/FROM-OLLIE/forcing_JRA55-do-v1.4.0_clim61/huss.clim61 ! name of file with humidity
       nm_humi_var   = huss ! name of variable in file with humidity  
       nm_qsr_file = /albedo/work/projects/MarESys/FROM-OLLIE/forcing_JRA55-do-v1.4.0_clim61/rsds.clim61 ! name of file with solar heat 
       nm_qsr_var  = rsds ! name of variable in file with solar heat 
       nm_qlw_file   = /albedo/work/projects/MarESys/FROM-OLLIE/forcing_JRA55-do-v1.4.0_clim61/rlds.clim61 ! name of file with Long wave 
       nm_qlw_var    = rlds ! name of variable in file with Long wave 
       nm_tair_file  = /albedo/work/projects/MarESys/FROM-OLLIE/forcing_JRA55-do-v1.4.0_clim61/tas.clim61 ! name of file with 2m air temperature 
       nm_tair_var   = tas ! name of variable in file with 2m air temperature 
       nm_prec_file  = /albedo/work/projects/MarESys/FROM-OLLIE/forcing_JRA55-do-v1.4.0_clim61/prra.clim61 ! name of file with total precipitation 
       nm_prec_var   = prra ! name of variable in file with total precipitation  
       nm_snow_file  = /albedo/work/projects/MarESys/FROM-OLLIE/forcing_JRA55-do-v1.4.0_clim61/prsn.clim61 ! name of file with snow precipitation 
       nm_snow_var   = prsn !name of variable in file with air_pressure_at_sea_level 
       nm_mslp_file  = /albedo/work/projects/MarESys/FROM-OLLIE/forcing_JRA55-do-v1.4.0_clim61/psl.clim61 !air_pressure_at_sea_level 
       nm_mslp_var   = psl !name of variable in file with air_pressure_at_sea_level 
 total fluxes to read:            9
  --> found calendar attr. in time axis: |365_days|
  --> found calendar attr. in time axis: |365_days|
  --> found calendar attr. in time axis: |365_days|
  --> found calendar attr. in time axis: |365_days|
  --> found calendar attr. in time axis: |365_days|
  --> found calendar attr. in time axis: |365_days|
  --> found calendar attr. in time axis: |365_days|
  --> found calendar attr. in time axis: |365_days|
  --> found calendar attr. in time axis: |365_days|
 WARNING: no temporal extrapolation back in time (nearest neighbour is used): uas !
 /albedo/work/projects/MarESys/FROM-OLLIE/forcing_JRA55-do-v1.4.0_clim61/uas.clim61.nc
  6.250000000000000E-002   364.906250000000       0.000000000000000E+000
 WARNING: no temporal extrapolation back in time (nearest neighbour is used): vas !
 /albedo/work/projects/MarESys/FROM-OLLIE/forcing_JRA55-do-v1.4.0_clim61/vas.clim61.nc
  6.250000000000000E-002   364.906250000000       0.000000000000000E+000
 WARNING: no temporal extrapolation back in time (nearest neighbour is used): huss !
 /albedo/work/projects/MarESys/FROM-OLLIE/forcing_JRA55-do-v1.4.0_clim61/huss.clim61.nc
  6.250000000000000E-002   364.906250000000       0.000000000000000E+000
 WARNING: no temporal extrapolation back in time (nearest neighbour is used): rsds !
 /albedo/work/projects/MarESys/FROM-OLLIE/forcing_JRA55-do-v1.4.0_clim61/rsds.clim61.nc
  6.250000000000000E-002   364.906250000000       0.000000000000000E+000
 WARNING: no temporal extrapolation back in time (nearest neighbour is used): rlds !
 /albedo/work/projects/MarESys/FROM-OLLIE/forcing_JRA55-do-v1.4.0_clim61/rlds.clim61.nc
  6.250000000000000E-002   364.906250000000       0.000000000000000E+000
 WARNING: no temporal extrapolation back in time (nearest neighbour is used): tas !
 /albedo/work/projects/MarESys/FROM-OLLIE/forcing_JRA55-do-v1.4.0_clim61/tas.clim61.nc
  6.250000000000000E-002   364.906250000000       0.000000000000000E+000
 WARNING: no temporal extrapolation back in time (nearest neighbour is used): prra !
 /albedo/work/projects/MarESys/FROM-OLLIE/forcing_JRA55-do-v1.4.0_clim61/prra.clim61.nc
  6.250000000000000E-002   364.906250000000       0.000000000000000E+000
 WARNING: no temporal extrapolation back in time (nearest neighbour is used): prsn !
 /albedo/work/projects/MarESys/FROM-OLLIE/forcing_JRA55-do-v1.4.0_clim61/prsn.clim61.nc
  6.250000000000000E-002   364.906250000000       0.000000000000000E+000
 WARNING: no temporal extrapolation back in time (nearest neighbour is used): psl !
 /albedo/work/projects/MarESys/FROM-OLLIE/forcing_JRA55-do-v1.4.0_clim61/psl.clim61.nc
  6.250000000000000E-002   364.906250000000       0.000000000000000E+000
 DONE:  Ocean forcing inizialization.
 Parts of forcing data (only constant in time fields) are read
 Ice FCT is initialized
 initialize the sea ice
 Ice is initialized
 EVP scheme option=           0
 ==========================================
 MODEL SETUP took on mype=0 [seconds]      
 runtime setup total         5.658956    
  > runtime setup mesh       2.305776    
  > runtime setup ocean      2.143410    
  > runtime setup forcing   0.9430880    
  > runtime setup ice       1.3067183E-04
  > runtime setup restart   1.0217044E-03
  > runtime setup other     0.2655290    
 ============================================
 FESOM start iteration before the barrier...
 FESOM start iteration after the barrier...
 
 [32m____________________________________________________________[0m
 [7;32m --> FESOM STARTS TIME LOOP                                 [0m
 Updating SSS restoring data for month            1
           1
 Updating Iron restoring data for month            1  from/albedo/work/projects/MarESys/ogurses/input/mesh_CORE2_finaltopo_mean/DustClimMonthlyAlbani.nc                                                                                                                                                                                                              
 In atm_input: AtmCO2    =    278.000000000000     
 [46;1m     --> call RECOM         [0m
 [46;1m --> call compute_recom_diagnostics(1)[0m
 Using namelist.io.recom
      file   : namelist.io.recom open ok
 io_listsize will be changed from          150  to          123 !
 adding I/O stream 2D for sst
 adding I/O stream 2D for sss
 adding I/O stream 2D for ssh
 adding I/O stream 2D for vve_5
 adding I/O stream 2D for uice
 adding I/O stream 2D for vice
 adding I/O stream 2D for a_ice
 adding I/O stream 2D for m_ice
 adding I/O stream 2D for thdgr
 adding I/O stream 2D for thdgrsn
 adding I/O stream 2D for m_snow
 adding I/O stream 2D for MLD1
 adding I/O stream 2D for MLD2
 adding I/O stream 2D for fh
 adding I/O stream 2D for fw
 adding I/O stream 2D for alpha
 adding I/O stream 2D for beta
 adding I/O stream 2D for runoff
 adding I/O stream 2D for evap
 adding I/O stream 2D for prec
 adding I/O stream 2D for tx_sur
 adding I/O stream 2D for ty_sur
 adding I/O stream 2D for fer_C
 adding I/O stream 3D for temp
 adding I/O stream 3D for salt
 adding I/O stream 3D for DIN
 adding I/O stream 3D for DIC
 adding I/O stream 3D for Alk
 adding I/O stream 3D for PhyN
 adding I/O stream 3D for PhyC
 adding I/O stream 3D for PhyChl
 adding I/O stream 3D for DetN
 adding I/O stream 3D for DetC
 adding I/O stream 3D for HetN
 adding I/O stream 3D for HetC
 adding I/O stream 3D for DON
 adding I/O stream 3D for DOC
 adding I/O stream 3D for DiaN
 adding I/O stream 3D for DiaC
 adding I/O stream 3D for DiaChl
 adding I/O stream 3D for DiaSi
 adding I/O stream 3D for DetSi
 adding I/O stream 3D for DSi
 adding I/O stream 3D for DFe
 adding I/O stream 3D for PhyCalc
 adding I/O stream 3D for DetCalc
 adding I/O stream 3D for O2
 adding I/O stream 3D for Zoo2N
 adding I/O stream 3D for Zoo2C
 adding I/O stream 3D for idetz2n
 adding I/O stream 3D for idetz2c
 adding I/O stream 3D for idetz2si
 adding I/O stream 3D for idetz2calc
 adding I/O stream 3D for CoccoN
 adding I/O stream 3D for CoccoC
 adding I/O stream 3D for CoccoChl
 adding I/O stream 3D for PhaeoN
 adding I/O stream 3D for PhaeoC
 adding I/O stream 3D for PhaeoChl
 adding I/O stream 3D for Zoo3N
 adding I/O stream 3D for Zoo3C
 adding I/O stream 3D for N2
 adding I/O stream 3D for Kv
 adding I/O stream 3D for u
 adding I/O stream 3D for v
 adding I/O stream 3D for w
 adding I/O stream 3D for Av
 adding I/O stream 3D for bolus_u
 adding I/O stream 3D for bolus_v
 adding I/O stream 3D for bolus_w
 adding I/O stream 2D for dpCO2s
 adding I/O stream 2D for pCO2s
 adding I/O stream 2D for CO2f
 adding I/O stream 2D for Hp
 adding I/O stream 2D for aFe
 adding I/O stream 2D for aN
 adding I/O stream 2D for denb
 adding I/O stream 2D for benN
 adding I/O stream 2D for benC
 adding I/O stream 2D for benSi
 adding I/O stream 2D for benCalc
 adding I/O stream 2D for ChlDegd
 adding I/O stream 2D for ChlDegn
 adding I/O stream 2D for NNAd
 adding I/O stream 2D for NNAn
 adding I/O stream 2D for GPPd
 adding I/O stream 2D for GPPn
 adding I/O stream 2D for NPPd
 adding I/O stream 2D for NPPn
 adding I/O stream 2D for NPPc
 adding I/O stream 2D for GPPc
 adding I/O stream 2D for NNAc
 adding I/O stream 2D for ChlDegc
 adding I/O stream 3D for PAR
 adding I/O stream 3D for CO2
 adding I/O stream 3D for pH
 adding I/O stream 3D for pCO2
 adding I/O stream 3D for HCO3
 adding I/O stream 3D for CO3
 adding I/O stream 3D for OmegaC
 adding I/O stream 3D for kspc
 adding I/O stream 3D for rhoSW
 adding I/O stream 3D for wsink_det1
 adding I/O stream 3D for wsink_det2
 adding I/O stream 3D for rho_det1
 adding I/O stream 3D for rho_det2
 adding I/O stream 3D for scaling_rho_1
 adding I/O stream 3D for scaling_rho_2
 adding I/O stream 3D for scaling_visc
 adding I/O stream 2D for grazmeso_tot
 adding I/O stream 2D for grazmeso_n
 adding I/O stream 2D for grazmeso_d
 adding I/O stream 2D for grazmeso_c
 adding I/O stream 3D for respmeso
 adding I/O stream 3D for respmacro
 adding I/O stream 3D for respmicro
 adding I/O stream 3D for calcdiss
 adding I/O stream 3D for calcif
 adding I/O stream 3D for aggn
 adding I/O stream 3D for aggd
 adding I/O stream 3D for aggc
 adding I/O stream 3D for docexn
 adding I/O stream 3D for docexd
 adding I/O stream 3D for docexc
 adding I/O stream 3D for respn
 adding I/O stream 3D for respd
 adding I/O stream 3D for respc
 adding I/O stream 2D for NPPp
 adding I/O stream 2D for GPPp
 adding I/O stream 2D for NNAp
 adding I/O stream 2D for ChlDegp
 adding I/O stream 2D for grazmeso_p
 adding I/O stream 3D for aggp
 adding I/O stream 3D for respp
 adding I/O stream 3D for docexp
 adding I/O stream 3D for TTemp_diatoms
 adding I/O stream 3D for TTemp_phyto
 adding I/O stream 3D for TTemp_cocco
 adding I/O stream 3D for TTemp_phaeo
 adding I/O stream 3D for TPhyCO2
 adding I/O stream 3D for TDiaCO2
 adding I/O stream 3D for TCoccoCO2
 adding I/O stream 3D for TPhaeoCO2
 adding I/O stream 3D for TqLF_phyto
 adding I/O stream 3D for TqLF_diatoms
 adding I/O stream 3D for TqLF_cocco
 adding I/O stream 3D for TqLF_phaeo
 adding I/O stream 3D for TCphotLL_phyto
 adding I/O stream 3D for TCphotLL_dia
 adding I/O stream 3D for TCphotLL_cocco
 adding I/O stream 3D for TCphotLL_phaeo
 adding I/O stream 3D for TCphot_phyto
 adding I/O stream 3D for TCphot_diatoms
 adding I/O stream 3D for TCphot_cocco
 adding I/O stream 3D for TCphot_phaeo
 adding I/O stream 3D for TSi_assimDia
 adding I/O stream 3D for Redi_K
 adding I/O stream 2D for momix_length
[33m --> WARNING CFLz>1.75:[0mCFLz_max=1.75,mstep=    38,glon/glat= -40.03/ 64.84,nz/nzmin= 11  1
[33m --> WARNING CFLz>1.75:[0mCFLz_max=1.79,mstep=    39,glon/glat= -40.03/ 64.84,nz/nzmin= 11  1
[33m --> WARNING CFLz>1.75:[0mCFLz_max=1.83,mstep=    40,glon/glat= -40.03/ 64.84,nz/nzmin= 11  1
[33m --> WARNING CFLz>1.75:[0mCFLz_max=1.88,mstep=    41,glon/glat= -40.03/ 64.84,nz/nzmin= 11  1
[33m --> WARNING CFLz>1.75:[0mCFLz_max=1.92,mstep=    42,glon/glat= -40.03/ 64.84,nz/nzmin= 11  1
[33m --> WARNING CFLz>1.75:[0mCFLz_max=1.95,mstep=    43,glon/glat= -40.03/ 64.84,nz/nzmin= 11  1
[33m --> WARNING CFLz>1.75:[0mCFLz_max=1.97,mstep=    44,glon/glat= -40.03/ 64.84,nz/nzmin= 11  1
[33m --> WARNING CFLz>1.75:[0mCFLz_max=1.99,mstep=    45,glon/glat= -40.03/ 64.84,nz/nzmin= 11  1
[33m --> WARNING CFLz>1.75:[0mCFLz_max=1.98,mstep=    46,glon/glat= -40.03/ 64.84,nz/nzmin= 11  1
[33m --> WARNING CFLz>1.75:[0mCFLz_max=1.97,mstep=    47,glon/glat= -40.03/ 64.84,nz/nzmin= 11  1
[33m --> WARNING CFLz>1.75:[0mCFLz_max=1.94,mstep=    48,glon/glat= -40.03/ 64.84,nz/nzmin= 11  1
[33m --> WARNING CFLz>1.75:[0mCFLz_max=1.90,mstep=    49,glon/glat= -40.03/ 64.84,nz/nzmin= 11  1
[33m --> WARNING CFLz>1.75:[0mCFLz_max=1.86,mstep=    50,glon/glat= -40.03/ 64.84,nz/nzmin= 11  1
[33m --> WARNING CFLz>1.75:[0mCFLz_max=1.82,mstep=    51,glon/glat= -40.03/ 64.84,nz/nzmin= 11  1
[33m --> WARNING CFLz>1.75:[0mCFLz_max=1.78,mstep=    52,glon/glat= -40.03/ 64.84,nz/nzmin= 11  1
[33m --> WARNING CFLz>1.75:[0mCFLz_max=1.78,mstep=   175,glon/glat= 163.06/ 57.71,nz/nzmin=  7  1
[33m --> WARNING CFLz>1.75:[0mCFLz_max=1.87,mstep=   176,glon/glat= 163.06/ 57.71,nz/nzmin=  7  1
[33m --> WARNING CFLz>1.75:[0mCFLz_max=1.95,mstep=   177,glon/glat= 163.06/ 57.71,nz/nzmin=  7  1
[33m --> WARNING CFLz>1.75:[0mCFLz_max=2.02,mstep=   178,glon/glat= 163.06/ 57.71,nz/nzmin=  7  1
[33m --> WARNING CFLz>1.75:[0mCFLz_max=2.10,mstep=   179,glon/glat= 163.06/ 57.71,nz/nzmin=  7  1
[33m --> WARNING CFLz>1.75:[0mCFLz_max=2.16,mstep=   180,glon/glat= 163.06/ 57.71,nz/nzmin=  7  1
[33m --> WARNING CFLz>1.75:[0mCFLz_max=2.20,mstep=   181,glon/glat= 163.06/ 57.71,nz/nzmin=  7  1
[33m --> WARNING CFLz>1.75:[0mCFLz_max=2.23,mstep=   182,glon/glat= 163.06/ 57.71,nz/nzmin=  7  1
[33m --> WARNING CFLz>1.75:[0mCFLz_max=2.23,mstep=   183,glon/glat= 163.06/ 57.71,nz/nzmin=  7  1
[33m --> WARNING CFLz>1.75:[0mCFLz_max=2.21,mstep=   184,glon/glat= 163.06/ 57.71,nz/nzmin=  7  1
[33m --> WARNING CFLz>1.75:[0mCFLz_max=2.15,mstep=   185,glon/glat= 163.06/ 57.71,nz/nzmin=  7  1
[33m --> WARNING CFLz>1.75:[0mCFLz_max=2.12,mstep=   186,glon/glat= 163.06/ 57.71,nz/nzmin=  7  1
[33m --> WARNING CFLz>1.75:[0mCFLz_max=2.06,mstep=   187,glon/glat= 163.06/ 57.71,nz/nzmin=  7  1
[33m --> WARNING CFLz>1.75:[0mCFLz_max=1.99,mstep=   188,glon/glat= 163.06/ 57.71,nz/nzmin=  7  1
[33m --> WARNING CFLz>1.75:[0mCFLz_max=1.93,mstep=   189,glon/glat= 163.06/ 57.71,nz/nzmin=  7  1
[33m --> WARNING CFLz>1.75:[0mCFLz_max=1.86,mstep=   190,glon/glat= 163.06/ 57.71,nz/nzmin=  7  1
[33m --> WARNING CFLz>1.75:[0mCFLz_max=1.79,mstep=   191,glon/glat= 163.06/ 57.71,nz/nzmin=  7  1
[33m --> WARNING CFLz>1.75:[0mCFLz_max=1.88,mstep=   587,glon/glat=-163.03/ 54.15,nz/nzmin= 13  1
[33m --> WARNING CFLz>1.75:[0mCFLz_max=2.04,mstep=   588,glon/glat=-163.03/ 54.15,nz/nzmin= 13  1
[33m --> WARNING CFLz>1.75:[0mCFLz_max=2.15,mstep=   589,glon/glat=-163.03/ 54.15,nz/nzmin= 13  1
[33m --> WARNING CFLz>1.75:[0mCFLz_max=2.21,mstep=   590,glon/glat=-163.03/ 54.15,nz/nzmin= 13  1
[33m --> WARNING CFLz>1.75:[0mCFLz_max=2.24,mstep=   591,glon/glat=-163.03/ 54.15,nz/nzmin= 13  1
[33m --> WARNING CFLz>1.75:[0mCFLz_max=2.23,mstep=   592,glon/glat=-163.03/ 54.15,nz/nzmin= 13  1
[33m --> WARNING CFLz>1.75:[0mCFLz_max=2.20,mstep=   593,glon/glat=-163.03/ 54.15,nz/nzmin= 13  1
[33m --> WARNING CFLz>1.75:[0mCFLz_max=2.13,mstep=   594,glon/glat=-163.03/ 54.15,nz/nzmin= 13  1
[33m --> WARNING CFLz>1.75:[0mCFLz_max=2.05,mstep=   595,glon/glat=-163.03/ 54.15,nz/nzmin= 13  1
[33m --> WARNING CFLz>1.75:[0mCFLz_max=1.94,mstep=   596,glon/glat=-163.03/ 54.15,nz/nzmin= 13  1
[33m --> WARNING CFLz>1.75:[0mCFLz_max=1.83,mstep=   597,glon/glat=-163.03/ 54.15,nz/nzmin= 13  1
[33m --> WARNING CFLz>1.75:[0mCFLz_max=1.78,mstep=   723,glon/glat= -40.03/ 64.84,nz/nzmin= 11  1
[33m --> WARNING CFLz>1.75:[0mCFLz_max=1.82,mstep=   724,glon/glat= -40.03/ 64.84,nz/nzmin= 11  1
[33m --> WARNING CFLz>1.75:[0mCFLz_max=1.85,mstep=   725,glon/glat= -40.03/ 64.84,nz/nzmin= 11  1
[33m --> WARNING CFLz>1.75:[0mCFLz_max=1.88,mstep=   726,glon/glat= -40.03/ 64.84,nz/nzmin= 11  1
[33m --> WARNING CFLz>1.75:[0mCFLz_max=1.91,mstep=   727,glon/glat= -40.03/ 64.84,nz/nzmin= 11  1
[33m --> WARNING CFLz>1.75:[0mCFLz_max=1.93,mstep=   728,glon/glat= -40.03/ 64.84,nz/nzmin= 11  1
[33m --> WARNING CFLz>1.75:[0mCFLz_max=1.96,mstep=   729,glon/glat= -40.03/ 64.84,nz/nzmin= 11  1
[33m --> WARNING CFLz>1.75:[0mCFLz_max=1.98,mstep=   730,glon/glat= -40.03/ 64.84,nz/nzmin= 11  1
[33m --> WARNING CFLz>1.75:[0mCFLz_max=2.01,mstep=   731,glon/glat= -40.03/ 64.84,nz/nzmin= 11  1
[33m --> WARNING CFLz>1.75:[0mCFLz_max=2.02,mstep=   732,glon/glat= -40.03/ 64.84,nz/nzmin= 11  1
[33m --> WARNING CFLz>1.75:[0mCFLz_max=2.04,mstep=   733,glon/glat= -40.03/ 64.84,nz/nzmin= 11  1
[33m --> WARNING CFLz>1.75:[0mCFLz_max=2.05,mstep=   734,glon/glat= -40.03/ 64.84,nz/nzmin= 11  1
[33m --> WARNING CFLz>1.75:[0mCFLz_max=2.05,mstep=   735,glon/glat= -40.03/ 64.84,nz/nzmin= 11  1
[33m --> WARNING CFLz>1.75:[0mCFLz_max=2.04,mstep=   736,glon/glat= -40.03/ 64.84,nz/nzmin= 11  1
[33m --> WARNING CFLz>1.75:[0mCFLz_max=2.03,mstep=   737,glon/glat= -40.03/ 64.84,nz/nzmin= 11  1
[33m --> WARNING CFLz>1.75:[0mCFLz_max=2.02,mstep=   738,glon/glat= -40.03/ 64.84,nz/nzmin= 11  1
[33m --> WARNING CFLz>1.75:[0mCFLz_max=2.00,mstep=   739,glon/glat= -40.03/ 64.84,nz/nzmin= 11  1
[33m --> WARNING CFLz>1.75:[0mCFLz_max=1.99,mstep=   740,glon/glat= -40.03/ 64.84,nz/nzmin= 11  1
[33m --> WARNING CFLz>1.75:[0mCFLz_max=1.97,mstep=   741,glon/glat= -40.03/ 64.84,nz/nzmin= 11  1
[33m --> WARNING CFLz>1.75:[0mCFLz_max=1.95,mstep=   742,glon/glat= -40.03/ 64.84,nz/nzmin= 11  1
[33m --> WARNING CFLz>1.75:[0mCFLz_max=1.92,mstep=   743,glon/glat= -40.03/ 64.84,nz/nzmin= 11  1
[33m --> WARNING CFLz>1.75:[0mCFLz_max=1.90,mstep=   744,glon/glat= -40.03/ 64.84,nz/nzmin= 11  1
[33m --> WARNING CFLz>1.75:[0mCFLz_max=1.87,mstep=   745,glon/glat= -40.03/ 64.84,nz/nzmin= 11  1
[33m --> WARNING CFLz>1.75:[0mCFLz_max=1.85,mstep=   746,glon/glat= -40.03/ 64.84,nz/nzmin= 11  1
[33m --> WARNING CFLz>1.75:[0mCFLz_max=1.83,mstep=   747,glon/glat= -40.03/ 64.84,nz/nzmin= 11  1
[33m --> WARNING CFLz>1.75:[0mCFLz_max=1.80,mstep=   748,glon/glat= -40.03/ 64.84,nz/nzmin= 11  1
[33m --> WARNING CFLz>1.75:[0mCFLz_max=1.78,mstep=   749,glon/glat= -40.03/ 64.84,nz/nzmin= 11  1
[33m --> WARNING CFLz>1.75:[0mCFLz_max=1.76,mstep=   750,glon/glat= -40.03/ 64.84,nz/nzmin= 11  1
[33m --> WARNING CFLz>1.75:[0mCFLz_max=1.77,mstep=   945,glon/glat=-144.97/ 58.84,nz/nzmin= 11  1
 FESOM =======================================================
 FESOM step:         960  day:          30  year:        1958
 
 ___ICE STEP EXECUTION TIMES____________________________
	Ice Dyn.        : 3.333E-03
	Ice Advect.     : 5.037E-04
	Ice Thermodyn.  : 4.448E-05
    _______________________________
	Ice TOTAL       : 3.881E-03
 
[33m --> WARNING CFLz>1.75:[0mCFLz_max=1.78,mstep=   960,glon/glat=-144.97/ 58.84,nz/nzmin= 11  1
 ___CHECK GLOBAL OCEAN VARIABLES --> mstep=         960
 	___global estimat of eta & hbar____________________
 	 int(eta), int(hbar)      =  2.144204046252760E-017  2.144204046252760E-017
 	  --> error(eta-hbar)     =  0.000000000000000E+000
 	 min(eta) , max(eta)      =  -1.76603207839789       0.917290166973538     
 	 max(hbar), max(hbar)     =  -1.76603207839789       0.917290166973538     
 
 	 int(deta), int(dhbar)    = -9.927193909658287E-013 -3.245621359074002E-019
 	  --> error(deta-dhbar)   = -9.927190664036928E-013
 	  --> error(deta-wflux)   = -9.927193909626337E-013
 	  --> error(dhbar-wflux)  = -3.245589407943876E-019
 
 	 -int(wflux)*dt           =  8.626805133942443E-021
 	 int(deta )-int(wflux)*dt = -9.927193995926338E-013
 	 int(dhbar)-int(wflux)*dt = -3.331889410413426E-019
 
 	___global min/max/mean  --> mstep=         960 ____________
 	       eta= -1.766E+00 |  9.173E-01 | N.A.
 	      deta= -4.620E-02 |  3.623E-02 | N.A.
 	      hbar= -1.766E+00 |  9.173E-01 | N.A.
 	     wflux= -5.765E-06 |  1.982E-06 | -3.195E-24
 	     hflux= -3.027E+02 |  2.108E+03 |  0.000E+00
 	      temp= -2.005E+00 |  3.032E+01 |  0.000E+00
 	      salt=  5.215E+00 |  4.108E+01 |  0.000E+00
 	 wvel(1,:)= -6.783E-18 |  1.052E-17 | N.A.
 	 wvel(2,:)= -1.866E-04 |  1.512E-04 | N.A.
 	 uvel(1,:)= -1.067E+00 |  9.891E-01 | N.A.
 	 uvel(2,:)= -1.023E+00 |  9.895E-01 | N.A.
 	 vvel(1,:)= -1.235E+00 |  1.114E+00 | N.A.
 	 vvel(2,:)= -1.234E+00 |  1.130E+00 | N.A.
 	hnode(1,:)=  4.580E+00 |  5.216E+00 | N.A.
 	hnode(2,:)=  4.580E+00 |  5.216E+00 | N.A.
 	     cfl_z=  N.A.      |  1.783E+00 | N.A.
 	     pgf_x=  N.A.      |  6.019E-05 | N.A.
 	     pgf_y=  N.A.      |  6.295E-05 | N.A.
 	        Av=  N.A.      |  2.052E+00 | N.A.
 	        Kv=  N.A.      |  5.203E+00 | N.A.
 	     m_ice=  N.A.      |  3.373E+00 | N.A.
 
 ___ALE OCEAN STEP EXECUTION TIMES______________________
     Oce. Mix,Press.. : 3.560E-03
     Oce. Dynamics    : 1.770E-03
     Oce. Update Vel. : 1.172E-04
     Oce. Fer-GM.     : 6.098E-04
     _______________________________
     ALE-Solve SSH    : 5.905E-03
     ALE-Calc. hbar   : 1.170E-04
     ALE-Update+W     : 4.790E-04
     ALE-Solve Tracer : 2.077E-01
     ALE-Update hnode : 9.931E-05
     _______________________________
     check for blowup : 1.050E-02
     _______________________________
     Oce. TOTAL       : 2.309E-01
 
 
[33m --> WARNING CFLz>1.75:[0mCFLz_max=1.79,mstep=   975,glon/glat=-144.97/ 58.84,nz/nzmin= 11  1
[33m --> WARNING CFLz>1.75:[0mCFLz_max=1.75,mstep=   979,glon/glat=-144.97/ 58.84,nz/nzmin= 11  1
[33m --> WARNING CFLz>1.75:[0mCFLz_max=1.79,mstep=   990,glon/glat=-144.97/ 58.84,nz/nzmin= 11  1
 Updating SSS restoring data for month            2
 Updating Iron restoring data for month            2  from/albedo/work/projects/MarESys/ogurses/input/mesh_CORE2_finaltopo_mean/DustClimMonthlyAlbani.nc                                                                                                                                                                                                              
 associating mean I/O file /albedo/work/user/simuel001/blanchard_4p3z2d_20240731/sss.fesom.1958.nc
 associating mean I/O file /albedo/work/user/simuel001/blanchard_4p3z2d_20240731/m_snow.fesom.1958.nc
 associating mean I/O file /albedo/work/user/simuel001/blanchard_4p3z2d_20240731/sst.fesom.1958.nc
 associating mean I/O file /albedo/work/user/simuel001/blanchard_4p3z2d_20240731/vice.fesom.1958.nc
 I/O vice WARNING: the existing output file will be overwritten;            3  records in the file;
 vice: current mean I/O counter =            1
 writing mean record for vice; rec. count =            1
 associating mean I/O file /albedo/work/user/simuel001/blanchard_4p3z2d_20240731/vve_5.fesom.1958.nc
 associating mean I/O file /albedo/work/user/simuel001/blanchard_4p3z2d_20240731/ssh.fesom.1958.nc
 associating mean I/O file /albedo/work/user/simuel001/blanchard_4p3z2d_20240731/thdgr.fesom.1958.nc
 associating mean I/O file /albedo/work/user/simuel001/blanchard_4p3z2d_20240731/alpha.fesom.1958.nc
 associating mean I/O file /albedo/work/user/simuel001/blanchard_4p3z2d_20240731/uice.fesom.1958.nc
 associating mean I/O file /albedo/work/user/simuel001/blanchard_4p3z2d_20240731/prec.fesom.1958.nc
 associating mean I/O file /albedo/work/user/simuel001/blanchard_4p3z2d_20240731/thdgrsn.fesom.1958.nc
 associating mean I/O file /albedo/work/user/simuel001/blanchard_4p3z2d_20240731/fw.fesom.1958.nc
 I/O fw WARNING: the existing output file will be overwritten;            3  records in the file;
 fw: current mean I/O counter =            1
 writing mean record for fw; rec. count =            1
 associating mean I/O file /albedo/work/user/simuel001/blanchard_4p3z2d_20240731/runoff.fesom.1958.nc
 I/O sss WARNING: the existing output file will be overwritten;            3  records in the file;
 sss: current mean I/O counter =            1
 writing mean record for sss; rec. count =            1
 I/O thdgr WARNING: the existing output file will be overwritten;            3  records in the file;
 thdgr: current mean I/O counter =            1
 writing mean record for thdgr; rec. count =            1
 I/O m_snow WARNING: the existing output file will be overwritten;            3  records in the file;
 m_snow: current mean I/O counter =            1
 writing mean record for m_snow; rec. count =            1
 I/O runoff WARNING: the existing output file will be overwritten;            3  records in the file;
 runoff: current mean I/O counter =            1
 writing mean record for runoff; rec. count =            1
 I/O prec WARNING: the existing output file will be overwritten;            3  records in the file;
 prec: current mean I/O counter =            1
 writing mean record for prec; rec. count =            1
 associating mean I/O file /albedo/work/user/simuel001/blanchard_4p3z2d_20240731/m_ice.fesom.1958.nc
 I/O m_ice WARNING: the existing output file will be overwritten;            3  records in the file;
 m_ice: current mean I/O counter =            1
 writing mean record for m_ice; rec. count =            1
 associating mean I/O file /albedo/work/user/simuel001/blanchard_4p3z2d_20240731/beta.fesom.1958.nc
 I/O beta WARNING: the existing output file will be overwritten;            3  records in the file;
 beta: current mean I/O counter =            1
 writing mean record for beta; rec. count =            1
 associating mean I/O file /albedo/work/user/simuel001/blanchard_4p3z2d_20240731/DetCalc.fesom.1958.nc
 associating mean I/O file /albedo/work/user/simuel001/blanchard_4p3z2d_20240731/evap.fesom.1958.nc
 associating mean I/O file /albedo/work/user/simuel001/blanchard_4p3z2d_20240731/CoccoC.fesom.1958.nc
 associating mean I/O file /albedo/work/user/simuel001/blanchard_4p3z2d_20240731/CO2f.fesom.1958.nc
 associating mean I/O file /albedo/work/user/simuel001/blanchard_4p3z2d_20240731/HetC.fesom.1958.nc
 I/O HetC WARNING: the existing output file will be overwritten;            3  records in the file;
 HetC: current mean I/O counter =            1
 writing mean record for HetC; rec. count =            1
 associating mean I/O file /albedo/work/user/simuel001/blanchard_4p3z2d_20240731/respc.fesom.1958.nc
 I/O sst WARNING: the existing output file will be overwritten;            3  records in the file;
 sst: current mean I/O counter =            1
 writing mean record for sst; rec. count =            1
 I/O thdgrsn WARNING: the existing output file will be overwritten;            3  records in the file;
 thdgrsn: current mean I/O counter =            1
 writing mean record for thdgrsn; rec. count =            1
 I/O evap WARNING: the existing output file will be overwritten;            3  records in the file;
 evap: current mean I/O counter =            1
 writing mean record for evap; rec. count =            1
 I/O DetCalc WARNING: the existing output file will be overwritten;            3  records in the file;
 DetCalc: current mean I/O counter =            1
 writing mean record for DetCalc; rec. count =            1
 I/O CoccoC WARNING: the existing output file will be overwritten;            3  records in the file;
 CoccoC: current mean I/O counter =            1
 writing mean record for CoccoC; rec. count =            1
 I/O CO2f WARNING: the existing output file will be overwritten;            3  records in the file;
 CO2f: current mean I/O counter =            1
 writing mean record for CO2f; rec. count =            1
 I/O respc WARNING: the existing output file will be overwritten;            3  records in the file;
 respc: current mean I/O counter =            1
 writing mean record for respc; rec. count =            1
 associating mean I/O file /albedo/work/user/simuel001/blanchard_4p3z2d_20240731/O2.fesom.1958.nc
 I/O O2 WARNING: the existing output file will be overwritten;            3  records in the file;
 O2: current mean I/O counter =            1
 writing mean record for O2; rec. count =            1
 associating mean I/O file /albedo/work/user/simuel001/blanchard_4p3z2d_20240731/MLD1.fesom.1958.nc
 associating mean I/O file /albedo/work/user/simuel001/blanchard_4p3z2d_20240731/tx_sur.fesom.1958.nc
 I/O ssh WARNING: the existing output file will be overwritten;            3  records in the file;
 ssh: current mean I/O counter =            1
 writing mean record for ssh; rec. count =            1
 I/O tx_sur WARNING: the existing output file will be overwritten;            3  records in the file;
 tx_sur: current mean I/O counter =            1
 writing mean record for tx_sur; rec. count =            1
 I/O MLD1 WARNING: the existing output file will be overwritten;            3  records in the file;
 MLD1: current mean I/O counter =            1
 writing mean record for MLD1; rec. count =            1
 associating mean I/O file /albedo/work/user/simuel001/blanchard_4p3z2d_20240731/DiaC.fesom.1958.nc
 I/O DiaC WARNING: the existing output file will be overwritten;            3  records in the file;
 DiaC: current mean I/O counter =            1
 writing mean record for DiaC; rec. count =            1
 associating mean I/O file /albedo/work/user/simuel001/blanchard_4p3z2d_20240731/PhyC.fesom.1958.nc
 I/O PhyC WARNING: the existing output file will be overwritten;            3  records in the file;
 PhyC: current mean I/O counter =            1
 writing mean record for PhyC; rec. count =            1
 associating mean I/O file /albedo/work/user/simuel001/blanchard_4p3z2d_20240731/CoccoN.fesom.1958.nc
 I/O CoccoN WARNING: the existing output file will be overwritten;            3  records in the file;
 CoccoN: current mean I/O counter =            1
 writing mean record for CoccoN; rec. count =            1
 associating mean I/O file /albedo/work/user/simuel001/blanchard_4p3z2d_20240731/ty_sur.fesom.1958.nc
 associating mean I/O file /albedo/work/user/simuel001/blanchard_4p3z2d_20240731/a_ice.fesom.1958.nc
 associating mean I/O file /albedo/work/user/simuel001/blanchard_4p3z2d_20240731/fh.fesom.1958.nc
 associating mean I/O file /albedo/work/user/simuel001/blanchard_4p3z2d_20240731/MLD2.fesom.1958.nc
 I/O alpha WARNING: the existing output file will be overwritten;            3  records in the file;
 alpha: current mean I/O counter =            1
 writing mean record for alpha; rec. count =            1
 associating mean I/O file /albedo/work/user/simuel001/blanchard_4p3z2d_20240731/fer_C.fesom.1958.nc
 I/O vve_5 WARNING: the existing output file will be overwritten;            3  records in the file;
 vve_5: current mean I/O counter =            1
 writing mean record for vve_5; rec. count =            1
 I/O a_ice WARNING: the existing output file will be overwritten;            3  records in the file;
 a_ice: current mean I/O counter =            1
 writing mean record for a_ice; rec. count =            1
 I/O uice WARNING: the existing output file will be overwritten;            3  records in the file;
 uice: current mean I/O counter =            1
 writing mean record for uice; rec. count =            1
 I/O MLD2 WARNING: the existing output file will be overwritten;            3  records in the file;
 MLD2: current mean I/O counter =            1
 writing mean record for MLD2; rec. count =            1
 I/O fh WARNING: the existing output file will be overwritten;            3  records in the file;
 fh: current mean I/O counter =            1
 writing mean record for fh; rec. count =            1
 I/O ty_sur WARNING: the existing output file will be overwritten;            3  records in the file;
 ty_sur: current mean I/O counter =            1
 writing mean record for ty_sur; rec. count =            1
 I/O fer_C WARNING: the existing output file will be overwritten;            3  records in the file;
 fer_C: current mean I/O counter =            1
 writing mean record for fer_C; rec. count =            1
 associating mean I/O file /albedo/work/user/simuel001/blanchard_4p3z2d_20240731/PhyCalc.fesom.1958.nc
 associating mean I/O file /albedo/work/user/simuel001/blanchard_4p3z2d_20240731/DON.fesom.1958.nc
 I/O PhyCalc WARNING: the existing output file will be overwritten;            3  records in the file;
 PhyCalc: current mean I/O counter =            1
 writing mean record for PhyCalc; rec. count =            1
 associating mean I/O file /albedo/work/user/simuel001/blanchard_4p3z2d_20240731/GPPc.fesom.1958.nc
 associating mean I/O file /albedo/work/user/simuel001/blanchard_4p3z2d_20240731/OmegaC.fesom.1958.nc
 associating mean I/O file /albedo/work/user/simuel001/blanchard_4p3z2d_20240731/denb.fesom.1958.nc
 I/O denb WARNING: the existing output file will be overwritten;            3  records in the file;
 denb: current mean I/O counter =            1
 writing mean record for denb; rec. count =            1
 associating mean I/O file /albedo/work/user/simuel001/blanchard_4p3z2d_20240731/grazmeso_c.fesom.1958.nc
 I/O grazmeso_c WARNING: the existing output file will be overwritten;            3  records in the file;
 grazmeso_c: current mean I/O counter =            1
 writing mean record for grazmeso_c; rec. count =            1
 associating mean I/O file /albedo/work/user/simuel001/blanchard_4p3z2d_20240731/DiaSi.fesom.1958.nc
 I/O DON WARNING: the existing output file will be overwritten;            3  records in the file;
 DON: current mean I/O counter =            1
 writing mean record for DON; rec. count =            1
 I/O DiaSi WARNING: the existing output file will be overwritten;            3  records in the file;
 DiaSi: current mean I/O counter =            1
 writing mean record for DiaSi; rec. count =            1
 associating mean I/O file /albedo/work/user/simuel001/blanchard_4p3z2d_20240731/DetC.fesom.1958.nc
 I/O DetC WARNING: the existing output file will be overwritten;            3  records in the file;
 DetC: current mean I/O counter =            1
 writing mean record for DetC; rec. count =            1
 I/O GPPc WARNING: the existing output file will be overwritten;            3  records in the file;
 GPPc: current mean I/O counter =            1
 writing mean record for GPPc; rec. count =            1
 I/O OmegaC WARNING: the existing output file will be overwritten;            3  records in the file;
 OmegaC: current mean I/O counter =            1
 writing mean record for OmegaC; rec. count =            1
 associating mean I/O file /albedo/work/user/simuel001/blanchard_4p3z2d_20240731/pCO2s.fesom.1958.nc
 I/O pCO2s WARNING: the existing output file will be overwritten;            3  records in the file;
 pCO2s: current mean I/O counter =            1
 writing mean record for pCO2s; rec. count =            1
 associating mean I/O file /albedo/work/user/simuel001/blanchard_4p3z2d_20240731/momix_length.fesom.1958.nc
 associating mean I/O file /albedo/work/user/simuel001/blanchard_4p3z2d_20240731/DiaChl.fesom.1958.nc
 I/O DiaChl WARNING: the existing output file will be overwritten;            3  records in the file;
 DiaChl: current mean I/O counter =            1
 writing mean record for DiaChl; rec. count =            1
 associating mean I/O file /albedo/work/user/simuel001/blanchard_4p3z2d_20240731/aN.fesom.1958.nc
 I/O aN WARNING: the existing output file will be overwritten;            3  records in the file;
 aN: current mean I/O counter =            1
 writing mean record for aN; rec. count =            1
 associating mean I/O file /albedo/work/user/simuel001/blanchard_4p3z2d_20240731/wsink_det1.fesom.1958.nc
 I/O wsink_det1 WARNING: the existing output file will be overwritten;            3  records in the file;
 wsink_det1: current mean I/O counter =            1
 writing mean record for wsink_det1; rec. count =            1
 I/O momix_length WARNING: the existing output file will be overwritten;            3  records in the file;
 momix_length: current mean I/O counter =            1
 writing mean record for momix_length; rec. count =            1
 associating mean I/O file /albedo/work/user/simuel001/blanchard_4p3z2d_20240731/HetN.fesom.1958.nc
 associating mean I/O file /albedo/work/user/simuel001/blanchard_4p3z2d_20240731/DFe.fesom.1958.nc
 I/O DFe WARNING: the existing output file will be overwritten;            3  records in the file;
 DFe: current mean I/O counter =            1
 writing mean record for DFe; rec. count =            1
 I/O HetN WARNING: the existing output file will be overwritten;            3  records in the file;
 HetN: current mean I/O counter =            1
 writing mean record for HetN; rec. count =            1
 associating mean I/O file /albedo/work/user/simuel001/blanchard_4p3z2d_20240731/Alk.fesom.1958.nc
 I/O Alk WARNING: the existing output file will be overwritten;            3  records in the file;
 Alk: current mean I/O counter =            1
 writing mean record for Alk; rec. count =            1
 associating mean I/O file /albedo/work/user/simuel001/blanchard_4p3z2d_20240731/PhyN.fesom.1958.nc
 I/O PhyN WARNING: the existing output file will be overwritten;            3  records in the file;
 PhyN: current mean I/O counter =            1
 writing mean record for PhyN; rec. count =            1
 associating mean I/O file /albedo/work/user/simuel001/blanchard_4p3z2d_20240731/scaling_rho_2.fesom.1958.nc
 associating mean I/O file /albedo/work/user/simuel001/blanchard_4p3z2d_20240731/temp.fesom.1958.nc
 I/O temp WARNING: the existing output file will be overwritten;            3  records in the file;
 temp: current mean I/O counter =            1
 writing mean record for temp; rec. count =            1
 associating mean I/O file /albedo/work/user/simuel001/blanchard_4p3z2d_20240731/PhyChl.fesom.1958.nc
 I/O PhyChl WARNING: the existing output file will be overwritten;            3  records in the file;
 PhyChl: current mean I/O counter =            1
 writing mean record for PhyChl; rec. count =            1
 associating mean I/O file /albedo/work/user/simuel001/blanchard_4p3z2d_20240731/DIN.fesom.1958.nc
 I/O DIN WARNING: the existing output file will be overwritten;            3  records in the file;
 DIN: current mean I/O counter =            1
 writing mean record for DIN; rec. count =            1
 associating mean I/O file /albedo/work/user/simuel001/blanchard_4p3z2d_20240731/salt.fesom.1958.nc
 I/O salt WARNING: the existing output file will be overwritten;            3  records in the file;
 salt: current mean I/O counter =            1
 writing mean record for salt; rec. count =            1
 associating mean I/O file /albedo/work/user/simuel001/blanchard_4p3z2d_20240731/Zoo3C.fesom.1958.nc
 I/O Zoo3C WARNING: the existing output file will be overwritten;            3  records in the file;
 Zoo3C: current mean I/O counter =            1
 writing mean record for Zoo3C; rec. count =            1
 associating mean I/O file /albedo/work/user/simuel001/blanchard_4p3z2d_20240731/DIC.fesom.1958.nc
 I/O DIC WARNING: the existing output file will be overwritten;            3  records in the file;
 DIC: current mean I/O counter =            1
 writing mean record for DIC; rec. count =            1
 I/O scaling_rho_2 WARNING: the existing output file will be overwritten;            3  records in the file;
 scaling_rho_2: current mean I/O counter =            1
 writing mean record for scaling_rho_2; rec. count =            1
 associating mean I/O file /albedo/work/user/simuel001/blanchard_4p3z2d_20240731/pH.fesom.1958.nc
 I/O pH WARNING: the existing output file will be overwritten;            3  records in the file;
 pH: current mean I/O counter =            1
 writing mean record for pH; rec. count =            1
 associating mean I/O file /albedo/work/user/simuel001/blanchard_4p3z2d_20240731/DetN.fesom.1958.nc
 I/O DetN WARNING: the existing output file will be overwritten;            3  records in the file;
 DetN: current mean I/O counter =            1
 writing mean record for DetN; rec. count =            1
 associating mean I/O file /albedo/work/user/simuel001/blanchard_4p3z2d_20240731/CO3.fesom.1958.nc
 I/O CO3 WARNING: the existing output file will be overwritten;            3  records in the file;
 CO3: current mean I/O counter =            1
 writing mean record for CO3; rec. count =            1
 associating mean I/O file /albedo/work/user/simuel001/blanchard_4p3z2d_20240731/PhaeoChl.fesom.1958.nc
 I/O PhaeoChl WARNING: the existing output file will be overwritten;            3  records in the file;
 PhaeoChl: current mean I/O counter =            1
 writing mean record for PhaeoChl; rec. count =            1
 associating mean I/O file /albedo/work/user/simuel001/blanchard_4p3z2d_20240731/idetz2n.fesom.1958.nc
 I/O idetz2n WARNING: the existing output file will be overwritten;            3  records in the file;
 idetz2n: current mean I/O counter =            1
 writing mean record for idetz2n; rec. count =            1
 associating mean I/O file /albedo/work/user/simuel001/blanchard_4p3z2d_20240731/aggc.fesom.1958.nc
 I/O aggc WARNING: the existing output file will be overwritten;            3  records in the file;
 aggc: current mean I/O counter =            1
 writing mean record for aggc; rec. count =            1
 associating mean I/O file /albedo/work/user/simuel001/blanchard_4p3z2d_20240731/Zoo2C.fesom.1958.nc
 associating mean I/O file /albedo/work/user/simuel001/blanchard_4p3z2d_20240731/PhaeoC.fesom.1958.nc
 I/O Zoo2C WARNING: the existing output file will be overwritten;            3  records in the file;
 Zoo2C: current mean I/O counter =            1
 writing mean record for Zoo2C; rec. count =            1
 associating mean I/O file /albedo/work/user/simuel001/blanchard_4p3z2d_20240731/NPPc.fesom.1958.nc
 I/O NPPc WARNING: the existing output file will be overwritten;            3  records in the file;
 NPPc: current mean I/O counter =            1
 writing mean record for NPPc; rec. count =            1
 associating mean I/O file /albedo/work/user/simuel001/blanchard_4p3z2d_20240731/Zoo2N.fesom.1958.nc
 I/O Zoo2N WARNING: the existing output file will be overwritten;            3  records in the file;
 Zoo2N: current mean I/O counter =            1
 writing mean record for Zoo2N; rec. count =            1
 I/O PhaeoC WARNING: the existing output file will be overwritten;            3  records in the file;
 PhaeoC: current mean I/O counter =            1
 writing mean record for PhaeoC; rec. count =            1
 associating mean I/O file /albedo/work/user/simuel001/blanchard_4p3z2d_20240731/benCalc.fesom.1958.nc
 I/O benCalc WARNING: the existing output file will be overwritten;            3  records in the file;
 benCalc: current mean I/O counter =            1
 writing mean record for benCalc; rec. count =            1
 associating mean I/O file /albedo/work/user/simuel001/blanchard_4p3z2d_20240731/docexp.fesom.1958.nc
 I/O docexp WARNING: the existing output file will be overwritten;            3  records in the file;
 docexp: current mean I/O counter =            1
 writing mean record for docexp; rec. count =            1
 associating mean I/O file /albedo/work/user/simuel001/blanchard_4p3z2d_20240731/TCphot_diatoms.fesom.1958.nc
 associating mean I/O file /albedo/work/user/simuel001/blanchard_4p3z2d_20240731/calcdiss.fesom.1958.nc
 I/O calcdiss WARNING: the existing output file will be overwritten;            3  records in the file;
 calcdiss: current mean I/O counter =            1
 writing mean record for calcdiss; rec. count =            1
 I/O TCphot_diatoms WARNING: the existing output file will be overwritten;            3  records in the file;
 TCphot_diatoms: current mean I/O counter =            1
 writing mean record for TCphot_diatoms; rec. count =            1
 associating mean I/O file /albedo/work/user/simuel001/blanchard_4p3z2d_20240731/GPPd.fesom.1958.nc
 I/O GPPd WARNING: the existing output file will be overwritten;            3  records in the file;
 GPPd: current mean I/O counter =            1
 writing mean record for GPPd; rec. count =            1
 associating mean I/O file /albedo/work/user/simuel001/blanchard_4p3z2d_20240731/ChlDegp.fesom.1958.nc
 I/O ChlDegp WARNING: the existing output file will be overwritten;            3  records in the file;
 ChlDegp: current mean I/O counter =            1
 writing mean record for ChlDegp; rec. count =            1
 associating mean I/O file /albedo/work/user/simuel001/blanchard_4p3z2d_20240731/TCphotLL_dia.fesom.1958.nc
 I/O TCphotLL_dia WARNING: the existing output file will be overwritten;            3  records in the file;
 TCphotLL_dia: current mean I/O counter =            1
 writing mean record for TCphotLL_dia; rec. count =            1
 associating mean I/O file /albedo/work/user/simuel001/blanchard_4p3z2d_20240731/docexn.fesom.1958.nc
 I/O docexn WARNING: the existing output file will be overwritten;            3  records in the file;
 docexn: current mean I/O counter =            1
 writing mean record for docexn; rec. count =            1
 associating mean I/O file /albedo/work/user/simuel001/blanchard_4p3z2d_20240731/DetSi.fesom.1958.nc
 I/O DetSi WARNING: the existing output file will be overwritten;            3  records in the file;
 DetSi: current mean I/O counter =            1
 writing mean record for DetSi; rec. count =            1
 associating mean I/O file /albedo/work/user/simuel001/blanchard_4p3z2d_20240731/DiaN.fesom.1958.nc
 I/O DiaN WARNING: the existing output file will be overwritten;            3  records in the file;
 DiaN: current mean I/O counter =            1
 writing mean record for DiaN; rec. count =            1
 associating mean I/O file /albedo/work/user/simuel001/blanchard_4p3z2d_20240731/idetz2calc.fesom.1958.nc
 I/O idetz2calc WARNING: the existing output file will be overwritten;            3  records in the file;
 idetz2calc: current mean I/O counter =            1
 writing mean record for idetz2calc; rec. count =            1
 associating mean I/O file /albedo/work/user/simuel001/blanchard_4p3z2d_20240731/Zoo3N.fesom.1958.nc
 I/O Zoo3N WARNING: the existing output file will be overwritten;            3  records in the file;
 Zoo3N: current mean I/O counter =            1
 writing mean record for Zoo3N; rec. count =            1
 associating mean I/O file /albedo/work/user/simuel001/blanchard_4p3z2d_20240731/respmeso.fesom.1958.nc
 I/O respmeso WARNING: the existing output file will be overwritten;            3  records in the file;
 respmeso: current mean I/O counter =            1
 writing mean record for respmeso; rec. count =            1
 associating mean I/O file /albedo/work/user/simuel001/blanchard_4p3z2d_20240731/DOC.fesom.1958.nc
 I/O DOC WARNING: the existing output file will be overwritten;            3  records in the file;
 DOC: current mean I/O counter =            1
 writing mean record for DOC; rec. count =            1
 associating mean I/O file /albedo/work/user/simuel001/blanchard_4p3z2d_20240731/CO2.fesom.1958.nc
 I/O CO2 WARNING: the existing output file will be overwritten;            3  records in the file;
 CO2: current mean I/O counter =            1
 writing mean record for CO2; rec. count =            1
 associating mean I/O file /albedo/work/user/simuel001/blanchard_4p3z2d_20240731/wsink_det2.fesom.1958.nc
 I/O wsink_det2 WARNING: the existing output file will be overwritten;            3  records in the file;
 wsink_det2: current mean I/O counter =            1
 writing mean record for wsink_det2; rec. count =            1
 associating mean I/O file /albedo/work/user/simuel001/blanchard_4p3z2d_20240731/idetz2si.fesom.1958.nc
 I/O idetz2si WARNING: the existing output file will be overwritten;            3  records in the file;
 idetz2si: current mean I/O counter =            1
 writing mean record for idetz2si; rec. count =            1
 associating mean I/O file /albedo/work/user/simuel001/blanchard_4p3z2d_20240731/rho_det2.fesom.1958.nc
 I/O rho_det2 WARNING: the existing output file will be overwritten;            3  records in the file;
 rho_det2: current mean I/O counter =            1
 writing mean record for rho_det2; rec. count =            1
 associating mean I/O file /albedo/work/user/simuel001/blanchard_4p3z2d_20240731/NNAn.fesom.1958.nc
 I/O NNAn WARNING: the existing output file will be overwritten;            3  records in the file;
 NNAn: current mean I/O counter =            1
 writing mean record for NNAn; rec. count =            1
 associating mean I/O file /albedo/work/user/simuel001/blanchard_4p3z2d_20240731/PAR.fesom.1958.nc
 I/O PAR WARNING: the existing output file will be overwritten;            3  records in the file;
 PAR: current mean I/O counter =            1
 writing mean record for PAR; rec. count =            1
 associating mean I/O file /albedo/work/user/simuel001/blanchard_4p3z2d_20240731/DSi.fesom.1958.nc
 I/O DSi WARNING: the existing output file will be overwritten;            3  records in the file;
 DSi: current mean I/O counter =            1
 writing mean record for DSi; rec. count =            1
 associating mean I/O file /albedo/work/user/simuel001/blanchard_4p3z2d_20240731/grazmeso_d.fesom.1958.nc
 I/O grazmeso_d WARNING: the existing output file will be overwritten;            3  records in the file;
 grazmeso_d: current mean I/O counter =            1
 writing mean record for grazmeso_d; rec. count =            1
 associating mean I/O file /albedo/work/user/simuel001/blanchard_4p3z2d_20240731/respd.fesom.1958.nc
 I/O respd WARNING: the existing output file will be overwritten;            3  records in the file;
 respd: current mean I/O counter =            1
 writing mean record for respd; rec. count =            1
 associating mean I/O file /albedo/work/user/simuel001/blanchard_4p3z2d_20240731/TTemp_phaeo.fesom.1958.nc
 I/O TTemp_phaeo WARNING: the existing output file will be overwritten;            3  records in the file;
 TTemp_phaeo: current mean I/O counter =            1
 writing mean record for TTemp_phaeo; rec. count =            1
 associating mean I/O file /albedo/work/user/simuel001/blanchard_4p3z2d_20240731/docexc.fesom.1958.nc
 I/O docexc WARNING: the existing output file will be overwritten;            3  records in the file;
 docexc: current mean I/O counter =            1
 writing mean record for docexc; rec. count =            1
 associating mean I/O file /albedo/work/user/simuel001/blanchard_4p3z2d_20240731/NNAd.fesom.1958.nc
 I/O NNAd WARNING: the existing output file will be overwritten;            3  records in the file;
 NNAd: current mean I/O counter =            1
 writing mean record for NNAd; rec. count =            1
 associating mean I/O file /albedo/work/user/simuel001/blanchard_4p3z2d_20240731/aggd.fesom.1958.nc
 I/O aggd WARNING: the existing output file will be overwritten;            3  records in the file;
 aggd: current mean I/O counter =            1
 writing mean record for aggd; rec. count =            1
 associating mean I/O file /albedo/work/user/simuel001/blanchard_4p3z2d_20240731/PhaeoN.fesom.1958.nc
 I/O PhaeoN WARNING: the existing output file will be overwritten;            3  records in the file;
 PhaeoN: current mean I/O counter =            1
 writing mean record for PhaeoN; rec. count =            1
 associating mean I/O file /albedo/work/user/simuel001/blanchard_4p3z2d_20240731/TPhyCO2.fesom.1958.nc
 I/O TPhyCO2 WARNING: the existing output file will be overwritten;            3  records in the file;
 TPhyCO2: current mean I/O counter =            1
 writing mean record for TPhyCO2; rec. count =            1
 associating mean I/O file /albedo/work/user/simuel001/blanchard_4p3z2d_20240731/TTemp_cocco.fesom.1958.nc
 I/O TTemp_cocco WARNING: the existing output file will be overwritten;            3  records in the file;
 TTemp_cocco: current mean I/O counter =            1
 writing mean record for TTemp_cocco; rec. count =            1
 associating mean I/O file /albedo/work/user/simuel001/blanchard_4p3z2d_20240731/TqLF_phaeo.fesom.1958.nc
 I/O TqLF_phaeo WARNING: the existing output file will be overwritten;            3  records in the file;
 TqLF_phaeo: current mean I/O counter =            1
 writing mean record for TqLF_phaeo; rec. count =            1
 associating mean I/O file /albedo/work/user/simuel001/blanchard_4p3z2d_20240731/TSi_assimDia.fesom.1958.nc
 I/O TSi_assimDia WARNING: the existing output file will be overwritten;            3  records in the file;
 TSi_assimDia: current mean I/O counter =            1
 writing mean record for TSi_assimDia; rec. count =            1
 associating mean I/O file /albedo/work/user/simuel001/blanchard_4p3z2d_20240731/NPPn.fesom.1958.nc
 associating mean I/O file /albedo/work/user/simuel001/blanchard_4p3z2d_20240731/TqLF_phyto.fesom.1958.nc
 I/O TqLF_phyto WARNING: the existing output file will be overwritten;            3  records in the file;
 TqLF_phyto: current mean I/O counter =            1
 writing mean record for TqLF_phyto; rec. count =            1
 I/O NPPn WARNING: the existing output file will be overwritten;            3  records in the file;
 NPPn: current mean I/O counter =            1
 writing mean record for NPPn; rec. count =            1
 associating mean I/O file /albedo/work/user/simuel001/blanchard_4p3z2d_20240731/dpCO2s.fesom.1958.nc
 I/O dpCO2s WARNING: the existing output file will be overwritten;            3  records in the file;
 dpCO2s: current mean I/O counter =            1
 writing mean record for dpCO2s; rec. count =            1
 associating mean I/O file /albedo/work/user/simuel001/blanchard_4p3z2d_20240731/benSi.fesom.1958.nc
 I/O benSi WARNING: the existing output file will be overwritten;            3  records in the file;
 benSi: current mean I/O counter =            1
 writing mean record for benSi; rec. count =            1
 associating mean I/O file /albedo/work/user/simuel001/blanchard_4p3z2d_20240731/HCO3.fesom.1958.nc
 I/O HCO3 WARNING: the existing output file will be overwritten;            3  records in the file;
 HCO3: current mean I/O counter =            1
 writing mean record for HCO3; rec. count =            1
 associating mean I/O file /albedo/work/user/simuel001/blanchard_4p3z2d_20240731/NNAp.fesom.1958.nc
 I/O NNAp WARNING: the existing output file will be overwritten;            3  records in the file;
 NNAp: current mean I/O counter =            1
 writing mean record for NNAp; rec. count =            1
 associating mean I/O file /albedo/work/user/simuel001/blanchard_4p3z2d_20240731/respn.fesom.1958.nc
 I/O respn WARNING: the existing output file will be overwritten;            3  records in the file;
 respn: current mean I/O counter =            1
 writing mean record for respn; rec. count =            1
 associating mean I/O file /albedo/work/user/simuel001/blanchard_4p3z2d_20240731/TCphotLL_phyto.fesom.1958.nc
 I/O TCphotLL_phyto WARNING: the existing output file will be overwritten;            3  records in the file;
 TCphotLL_phyto: current mean I/O counter =            1
 writing mean record for TCphotLL_phyto; rec. count =            1
 associating mean I/O file /albedo/work/user/simuel001/blanchard_4p3z2d_20240731/grazmeso_tot.fesom.1958.nc
 associating mean I/O file /albedo/work/user/simuel001/blanchard_4p3z2d_20240731/ChlDegn.fesom.1958.nc
 associating mean I/O file /albedo/work/user/simuel001/blanchard_4p3z2d_20240731/CoccoChl.fesom.1958.nc
 I/O CoccoChl WARNING: the existing output file will be overwritten;            3  records in the file;
 CoccoChl: current mean I/O counter =            1
 writing mean record for CoccoChl; rec. count =            1
 associating mean I/O file /albedo/work/user/simuel001/blanchard_4p3z2d_20240731/Hp.fesom.1958.nc
 I/O Hp WARNING: the existing output file will be overwritten;            3  records in the file;
 Hp: current mean I/O counter =            1
 writing mean record for Hp; rec. count =            1
 I/O ChlDegn WARNING: the existing output file will be overwritten;            3  records in the file;
 ChlDegn: current mean I/O counter =            1
 writing mean record for ChlDegn; rec. count =            1
 associating mean I/O file /albedo/work/user/simuel001/blanchard_4p3z2d_20240731/kspc.fesom.1958.nc
 I/O kspc WARNING: the existing output file will be overwritten;            3  records in the file;
 kspc: current mean I/O counter =            1
 writing mean record for kspc; rec. count =            1
 I/O grazmeso_tot WARNING: the existing output file will be overwritten;            3  records in the file;
 grazmeso_tot: current mean I/O counter =            1
 writing mean record for grazmeso_tot; rec. count =            1
 associating mean I/O file /albedo/work/user/simuel001/blanchard_4p3z2d_20240731/aggn.fesom.1958.nc
 I/O aggn WARNING: the existing output file will be overwritten;            3  records in the file;
 aggn: current mean I/O counter =            1
 writing mean record for aggn; rec. count =            1
 associating mean I/O file /albedo/work/user/simuel001/blanchard_4p3z2d_20240731/pCO2.fesom.1958.nc
 I/O pCO2 WARNING: the existing output file will be overwritten;            3  records in the file;
 pCO2: current mean I/O counter =            1
 writing mean record for pCO2; rec. count =            1
 associating mean I/O file /albedo/work/user/simuel001/blanchard_4p3z2d_20240731/benC.fesom.1958.nc
 I/O benC WARNING: the existing output file will be overwritten;            3  records in the file;
 benC: current mean I/O counter =            1
 writing mean record for benC; rec. count =            1
 associating mean I/O file /albedo/work/user/simuel001/blanchard_4p3z2d_20240731/NPPd.fesom.1958.nc
 I/O NPPd WARNING: the existing output file will be overwritten;            3  records in the file;
 NPPd: current mean I/O counter =            1
 writing mean record for NPPd; rec. count =            1
 associating mean I/O file /albedo/work/user/simuel001/blanchard_4p3z2d_20240731/scaling_visc.fesom.1958.nc
 I/O scaling_visc WARNING: the existing output file will be overwritten;            3  records in the file;
 scaling_visc: current mean I/O counter =            1
 writing mean record for scaling_visc; rec. count =            1
 associating mean I/O file /albedo/work/user/simuel001/blanchard_4p3z2d_20240731/ChlDegd.fesom.1958.nc
 I/O ChlDegd WARNING: the existing output file will be overwritten;            3  records in the file;
 ChlDegd: current mean I/O counter =            1
 writing mean record for ChlDegd; rec. count =            1
 associating mean I/O file /albedo/work/user/simuel001/blanchard_4p3z2d_20240731/aFe.fesom.1958.nc
 I/O aFe WARNING: the existing output file will be overwritten;            3  records in the file;
 aFe: current mean I/O counter =            1
 writing mean record for aFe; rec. count =            1
 associating mean I/O file /albedo/work/user/simuel001/blanchard_4p3z2d_20240731/ChlDegc.fesom.1958.nc
 I/O ChlDegc WARNING: the existing output file will be overwritten;            3  records in the file;
 ChlDegc: current mean I/O counter =            1
 writing mean record for ChlDegc; rec. count =            1
 associating mean I/O file /albedo/work/user/simuel001/blanchard_4p3z2d_20240731/idetz2c.fesom.1958.nc
 I/O idetz2c WARNING: the existing output file will be overwritten;            3  records in the file;
 idetz2c: current mean I/O counter =            1
 writing mean record for idetz2c; rec. count =            1
 associating mean I/O file /albedo/work/user/simuel001/blanchard_4p3z2d_20240731/grazmeso_n.fesom.1958.nc
 I/O grazmeso_n WARNING: the existing output file will be overwritten;            3  records in the file;
 grazmeso_n: current mean I/O counter =            1
 writing mean record for grazmeso_n; rec. count =            1
 associating mean I/O file /albedo/work/user/simuel001/blanchard_4p3z2d_20240731/rhoSW.fesom.1958.nc
 I/O rhoSW WARNING: the existing output file will be overwritten;            3  records in the file;
 rhoSW: current mean I/O counter =            1
 writing mean record for rhoSW; rec. count =            1
 associating mean I/O file /albedo/work/user/simuel001/blanchard_4p3z2d_20240731/GPPp.fesom.1958.nc
 I/O GPPp WARNING: the existing output file will be overwritten;            3  records in the file;
 GPPp: current mean I/O counter =            1
 writing mean record for GPPp; rec. count =            1
 associating mean I/O file /albedo/work/user/simuel001/blanchard_4p3z2d_20240731/respmicro.fesom.1958.nc
 I/O respmicro WARNING: the existing output file will be overwritten;            3  records in the file;
 respmicro: current mean I/O counter =            1
 writing mean record for respmicro; rec. count =            1
 associating mean I/O file /albedo/work/user/simuel001/blanchard_4p3z2d_20240731/respp.fesom.1958.nc
 I/O respp WARNING: the existing output file will be overwritten;            3  records in the file;
 respp: current mean I/O counter =            1
 writing mean record for respp; rec. count =            1
 associating mean I/O file /albedo/work/user/simuel001/blanchard_4p3z2d_20240731/scaling_rho_1.fesom.1958.nc
 I/O scaling_rho_1 WARNING: the existing output file will be overwritten;            3  records in the file;
 scaling_rho_1: current mean I/O counter =            1
 writing mean record for scaling_rho_1; rec. count =            1
 associating mean I/O file /albedo/work/user/simuel001/blanchard_4p3z2d_20240731/TTemp_phyto.fesom.1958.nc
 I/O TTemp_phyto WARNING: the existing output file will be overwritten;            3  records in the file;
 TTemp_phyto: current mean I/O counter =            1
 writing mean record for TTemp_phyto; rec. count =            1
 associating mean I/O file /albedo/work/user/simuel001/blanchard_4p3z2d_20240731/respmacro.fesom.1958.nc
 I/O respmacro WARNING: the existing output file will be overwritten;            3  records in the file;
 respmacro: current mean I/O counter =            1
 writing mean record for respmacro; rec. count =            1
 associating mean I/O file /albedo/work/user/simuel001/blanchard_4p3z2d_20240731/NNAc.fesom.1958.nc
 I/O NNAc WARNING: the existing output file will be overwritten;            3  records in the file;
 NNAc: current mean I/O counter =            1
 writing mean record for NNAc; rec. count =            1
 associating mean I/O file /albedo/work/user/simuel001/blanchard_4p3z2d_20240731/calcif.fesom.1958.nc
 associating mean I/O file /albedo/work/user/simuel001/blanchard_4p3z2d_20240731/TqLF_diatoms.fesom.1958.nc
 I/O calcif WARNING: the existing output file will be overwritten;            3  records in the file;
 calcif: current mean I/O counter =            1
 writing mean record for calcif; rec. count =            1
 I/O TqLF_diatoms WARNING: the existing output file will be overwritten;            3  records in the file;
 TqLF_diatoms: current mean I/O counter =            1
 writing mean record for TqLF_diatoms; rec. count =            1
 associating mean I/O file /albedo/work/user/simuel001/blanchard_4p3z2d_20240731/aggp.fesom.1958.nc
 I/O aggp WARNING: the existing output file will be overwritten;            3  records in the file;
 aggp: current mean I/O counter =            1
 writing mean record for aggp; rec. count =            1
 associating mean I/O file /albedo/work/user/simuel001/blanchard_4p3z2d_20240731/NPPp.fesom.1958.nc
 I/O NPPp WARNING: the existing output file will be overwritten;            3  records in the file;
 NPPp: current mean I/O counter =            1
 writing mean record for NPPp; rec. count =            1
 associating mean I/O file /albedo/work/user/simuel001/blanchard_4p3z2d_20240731/benN.fesom.1958.nc
 I/O benN WARNING: the existing output file will be overwritten;            3  records in the file;
 benN: current mean I/O counter =            1
 writing mean record for benN; rec. count =            1
 associating mean I/O file /albedo/work/user/simuel001/blanchard_4p3z2d_20240731/grazmeso_p.fesom.1958.nc
 I/O grazmeso_p WARNING: the existing output file will be overwritten;            3  records in the file;
 grazmeso_p: current mean I/O counter =            1
 writing mean record for grazmeso_p; rec. count =            1
 associating mean I/O file /albedo/work/user/simuel001/blanchard_4p3z2d_20240731/GPPn.fesom.1958.nc
 I/O GPPn WARNING: the existing output file will be overwritten;            3  records in the file;
 GPPn: current mean I/O counter =            1
 writing mean record for GPPn; rec. count =            1
 associating mean I/O file /albedo/work/user/simuel001/blanchard_4p3z2d_20240731/TCphotLL_cocco.fesom.1958.nc
 I/O TCphotLL_cocco WARNING: the existing output file will be overwritten;            3  records in the file;
 TCphotLL_cocco: current mean I/O counter =            1
 writing mean record for TCphotLL_cocco; rec. count =            1
 associating mean I/O file /albedo/work/user/simuel001/blanchard_4p3z2d_20240731/TCphot_phyto.fesom.1958.nc
 I/O TCphot_phyto WARNING: the existing output file will be overwritten;            3  records in the file;
 TCphot_phyto: current mean I/O counter =            1
 writing mean record for TCphot_phyto; rec. count =            1
 associating mean I/O file /albedo/work/user/simuel001/blanchard_4p3z2d_20240731/rho_det1.fesom.1958.nc
 I/O rho_det1 WARNING: the existing output file will be overwritten;            3  records in the file;
 rho_det1: current mean I/O counter =            1
 writing mean record for rho_det1; rec. count =            1
 associating mean I/O file /albedo/work/user/simuel001/blanchard_4p3z2d_20240731/TPhaeoCO2.fesom.1958.nc
 I/O TPhaeoCO2 WARNING: the existing output file will be overwritten;            3  records in the file;
 TPhaeoCO2: current mean I/O counter =            1
 writing mean record for TPhaeoCO2; rec. count =            1
 associating mean I/O file /albedo/work/user/simuel001/blanchard_4p3z2d_20240731/docexd.fesom.1958.nc
 I/O docexd WARNING: the existing output file will be overwritten;            3  records in the file;
 docexd: current mean I/O counter =            1
 writing mean record for docexd; rec. count =            1
 associating mean I/O file /albedo/work/user/simuel001/blanchard_4p3z2d_20240731/TDiaCO2.fesom.1958.nc
 I/O TDiaCO2 WARNING: the existing output file will be overwritten;            3  records in the file;
 TDiaCO2: current mean I/O counter =            1
 writing mean record for TDiaCO2; rec. count =            1
 associating mean I/O file /albedo/work/user/simuel001/blanchard_4p3z2d_20240731/TCphot_phaeo.fesom.1958.nc
 I/O TCphot_phaeo WARNING: the existing output file will be overwritten;            3  records in the file;
 TCphot_phaeo: current mean I/O counter =            1
 writing mean record for TCphot_phaeo; rec. count =            1
 associating mean I/O file /albedo/work/user/simuel001/blanchard_4p3z2d_20240731/TqLF_cocco.fesom.1958.nc
 I/O TqLF_cocco WARNING: the existing output file will be overwritten;            3  records in the file;
 TqLF_cocco: current mean I/O counter =            1
 writing mean record for TqLF_cocco; rec. count =            1
 associating mean I/O file /albedo/work/user/simuel001/blanchard_4p3z2d_20240731/TTemp_diatoms.fesom.1958.nc
 I/O TTemp_diatoms WARNING: the existing output file will be overwritten;            3  records in the file;
 TTemp_diatoms: current mean I/O counter =            1
 writing mean record for TTemp_diatoms; rec. count =            1
 associating mean I/O file /albedo/work/user/simuel001/blanchard_4p3z2d_20240731/TCphot_cocco.fesom.1958.nc
 I/O TCphot_cocco WARNING: the existing output file will be overwritten;            3  records in the file;
 TCphot_cocco: current mean I/O counter =            1
 writing mean record for TCphot_cocco; rec. count =            1
 associating mean I/O file /albedo/work/user/simuel001/blanchard_4p3z2d_20240731/TCoccoCO2.fesom.1958.nc
 I/O TCoccoCO2 WARNING: the existing output file will be overwritten;            3  records in the file;
 TCoccoCO2: current mean I/O counter =            1
 writing mean record for TCoccoCO2; rec. count =            1
 associating mean I/O file /albedo/work/user/simuel001/blanchard_4p3z2d_20240731/TCphotLL_phaeo.fesom.1958.nc
 I/O TCphotLL_phaeo WARNING: the existing output file will be overwritten;            3  records in the file;
 TCphotLL_phaeo: current mean I/O counter =            1
 writing mean record for TCphotLL_phaeo; rec. count =            1
